#! /c/Source/iverilog-install/bin/vvp
:ivl_version "12.0 (devel)" "(s20150603-1110-g18392a46)";
:ivl_delay_selection "TYPICAL";
:vpi_time_precision - 10;
:vpi_module "C:\iverilog\lib\ivl\system.vpi";
:vpi_module "C:\iverilog\lib\ivl\vhdl_sys.vpi";
:vpi_module "C:\iverilog\lib\ivl\vhdl_textio.vpi";
:vpi_module "C:\iverilog\lib\ivl\v2005_math.vpi";
:vpi_module "C:\iverilog\lib\ivl\va_math.vpi";
S_000001a229a01970 .scope module, "tb_branch_jump_control" "tb_branch_jump_control" 2 4;
 .timescale -9 -10;
v000001a2299abcd0_0 .var "ALU_OUT", 31 0;
v000001a2299abd70_0 .var "BRANCH", 0 0;
v000001a2299e9510_0 .net "FLUSH", 0 0, v000001a2299ab7d0_0;  1 drivers
v000001a2299e95b0_0 .var "Func3", 2 0;
v000001a2299e9650_0 .var "IMM_VALUE", 31 0;
v000001a2299e96f0_0 .var "JUMP", 0 0;
v000001a2299f2c00_0 .net "MUX_SELECT", 0 0, v000001a2299aba50_0;  1 drivers
v000001a2299f2ac0_0 .net "NEXT_PC", 31 0, v000001a2299abaf0_0;  1 drivers
v000001a2299f2ca0_0 .var "PC", 31 0;
v000001a2299f2480_0 .var "ZERO", 0 0;
S_000001a229a01b00 .scope module, "uut" "branch_jump_control" 2 18, 3 3 0, S_000001a229a01970;
 .timescale -9 -10;
    .port_info 0 /INPUT 1 "BRANCH";
    .port_info 1 /INPUT 1 "JUMP";
    .port_info 2 /INPUT 1 "ZERO";
    .port_info 3 /INPUT 32 "ALU_OUT";
    .port_info 4 /INPUT 3 "Func3";
    .port_info 5 /INPUT 32 "PC";
    .port_info 6 /INPUT 32 "IMM_VALUE";
    .port_info 7 /OUTPUT 32 "NEXT_PC";
    .port_info 8 /OUTPUT 1 "MUX_SELECT";
    .port_info 9 /OUTPUT 1 "FLUSH";
v000001a229a01c90_0 .net "ALU_OUT", 31 0, v000001a2299abcd0_0;  1 drivers
v000001a2299a6990_0 .net "BRANCH", 0 0, v000001a2299abd70_0;  1 drivers
v000001a2299ab7d0_0 .var "FLUSH", 0 0;
v000001a2299ab870_0 .net "Func3", 2 0, v000001a2299e95b0_0;  1 drivers
v000001a2299ab910_0 .net "IMM_VALUE", 31 0, v000001a2299e9650_0;  1 drivers
v000001a2299ab9b0_0 .net "JUMP", 0 0, v000001a2299e96f0_0;  1 drivers
v000001a2299aba50_0 .var "MUX_SELECT", 0 0;
v000001a2299abaf0_0 .var "NEXT_PC", 31 0;
v000001a2299abb90_0 .net "PC", 31 0, v000001a2299f2ca0_0;  1 drivers
v000001a2299abc30_0 .net "ZERO", 0 0, v000001a2299f2480_0;  1 drivers
E_000001a2299e5990/0 .event anyedge, v000001a2299a6990_0, v000001a2299ab870_0, v000001a2299abc30_0, v000001a2299abb90_0;
E_000001a2299e5990/1 .event anyedge, v000001a2299ab910_0, v000001a229a01c90_0, v000001a2299ab9b0_0;
E_000001a2299e5990 .event/or E_000001a2299e5990/0, E_000001a2299e5990/1;
    .scope S_000001a229a01b00;
T_0 ;
    %wait E_000001a2299e5990;
    %load/vec4 v000001a2299a6990_0;
    %flag_set/vec4 8;
    %jmp/0xz  T_0.0, 8;
    %load/vec4 v000001a2299ab870_0;
    %dup/vec4;
    %pushi/vec4 0, 0, 3;
    %cmp/u;
    %jmp/1 T_0.2, 6;
    %dup/vec4;
    %pushi/vec4 1, 0, 3;
    %cmp/u;
    %jmp/1 T_0.3, 6;
    %dup/vec4;
    %pushi/vec4 4, 0, 3;
    %cmp/u;
    %jmp/1 T_0.4, 6;
    %dup/vec4;
    %pushi/vec4 5, 0, 3;
    %cmp/u;
    %jmp/1 T_0.5, 6;
    %dup/vec4;
    %pushi/vec4 6, 0, 3;
    %cmp/u;
    %jmp/1 T_0.6, 6;
    %dup/vec4;
    %pushi/vec4 7, 0, 3;
    %cmp/u;
    %jmp/1 T_0.7, 6;
    %pushi/vec4 0, 0, 1;
    %store/vec4 v000001a2299aba50_0, 0, 1;
    %load/vec4 v000001a2299abb90_0;
    %addi 4, 0, 32;
    %store/vec4 v000001a2299abaf0_0, 0, 32;
    %pushi/vec4 0, 0, 1;
    %store/vec4 v000001a2299ab7d0_0, 0, 1;
    %jmp T_0.9;
T_0.2 ;
    %load/vec4 v000001a2299abc30_0;
    %flag_set/vec4 8;
    %jmp/0xz  T_0.10, 8;
    %pushi/vec4 1, 0, 1;
    %store/vec4 v000001a2299aba50_0, 0, 1;
    %load/vec4 v000001a2299abb90_0;
    %load/vec4 v000001a2299ab910_0;
    %add;
    %store/vec4 v000001a2299abaf0_0, 0, 32;
    %pushi/vec4 1, 0, 1;
    %store/vec4 v000001a2299ab7d0_0, 0, 1;
    %jmp T_0.11;
T_0.10 ;
    %pushi/vec4 0, 0, 1;
    %store/vec4 v000001a2299aba50_0, 0, 1;
    %load/vec4 v000001a2299abb90_0;
    %addi 4, 0, 32;
    %store/vec4 v000001a2299abaf0_0, 0, 32;
    %pushi/vec4 0, 0, 1;
    %store/vec4 v000001a2299ab7d0_0, 0, 1;
T_0.11 ;
    %jmp T_0.9;
T_0.3 ;
    %load/vec4 v000001a2299abc30_0;
    %nor/r;
    %flag_set/vec4 8;
    %jmp/0xz  T_0.12, 8;
    %pushi/vec4 1, 0, 1;
    %store/vec4 v000001a2299aba50_0, 0, 1;
    %load/vec4 v000001a2299abb90_0;
    %load/vec4 v000001a2299ab910_0;
    %add;
    %store/vec4 v000001a2299abaf0_0, 0, 32;
    %pushi/vec4 1, 0, 1;
    %store/vec4 v000001a2299ab7d0_0, 0, 1;
    %jmp T_0.13;
T_0.12 ;
    %pushi/vec4 0, 0, 1;
    %store/vec4 v000001a2299aba50_0, 0, 1;
    %load/vec4 v000001a2299abb90_0;
    %addi 4, 0, 32;
    %store/vec4 v000001a2299abaf0_0, 0, 32;
    %pushi/vec4 0, 0, 1;
    %store/vec4 v000001a2299ab7d0_0, 0, 1;
T_0.13 ;
    %jmp T_0.9;
T_0.4 ;
    %load/vec4 v000001a229a01c90_0;
    %parti/s 1, 0, 2;
    %flag_set/vec4 8;
    %jmp/0xz  T_0.14, 8;
    %pushi/vec4 1, 0, 1;
    %store/vec4 v000001a2299aba50_0, 0, 1;
    %load/vec4 v000001a2299abb90_0;
    %load/vec4 v000001a2299ab910_0;
    %add;
    %store/vec4 v000001a2299abaf0_0, 0, 32;
    %pushi/vec4 1, 0, 1;
    %store/vec4 v000001a2299ab7d0_0, 0, 1;
    %jmp T_0.15;
T_0.14 ;
    %pushi/vec4 0, 0, 1;
    %store/vec4 v000001a2299aba50_0, 0, 1;
    %load/vec4 v000001a2299abb90_0;
    %addi 4, 0, 32;
    %store/vec4 v000001a2299abaf0_0, 0, 32;
    %pushi/vec4 0, 0, 1;
    %store/vec4 v000001a2299ab7d0_0, 0, 1;
T_0.15 ;
    %jmp T_0.9;
T_0.5 ;
    %load/vec4 v000001a229a01c90_0;
    %parti/s 1, 0, 2;
    %nor/r;
    %flag_set/vec4 8;
    %jmp/0xz  T_0.16, 8;
    %pushi/vec4 1, 0, 1;
    %store/vec4 v000001a2299aba50_0, 0, 1;
    %load/vec4 v000001a2299abb90_0;
    %load/vec4 v000001a2299ab910_0;
    %add;
    %store/vec4 v000001a2299abaf0_0, 0, 32;
    %pushi/vec4 1, 0, 1;
    %store/vec4 v000001a2299ab7d0_0, 0, 1;
    %jmp T_0.17;
T_0.16 ;
    %pushi/vec4 0, 0, 1;
    %store/vec4 v000001a2299aba50_0, 0, 1;
    %load/vec4 v000001a2299abb90_0;
    %addi 4, 0, 32;
    %store/vec4 v000001a2299abaf0_0, 0, 32;
    %pushi/vec4 0, 0, 1;
    %store/vec4 v000001a2299ab7d0_0, 0, 1;
T_0.17 ;
    %jmp T_0.9;
T_0.6 ;
    %load/vec4 v000001a229a01c90_0;
    %parti/s 1, 0, 2;
    %flag_set/vec4 8;
    %jmp/0xz  T_0.18, 8;
    %pushi/vec4 1, 0, 1;
    %store/vec4 v000001a2299aba50_0, 0, 1;
    %load/vec4 v000001a2299abb90_0;
    %load/vec4 v000001a2299ab910_0;
    %add;
    %store/vec4 v000001a2299abaf0_0, 0, 32;
    %pushi/vec4 1, 0, 1;
    %store/vec4 v000001a2299ab7d0_0, 0, 1;
    %jmp T_0.19;
T_0.18 ;
    %pushi/vec4 0, 0, 1;
    %store/vec4 v000001a2299aba50_0, 0, 1;
    %load/vec4 v000001a2299abb90_0;
    %addi 4, 0, 32;
    %store/vec4 v000001a2299abaf0_0, 0, 32;
    %pushi/vec4 0, 0, 1;
    %store/vec4 v000001a2299ab7d0_0, 0, 1;
T_0.19 ;
    %jmp T_0.9;
T_0.7 ;
    %load/vec4 v000001a229a01c90_0;
    %parti/s 1, 0, 2;
    %nor/r;
    %flag_set/vec4 8;
    %jmp/0xz  T_0.20, 8;
    %pushi/vec4 1, 0, 1;
    %store/vec4 v000001a2299aba50_0, 0, 1;
    %load/vec4 v000001a2299abb90_0;
    %load/vec4 v000001a2299ab910_0;
    %add;
    %store/vec4 v000001a2299abaf0_0, 0, 32;
    %pushi/vec4 1, 0, 1;
    %store/vec4 v000001a2299ab7d0_0, 0, 1;
    %jmp T_0.21;
T_0.20 ;
    %pushi/vec4 0, 0, 1;
    %store/vec4 v000001a2299aba50_0, 0, 1;
    %load/vec4 v000001a2299abb90_0;
    %addi 4, 0, 32;
    %store/vec4 v000001a2299abaf0_0, 0, 32;
    %pushi/vec4 0, 0, 1;
    %store/vec4 v000001a2299ab7d0_0, 0, 1;
T_0.21 ;
    %jmp T_0.9;
T_0.9 ;
    %pop/vec4 1;
    %jmp T_0.1;
T_0.0 ;
    %load/vec4 v000001a2299ab9b0_0;
    %flag_set/vec4 8;
    %jmp/0xz  T_0.22, 8;
    %pushi/vec4 1, 0, 1;
    %store/vec4 v000001a2299aba50_0, 0, 1;
    %load/vec4 v000001a2299abb90_0;
    %load/vec4 v000001a2299ab910_0;
    %add;
    %store/vec4 v000001a2299abaf0_0, 0, 32;
    %pushi/vec4 1, 0, 1;
    %store/vec4 v000001a2299ab7d0_0, 0, 1;
    %jmp T_0.23;
T_0.22 ;
    %pushi/vec4 0, 0, 1;
    %store/vec4 v000001a2299aba50_0, 0, 1;
    %load/vec4 v000001a2299abb90_0;
    %addi 4, 0, 32;
    %store/vec4 v000001a2299abaf0_0, 0, 32;
    %pushi/vec4 0, 0, 1;
    %store/vec4 v000001a2299ab7d0_0, 0, 1;
T_0.23 ;
T_0.1 ;
    %jmp T_0;
    .thread T_0, $push;
    .scope S_000001a229a01970;
T_1 ;
    %pushi/vec4 4, 0, 32;
    %store/vec4 v000001a2299f2ca0_0, 0, 32;
    %pushi/vec4 8, 0, 32;
    %store/vec4 v000001a2299e9650_0, 0, 32;
    %pushi/vec4 1, 0, 1;
    %store/vec4 v000001a2299abd70_0, 0, 1;
    %pushi/vec4 0, 0, 1;
    %store/vec4 v000001a2299e96f0_0, 0, 1;
    %pushi/vec4 1, 0, 1;
    %store/vec4 v000001a2299f2480_0, 0, 1;
    %pushi/vec4 0, 0, 3;
    %store/vec4 v000001a2299e95b0_0, 0, 3;
    %pushi/vec4 0, 0, 32;
    %store/vec4 v000001a2299abcd0_0, 0, 32;
    %delay 100, 0;
    %pushi/vec4 0, 0, 1;
    %store/vec4 v000001a2299f2480_0, 0, 1;
    %pushi/vec4 1, 0, 3;
    %store/vec4 v000001a2299e95b0_0, 0, 3;
    %delay 100, 0;
    %pushi/vec4 1, 0, 32;
    %store/vec4 v000001a2299abcd0_0, 0, 32;
    %pushi/vec4 4, 0, 3;
    %store/vec4 v000001a2299e95b0_0, 0, 3;
    %delay 100, 0;
    %pushi/vec4 0, 0, 32;
    %store/vec4 v000001a2299abcd0_0, 0, 32;
    %pushi/vec4 5, 0, 3;
    %store/vec4 v000001a2299e95b0_0, 0, 3;
    %delay 100, 0;
    %pushi/vec4 1, 0, 32;
    %store/vec4 v000001a2299abcd0_0, 0, 32;
    %pushi/vec4 6, 0, 3;
    %store/vec4 v000001a2299e95b0_0, 0, 3;
    %delay 100, 0;
    %pushi/vec4 0, 0, 32;
    %store/vec4 v000001a2299abcd0_0, 0, 32;
    %pushi/vec4 7, 0, 3;
    %store/vec4 v000001a2299e95b0_0, 0, 3;
    %delay 100, 0;
    %pushi/vec4 0, 0, 1;
    %store/vec4 v000001a2299abd70_0, 0, 1;
    %pushi/vec4 1, 0, 1;
    %store/vec4 v000001a2299e96f0_0, 0, 1;
    %delay 100, 0;
    %pushi/vec4 0, 0, 1;
    %store/vec4 v000001a2299abd70_0, 0, 1;
    %pushi/vec4 0, 0, 1;
    %store/vec4 v000001a2299e96f0_0, 0, 1;
    %delay 100, 0;
    %vpi_call 2 68 "$finish" {0 0 0};
    %end;
    .thread T_1;
    .scope S_000001a229a01970;
T_2 ;
    %vpi_call 2 72 "$monitor", "Time=%0t | BRANCH=%b | JUMP=%b | ZERO=%b | Func3=%b | ALU_OUT=%h | PC=%h | IMM_VALUE=%h | NEXT_PC=%h | MUX_SELECT=%b | FLUSH=%b", $time, v000001a2299abd70_0, v000001a2299e96f0_0, v000001a2299f2480_0, v000001a2299e95b0_0, v000001a2299abcd0_0, v000001a2299f2ca0_0, v000001a2299e9650_0, v000001a2299f2ac0_0, v000001a2299f2c00_0, v000001a2299e9510_0 {0 0 0};
    %end;
    .thread T_2;
# The file index is used to find the file name in the following table.
:file_names 4;
    "N/A";
    "<interactive>";
    "branch_jump_control_tb.v";
    "./branch_jump_control.v";
