#! /c/Source/iverilog-install/bin/vvp
:ivl_version "12.0 (devel)" "(s20150603-1110-g18392a46)";
:ivl_delay_selection "TYPICAL";
:vpi_time_precision + 0;
:vpi_module "C:\iverilog\lib\ivl\system.vpi";
:vpi_module "C:\iverilog\lib\ivl\vhdl_sys.vpi";
:vpi_module "C:\iverilog\lib\ivl\vhdl_textio.vpi";
:vpi_module "C:\iverilog\lib\ivl\v2005_math.vpi";
:vpi_module "C:\iverilog\lib\ivl\va_math.vpi";
S_0000024a7b732ca0 .scope module, "controlUnit" "controlUnit" 2 141;
 .timescale 0 0;
    .port_info 0 /INPUT 32 "INSTRUCTION";
    .port_info 1 /OUTPUT 1 "MUX1";
    .port_info 2 /OUTPUT 1 "MUX2";
    .port_info 3 /OUTPUT 1 "MUX3";
    .port_info 4 /OUTPUT 5 "ALUOP";
    .port_info 5 /OUTPUT 1 "REGISTERWRITE";
    .port_info 6 /OUTPUT 1 "MEMORYWRITE";
    .port_info 7 /OUTPUT 1 "MEMORYREAD";
    .port_info 8 /OUTPUT 1 "BRANCH";
    .port_info 9 /OUTPUT 1 "JUMP";
    .port_info 10 /OUTPUT 1 "JAL";
    .port_info 11 /OUTPUT 3 "IMMEDIATE";
v0000024a7b8fbab0_0 .var "ALUOP", 4 0;
v0000024a7b732f00_0 .var "BRANCH", 0 0;
v0000024a7b732fa0_0 .var "FUNCT3", 2 0;
v0000024a7b733040_0 .var "FUNCT7", 6 0;
v0000024a7b7636e0_0 .var "IMMEDIATE", 2 0;
o0000024a7b77a0a8 .functor BUFZ 32, C4<zzzzzzzzzzzzzzzzzzzzzzzzzzzzzzzz>; HiZ drive
v0000024a7b763780_0 .net "INSTRUCTION", 31 0, o0000024a7b77a0a8;  0 drivers
v0000024a7b763820_0 .var "JAL", 0 0;
v0000024a7b7638c0_0 .var "JUMP", 0 0;
v0000024a7b763960_0 .var "MEMORYREAD", 0 0;
v0000024a7b763a00_0 .var "MEMORYWRITE", 0 0;
v0000024a7b763aa0_0 .var "MUX1", 0 0;
v0000024a7b763b40_0 .var "MUX2", 0 0;
v0000024a7b763be0_0 .var "MUX3", 0 0;
v0000024a7b763c80_0 .var "OPCODE", 7 0;
v0000024a7b763d20_0 .var "REGISTERWRITE", 0 0;
E_0000024a7b759980 .event anyedge, v0000024a7b763780_0;
    .scope S_0000024a7b732ca0;
T_0 ;
    %wait E_0000024a7b759980;
    %load/vec4 v0000024a7b763780_0;
    %parti/s 7, 0, 2;
    %pad/u 8;
    %store/vec4 v0000024a7b763c80_0, 0, 8;
    %load/vec4 v0000024a7b763780_0;
    %parti/s 3, 12, 5;
    %store/vec4 v0000024a7b732fa0_0, 0, 3;
    %load/vec4 v0000024a7b763780_0;
    %parti/s 7, 25, 6;
    %store/vec4 v0000024a7b733040_0, 0, 7;
    %load/vec4 v0000024a7b763c80_0;
    %dup/vec4;
    %pushi/vec4 51, 0, 8;
    %cmp/u;
    %jmp/1 T_0.0, 6;
    %dup/vec4;
    %pushi/vec4 3, 0, 8;
    %cmp/u;
    %jmp/1 T_0.1, 6;
    %dup/vec4;
    %pushi/vec4 19, 0, 8;
    %cmp/u;
    %jmp/1 T_0.2, 6;
    %dup/vec4;
    %pushi/vec4 103, 0, 8;
    %cmp/u;
    %jmp/1 T_0.3, 6;
    %dup/vec4;
    %pushi/vec4 35, 0, 8;
    %cmp/u;
    %jmp/1 T_0.4, 6;
    %dup/vec4;
    %pushi/vec4 23, 0, 8;
    %cmp/u;
    %jmp/1 T_0.5, 6;
    %dup/vec4;
    %pushi/vec4 55, 0, 8;
    %cmp/u;
    %jmp/1 T_0.6, 6;
    %dup/vec4;
    %pushi/vec4 99, 0, 8;
    %cmp/u;
    %jmp/1 T_0.7, 6;
    %dup/vec4;
    %pushi/vec4 111, 0, 8;
    %cmp/u;
    %jmp/1 T_0.8, 6;
    %jmp T_0.9;
T_0.0 ;
    %load/vec4 v0000024a7b732fa0_0;
    %dup/vec4;
    %pushi/vec4 0, 0, 3;
    %cmp/u;
    %jmp/1 T_0.10, 6;
    %jmp T_0.11;
T_0.10 ;
    %load/vec4 v0000024a7b733040_0;
    %dup/vec4;
    %pushi/vec4 0, 0, 7;
    %cmp/u;
    %jmp/1 T_0.12, 6;
    %dup/vec4;
    %pushi/vec4 32, 0, 7;
    %cmp/u;
    %jmp/1 T_0.13, 6;
    %dup/vec4;
    %pushi/vec4 59, 0, 7;
    %cmp/u;
    %jmp/1 T_0.14, 6;
    %jmp T_0.15;
T_0.12 ;
    %pushi/vec4 0, 0, 2;
    %load/vec4 v0000024a7b732fa0_0;
    %concat/vec4; draw_concat_vec4
    %cassign/vec4 v0000024a7b8fbab0_0;
    %pushi/vec4 1, 0, 1;
    %cassign/vec4 v0000024a7b763aa0_0;
    %pushi/vec4 1, 0, 1;
    %cassign/vec4 v0000024a7b763b40_0;
    %pushi/vec4 0, 0, 1;
    %cassign/vec4 v0000024a7b763be0_0;
    %pushi/vec4 1, 0, 1;
    %cassign/vec4 v0000024a7b763d20_0;
    %pushi/vec4 0, 0, 1;
    %cassign/vec4 v0000024a7b763a00_0;
    %pushi/vec4 0, 0, 1;
    %cassign/vec4 v0000024a7b763960_0;
    %pushi/vec4 0, 0, 1;
    %cassign/vec4 v0000024a7b732f00_0;
    %pushi/vec4 0, 0, 1;
    %cassign/vec4 v0000024a7b7638c0_0;
    %pushi/vec4 0, 0, 1;
    %cassign/vec4 v0000024a7b763820_0;
    %pushi/vec4 0, 0, 3;
    %cassign/vec4 v0000024a7b7636e0_0;
    %jmp T_0.15;
T_0.13 ;
    %pushi/vec4 0, 0, 2;
    %load/vec4 v0000024a7b732fa0_0;
    %concat/vec4; draw_concat_vec4
    %cassign/vec4 v0000024a7b8fbab0_0;
    %pushi/vec4 1, 0, 1;
    %cassign/vec4 v0000024a7b763aa0_0;
    %pushi/vec4 1, 0, 1;
    %cassign/vec4 v0000024a7b763b40_0;
    %pushi/vec4 0, 0, 1;
    %cassign/vec4 v0000024a7b763be0_0;
    %pushi/vec4 1, 0, 1;
    %cassign/vec4 v0000024a7b763d20_0;
    %pushi/vec4 0, 0, 1;
    %cassign/vec4 v0000024a7b763a00_0;
    %pushi/vec4 0, 0, 1;
    %cassign/vec4 v0000024a7b763960_0;
    %pushi/vec4 0, 0, 1;
    %cassign/vec4 v0000024a7b732f00_0;
    %pushi/vec4 0, 0, 1;
    %cassign/vec4 v0000024a7b7638c0_0;
    %pushi/vec4 0, 0, 1;
    %cassign/vec4 v0000024a7b763820_0;
    %pushi/vec4 0, 0, 3;
    %cassign/vec4 v0000024a7b7636e0_0;
    %jmp T_0.15;
T_0.14 ;
    %pushi/vec4 1, 0, 2;
    %load/vec4 v0000024a7b732fa0_0;
    %concat/vec4; draw_concat_vec4
    %cassign/vec4 v0000024a7b8fbab0_0;
    %pushi/vec4 1, 0, 1;
    %cassign/vec4 v0000024a7b763aa0_0;
    %pushi/vec4 1, 0, 1;
    %cassign/vec4 v0000024a7b763b40_0;
    %pushi/vec4 0, 0, 1;
    %cassign/vec4 v0000024a7b763be0_0;
    %pushi/vec4 1, 0, 1;
    %cassign/vec4 v0000024a7b763d20_0;
    %pushi/vec4 0, 0, 1;
    %cassign/vec4 v0000024a7b763a00_0;
    %pushi/vec4 0, 0, 1;
    %cassign/vec4 v0000024a7b763960_0;
    %pushi/vec4 0, 0, 1;
    %cassign/vec4 v0000024a7b732f00_0;
    %pushi/vec4 0, 0, 1;
    %cassign/vec4 v0000024a7b7638c0_0;
    %pushi/vec4 0, 0, 1;
    %cassign/vec4 v0000024a7b763820_0;
    %pushi/vec4 0, 0, 3;
    %cassign/vec4 v0000024a7b7636e0_0;
    %jmp T_0.15;
T_0.15 ;
    %pop/vec4 1;
    %jmp T_0.11;
T_0.11 ;
    %pop/vec4 1;
    %jmp T_0.9;
T_0.1 ;
    %pushi/vec4 16, 0, 5;
    %cassign/vec4 v0000024a7b8fbab0_0;
    %pushi/vec4 1, 0, 1;
    %cassign/vec4 v0000024a7b763aa0_0;
    %pushi/vec4 1, 0, 1;
    %cassign/vec4 v0000024a7b763b40_0;
    %pushi/vec4 1, 0, 1;
    %cassign/vec4 v0000024a7b763be0_0;
    %pushi/vec4 1, 0, 1;
    %cassign/vec4 v0000024a7b763d20_0;
    %pushi/vec4 1, 0, 1;
    %cassign/vec4 v0000024a7b763a00_0;
    %pushi/vec4 0, 0, 1;
    %cassign/vec4 v0000024a7b763960_0;
    %pushi/vec4 0, 0, 1;
    %cassign/vec4 v0000024a7b732f00_0;
    %pushi/vec4 0, 0, 1;
    %cassign/vec4 v0000024a7b7638c0_0;
    %pushi/vec4 0, 0, 1;
    %cassign/vec4 v0000024a7b763820_0;
    %pushi/vec4 1, 0, 3;
    %cassign/vec4 v0000024a7b7636e0_0;
    %jmp T_0.9;
T_0.2 ;
    %pushi/vec4 0, 0, 2;
    %load/vec4 v0000024a7b732fa0_0;
    %concat/vec4; draw_concat_vec4
    %cassign/vec4 v0000024a7b8fbab0_0;
    %pushi/vec4 1, 0, 1;
    %cassign/vec4 v0000024a7b763aa0_0;
    %pushi/vec4 0, 0, 1;
    %cassign/vec4 v0000024a7b763b40_0;
    %pushi/vec4 0, 0, 1;
    %cassign/vec4 v0000024a7b763be0_0;
    %pushi/vec4 1, 0, 1;
    %cassign/vec4 v0000024a7b763d20_0;
    %pushi/vec4 0, 0, 1;
    %cassign/vec4 v0000024a7b763a00_0;
    %pushi/vec4 0, 0, 1;
    %cassign/vec4 v0000024a7b763960_0;
    %pushi/vec4 0, 0, 1;
    %cassign/vec4 v0000024a7b732f00_0;
    %pushi/vec4 0, 0, 1;
    %cassign/vec4 v0000024a7b7638c0_0;
    %pushi/vec4 0, 0, 1;
    %cassign/vec4 v0000024a7b763820_0;
    %load/vec4 v0000024a7b732fa0_0;
    %dup/vec4;
    %pushi/vec4 0, 0, 3;
    %cmp/u;
    %jmp/1 T_0.16, 6;
    %dup/vec4;
    %pushi/vec4 1, 0, 3;
    %cmp/u;
    %jmp/1 T_0.17, 6;
    %dup/vec4;
    %pushi/vec4 2, 0, 3;
    %cmp/u;
    %jmp/1 T_0.18, 6;
    %dup/vec4;
    %pushi/vec4 3, 0, 3;
    %cmp/u;
    %jmp/1 T_0.19, 6;
    %dup/vec4;
    %pushi/vec4 4, 0, 3;
    %cmp/u;
    %jmp/1 T_0.20, 6;
    %dup/vec4;
    %pushi/vec4 5, 0, 3;
    %cmp/u;
    %jmp/1 T_0.21, 6;
    %dup/vec4;
    %pushi/vec4 6, 0, 3;
    %cmp/u;
    %jmp/1 T_0.22, 6;
    %dup/vec4;
    %pushi/vec4 7, 0, 3;
    %cmp/u;
    %jmp/1 T_0.23, 6;
    %jmp T_0.24;
T_0.16 ;
    %pushi/vec4 1, 0, 3;
    %cassign/vec4 v0000024a7b7636e0_0;
    %jmp T_0.24;
T_0.17 ;
    %pushi/vec4 1, 0, 3;
    %cassign/vec4 v0000024a7b7636e0_0;
    %jmp T_0.24;
T_0.18 ;
    %pushi/vec4 1, 0, 3;
    %cassign/vec4 v0000024a7b7636e0_0;
    %jmp T_0.24;
T_0.19 ;
    %pushi/vec4 1, 0, 3;
    %cassign/vec4 v0000024a7b7636e0_0;
    %jmp T_0.24;
T_0.20 ;
    %pushi/vec4 1, 0, 3;
    %cassign/vec4 v0000024a7b7636e0_0;
    %jmp T_0.24;
T_0.21 ;
    %pushi/vec4 2, 0, 3;
    %cassign/vec4 v0000024a7b7636e0_0;
    %jmp T_0.24;
T_0.22 ;
    %pushi/vec4 1, 0, 3;
    %cassign/vec4 v0000024a7b7636e0_0;
    %jmp T_0.24;
T_0.23 ;
    %pushi/vec4 1, 0, 3;
    %cassign/vec4 v0000024a7b7636e0_0;
    %jmp T_0.24;
T_0.24 ;
    %pop/vec4 1;
    %jmp T_0.9;
T_0.3 ;
    %pushi/vec4 0, 0, 5;
    %cassign/vec4 v0000024a7b8fbab0_0;
    %pushi/vec4 1, 0, 1;
    %cassign/vec4 v0000024a7b763aa0_0;
    %pushi/vec4 0, 0, 1;
    %cassign/vec4 v0000024a7b763b40_0;
    %pushi/vec4 0, 0, 1;
    %cassign/vec4 v0000024a7b763be0_0;
    %pushi/vec4 1, 0, 1;
    %cassign/vec4 v0000024a7b763d20_0;
    %pushi/vec4 0, 0, 1;
    %cassign/vec4 v0000024a7b763a00_0;
    %pushi/vec4 0, 0, 1;
    %cassign/vec4 v0000024a7b763960_0;
    %pushi/vec4 0, 0, 1;
    %cassign/vec4 v0000024a7b732f00_0;
    %pushi/vec4 1, 0, 1;
    %cassign/vec4 v0000024a7b7638c0_0;
    %pushi/vec4 0, 0, 1;
    %cassign/vec4 v0000024a7b763820_0;
    %pushi/vec4 1, 0, 3;
    %cassign/vec4 v0000024a7b7636e0_0;
    %jmp T_0.9;
T_0.4 ;
    %pushi/vec4 0, 0, 5;
    %cassign/vec4 v0000024a7b8fbab0_0;
    %pushi/vec4 0, 0, 1;
    %cassign/vec4 v0000024a7b763aa0_0;
    %pushi/vec4 1, 0, 1;
    %cassign/vec4 v0000024a7b763b40_0;
    %pushi/vec4 0, 0, 1;
    %cassign/vec4 v0000024a7b763be0_0;
    %pushi/vec4 0, 0, 1;
    %cassign/vec4 v0000024a7b763d20_0;
    %pushi/vec4 1, 0, 1;
    %cassign/vec4 v0000024a7b763a00_0;
    %pushi/vec4 0, 0, 1;
    %cassign/vec4 v0000024a7b763960_0;
    %pushi/vec4 0, 0, 1;
    %cassign/vec4 v0000024a7b732f00_0;
    %pushi/vec4 0, 0, 1;
    %cassign/vec4 v0000024a7b7638c0_0;
    %pushi/vec4 0, 0, 1;
    %cassign/vec4 v0000024a7b763820_0;
    %pushi/vec4 3, 0, 3;
    %cassign/vec4 v0000024a7b7636e0_0;
    %jmp T_0.9;
T_0.5 ;
    %pushi/vec4 0, 0, 5;
    %cassign/vec4 v0000024a7b8fbab0_0;
    %pushi/vec4 0, 0, 1;
    %cassign/vec4 v0000024a7b763aa0_0;
    %pushi/vec4 0, 0, 1;
    %cassign/vec4 v0000024a7b763b40_0;
    %pushi/vec4 0, 0, 1;
    %cassign/vec4 v0000024a7b763be0_0;
    %pushi/vec4 1, 0, 1;
    %cassign/vec4 v0000024a7b763d20_0;
    %pushi/vec4 0, 0, 1;
    %cassign/vec4 v0000024a7b763a00_0;
    %pushi/vec4 0, 0, 1;
    %cassign/vec4 v0000024a7b763960_0;
    %pushi/vec4 0, 0, 1;
    %cassign/vec4 v0000024a7b732f00_0;
    %pushi/vec4 0, 0, 1;
    %cassign/vec4 v0000024a7b7638c0_0;
    %pushi/vec4 0, 0, 1;
    %cassign/vec4 v0000024a7b763820_0;
    %pushi/vec4 0, 0, 3;
    %cassign/vec4 v0000024a7b7636e0_0;
    %jmp T_0.9;
T_0.6 ;
    %pushi/vec4 16, 0, 5;
    %cassign/vec4 v0000024a7b8fbab0_0;
    %pushi/vec4 0, 0, 1;
    %cassign/vec4 v0000024a7b763aa0_0;
    %pushi/vec4 0, 0, 1;
    %cassign/vec4 v0000024a7b763b40_0;
    %pushi/vec4 0, 0, 1;
    %cassign/vec4 v0000024a7b763be0_0;
    %pushi/vec4 1, 0, 1;
    %cassign/vec4 v0000024a7b763d20_0;
    %pushi/vec4 0, 0, 1;
    %cassign/vec4 v0000024a7b763a00_0;
    %pushi/vec4 0, 0, 1;
    %cassign/vec4 v0000024a7b763960_0;
    %pushi/vec4 0, 0, 1;
    %cassign/vec4 v0000024a7b732f00_0;
    %pushi/vec4 0, 0, 1;
    %cassign/vec4 v0000024a7b7638c0_0;
    %pushi/vec4 0, 0, 1;
    %cassign/vec4 v0000024a7b763820_0;
    %pushi/vec4 0, 0, 3;
    %cassign/vec4 v0000024a7b7636e0_0;
    %jmp T_0.9;
T_0.7 ;
    %pushi/vec4 0, 0, 5;
    %cassign/vec4 v0000024a7b8fbab0_0;
    %pushi/vec4 0, 0, 1;
    %cassign/vec4 v0000024a7b763aa0_0;
    %pushi/vec4 0, 0, 1;
    %cassign/vec4 v0000024a7b763b40_0;
    %pushi/vec4 0, 0, 1;
    %cassign/vec4 v0000024a7b763be0_0;
    %pushi/vec4 0, 0, 1;
    %cassign/vec4 v0000024a7b763d20_0;
    %pushi/vec4 0, 0, 1;
    %cassign/vec4 v0000024a7b763a00_0;
    %pushi/vec4 0, 0, 1;
    %cassign/vec4 v0000024a7b763960_0;
    %pushi/vec4 1, 0, 1;
    %cassign/vec4 v0000024a7b732f00_0;
    %pushi/vec4 0, 0, 1;
    %cassign/vec4 v0000024a7b7638c0_0;
    %pushi/vec4 0, 0, 1;
    %cassign/vec4 v0000024a7b763820_0;
    %pushi/vec4 4, 0, 3;
    %cassign/vec4 v0000024a7b7636e0_0;
    %jmp T_0.9;
T_0.8 ;
    %pushi/vec4 0, 0, 5;
    %cassign/vec4 v0000024a7b8fbab0_0;
    %pushi/vec4 0, 0, 1;
    %cassign/vec4 v0000024a7b763aa0_0;
    %pushi/vec4 0, 0, 1;
    %cassign/vec4 v0000024a7b763b40_0;
    %pushi/vec4 0, 0, 1;
    %cassign/vec4 v0000024a7b763be0_0;
    %pushi/vec4 1, 0, 1;
    %cassign/vec4 v0000024a7b763d20_0;
    %pushi/vec4 0, 0, 1;
    %cassign/vec4 v0000024a7b763a00_0;
    %pushi/vec4 0, 0, 1;
    %cassign/vec4 v0000024a7b763960_0;
    %pushi/vec4 0, 0, 1;
    %cassign/vec4 v0000024a7b732f00_0;
    %pushi/vec4 1, 0, 1;
    %cassign/vec4 v0000024a7b7638c0_0;
    %pushi/vec4 1, 0, 1;
    %cassign/vec4 v0000024a7b763820_0;
    %pushi/vec4 5, 0, 3;
    %cassign/vec4 v0000024a7b7636e0_0;
    %jmp T_0.9;
T_0.9 ;
    %pop/vec4 1;
    %jmp T_0;
    .thread T_0, $push;
# The file index is used to find the file name in the following table.
:file_names 3;
    "N/A";
    "<interactive>";
    "controlUnit.v";
