#! /c/Source/iverilog-install/bin/vvp
:ivl_version "12.0 (devel)" "(s20150603-1110-g18392a46)";
:ivl_delay_selection "TYPICAL";
:vpi_time_precision - 10;
:vpi_module "C:\iverilog\lib\ivl\system.vpi";
:vpi_module "C:\iverilog\lib\ivl\vhdl_sys.vpi";
:vpi_module "C:\iverilog\lib\ivl\vhdl_textio.vpi";
:vpi_module "C:\iverilog\lib\ivl\v2005_math.vpi";
:vpi_module "C:\iverilog\lib\ivl\va_math.vpi";
S_00000279a0d7f8f0 .scope module, "controlUnit_tb" "controlUnit_tb" 2 7;
 .timescale -9 -10;
v00000279a0ddc9d0_0 .net "ALUOP", 4 0, v00000279a0d55160_0;  1 drivers
v00000279a0ddc110_0 .net "BRANCH", 0 0, v00000279a0d709c0_0;  1 drivers
v00000279a0ddca70_0 .net "IMMEDIATE", 2 0, v00000279a0d22e20_0;  1 drivers
v00000279a0ddc070_0 .var "INSTRUCTION", 31 0;
v00000279a0ddc570_0 .net "JAL", 0 0, v00000279a0d22f60_0;  1 drivers
v00000279a0ddcf70_0 .net "JUMP", 0 0, v00000279a0d23000_0;  1 drivers
v00000279a0ddcd90_0 .net "MEMORYREAD", 0 0, v00000279a0d230a0_0;  1 drivers
v00000279a0ddc7f0_0 .net "MEMORYWRITE", 0 0, v00000279a0d23140_0;  1 drivers
v00000279a0ddc2f0_0 .net "MUX1", 0 0, v00000279a0d7dbd0_0;  1 drivers
v00000279a0ddc6b0_0 .net "MUX2", 0 0, v00000279a0d7dc70_0;  1 drivers
v00000279a0ddce30_0 .net "MUX3", 0 0, v00000279a0d7dd10_0;  1 drivers
v00000279a0ddc890_0 .net "REGISTERWRITE", 0 0, v00000279a0ddc930_0;  1 drivers
v00000279a0ddc250_0 .net "TWOSCOMP", 0 0, v00000279a0ddc750_0;  1 drivers
S_00000279a0d70600 .scope task, "display_results" "display_results" 2 35, 2 35 0, S_00000279a0d7f8f0;
 .timescale -9 -10;
v00000279a0d70790_0 .var "instr", 31 0;
TD_controlUnit_tb.display_results ;
    %vpi_call 2 37 "$display", "| %b | %b  | %b   | %b     | %b     | %b   | %b   | %b  | %b | %b | %b  |", v00000279a0d70790_0, v00000279a0ddc2f0_0, v00000279a0ddc6b0_0, v00000279a0ddc890_0, v00000279a0ddc7f0_0, v00000279a0ddcd90_0, v00000279a0ddc250_0, v00000279a0ddc110_0, v00000279a0ddcf70_0, v00000279a0ddc570_0, v00000279a0ddc9d0_0 {0 0 0};
    %end;
S_00000279a0d70830 .scope module, "uut" "controlUnit" 2 18, 3 143 0, S_00000279a0d7f8f0;
 .timescale -9 -10;
    .port_info 0 /INPUT 32 "INSTRUCTION";
    .port_info 1 /OUTPUT 1 "MUX1";
    .port_info 2 /OUTPUT 1 "MUX2";
    .port_info 3 /OUTPUT 1 "MUX3";
    .port_info 4 /OUTPUT 5 "ALUOP";
    .port_info 5 /OUTPUT 1 "REGISTERWRITE";
    .port_info 6 /OUTPUT 1 "MEMORYWRITE";
    .port_info 7 /OUTPUT 1 "MEMORYREAD";
    .port_info 8 /OUTPUT 1 "BRANCH";
    .port_info 9 /OUTPUT 1 "JUMP";
    .port_info 10 /OUTPUT 1 "JAL";
    .port_info 11 /OUTPUT 3 "IMMEDIATE";
    .port_info 12 /OUTPUT 1 "TWOSCOMP";
v00000279a0d55160_0 .var "ALUOP", 4 0;
v00000279a0d709c0_0 .var "BRANCH", 0 0;
v00000279a0d22ce0_0 .var "FUNCT3", 2 0;
v00000279a0d22d80_0 .var "FUNCT7", 6 0;
v00000279a0d22e20_0 .var "IMMEDIATE", 2 0;
v00000279a0d22ec0_0 .net "INSTRUCTION", 31 0, v00000279a0ddc070_0;  1 drivers
v00000279a0d22f60_0 .var "JAL", 0 0;
v00000279a0d23000_0 .var "JUMP", 0 0;
v00000279a0d230a0_0 .var "MEMORYREAD", 0 0;
v00000279a0d23140_0 .var "MEMORYWRITE", 0 0;
v00000279a0d7dbd0_0 .var "MUX1", 0 0;
v00000279a0d7dc70_0 .var "MUX2", 0 0;
v00000279a0d7dd10_0 .var "MUX3", 0 0;
v00000279a0d7ddb0_0 .var "OPCODE", 7 0;
v00000279a0ddc930_0 .var "REGISTERWRITE", 0 0;
v00000279a0ddc750_0 .var "TWOSCOMP", 0 0;
E_00000279a0d7b2e0 .event anyedge, v00000279a0d22ec0_0;
    .scope S_00000279a0d70830;
T_1 ;
    %wait E_00000279a0d7b2e0;
    %load/vec4 v00000279a0d22ec0_0;
    %parti/s 7, 0, 2;
    %pad/u 8;
    %store/vec4 v00000279a0d7ddb0_0, 0, 8;
    %load/vec4 v00000279a0d22ec0_0;
    %parti/s 3, 12, 5;
    %store/vec4 v00000279a0d22ce0_0, 0, 3;
    %load/vec4 v00000279a0d22ec0_0;
    %parti/s 7, 25, 6;
    %store/vec4 v00000279a0d22d80_0, 0, 7;
    %load/vec4 v00000279a0d7ddb0_0;
    %dup/vec4;
    %pushi/vec4 51, 0, 8;
    %cmp/u;
    %jmp/1 T_1.0, 6;
    %dup/vec4;
    %pushi/vec4 3, 0, 8;
    %cmp/u;
    %jmp/1 T_1.1, 6;
    %dup/vec4;
    %pushi/vec4 19, 0, 8;
    %cmp/u;
    %jmp/1 T_1.2, 6;
    %dup/vec4;
    %pushi/vec4 103, 0, 8;
    %cmp/u;
    %jmp/1 T_1.3, 6;
    %dup/vec4;
    %pushi/vec4 35, 0, 8;
    %cmp/u;
    %jmp/1 T_1.4, 6;
    %dup/vec4;
    %pushi/vec4 23, 0, 8;
    %cmp/u;
    %jmp/1 T_1.5, 6;
    %dup/vec4;
    %pushi/vec4 55, 0, 8;
    %cmp/u;
    %jmp/1 T_1.6, 6;
    %dup/vec4;
    %pushi/vec4 99, 0, 8;
    %cmp/u;
    %jmp/1 T_1.7, 6;
    %dup/vec4;
    %pushi/vec4 111, 0, 8;
    %cmp/u;
    %jmp/1 T_1.8, 6;
    %jmp T_1.9;
T_1.0 ;
    %load/vec4 v00000279a0d22d80_0;
    %dup/vec4;
    %pushi/vec4 0, 0, 7;
    %cmp/u;
    %jmp/1 T_1.10, 6;
    %dup/vec4;
    %pushi/vec4 32, 0, 7;
    %cmp/u;
    %jmp/1 T_1.11, 6;
    %dup/vec4;
    %pushi/vec4 59, 0, 7;
    %cmp/u;
    %jmp/1 T_1.12, 6;
    %jmp T_1.13;
T_1.10 ;
    %load/vec4 v00000279a0d22ce0_0;
    %dup/vec4;
    %pushi/vec4 0, 0, 3;
    %cmp/u;
    %jmp/1 T_1.14, 6;
    %dup/vec4;
    %pushi/vec4 1, 0, 3;
    %cmp/u;
    %jmp/1 T_1.15, 6;
    %dup/vec4;
    %pushi/vec4 2, 0, 3;
    %cmp/u;
    %jmp/1 T_1.16, 6;
    %dup/vec4;
    %pushi/vec4 3, 0, 3;
    %cmp/u;
    %jmp/1 T_1.17, 6;
    %dup/vec4;
    %pushi/vec4 4, 0, 3;
    %cmp/u;
    %jmp/1 T_1.18, 6;
    %dup/vec4;
    %pushi/vec4 5, 0, 3;
    %cmp/u;
    %jmp/1 T_1.19, 6;
    %dup/vec4;
    %pushi/vec4 6, 0, 3;
    %cmp/u;
    %jmp/1 T_1.20, 6;
    %dup/vec4;
    %pushi/vec4 7, 0, 3;
    %cmp/u;
    %jmp/1 T_1.21, 6;
    %jmp T_1.22;
T_1.14 ;
    %pushi/vec4 0, 0, 5;
    %cassign/vec4 v00000279a0d55160_0;
    %jmp T_1.22;
T_1.15 ;
    %pushi/vec4 1, 0, 5;
    %cassign/vec4 v00000279a0d55160_0;
    %jmp T_1.22;
T_1.16 ;
    %pushi/vec4 2, 0, 5;
    %cassign/vec4 v00000279a0d55160_0;
    %jmp T_1.22;
T_1.17 ;
    %pushi/vec4 3, 0, 5;
    %cassign/vec4 v00000279a0d55160_0;
    %jmp T_1.22;
T_1.18 ;
    %pushi/vec4 4, 0, 5;
    %cassign/vec4 v00000279a0d55160_0;
    %jmp T_1.22;
T_1.19 ;
    %pushi/vec4 5, 0, 5;
    %cassign/vec4 v00000279a0d55160_0;
    %jmp T_1.22;
T_1.20 ;
    %pushi/vec4 6, 0, 5;
    %cassign/vec4 v00000279a0d55160_0;
    %jmp T_1.22;
T_1.21 ;
    %pushi/vec4 7, 0, 5;
    %cassign/vec4 v00000279a0d55160_0;
    %jmp T_1.22;
T_1.22 ;
    %pop/vec4 1;
    %pushi/vec4 1, 0, 1;
    %cassign/vec4 v00000279a0d7dbd0_0;
    %pushi/vec4 1, 0, 1;
    %cassign/vec4 v00000279a0d7dc70_0;
    %pushi/vec4 0, 0, 1;
    %cassign/vec4 v00000279a0d7dd10_0;
    %pushi/vec4 1, 0, 1;
    %cassign/vec4 v00000279a0ddc930_0;
    %pushi/vec4 0, 0, 1;
    %cassign/vec4 v00000279a0d23140_0;
    %pushi/vec4 0, 0, 1;
    %cassign/vec4 v00000279a0d230a0_0;
    %pushi/vec4 0, 0, 1;
    %cassign/vec4 v00000279a0d709c0_0;
    %pushi/vec4 0, 0, 1;
    %cassign/vec4 v00000279a0d23000_0;
    %pushi/vec4 0, 0, 1;
    %cassign/vec4 v00000279a0d22f60_0;
    %pushi/vec4 0, 0, 3;
    %cassign/vec4 v00000279a0d22e20_0;
    %pushi/vec4 0, 0, 1;
    %cassign/vec4 v00000279a0ddc750_0;
    %jmp T_1.13;
T_1.11 ;
    %load/vec4 v00000279a0d22ce0_0;
    %dup/vec4;
    %pushi/vec4 0, 0, 3;
    %cmp/u;
    %jmp/1 T_1.23, 6;
    %dup/vec4;
    %pushi/vec4 5, 0, 3;
    %cmp/u;
    %jmp/1 T_1.24, 6;
    %jmp T_1.25;
T_1.23 ;
    %pushi/vec4 0, 0, 5;
    %cassign/vec4 v00000279a0d55160_0;
    %jmp T_1.25;
T_1.24 ;
    %pushi/vec4 5, 0, 5;
    %cassign/vec4 v00000279a0d55160_0;
    %jmp T_1.25;
T_1.25 ;
    %pop/vec4 1;
    %pushi/vec4 1, 0, 1;
    %cassign/vec4 v00000279a0d7dbd0_0;
    %pushi/vec4 1, 0, 1;
    %cassign/vec4 v00000279a0d7dc70_0;
    %pushi/vec4 0, 0, 1;
    %cassign/vec4 v00000279a0d7dd10_0;
    %pushi/vec4 1, 0, 1;
    %cassign/vec4 v00000279a0ddc930_0;
    %pushi/vec4 0, 0, 1;
    %cassign/vec4 v00000279a0d23140_0;
    %pushi/vec4 0, 0, 1;
    %cassign/vec4 v00000279a0d230a0_0;
    %pushi/vec4 0, 0, 1;
    %cassign/vec4 v00000279a0d709c0_0;
    %pushi/vec4 0, 0, 1;
    %cassign/vec4 v00000279a0d23000_0;
    %pushi/vec4 0, 0, 1;
    %cassign/vec4 v00000279a0d22f60_0;
    %pushi/vec4 0, 0, 3;
    %cassign/vec4 v00000279a0d22e20_0;
    %pushi/vec4 1, 0, 1;
    %cassign/vec4 v00000279a0ddc750_0;
    %jmp T_1.13;
T_1.12 ;
    %load/vec4 v00000279a0d22ce0_0;
    %dup/vec4;
    %pushi/vec4 0, 0, 3;
    %cmp/u;
    %jmp/1 T_1.26, 6;
    %dup/vec4;
    %pushi/vec4 1, 0, 3;
    %cmp/u;
    %jmp/1 T_1.27, 6;
    %dup/vec4;
    %pushi/vec4 2, 0, 3;
    %cmp/u;
    %jmp/1 T_1.28, 6;
    %dup/vec4;
    %pushi/vec4 3, 0, 3;
    %cmp/u;
    %jmp/1 T_1.29, 6;
    %dup/vec4;
    %pushi/vec4 4, 0, 3;
    %cmp/u;
    %jmp/1 T_1.30, 6;
    %dup/vec4;
    %pushi/vec4 6, 0, 3;
    %cmp/u;
    %jmp/1 T_1.31, 6;
    %dup/vec4;
    %pushi/vec4 7, 0, 3;
    %cmp/u;
    %jmp/1 T_1.32, 6;
    %jmp T_1.33;
T_1.26 ;
    %pushi/vec4 8, 0, 5;
    %cassign/vec4 v00000279a0d55160_0;
    %jmp T_1.33;
T_1.27 ;
    %pushi/vec4 9, 0, 5;
    %cassign/vec4 v00000279a0d55160_0;
    %jmp T_1.33;
T_1.28 ;
    %pushi/vec4 10, 0, 5;
    %cassign/vec4 v00000279a0d55160_0;
    %jmp T_1.33;
T_1.29 ;
    %pushi/vec4 11, 0, 5;
    %cassign/vec4 v00000279a0d55160_0;
    %jmp T_1.33;
T_1.30 ;
    %pushi/vec4 12, 0, 5;
    %cassign/vec4 v00000279a0d55160_0;
    %jmp T_1.33;
T_1.31 ;
    %pushi/vec4 13, 0, 5;
    %cassign/vec4 v00000279a0d55160_0;
    %jmp T_1.33;
T_1.32 ;
    %pushi/vec4 15, 0, 5;
    %cassign/vec4 v00000279a0d55160_0;
    %jmp T_1.33;
T_1.33 ;
    %pop/vec4 1;
    %pushi/vec4 1, 0, 1;
    %cassign/vec4 v00000279a0d7dbd0_0;
    %pushi/vec4 1, 0, 1;
    %cassign/vec4 v00000279a0d7dc70_0;
    %pushi/vec4 0, 0, 1;
    %cassign/vec4 v00000279a0d7dd10_0;
    %pushi/vec4 1, 0, 1;
    %cassign/vec4 v00000279a0ddc930_0;
    %pushi/vec4 0, 0, 1;
    %cassign/vec4 v00000279a0d23140_0;
    %pushi/vec4 0, 0, 1;
    %cassign/vec4 v00000279a0d230a0_0;
    %pushi/vec4 0, 0, 1;
    %cassign/vec4 v00000279a0d709c0_0;
    %pushi/vec4 0, 0, 1;
    %cassign/vec4 v00000279a0d23000_0;
    %pushi/vec4 0, 0, 1;
    %cassign/vec4 v00000279a0d22f60_0;
    %pushi/vec4 0, 0, 3;
    %cassign/vec4 v00000279a0d22e20_0;
    %pushi/vec4 0, 0, 1;
    %cassign/vec4 v00000279a0ddc750_0;
    %jmp T_1.13;
T_1.13 ;
    %pop/vec4 1;
    %jmp T_1.9;
T_1.1 ;
    %pushi/vec4 16, 0, 5;
    %cassign/vec4 v00000279a0d55160_0;
    %pushi/vec4 1, 0, 1;
    %cassign/vec4 v00000279a0d7dbd0_0;
    %pushi/vec4 1, 0, 1;
    %cassign/vec4 v00000279a0d7dc70_0;
    %pushi/vec4 1, 0, 1;
    %cassign/vec4 v00000279a0d7dd10_0;
    %pushi/vec4 1, 0, 1;
    %cassign/vec4 v00000279a0ddc930_0;
    %pushi/vec4 1, 0, 1;
    %cassign/vec4 v00000279a0d23140_0;
    %pushi/vec4 0, 0, 1;
    %cassign/vec4 v00000279a0d230a0_0;
    %pushi/vec4 0, 0, 1;
    %cassign/vec4 v00000279a0d709c0_0;
    %pushi/vec4 0, 0, 1;
    %cassign/vec4 v00000279a0d23000_0;
    %pushi/vec4 0, 0, 1;
    %cassign/vec4 v00000279a0d22f60_0;
    %pushi/vec4 1, 0, 3;
    %cassign/vec4 v00000279a0d22e20_0;
    %pushi/vec4 0, 0, 1;
    %cassign/vec4 v00000279a0ddc750_0;
    %jmp T_1.9;
T_1.2 ;
    %load/vec4 v00000279a0d22ce0_0;
    %dup/vec4;
    %pushi/vec4 0, 0, 3;
    %cmp/u;
    %jmp/1 T_1.34, 6;
    %dup/vec4;
    %pushi/vec4 1, 0, 3;
    %cmp/u;
    %jmp/1 T_1.35, 6;
    %dup/vec4;
    %pushi/vec4 2, 0, 3;
    %cmp/u;
    %jmp/1 T_1.36, 6;
    %dup/vec4;
    %pushi/vec4 3, 0, 3;
    %cmp/u;
    %jmp/1 T_1.37, 6;
    %dup/vec4;
    %pushi/vec4 4, 0, 3;
    %cmp/u;
    %jmp/1 T_1.38, 6;
    %dup/vec4;
    %pushi/vec4 5, 0, 3;
    %cmp/u;
    %jmp/1 T_1.39, 6;
    %dup/vec4;
    %pushi/vec4 6, 0, 3;
    %cmp/u;
    %jmp/1 T_1.40, 6;
    %dup/vec4;
    %pushi/vec4 7, 0, 3;
    %cmp/u;
    %jmp/1 T_1.41, 6;
    %jmp T_1.42;
T_1.34 ;
    %pushi/vec4 0, 0, 5;
    %cassign/vec4 v00000279a0d55160_0;
    %jmp T_1.42;
T_1.35 ;
    %pushi/vec4 1, 0, 5;
    %cassign/vec4 v00000279a0d55160_0;
    %jmp T_1.42;
T_1.36 ;
    %pushi/vec4 2, 0, 5;
    %cassign/vec4 v00000279a0d55160_0;
    %jmp T_1.42;
T_1.37 ;
    %pushi/vec4 3, 0, 5;
    %cassign/vec4 v00000279a0d55160_0;
    %jmp T_1.42;
T_1.38 ;
    %pushi/vec4 4, 0, 5;
    %cassign/vec4 v00000279a0d55160_0;
    %jmp T_1.42;
T_1.39 ;
    %pushi/vec4 5, 0, 5;
    %cassign/vec4 v00000279a0d55160_0;
    %jmp T_1.42;
T_1.40 ;
    %pushi/vec4 6, 0, 5;
    %cassign/vec4 v00000279a0d55160_0;
    %jmp T_1.42;
T_1.41 ;
    %pushi/vec4 7, 0, 5;
    %cassign/vec4 v00000279a0d55160_0;
    %jmp T_1.42;
T_1.42 ;
    %pop/vec4 1;
    %pushi/vec4 1, 0, 1;
    %cassign/vec4 v00000279a0d7dbd0_0;
    %pushi/vec4 0, 0, 1;
    %cassign/vec4 v00000279a0d7dc70_0;
    %pushi/vec4 0, 0, 1;
    %cassign/vec4 v00000279a0d7dd10_0;
    %pushi/vec4 1, 0, 1;
    %cassign/vec4 v00000279a0ddc930_0;
    %pushi/vec4 0, 0, 1;
    %cassign/vec4 v00000279a0d23140_0;
    %pushi/vec4 0, 0, 1;
    %cassign/vec4 v00000279a0d230a0_0;
    %pushi/vec4 0, 0, 1;
    %cassign/vec4 v00000279a0d709c0_0;
    %pushi/vec4 0, 0, 1;
    %cassign/vec4 v00000279a0d23000_0;
    %pushi/vec4 0, 0, 1;
    %cassign/vec4 v00000279a0d22f60_0;
    %load/vec4 v00000279a0d22ce0_0;
    %dup/vec4;
    %pushi/vec4 0, 0, 3;
    %cmp/u;
    %jmp/1 T_1.43, 6;
    %dup/vec4;
    %pushi/vec4 1, 0, 3;
    %cmp/u;
    %jmp/1 T_1.44, 6;
    %dup/vec4;
    %pushi/vec4 2, 0, 3;
    %cmp/u;
    %jmp/1 T_1.45, 6;
    %dup/vec4;
    %pushi/vec4 3, 0, 3;
    %cmp/u;
    %jmp/1 T_1.46, 6;
    %dup/vec4;
    %pushi/vec4 4, 0, 3;
    %cmp/u;
    %jmp/1 T_1.47, 6;
    %dup/vec4;
    %pushi/vec4 5, 0, 3;
    %cmp/u;
    %jmp/1 T_1.48, 6;
    %dup/vec4;
    %pushi/vec4 6, 0, 3;
    %cmp/u;
    %jmp/1 T_1.49, 6;
    %dup/vec4;
    %pushi/vec4 7, 0, 3;
    %cmp/u;
    %jmp/1 T_1.50, 6;
    %jmp T_1.51;
T_1.43 ;
    %pushi/vec4 1, 0, 3;
    %cassign/vec4 v00000279a0d22e20_0;
    %jmp T_1.51;
T_1.44 ;
    %pushi/vec4 1, 0, 3;
    %cassign/vec4 v00000279a0d22e20_0;
    %jmp T_1.51;
T_1.45 ;
    %pushi/vec4 1, 0, 3;
    %cassign/vec4 v00000279a0d22e20_0;
    %jmp T_1.51;
T_1.46 ;
    %pushi/vec4 1, 0, 3;
    %cassign/vec4 v00000279a0d22e20_0;
    %jmp T_1.51;
T_1.47 ;
    %pushi/vec4 1, 0, 3;
    %cassign/vec4 v00000279a0d22e20_0;
    %jmp T_1.51;
T_1.48 ;
    %pushi/vec4 2, 0, 3;
    %cassign/vec4 v00000279a0d22e20_0;
    %jmp T_1.51;
T_1.49 ;
    %pushi/vec4 1, 0, 3;
    %cassign/vec4 v00000279a0d22e20_0;
    %jmp T_1.51;
T_1.50 ;
    %pushi/vec4 1, 0, 3;
    %cassign/vec4 v00000279a0d22e20_0;
    %jmp T_1.51;
T_1.51 ;
    %pop/vec4 1;
    %load/vec4 v00000279a0d22ce0_0;
    %dup/vec4;
    %pushi/vec4 0, 0, 3;
    %cmp/u;
    %jmp/1 T_1.52, 6;
    %dup/vec4;
    %pushi/vec4 1, 0, 3;
    %cmp/u;
    %jmp/1 T_1.53, 6;
    %dup/vec4;
    %pushi/vec4 2, 0, 3;
    %cmp/u;
    %jmp/1 T_1.54, 6;
    %dup/vec4;
    %pushi/vec4 3, 0, 3;
    %cmp/u;
    %jmp/1 T_1.55, 6;
    %dup/vec4;
    %pushi/vec4 4, 0, 3;
    %cmp/u;
    %jmp/1 T_1.56, 6;
    %dup/vec4;
    %pushi/vec4 5, 0, 3;
    %cmp/u;
    %jmp/1 T_1.57, 6;
    %dup/vec4;
    %pushi/vec4 6, 0, 3;
    %cmp/u;
    %jmp/1 T_1.58, 6;
    %dup/vec4;
    %pushi/vec4 7, 0, 3;
    %cmp/u;
    %jmp/1 T_1.59, 6;
    %jmp T_1.60;
T_1.52 ;
    %pushi/vec4 0, 0, 1;
    %cassign/vec4 v00000279a0ddc750_0;
    %jmp T_1.60;
T_1.53 ;
    %pushi/vec4 0, 0, 1;
    %cassign/vec4 v00000279a0ddc750_0;
    %jmp T_1.60;
T_1.54 ;
    %pushi/vec4 0, 0, 1;
    %cassign/vec4 v00000279a0ddc750_0;
    %jmp T_1.60;
T_1.55 ;
    %pushi/vec4 0, 0, 1;
    %cassign/vec4 v00000279a0ddc750_0;
    %jmp T_1.60;
T_1.56 ;
    %pushi/vec4 0, 0, 1;
    %cassign/vec4 v00000279a0ddc750_0;
    %jmp T_1.60;
T_1.57 ;
    %load/vec4 v00000279a0d22d80_0;
    %dup/vec4;
    %pushi/vec4 0, 0, 7;
    %cmp/u;
    %jmp/1 T_1.61, 6;
    %dup/vec4;
    %pushi/vec4 32, 0, 7;
    %cmp/u;
    %jmp/1 T_1.62, 6;
    %jmp T_1.63;
T_1.61 ;
    %pushi/vec4 0, 0, 1;
    %cassign/vec4 v00000279a0ddc750_0;
    %jmp T_1.63;
T_1.62 ;
    %pushi/vec4 1, 0, 1;
    %cassign/vec4 v00000279a0ddc750_0;
    %jmp T_1.63;
T_1.63 ;
    %pop/vec4 1;
    %jmp T_1.60;
T_1.58 ;
    %pushi/vec4 0, 0, 1;
    %cassign/vec4 v00000279a0ddc750_0;
    %jmp T_1.60;
T_1.59 ;
    %pushi/vec4 0, 0, 1;
    %cassign/vec4 v00000279a0ddc750_0;
    %jmp T_1.60;
T_1.60 ;
    %pop/vec4 1;
    %jmp T_1.9;
T_1.3 ;
    %pushi/vec4 0, 0, 5;
    %cassign/vec4 v00000279a0d55160_0;
    %pushi/vec4 1, 0, 1;
    %cassign/vec4 v00000279a0d7dbd0_0;
    %pushi/vec4 0, 0, 1;
    %cassign/vec4 v00000279a0d7dc70_0;
    %pushi/vec4 0, 0, 1;
    %cassign/vec4 v00000279a0d7dd10_0;
    %pushi/vec4 1, 0, 1;
    %cassign/vec4 v00000279a0ddc930_0;
    %pushi/vec4 0, 0, 1;
    %cassign/vec4 v00000279a0d23140_0;
    %pushi/vec4 0, 0, 1;
    %cassign/vec4 v00000279a0d230a0_0;
    %pushi/vec4 0, 0, 1;
    %cassign/vec4 v00000279a0d709c0_0;
    %pushi/vec4 1, 0, 1;
    %cassign/vec4 v00000279a0d23000_0;
    %pushi/vec4 0, 0, 1;
    %cassign/vec4 v00000279a0d22f60_0;
    %pushi/vec4 1, 0, 3;
    %cassign/vec4 v00000279a0d22e20_0;
    %pushi/vec4 0, 0, 1;
    %cassign/vec4 v00000279a0ddc750_0;
    %jmp T_1.9;
T_1.4 ;
    %pushi/vec4 0, 0, 5;
    %cassign/vec4 v00000279a0d55160_0;
    %pushi/vec4 1, 0, 1;
    %cassign/vec4 v00000279a0d7dbd0_0;
    %pushi/vec4 1, 0, 1;
    %cassign/vec4 v00000279a0d7dc70_0;
    %pushi/vec4 0, 0, 1;
    %cassign/vec4 v00000279a0d7dd10_0;
    %pushi/vec4 0, 0, 1;
    %cassign/vec4 v00000279a0ddc930_0;
    %pushi/vec4 1, 0, 1;
    %cassign/vec4 v00000279a0d23140_0;
    %pushi/vec4 0, 0, 1;
    %cassign/vec4 v00000279a0d230a0_0;
    %pushi/vec4 0, 0, 1;
    %cassign/vec4 v00000279a0d709c0_0;
    %pushi/vec4 0, 0, 1;
    %cassign/vec4 v00000279a0d23000_0;
    %pushi/vec4 0, 0, 1;
    %cassign/vec4 v00000279a0d22f60_0;
    %pushi/vec4 3, 0, 3;
    %cassign/vec4 v00000279a0d22e20_0;
    %pushi/vec4 0, 0, 1;
    %cassign/vec4 v00000279a0ddc750_0;
    %jmp T_1.9;
T_1.5 ;
    %pushi/vec4 0, 0, 5;
    %cassign/vec4 v00000279a0d55160_0;
    %pushi/vec4 0, 0, 1;
    %cassign/vec4 v00000279a0d7dbd0_0;
    %pushi/vec4 0, 0, 1;
    %cassign/vec4 v00000279a0d7dc70_0;
    %pushi/vec4 0, 0, 1;
    %cassign/vec4 v00000279a0d7dd10_0;
    %pushi/vec4 1, 0, 1;
    %cassign/vec4 v00000279a0ddc930_0;
    %pushi/vec4 0, 0, 1;
    %cassign/vec4 v00000279a0d23140_0;
    %pushi/vec4 0, 0, 1;
    %cassign/vec4 v00000279a0d230a0_0;
    %pushi/vec4 0, 0, 1;
    %cassign/vec4 v00000279a0d709c0_0;
    %pushi/vec4 0, 0, 1;
    %cassign/vec4 v00000279a0d23000_0;
    %pushi/vec4 0, 0, 1;
    %cassign/vec4 v00000279a0d22f60_0;
    %pushi/vec4 0, 0, 3;
    %cassign/vec4 v00000279a0d22e20_0;
    %pushi/vec4 0, 0, 1;
    %cassign/vec4 v00000279a0ddc750_0;
    %jmp T_1.9;
T_1.6 ;
    %pushi/vec4 16, 0, 5;
    %cassign/vec4 v00000279a0d55160_0;
    %pushi/vec4 0, 0, 1;
    %cassign/vec4 v00000279a0d7dbd0_0;
    %pushi/vec4 0, 0, 1;
    %cassign/vec4 v00000279a0d7dc70_0;
    %pushi/vec4 0, 0, 1;
    %cassign/vec4 v00000279a0d7dd10_0;
    %pushi/vec4 1, 0, 1;
    %cassign/vec4 v00000279a0ddc930_0;
    %pushi/vec4 0, 0, 1;
    %cassign/vec4 v00000279a0d23140_0;
    %pushi/vec4 0, 0, 1;
    %cassign/vec4 v00000279a0d230a0_0;
    %pushi/vec4 0, 0, 1;
    %cassign/vec4 v00000279a0d709c0_0;
    %pushi/vec4 0, 0, 1;
    %cassign/vec4 v00000279a0d23000_0;
    %pushi/vec4 0, 0, 1;
    %cassign/vec4 v00000279a0d22f60_0;
    %pushi/vec4 0, 0, 3;
    %cassign/vec4 v00000279a0d22e20_0;
    %pushi/vec4 0, 0, 1;
    %cassign/vec4 v00000279a0ddc750_0;
    %jmp T_1.9;
T_1.7 ;
    %load/vec4 v00000279a0d22ce0_0;
    %dup/vec4;
    %pushi/vec4 0, 0, 3;
    %cmp/u;
    %jmp/1 T_1.64, 6;
    %dup/vec4;
    %pushi/vec4 1, 0, 3;
    %cmp/u;
    %jmp/1 T_1.65, 6;
    %dup/vec4;
    %pushi/vec4 4, 0, 3;
    %cmp/u;
    %jmp/1 T_1.66, 6;
    %dup/vec4;
    %pushi/vec4 5, 0, 3;
    %cmp/u;
    %jmp/1 T_1.67, 6;
    %dup/vec4;
    %pushi/vec4 6, 0, 3;
    %cmp/u;
    %jmp/1 T_1.68, 6;
    %dup/vec4;
    %pushi/vec4 7, 0, 3;
    %cmp/u;
    %jmp/1 T_1.69, 6;
    %jmp T_1.70;
T_1.64 ;
    %pushi/vec4 0, 0, 5;
    %cassign/vec4 v00000279a0d55160_0;
    %jmp T_1.70;
T_1.65 ;
    %pushi/vec4 0, 0, 5;
    %cassign/vec4 v00000279a0d55160_0;
    %jmp T_1.70;
T_1.66 ;
    %pushi/vec4 2, 0, 5;
    %cassign/vec4 v00000279a0d55160_0;
    %jmp T_1.70;
T_1.67 ;
    %pushi/vec4 2, 0, 5;
    %cassign/vec4 v00000279a0d55160_0;
    %jmp T_1.70;
T_1.68 ;
    %pushi/vec4 3, 0, 5;
    %cassign/vec4 v00000279a0d55160_0;
    %jmp T_1.70;
T_1.69 ;
    %pushi/vec4 3, 0, 5;
    %cassign/vec4 v00000279a0d55160_0;
    %jmp T_1.70;
T_1.70 ;
    %pop/vec4 1;
    %pushi/vec4 1, 0, 1;
    %cassign/vec4 v00000279a0d7dbd0_0;
    %pushi/vec4 0, 0, 1;
    %cassign/vec4 v00000279a0d7dc70_0;
    %pushi/vec4 0, 0, 1;
    %cassign/vec4 v00000279a0d7dd10_0;
    %pushi/vec4 0, 0, 1;
    %cassign/vec4 v00000279a0ddc930_0;
    %pushi/vec4 0, 0, 1;
    %cassign/vec4 v00000279a0d23140_0;
    %pushi/vec4 0, 0, 1;
    %cassign/vec4 v00000279a0d230a0_0;
    %pushi/vec4 1, 0, 1;
    %cassign/vec4 v00000279a0d709c0_0;
    %pushi/vec4 0, 0, 1;
    %cassign/vec4 v00000279a0d23000_0;
    %pushi/vec4 1, 0, 1;
    %cassign/vec4 v00000279a0d22f60_0;
    %pushi/vec4 4, 0, 3;
    %cassign/vec4 v00000279a0d22e20_0;
    %load/vec4 v00000279a0d22ce0_0;
    %dup/vec4;
    %pushi/vec4 0, 0, 3;
    %cmp/u;
    %jmp/1 T_1.71, 6;
    %dup/vec4;
    %pushi/vec4 1, 0, 3;
    %cmp/u;
    %jmp/1 T_1.72, 6;
    %dup/vec4;
    %pushi/vec4 4, 0, 3;
    %cmp/u;
    %jmp/1 T_1.73, 6;
    %dup/vec4;
    %pushi/vec4 5, 0, 3;
    %cmp/u;
    %jmp/1 T_1.74, 6;
    %dup/vec4;
    %pushi/vec4 6, 0, 3;
    %cmp/u;
    %jmp/1 T_1.75, 6;
    %dup/vec4;
    %pushi/vec4 7, 0, 3;
    %cmp/u;
    %jmp/1 T_1.76, 6;
    %jmp T_1.77;
T_1.71 ;
    %pushi/vec4 1, 0, 1;
    %cassign/vec4 v00000279a0ddc750_0;
    %jmp T_1.77;
T_1.72 ;
    %pushi/vec4 1, 0, 1;
    %cassign/vec4 v00000279a0ddc750_0;
    %jmp T_1.77;
T_1.73 ;
    %pushi/vec4 0, 0, 1;
    %cassign/vec4 v00000279a0ddc750_0;
    %jmp T_1.77;
T_1.74 ;
    %pushi/vec4 0, 0, 1;
    %cassign/vec4 v00000279a0ddc750_0;
    %jmp T_1.77;
T_1.75 ;
    %pushi/vec4 0, 0, 1;
    %cassign/vec4 v00000279a0ddc750_0;
    %jmp T_1.77;
T_1.76 ;
    %pushi/vec4 0, 0, 1;
    %cassign/vec4 v00000279a0ddc750_0;
    %jmp T_1.77;
T_1.77 ;
    %pop/vec4 1;
    %jmp T_1.9;
T_1.8 ;
    %pushi/vec4 0, 0, 5;
    %cassign/vec4 v00000279a0d55160_0;
    %pushi/vec4 0, 0, 1;
    %cassign/vec4 v00000279a0d7dbd0_0;
    %pushi/vec4 0, 0, 1;
    %cassign/vec4 v00000279a0d7dc70_0;
    %pushi/vec4 0, 0, 1;
    %cassign/vec4 v00000279a0d7dd10_0;
    %pushi/vec4 1, 0, 1;
    %cassign/vec4 v00000279a0ddc930_0;
    %pushi/vec4 0, 0, 1;
    %cassign/vec4 v00000279a0d23140_0;
    %pushi/vec4 0, 0, 1;
    %cassign/vec4 v00000279a0d230a0_0;
    %pushi/vec4 0, 0, 1;
    %cassign/vec4 v00000279a0d709c0_0;
    %pushi/vec4 1, 0, 1;
    %cassign/vec4 v00000279a0d23000_0;
    %pushi/vec4 1, 0, 1;
    %cassign/vec4 v00000279a0d22f60_0;
    %pushi/vec4 5, 0, 3;
    %cassign/vec4 v00000279a0d22e20_0;
    %pushi/vec4 0, 0, 1;
    %cassign/vec4 v00000279a0ddc750_0;
    %jmp T_1.9;
T_1.9 ;
    %pop/vec4 1;
    %jmp T_1;
    .thread T_1, $push;
    .scope S_00000279a0d7f8f0;
T_2 ;
    %vpi_call 2 45 "$display", "-----------------------------------------------------------------------------------------" {0 0 0};
    %vpi_call 2 46 "$display", "| INSTRUCTION                       | MUX1 | MUX2 | REGWR | MEMWR | MEMRD | TC   | BR | JP | JAL | ALUOP |" {0 0 0};
    %vpi_call 2 47 "$display", "-----------------------------------------------------------------------------------------" {0 0 0};
    %pushi/vec4 1114547, 0, 32;
    %store/vec4 v00000279a0ddc070_0, 0, 32;
    %delay 100, 0;
    %load/vec4 v00000279a0ddc070_0;
    %store/vec4 v00000279a0d70790_0, 0, 32;
    %fork TD_controlUnit_tb.display_results, S_00000279a0d70600;
    %join;
    %pushi/vec4 1074856371, 0, 32;
    %store/vec4 v00000279a0ddc070_0, 0, 32;
    %delay 100, 0;
    %load/vec4 v00000279a0ddc070_0;
    %store/vec4 v00000279a0d70790_0, 0, 32;
    %fork TD_controlUnit_tb.display_results, S_00000279a0d70600;
    %join;
    %pushi/vec4 1143219, 0, 32;
    %store/vec4 v00000279a0ddc070_0, 0, 32;
    %delay 100, 0;
    %load/vec4 v00000279a0ddc070_0;
    %store/vec4 v00000279a0d70790_0, 0, 32;
    %fork TD_controlUnit_tb.display_results, S_00000279a0d70600;
    %join;
    %pushi/vec4 1139123, 0, 32;
    %store/vec4 v00000279a0ddc070_0, 0, 32;
    %delay 100, 0;
    %load/vec4 v00000279a0ddc070_0;
    %store/vec4 v00000279a0d70790_0, 0, 32;
    %fork TD_controlUnit_tb.display_results, S_00000279a0d70600;
    %join;
    %pushi/vec4 1130931, 0, 32;
    %store/vec4 v00000279a0ddc070_0, 0, 32;
    %delay 100, 0;
    %load/vec4 v00000279a0ddc070_0;
    %store/vec4 v00000279a0d70790_0, 0, 32;
    %fork TD_controlUnit_tb.display_results, S_00000279a0d70600;
    %join;
    %pushi/vec4 1118643, 0, 32;
    %store/vec4 v00000279a0ddc070_0, 0, 32;
    %delay 100, 0;
    %load/vec4 v00000279a0ddc070_0;
    %store/vec4 v00000279a0d70790_0, 0, 32;
    %fork TD_controlUnit_tb.display_results, S_00000279a0d70600;
    %join;
    %pushi/vec4 1135027, 0, 32;
    %store/vec4 v00000279a0ddc070_0, 0, 32;
    %delay 100, 0;
    %load/vec4 v00000279a0ddc070_0;
    %store/vec4 v00000279a0d70790_0, 0, 32;
    %fork TD_controlUnit_tb.display_results, S_00000279a0d70600;
    %join;
    %pushi/vec4 1074876851, 0, 32;
    %store/vec4 v00000279a0ddc070_0, 0, 32;
    %delay 100, 0;
    %load/vec4 v00000279a0ddc070_0;
    %store/vec4 v00000279a0d70790_0, 0, 32;
    %fork TD_controlUnit_tb.display_results, S_00000279a0d70600;
    %join;
    %pushi/vec4 1122739, 0, 32;
    %store/vec4 v00000279a0ddc070_0, 0, 32;
    %delay 100, 0;
    %load/vec4 v00000279a0ddc070_0;
    %store/vec4 v00000279a0d70790_0, 0, 32;
    %fork TD_controlUnit_tb.display_results, S_00000279a0d70600;
    %join;
    %pushi/vec4 1980834227, 0, 32;
    %store/vec4 v00000279a0ddc070_0, 0, 32;
    %delay 100, 0;
    %load/vec4 v00000279a0ddc070_0;
    %store/vec4 v00000279a0d70790_0, 0, 32;
    %fork TD_controlUnit_tb.display_results, S_00000279a0d70600;
    %join;
    %vpi_call 2 100 "$display", "-----------------------------------------------------------------------------------------" {0 0 0};
    %vpi_call 2 101 "$display", "R-type instruction tests completed." {0 0 0};
    %vpi_call 2 102 "$finish" {0 0 0};
    %end;
    .thread T_2;
# The file index is used to find the file name in the following table.
:file_names 4;
    "N/A";
    "<interactive>";
    "controlUnit_tb.v";
    "controlUnit.v";
