#! /c/Source/iverilog-install/bin/vvp
:ivl_version "12.0 (devel)" "(s20150603-1110-g18392a46)";
:ivl_delay_selection "TYPICAL";
:vpi_time_precision - 10;
:vpi_module "C:\iverilog\lib\ivl\system.vpi";
:vpi_module "C:\iverilog\lib\ivl\vhdl_sys.vpi";
:vpi_module "C:\iverilog\lib\ivl\vhdl_textio.vpi";
:vpi_module "C:\iverilog\lib\ivl\v2005_math.vpi";
:vpi_module "C:\iverilog\lib\ivl\va_math.vpi";
S_000001f33a37bb60 .scope module, "controlUnit_tb" "controlUnit_tb" 2 9;
 .timescale -9 -10;
v000001f33a2aeed0_0 .net "ALUOP", 4 0, v000001f33a22e560_0;  1 drivers
v000001f33a2aeb10_0 .net "BRANCH", 0 0, v000001f33a37bcf0_0;  1 drivers
v000001f33a2aec50_0 .net "IMMEDIATE", 2 0, v000001f33a231070_0;  1 drivers
v000001f33a2aecf0_0 .var "INSTRUCTION", 31 0;
v000001f33a2ae390_0 .net "JAL", 0 0, v000001f33a24d5b0_0;  1 drivers
v000001f33a2ae6b0_0 .net "JUMP", 0 0, v000001f33a24d650_0;  1 drivers
v000001f33a2ae250_0 .net "MEMORYREAD", 0 0, v000001f33a24d6f0_0;  1 drivers
v000001f33a2ae110_0 .net "MEMORYWRITE", 0 0, v000001f33a24d790_0;  1 drivers
v000001f33a2ae2f0_0 .net "MUX1", 0 0, v000001f33a24d830_0;  1 drivers
v000001f33a2aed90_0 .net "MUX2", 0 0, v000001f33a24d8d0_0;  1 drivers
v000001f33a2aee30_0 .net "MUX3", 0 0, v000001f33a234800_0;  1 drivers
v000001f33a2ae430_0 .net "REGISTERWRITE", 0 0, v000001f33a234940_0;  1 drivers
v000001f33a2ae610_0 .net "TWOSCOMP", 0 0, v000001f33a2aebb0_0;  1 drivers
S_000001f33a230e40 .scope module, "uut" "controlUnit" 2 20, 3 143 0, S_000001f33a37bb60;
 .timescale -9 -10;
    .port_info 0 /INPUT 32 "INSTRUCTION";
    .port_info 1 /OUTPUT 1 "MUX1";
    .port_info 2 /OUTPUT 1 "MUX2";
    .port_info 3 /OUTPUT 1 "MUX3";
    .port_info 4 /OUTPUT 5 "ALUOP";
    .port_info 5 /OUTPUT 1 "REGISTERWRITE";
    .port_info 6 /OUTPUT 1 "MEMORYWRITE";
    .port_info 7 /OUTPUT 1 "MEMORYREAD";
    .port_info 8 /OUTPUT 1 "BRANCH";
    .port_info 9 /OUTPUT 1 "JUMP";
    .port_info 10 /OUTPUT 1 "JAL";
    .port_info 11 /OUTPUT 3 "IMMEDIATE";
    .port_info 12 /OUTPUT 1 "TWOSCOMP";
v000001f33a22e560_0 .var "ALUOP", 4 0;
v000001f33a37bcf0_0 .var "BRANCH", 0 0;
v000001f33a37bd90_0 .var "FUNCT3", 2 0;
v000001f33a230fd0_0 .var "FUNCT7", 6 0;
v000001f33a231070_0 .var "IMMEDIATE", 2 0;
v000001f33a24d510_0 .net "INSTRUCTION", 31 0, v000001f33a2aecf0_0;  1 drivers
v000001f33a24d5b0_0 .var "JAL", 0 0;
v000001f33a24d650_0 .var "JUMP", 0 0;
v000001f33a24d6f0_0 .var "MEMORYREAD", 0 0;
v000001f33a24d790_0 .var "MEMORYWRITE", 0 0;
v000001f33a24d830_0 .var "MUX1", 0 0;
v000001f33a24d8d0_0 .var "MUX2", 0 0;
v000001f33a234800_0 .var "MUX3", 0 0;
v000001f33a2348a0_0 .var "OPCODE", 7 0;
v000001f33a234940_0 .var "REGISTERWRITE", 0 0;
v000001f33a2aebb0_0 .var "TWOSCOMP", 0 0;
E_000001f33a22f4a0 .event anyedge, v000001f33a24d510_0;
    .scope S_000001f33a230e40;
T_0 ;
    %wait E_000001f33a22f4a0;
    %load/vec4 v000001f33a24d510_0;
    %parti/s 7, 0, 2;
    %pad/u 8;
    %store/vec4 v000001f33a2348a0_0, 0, 8;
    %load/vec4 v000001f33a24d510_0;
    %parti/s 3, 12, 5;
    %store/vec4 v000001f33a37bd90_0, 0, 3;
    %load/vec4 v000001f33a24d510_0;
    %parti/s 7, 25, 6;
    %store/vec4 v000001f33a230fd0_0, 0, 7;
    %load/vec4 v000001f33a2348a0_0;
    %dup/vec4;
    %pushi/vec4 51, 0, 8;
    %cmp/u;
    %jmp/1 T_0.0, 6;
    %dup/vec4;
    %pushi/vec4 3, 0, 8;
    %cmp/u;
    %jmp/1 T_0.1, 6;
    %dup/vec4;
    %pushi/vec4 19, 0, 8;
    %cmp/u;
    %jmp/1 T_0.2, 6;
    %dup/vec4;
    %pushi/vec4 103, 0, 8;
    %cmp/u;
    %jmp/1 T_0.3, 6;
    %dup/vec4;
    %pushi/vec4 35, 0, 8;
    %cmp/u;
    %jmp/1 T_0.4, 6;
    %dup/vec4;
    %pushi/vec4 23, 0, 8;
    %cmp/u;
    %jmp/1 T_0.5, 6;
    %dup/vec4;
    %pushi/vec4 55, 0, 8;
    %cmp/u;
    %jmp/1 T_0.6, 6;
    %dup/vec4;
    %pushi/vec4 99, 0, 8;
    %cmp/u;
    %jmp/1 T_0.7, 6;
    %dup/vec4;
    %pushi/vec4 111, 0, 8;
    %cmp/u;
    %jmp/1 T_0.8, 6;
    %jmp T_0.9;
T_0.0 ;
    %load/vec4 v000001f33a37bd90_0;
    %dup/vec4;
    %pushi/vec4 0, 0, 3;
    %cmp/u;
    %jmp/1 T_0.10, 6;
    %jmp T_0.11;
T_0.10 ;
    %load/vec4 v000001f33a230fd0_0;
    %dup/vec4;
    %pushi/vec4 0, 0, 7;
    %cmp/u;
    %jmp/1 T_0.12, 6;
    %dup/vec4;
    %pushi/vec4 32, 0, 7;
    %cmp/u;
    %jmp/1 T_0.13, 6;
    %dup/vec4;
    %pushi/vec4 59, 0, 7;
    %cmp/u;
    %jmp/1 T_0.14, 6;
    %jmp T_0.15;
T_0.12 ;
    %pushi/vec4 0, 0, 2;
    %load/vec4 v000001f33a37bd90_0;
    %concat/vec4; draw_concat_vec4
    %cassign/vec4 v000001f33a22e560_0;
    %pushi/vec4 1, 0, 1;
    %cassign/vec4 v000001f33a24d830_0;
    %pushi/vec4 1, 0, 1;
    %cassign/vec4 v000001f33a24d8d0_0;
    %pushi/vec4 0, 0, 1;
    %cassign/vec4 v000001f33a234800_0;
    %pushi/vec4 1, 0, 1;
    %cassign/vec4 v000001f33a234940_0;
    %pushi/vec4 0, 0, 1;
    %cassign/vec4 v000001f33a24d790_0;
    %pushi/vec4 0, 0, 1;
    %cassign/vec4 v000001f33a24d6f0_0;
    %pushi/vec4 0, 0, 1;
    %cassign/vec4 v000001f33a37bcf0_0;
    %pushi/vec4 0, 0, 1;
    %cassign/vec4 v000001f33a24d650_0;
    %pushi/vec4 0, 0, 1;
    %cassign/vec4 v000001f33a24d5b0_0;
    %pushi/vec4 0, 0, 3;
    %cassign/vec4 v000001f33a231070_0;
    %pushi/vec4 0, 0, 1;
    %cassign/vec4 v000001f33a2aebb0_0;
    %jmp T_0.15;
T_0.13 ;
    %pushi/vec4 0, 0, 2;
    %load/vec4 v000001f33a37bd90_0;
    %concat/vec4; draw_concat_vec4
    %cassign/vec4 v000001f33a22e560_0;
    %pushi/vec4 1, 0, 1;
    %cassign/vec4 v000001f33a24d830_0;
    %pushi/vec4 1, 0, 1;
    %cassign/vec4 v000001f33a24d8d0_0;
    %pushi/vec4 0, 0, 1;
    %cassign/vec4 v000001f33a234800_0;
    %pushi/vec4 1, 0, 1;
    %cassign/vec4 v000001f33a234940_0;
    %pushi/vec4 0, 0, 1;
    %cassign/vec4 v000001f33a24d790_0;
    %pushi/vec4 0, 0, 1;
    %cassign/vec4 v000001f33a24d6f0_0;
    %pushi/vec4 0, 0, 1;
    %cassign/vec4 v000001f33a37bcf0_0;
    %pushi/vec4 0, 0, 1;
    %cassign/vec4 v000001f33a24d650_0;
    %pushi/vec4 0, 0, 1;
    %cassign/vec4 v000001f33a24d5b0_0;
    %pushi/vec4 0, 0, 3;
    %cassign/vec4 v000001f33a231070_0;
    %pushi/vec4 1, 0, 1;
    %cassign/vec4 v000001f33a2aebb0_0;
    %jmp T_0.15;
T_0.14 ;
    %pushi/vec4 1, 0, 2;
    %load/vec4 v000001f33a37bd90_0;
    %concat/vec4; draw_concat_vec4
    %cassign/vec4 v000001f33a22e560_0;
    %pushi/vec4 1, 0, 1;
    %cassign/vec4 v000001f33a24d830_0;
    %pushi/vec4 1, 0, 1;
    %cassign/vec4 v000001f33a24d8d0_0;
    %pushi/vec4 0, 0, 1;
    %cassign/vec4 v000001f33a234800_0;
    %pushi/vec4 1, 0, 1;
    %cassign/vec4 v000001f33a234940_0;
    %pushi/vec4 0, 0, 1;
    %cassign/vec4 v000001f33a24d790_0;
    %pushi/vec4 0, 0, 1;
    %cassign/vec4 v000001f33a24d6f0_0;
    %pushi/vec4 0, 0, 1;
    %cassign/vec4 v000001f33a37bcf0_0;
    %pushi/vec4 0, 0, 1;
    %cassign/vec4 v000001f33a24d650_0;
    %pushi/vec4 0, 0, 1;
    %cassign/vec4 v000001f33a24d5b0_0;
    %pushi/vec4 0, 0, 3;
    %cassign/vec4 v000001f33a231070_0;
    %pushi/vec4 0, 0, 1;
    %cassign/vec4 v000001f33a2aebb0_0;
    %jmp T_0.15;
T_0.15 ;
    %pop/vec4 1;
    %jmp T_0.11;
T_0.11 ;
    %pop/vec4 1;
    %jmp T_0.9;
T_0.1 ;
    %pushi/vec4 16, 0, 5;
    %cassign/vec4 v000001f33a22e560_0;
    %pushi/vec4 1, 0, 1;
    %cassign/vec4 v000001f33a24d830_0;
    %pushi/vec4 1, 0, 1;
    %cassign/vec4 v000001f33a24d8d0_0;
    %pushi/vec4 1, 0, 1;
    %cassign/vec4 v000001f33a234800_0;
    %pushi/vec4 1, 0, 1;
    %cassign/vec4 v000001f33a234940_0;
    %pushi/vec4 1, 0, 1;
    %cassign/vec4 v000001f33a24d790_0;
    %pushi/vec4 0, 0, 1;
    %cassign/vec4 v000001f33a24d6f0_0;
    %pushi/vec4 0, 0, 1;
    %cassign/vec4 v000001f33a37bcf0_0;
    %pushi/vec4 0, 0, 1;
    %cassign/vec4 v000001f33a24d650_0;
    %pushi/vec4 0, 0, 1;
    %cassign/vec4 v000001f33a24d5b0_0;
    %pushi/vec4 1, 0, 3;
    %cassign/vec4 v000001f33a231070_0;
    %pushi/vec4 0, 0, 1;
    %cassign/vec4 v000001f33a2aebb0_0;
    %jmp T_0.9;
T_0.2 ;
    %pushi/vec4 0, 0, 2;
    %load/vec4 v000001f33a37bd90_0;
    %concat/vec4; draw_concat_vec4
    %cassign/vec4 v000001f33a22e560_0;
    %pushi/vec4 1, 0, 1;
    %cassign/vec4 v000001f33a24d830_0;
    %pushi/vec4 0, 0, 1;
    %cassign/vec4 v000001f33a24d8d0_0;
    %pushi/vec4 0, 0, 1;
    %cassign/vec4 v000001f33a234800_0;
    %pushi/vec4 1, 0, 1;
    %cassign/vec4 v000001f33a234940_0;
    %pushi/vec4 0, 0, 1;
    %cassign/vec4 v000001f33a24d790_0;
    %pushi/vec4 0, 0, 1;
    %cassign/vec4 v000001f33a24d6f0_0;
    %pushi/vec4 0, 0, 1;
    %cassign/vec4 v000001f33a37bcf0_0;
    %pushi/vec4 0, 0, 1;
    %cassign/vec4 v000001f33a24d650_0;
    %pushi/vec4 0, 0, 1;
    %cassign/vec4 v000001f33a24d5b0_0;
    %load/vec4 v000001f33a37bd90_0;
    %dup/vec4;
    %pushi/vec4 0, 0, 3;
    %cmp/u;
    %jmp/1 T_0.16, 6;
    %dup/vec4;
    %pushi/vec4 1, 0, 3;
    %cmp/u;
    %jmp/1 T_0.17, 6;
    %dup/vec4;
    %pushi/vec4 2, 0, 3;
    %cmp/u;
    %jmp/1 T_0.18, 6;
    %dup/vec4;
    %pushi/vec4 3, 0, 3;
    %cmp/u;
    %jmp/1 T_0.19, 6;
    %dup/vec4;
    %pushi/vec4 4, 0, 3;
    %cmp/u;
    %jmp/1 T_0.20, 6;
    %dup/vec4;
    %pushi/vec4 5, 0, 3;
    %cmp/u;
    %jmp/1 T_0.21, 6;
    %dup/vec4;
    %pushi/vec4 6, 0, 3;
    %cmp/u;
    %jmp/1 T_0.22, 6;
    %dup/vec4;
    %pushi/vec4 7, 0, 3;
    %cmp/u;
    %jmp/1 T_0.23, 6;
    %jmp T_0.24;
T_0.16 ;
    %pushi/vec4 1, 0, 3;
    %cassign/vec4 v000001f33a231070_0;
    %jmp T_0.24;
T_0.17 ;
    %pushi/vec4 1, 0, 3;
    %cassign/vec4 v000001f33a231070_0;
    %jmp T_0.24;
T_0.18 ;
    %pushi/vec4 1, 0, 3;
    %cassign/vec4 v000001f33a231070_0;
    %jmp T_0.24;
T_0.19 ;
    %pushi/vec4 1, 0, 3;
    %cassign/vec4 v000001f33a231070_0;
    %jmp T_0.24;
T_0.20 ;
    %pushi/vec4 1, 0, 3;
    %cassign/vec4 v000001f33a231070_0;
    %jmp T_0.24;
T_0.21 ;
    %pushi/vec4 2, 0, 3;
    %cassign/vec4 v000001f33a231070_0;
    %jmp T_0.24;
T_0.22 ;
    %pushi/vec4 1, 0, 3;
    %cassign/vec4 v000001f33a231070_0;
    %jmp T_0.24;
T_0.23 ;
    %pushi/vec4 1, 0, 3;
    %cassign/vec4 v000001f33a231070_0;
    %jmp T_0.24;
T_0.24 ;
    %pop/vec4 1;
    %load/vec4 v000001f33a37bd90_0;
    %dup/vec4;
    %pushi/vec4 0, 0, 3;
    %cmp/u;
    %jmp/1 T_0.25, 6;
    %dup/vec4;
    %pushi/vec4 1, 0, 3;
    %cmp/u;
    %jmp/1 T_0.26, 6;
    %dup/vec4;
    %pushi/vec4 2, 0, 3;
    %cmp/u;
    %jmp/1 T_0.27, 6;
    %dup/vec4;
    %pushi/vec4 3, 0, 3;
    %cmp/u;
    %jmp/1 T_0.28, 6;
    %dup/vec4;
    %pushi/vec4 4, 0, 3;
    %cmp/u;
    %jmp/1 T_0.29, 6;
    %dup/vec4;
    %pushi/vec4 5, 0, 3;
    %cmp/u;
    %jmp/1 T_0.30, 6;
    %dup/vec4;
    %pushi/vec4 6, 0, 3;
    %cmp/u;
    %jmp/1 T_0.31, 6;
    %dup/vec4;
    %pushi/vec4 7, 0, 3;
    %cmp/u;
    %jmp/1 T_0.32, 6;
    %jmp T_0.33;
T_0.25 ;
    %pushi/vec4 0, 0, 1;
    %cassign/vec4 v000001f33a2aebb0_0;
    %jmp T_0.33;
T_0.26 ;
    %pushi/vec4 0, 0, 1;
    %cassign/vec4 v000001f33a2aebb0_0;
    %jmp T_0.33;
T_0.27 ;
    %pushi/vec4 0, 0, 1;
    %cassign/vec4 v000001f33a2aebb0_0;
    %jmp T_0.33;
T_0.28 ;
    %pushi/vec4 0, 0, 1;
    %cassign/vec4 v000001f33a2aebb0_0;
    %jmp T_0.33;
T_0.29 ;
    %pushi/vec4 0, 0, 1;
    %cassign/vec4 v000001f33a2aebb0_0;
    %jmp T_0.33;
T_0.30 ;
    %load/vec4 v000001f33a230fd0_0;
    %dup/vec4;
    %pushi/vec4 0, 0, 7;
    %cmp/u;
    %jmp/1 T_0.34, 6;
    %dup/vec4;
    %pushi/vec4 32, 0, 7;
    %cmp/u;
    %jmp/1 T_0.35, 6;
    %jmp T_0.36;
T_0.34 ;
    %pushi/vec4 0, 0, 1;
    %cassign/vec4 v000001f33a2aebb0_0;
    %jmp T_0.36;
T_0.35 ;
    %pushi/vec4 1, 0, 1;
    %cassign/vec4 v000001f33a2aebb0_0;
    %jmp T_0.36;
T_0.36 ;
    %pop/vec4 1;
    %jmp T_0.33;
T_0.31 ;
    %pushi/vec4 0, 0, 1;
    %cassign/vec4 v000001f33a2aebb0_0;
    %jmp T_0.33;
T_0.32 ;
    %pushi/vec4 0, 0, 1;
    %cassign/vec4 v000001f33a2aebb0_0;
    %jmp T_0.33;
T_0.33 ;
    %pop/vec4 1;
    %jmp T_0.9;
T_0.3 ;
    %pushi/vec4 0, 0, 5;
    %cassign/vec4 v000001f33a22e560_0;
    %pushi/vec4 1, 0, 1;
    %cassign/vec4 v000001f33a24d830_0;
    %pushi/vec4 0, 0, 1;
    %cassign/vec4 v000001f33a24d8d0_0;
    %pushi/vec4 0, 0, 1;
    %cassign/vec4 v000001f33a234800_0;
    %pushi/vec4 1, 0, 1;
    %cassign/vec4 v000001f33a234940_0;
    %pushi/vec4 0, 0, 1;
    %cassign/vec4 v000001f33a24d790_0;
    %pushi/vec4 0, 0, 1;
    %cassign/vec4 v000001f33a24d6f0_0;
    %pushi/vec4 0, 0, 1;
    %cassign/vec4 v000001f33a37bcf0_0;
    %pushi/vec4 1, 0, 1;
    %cassign/vec4 v000001f33a24d650_0;
    %pushi/vec4 0, 0, 1;
    %cassign/vec4 v000001f33a24d5b0_0;
    %pushi/vec4 1, 0, 3;
    %cassign/vec4 v000001f33a231070_0;
    %pushi/vec4 0, 0, 1;
    %cassign/vec4 v000001f33a2aebb0_0;
    %jmp T_0.9;
T_0.4 ;
    %pushi/vec4 0, 0, 5;
    %cassign/vec4 v000001f33a22e560_0;
    %pushi/vec4 1, 0, 1;
    %cassign/vec4 v000001f33a24d830_0;
    %pushi/vec4 1, 0, 1;
    %cassign/vec4 v000001f33a24d8d0_0;
    %pushi/vec4 0, 0, 1;
    %cassign/vec4 v000001f33a234800_0;
    %pushi/vec4 0, 0, 1;
    %cassign/vec4 v000001f33a234940_0;
    %pushi/vec4 1, 0, 1;
    %cassign/vec4 v000001f33a24d790_0;
    %pushi/vec4 0, 0, 1;
    %cassign/vec4 v000001f33a24d6f0_0;
    %pushi/vec4 0, 0, 1;
    %cassign/vec4 v000001f33a37bcf0_0;
    %pushi/vec4 0, 0, 1;
    %cassign/vec4 v000001f33a24d650_0;
    %pushi/vec4 0, 0, 1;
    %cassign/vec4 v000001f33a24d5b0_0;
    %pushi/vec4 3, 0, 3;
    %cassign/vec4 v000001f33a231070_0;
    %pushi/vec4 0, 0, 1;
    %cassign/vec4 v000001f33a2aebb0_0;
    %jmp T_0.9;
T_0.5 ;
    %pushi/vec4 0, 0, 5;
    %cassign/vec4 v000001f33a22e560_0;
    %pushi/vec4 0, 0, 1;
    %cassign/vec4 v000001f33a24d830_0;
    %pushi/vec4 0, 0, 1;
    %cassign/vec4 v000001f33a24d8d0_0;
    %pushi/vec4 0, 0, 1;
    %cassign/vec4 v000001f33a234800_0;
    %pushi/vec4 1, 0, 1;
    %cassign/vec4 v000001f33a234940_0;
    %pushi/vec4 0, 0, 1;
    %cassign/vec4 v000001f33a24d790_0;
    %pushi/vec4 0, 0, 1;
    %cassign/vec4 v000001f33a24d6f0_0;
    %pushi/vec4 0, 0, 1;
    %cassign/vec4 v000001f33a37bcf0_0;
    %pushi/vec4 0, 0, 1;
    %cassign/vec4 v000001f33a24d650_0;
    %pushi/vec4 0, 0, 1;
    %cassign/vec4 v000001f33a24d5b0_0;
    %pushi/vec4 0, 0, 3;
    %cassign/vec4 v000001f33a231070_0;
    %pushi/vec4 0, 0, 1;
    %cassign/vec4 v000001f33a2aebb0_0;
    %jmp T_0.9;
T_0.6 ;
    %pushi/vec4 16, 0, 5;
    %cassign/vec4 v000001f33a22e560_0;
    %pushi/vec4 0, 0, 1;
    %cassign/vec4 v000001f33a24d830_0;
    %pushi/vec4 0, 0, 1;
    %cassign/vec4 v000001f33a24d8d0_0;
    %pushi/vec4 0, 0, 1;
    %cassign/vec4 v000001f33a234800_0;
    %pushi/vec4 1, 0, 1;
    %cassign/vec4 v000001f33a234940_0;
    %pushi/vec4 0, 0, 1;
    %cassign/vec4 v000001f33a24d790_0;
    %pushi/vec4 0, 0, 1;
    %cassign/vec4 v000001f33a24d6f0_0;
    %pushi/vec4 0, 0, 1;
    %cassign/vec4 v000001f33a37bcf0_0;
    %pushi/vec4 0, 0, 1;
    %cassign/vec4 v000001f33a24d650_0;
    %pushi/vec4 0, 0, 1;
    %cassign/vec4 v000001f33a24d5b0_0;
    %pushi/vec4 0, 0, 3;
    %cassign/vec4 v000001f33a231070_0;
    %pushi/vec4 0, 0, 1;
    %cassign/vec4 v000001f33a2aebb0_0;
    %jmp T_0.9;
T_0.7 ;
    %load/vec4 v000001f33a37bd90_0;
    %dup/vec4;
    %pushi/vec4 0, 0, 3;
    %cmp/u;
    %jmp/1 T_0.37, 6;
    %dup/vec4;
    %pushi/vec4 1, 0, 3;
    %cmp/u;
    %jmp/1 T_0.38, 6;
    %dup/vec4;
    %pushi/vec4 4, 0, 3;
    %cmp/u;
    %jmp/1 T_0.39, 6;
    %dup/vec4;
    %pushi/vec4 5, 0, 3;
    %cmp/u;
    %jmp/1 T_0.40, 6;
    %dup/vec4;
    %pushi/vec4 6, 0, 3;
    %cmp/u;
    %jmp/1 T_0.41, 6;
    %dup/vec4;
    %pushi/vec4 7, 0, 3;
    %cmp/u;
    %jmp/1 T_0.42, 6;
    %jmp T_0.43;
T_0.37 ;
    %pushi/vec4 0, 0, 5;
    %cassign/vec4 v000001f33a22e560_0;
    %jmp T_0.43;
T_0.38 ;
    %pushi/vec4 0, 0, 5;
    %cassign/vec4 v000001f33a22e560_0;
    %jmp T_0.43;
T_0.39 ;
    %pushi/vec4 2, 0, 5;
    %cassign/vec4 v000001f33a22e560_0;
    %jmp T_0.43;
T_0.40 ;
    %pushi/vec4 2, 0, 5;
    %cassign/vec4 v000001f33a22e560_0;
    %jmp T_0.43;
T_0.41 ;
    %pushi/vec4 3, 0, 5;
    %cassign/vec4 v000001f33a22e560_0;
    %jmp T_0.43;
T_0.42 ;
    %pushi/vec4 3, 0, 5;
    %cassign/vec4 v000001f33a22e560_0;
    %jmp T_0.43;
T_0.43 ;
    %pop/vec4 1;
    %pushi/vec4 1, 0, 1;
    %cassign/vec4 v000001f33a24d830_0;
    %pushi/vec4 0, 0, 1;
    %cassign/vec4 v000001f33a24d8d0_0;
    %pushi/vec4 0, 0, 1;
    %cassign/vec4 v000001f33a234800_0;
    %pushi/vec4 0, 0, 1;
    %cassign/vec4 v000001f33a234940_0;
    %pushi/vec4 0, 0, 1;
    %cassign/vec4 v000001f33a24d790_0;
    %pushi/vec4 0, 0, 1;
    %cassign/vec4 v000001f33a24d6f0_0;
    %pushi/vec4 1, 0, 1;
    %cassign/vec4 v000001f33a37bcf0_0;
    %pushi/vec4 0, 0, 1;
    %cassign/vec4 v000001f33a24d650_0;
    %pushi/vec4 1, 0, 1;
    %cassign/vec4 v000001f33a24d5b0_0;
    %pushi/vec4 4, 0, 3;
    %cassign/vec4 v000001f33a231070_0;
    %load/vec4 v000001f33a37bd90_0;
    %dup/vec4;
    %pushi/vec4 0, 0, 3;
    %cmp/u;
    %jmp/1 T_0.44, 6;
    %dup/vec4;
    %pushi/vec4 1, 0, 3;
    %cmp/u;
    %jmp/1 T_0.45, 6;
    %dup/vec4;
    %pushi/vec4 4, 0, 3;
    %cmp/u;
    %jmp/1 T_0.46, 6;
    %dup/vec4;
    %pushi/vec4 5, 0, 3;
    %cmp/u;
    %jmp/1 T_0.47, 6;
    %dup/vec4;
    %pushi/vec4 6, 0, 3;
    %cmp/u;
    %jmp/1 T_0.48, 6;
    %dup/vec4;
    %pushi/vec4 7, 0, 3;
    %cmp/u;
    %jmp/1 T_0.49, 6;
    %jmp T_0.50;
T_0.44 ;
    %pushi/vec4 1, 0, 1;
    %cassign/vec4 v000001f33a2aebb0_0;
    %jmp T_0.50;
T_0.45 ;
    %pushi/vec4 1, 0, 1;
    %cassign/vec4 v000001f33a2aebb0_0;
    %jmp T_0.50;
T_0.46 ;
    %pushi/vec4 0, 0, 1;
    %cassign/vec4 v000001f33a2aebb0_0;
    %jmp T_0.50;
T_0.47 ;
    %pushi/vec4 0, 0, 1;
    %cassign/vec4 v000001f33a2aebb0_0;
    %jmp T_0.50;
T_0.48 ;
    %pushi/vec4 0, 0, 1;
    %cassign/vec4 v000001f33a2aebb0_0;
    %jmp T_0.50;
T_0.49 ;
    %pushi/vec4 0, 0, 1;
    %cassign/vec4 v000001f33a2aebb0_0;
    %jmp T_0.50;
T_0.50 ;
    %pop/vec4 1;
    %jmp T_0.9;
T_0.8 ;
    %pushi/vec4 0, 0, 5;
    %cassign/vec4 v000001f33a22e560_0;
    %pushi/vec4 0, 0, 1;
    %cassign/vec4 v000001f33a24d830_0;
    %pushi/vec4 0, 0, 1;
    %cassign/vec4 v000001f33a24d8d0_0;
    %pushi/vec4 0, 0, 1;
    %cassign/vec4 v000001f33a234800_0;
    %pushi/vec4 1, 0, 1;
    %cassign/vec4 v000001f33a234940_0;
    %pushi/vec4 0, 0, 1;
    %cassign/vec4 v000001f33a24d790_0;
    %pushi/vec4 0, 0, 1;
    %cassign/vec4 v000001f33a24d6f0_0;
    %pushi/vec4 0, 0, 1;
    %cassign/vec4 v000001f33a37bcf0_0;
    %pushi/vec4 1, 0, 1;
    %cassign/vec4 v000001f33a24d650_0;
    %pushi/vec4 1, 0, 1;
    %cassign/vec4 v000001f33a24d5b0_0;
    %pushi/vec4 5, 0, 3;
    %cassign/vec4 v000001f33a231070_0;
    %pushi/vec4 0, 0, 1;
    %cassign/vec4 v000001f33a2aebb0_0;
    %jmp T_0.9;
T_0.9 ;
    %pop/vec4 1;
    %jmp T_0;
    .thread T_0, $push;
    .scope S_000001f33a37bb60;
T_1 ;
    %vpi_call 2 37 "$display", "Starting test cases for controlUnit..." {0 0 0};
    %pushi/vec4 1114547, 0, 32;
    %store/vec4 v000001f33a2aecf0_0, 0, 32;
    %delay 100, 0;
    %vpi_call 2 42 "$display", "Test R-type (add): ALUOP=%b MUX1=%b REGISTERWRITE=%b", v000001f33a2aeed0_0, v000001f33a2ae2f0_0, v000001f33a2ae430_0 {0 0 0};
    %pushi/vec4 1074856371, 0, 32;
    %store/vec4 v000001f33a2aecf0_0, 0, 32;
    %delay 100, 0;
    %vpi_call 2 47 "$display", "Test R-type (sub): ALUOP=%b TWOSCOMP=%b", v000001f33a2aeed0_0, v000001f33a2ae610_0 {0 0 0};
    %pushi/vec4 1081619, 0, 32;
    %store/vec4 v000001f33a2aecf0_0, 0, 32;
    %delay 100, 0;
    %vpi_call 2 52 "$display", "Test I-type (addi): ALUOP=%b MUX2=%b REGISTERWRITE=%b", v000001f33a2aeed0_0, v000001f33a2aed90_0, v000001f33a2ae430_0 {0 0 0};
    %pushi/vec4 4235523, 0, 32;
    %store/vec4 v000001f33a2aecf0_0, 0, 32;
    %delay 100, 0;
    %vpi_call 2 57 "$display", "Test I-type (lw): MEMORYREAD=%b IMMEDIATE=%b", v000001f33a2ae250_0, v000001f33a2aec50_0 {0 0 0};
    %pushi/vec4 2138147, 0, 32;
    %store/vec4 v000001f33a2aecf0_0, 0, 32;
    %delay 100, 0;
    %vpi_call 2 62 "$display", "Test S-type (sw): MEMORYWRITE=%b", v000001f33a2ae110_0 {0 0 0};
    %pushi/vec4 2130019, 0, 32;
    %store/vec4 v000001f33a2aecf0_0, 0, 32;
    %delay 100, 0;
    %vpi_call 2 67 "$display", "Test B-type (beq): BRANCH=%b IMMEDIATE=%b", v000001f33a2aeb10_0, v000001f33a2aec50_0 {0 0 0};
    %pushi/vec4 4207, 0, 32;
    %store/vec4 v000001f33a2aecf0_0, 0, 32;
    %delay 100, 0;
    %vpi_call 2 72 "$display", "Test J-type (jal): JUMP=%b JAL=%b", v000001f33a2ae6b0_0, v000001f33a2ae390_0 {0 0 0};
    %vpi_call 2 74 "$display", "All test cases completed." {0 0 0};
    %vpi_call 2 75 "$finish" {0 0 0};
    %end;
    .thread T_1;
# The file index is used to find the file name in the following table.
:file_names 4;
    "N/A";
    "<interactive>";
    "controlUnit_tb.v";
    "./controlUnit.v";
