#! /c/Source/iverilog-install/bin/vvp
:ivl_version "12.0 (devel)" "(s20150603-1110-g18392a46)";
:ivl_delay_selection "TYPICAL";
:vpi_time_precision + 0;
:vpi_module "C:\iverilog\lib\ivl\system.vpi";
:vpi_module "C:\iverilog\lib\ivl\vhdl_sys.vpi";
:vpi_module "C:\iverilog\lib\ivl\vhdl_textio.vpi";
:vpi_module "C:\iverilog\lib\ivl\v2005_math.vpi";
:vpi_module "C:\iverilog\lib\ivl\va_math.vpi";
S_00000136185f7b30 .scope module, "CPU" "CPU" 2 14;
 .timescale 0 0;
    .port_info 0 /INPUT 32 "PC";
    .port_info 1 /INPUT 32 "INSTRUCTION";
    .port_info 2 /INPUT 1 "CLK";
    .port_info 3 /INPUT 1 "RESET";
    .port_info 4 /INPUT 32 "READ_DATA";
    .port_info 5 /OUTPUT 1 "MEM_READ";
    .port_info 6 /OUTPUT 1 "MEM_WRITE";
    .port_info 7 /OUTPUT 32 "WRITE_DATA";
    .port_info 8 /OUTPUT 32 "MEM_ADDRESS";
o00000136186d0088 .functor BUFZ 1, C4<z>; HiZ drive
v0000013618684c60_0 .net "BUSYWAIT", 0 0, o00000136186d0088;  0 drivers
o00000136186d00b8 .functor BUFZ 1, C4<z>; HiZ drive
v0000013618684760_0 .net "CLK", 0 0, o00000136186d00b8;  0 drivers
o00000136186d00e8 .functor BUFZ 32, C4<zzzzzzzzzzzzzzzzzzzzzzzzzzzzzzzz>; HiZ drive
v0000013618685ac0_0 .net "INSTRUCTION", 31 0, o00000136186d00e8;  0 drivers
v00000136186853e0_0 .net "INSTRUCTION_OUT", 31 0, v0000013618685840_0;  1 drivers
o00000136186d0478 .functor BUFZ 32, C4<zzzzzzzzzzzzzzzzzzzzzzzzzzzzzzzz>; HiZ drive
v0000013618685480_0 .net "MEM_ADDRESS", 31 0, o00000136186d0478;  0 drivers
o00000136186d04a8 .functor BUFZ 1, C4<z>; HiZ drive
v0000013618686380_0 .net "MEM_READ", 0 0, o00000136186d04a8;  0 drivers
o00000136186d04d8 .functor BUFZ 1, C4<z>; HiZ drive
v0000013618684d00_0 .net "MEM_WRITE", 0 0, o00000136186d04d8;  0 drivers
o00000136186d0148 .functor BUFZ 32, C4<zzzzzzzzzzzzzzzzzzzzzzzzzzzzzzzz>; HiZ drive
v0000013618685fc0_0 .net "PC", 31 0, o00000136186d0148;  0 drivers
v0000013618686100_0 .net "PC_OUT", 31 0, v0000013618685f20_0;  1 drivers
v0000013618685160_0 .net "PC_PLUS_FOUR", 31 0, L_0000013618729fa0;  1 drivers
v0000013618685200_0 .net "PC_PLUS_FOUR_OUT", 31 0, v0000013618685d40_0;  1 drivers
o00000136186d0508 .functor BUFZ 32, C4<zzzzzzzzzzzzzzzzzzzzzzzzzzzzzzzz>; HiZ drive
v00000136186858e0_0 .net "READ_DATA", 31 0, o00000136186d0508;  0 drivers
o00000136186d0208 .functor BUFZ 1, C4<z>; HiZ drive
v00000136186855c0_0 .net "RESET", 0 0, o00000136186d0208;  0 drivers
o00000136186d0538 .functor BUFZ 32, C4<zzzzzzzzzzzzzzzzzzzzzzzzzzzzzzzz>; HiZ drive
v00000136186861a0_0 .net "WRITE_DATA", 31 0, o00000136186d0538;  0 drivers
S_00000136186cce90 .scope module, "IF_IDREG" "IF_ID" 2 29, 3 1 0, S_00000136185f7b30;
 .timescale 0 0;
    .port_info 0 /INPUT 1 "CLK";
    .port_info 1 /INPUT 1 "RESET";
    .port_info 2 /INPUT 1 "BUSYWAIT";
    .port_info 3 /INPUT 32 "PC_PLUS_FOUR_IN";
    .port_info 4 /INPUT 32 "PC_IN";
    .port_info 5 /INPUT 32 "INSTRUCTION_IN";
    .port_info 6 /OUTPUT 32 "PC_PLUS_FOUR_OUT";
    .port_info 7 /OUTPUT 32 "PC_OUT";
    .port_info 8 /OUTPUT 32 "INSTRUCTION_OUT";
v0000013618685e80_0 .net "BUSYWAIT", 0 0, o00000136186d0088;  alias, 0 drivers
v00000136186857a0_0 .net "CLK", 0 0, o00000136186d00b8;  alias, 0 drivers
v00000136186849e0_0 .net "INSTRUCTION_IN", 31 0, o00000136186d00e8;  alias, 0 drivers
v0000013618685840_0 .var "INSTRUCTION_OUT", 31 0;
v0000013618685020_0 .net "PC_IN", 31 0, o00000136186d0148;  alias, 0 drivers
v0000013618685f20_0 .var "PC_OUT", 31 0;
v0000013618685ca0_0 .net "PC_PLUS_FOUR_IN", 31 0, L_0000013618729fa0;  alias, 1 drivers
v0000013618685d40_0 .var "PC_PLUS_FOUR_OUT", 31 0;
v0000013618685340_0 .net "RESET", 0 0, o00000136186d0208;  alias, 0 drivers
E_000001361865fb80 .event posedge, v00000136186857a0_0;
S_00000136185d5b10 .scope module, "adder" "adder_32bit" 2 24, 4 1 0, S_00000136185f7b30;
 .timescale 0 0;
    .port_info 0 /INPUT 32 "IN1";
    .port_info 1 /OUTPUT 32 "OUT";
v0000013618685a20_0 .net "IN1", 31 0, o00000136186d0148;  alias, 0 drivers
v00000136186850c0_0 .net "OUT", 31 0, L_0000013618729fa0;  alias, 1 drivers
L_000001361872c078 .functor BUFT 1, C4<00000000000000000000000000000100>, C4<0>, C4<0>, C4<0>;
v0000013618684e40_0 .net/2u *"_ivl_0", 31 0, L_000001361872c078;  1 drivers
L_0000013618729fa0 .delay 32 (1,1,1) L_0000013618729fa0/d;
L_0000013618729fa0/d .arith/sum 32, o00000136186d0148, L_000001361872c078;
S_00000136185f7cc0 .scope module, "EX_MEM" "EX_MEM" 5 1;
 .timescale 0 0;
    .port_info 0 /INPUT 1 "CLK";
    .port_info 1 /INPUT 1 "RESET";
    .port_info 2 /INPUT 1 "BUSYWAIT";
    .port_info 3 /INPUT 1 "MEM_WRITE_IN";
    .port_info 4 /INPUT 1 "MEM_READ_IN";
    .port_info 5 /INPUT 1 "MUX3_SELECT_IN";
    .port_info 6 /INPUT 1 "REGWRITE_ENABLE_IN";
    .port_info 7 /INPUT 32 "ALUUD_IN";
    .port_info 8 /INPUT 32 "DATA2_IN";
    .port_info 9 /INPUT 3 "FUNC3_IN";
    .port_info 10 /INPUT 5 "RD_IN";
    .port_info 11 /OUTPUT 1 "MEM_WRITE_OUT";
    .port_info 12 /OUTPUT 1 "MEM_READ_OUT";
    .port_info 13 /OUTPUT 1 "MUX3_SELECT_OUT";
    .port_info 14 /OUTPUT 1 "REGWRITE_ENABLE_OUT";
    .port_info 15 /OUTPUT 32 "ALUUD_OUT";
    .port_info 16 /OUTPUT 32 "DATA2_OUT";
    .port_info 17 /OUTPUT 3 "FUNC3_OUT";
    .port_info 18 /OUTPUT 5 "RD_OUT";
o00000136186d0718 .functor BUFZ 32, C4<zzzzzzzzzzzzzzzzzzzzzzzzzzzzzzzz>; HiZ drive
v0000013618684da0_0 .net "ALUUD_IN", 31 0, o00000136186d0718;  0 drivers
v0000013618686240_0 .var "ALUUD_OUT", 31 0;
o00000136186d0778 .functor BUFZ 1, C4<z>; HiZ drive
v0000013618684b20_0 .net "BUSYWAIT", 0 0, o00000136186d0778;  0 drivers
o00000136186d07a8 .functor BUFZ 1, C4<z>; HiZ drive
v00000136186862e0_0 .net "CLK", 0 0, o00000136186d07a8;  0 drivers
o00000136186d07d8 .functor BUFZ 32, C4<zzzzzzzzzzzzzzzzzzzzzzzzzzzzzzzz>; HiZ drive
v0000013618684f80_0 .net "DATA2_IN", 31 0, o00000136186d07d8;  0 drivers
v0000013618684580_0 .var "DATA2_OUT", 31 0;
o00000136186d0838 .functor BUFZ 3, C4<zzz>; HiZ drive
v0000013618684ee0_0 .net "FUNC3_IN", 2 0, o00000136186d0838;  0 drivers
v0000013618685660_0 .var "FUNC3_OUT", 2 0;
o00000136186d0898 .functor BUFZ 1, C4<z>; HiZ drive
v00000136186852a0_0 .net "MEM_READ_IN", 0 0, o00000136186d0898;  0 drivers
v0000013618685520_0 .var "MEM_READ_OUT", 0 0;
o00000136186d08f8 .functor BUFZ 1, C4<z>; HiZ drive
v0000013618684620_0 .net "MEM_WRITE_IN", 0 0, o00000136186d08f8;  0 drivers
v0000013618686420_0 .var "MEM_WRITE_OUT", 0 0;
o00000136186d0958 .functor BUFZ 1, C4<z>; HiZ drive
v0000013618684a80_0 .net "MUX3_SELECT_IN", 0 0, o00000136186d0958;  0 drivers
v00000136186846c0_0 .var "MUX3_SELECT_OUT", 0 0;
o00000136186d09b8 .functor BUFZ 5, C4<zzzzz>; HiZ drive
v0000013618685980_0 .net "RD_IN", 4 0, o00000136186d09b8;  0 drivers
v0000013618684800_0 .var "RD_OUT", 4 0;
o00000136186d0a18 .functor BUFZ 1, C4<z>; HiZ drive
v00000136186848a0_0 .net "REGWRITE_ENABLE_IN", 0 0, o00000136186d0a18;  0 drivers
v0000013618684940_0 .var "REGWRITE_ENABLE_OUT", 0 0;
o00000136186d0a78 .functor BUFZ 1, C4<z>; HiZ drive
v0000013618684bc0_0 .net "RESET", 0 0, o00000136186d0a78;  0 drivers
E_0000013618660500 .event posedge, v00000136186862e0_0;
S_00000136185f7e50 .scope module, "ID_EX" "ID_EX" 6 1;
 .timescale 0 0;
    .port_info 0 /INPUT 1 "CLK";
    .port_info 1 /INPUT 1 "RESET";
    .port_info 2 /INPUT 1 "BUSYWAIT";
    .port_info 3 /INPUT 32 "PC_PLUS_FOUR_IN";
    .port_info 4 /INPUT 32 "PC_IN";
    .port_info 5 /INPUT 32 "IMM_IN";
    .port_info 6 /INPUT 32 "DATA1_IN";
    .port_info 7 /INPUT 32 "DATA2_IN";
    .port_info 8 /INPUT 3 "FUNC3_IN";
    .port_info 9 /INPUT 4 "RD_IN";
    .port_info 10 /INPUT 4 "ALU_IN";
    .port_info 11 /INPUT 1 "MUX1_IN";
    .port_info 12 /INPUT 1 "MUX2_IN";
    .port_info 13 /INPUT 1 "MUX3_IN";
    .port_info 14 /INPUT 1 "REGWRITE_IN";
    .port_info 15 /INPUT 1 "MEMWRITE_IN";
    .port_info 16 /INPUT 1 "MEMREAD_IN";
    .port_info 17 /INPUT 1 "BRANCH_IN";
    .port_info 18 /INPUT 1 "JUMP_IN";
    .port_info 19 /INPUT 1 "JAL_IN";
    .port_info 20 /OUTPUT 32 "PC_PLUS_FOUR_OUT";
    .port_info 21 /OUTPUT 32 "PC_OUT";
    .port_info 22 /OUTPUT 32 "IMM_OUT";
    .port_info 23 /NODIR 0 "unnamed";
    .port_info 24 /OUTPUT 4 "ALU_OUT";
    .port_info 25 /OUTPUT 1 "MUX1_OUT";
    .port_info 26 /OUTPUT 1 "MUX2_OUT";
    .port_info 27 /OUTPUT 1 "MUX3_OUT";
    .port_info 28 /OUTPUT 1 "REGWRITE_OUT";
    .port_info 29 /OUTPUT 1 "MEMWRITE_OUT";
    .port_info 30 /OUTPUT 1 "MEMREAD_OUT";
    .port_info 31 /OUTPUT 1 "BRANCH_OUT";
    .port_info 32 /OUTPUT 1 "JUMP_OUT";
    .port_info 33 /OUTPUT 1 "JAL_OUT";
    .port_info 34 /OUTPUT 32 "DATA1_OUT";
    .port_info 35 /OUTPUT 32 "DATA2_OUT";
    .port_info 36 /OUTPUT 3 "FUNC3_OUT";
    .port_info 37 /OUTPUT 4 "RD_OUT";
o00000136186d0e38 .functor BUFZ 4, C4<zzzz>; HiZ drive
v0000013618685700_0 .net "ALU_IN", 4 1, o00000136186d0e38;  0 drivers
v000001361868c5c0_0 .var "ALU_OUT", 4 1;
o00000136186d0e98 .functor BUFZ 1, C4<z>; HiZ drive
v000001361868e1e0_0 .net "BRANCH_IN", 0 0, o00000136186d0e98;  0 drivers
v000001361868d4c0_0 .var "BRANCH_OUT", 0 0;
o00000136186d0ef8 .functor BUFZ 1, C4<z>; HiZ drive
v000001361868d740_0 .net "BUSYWAIT", 0 0, o00000136186d0ef8;  0 drivers
o00000136186d0f28 .functor BUFZ 1, C4<z>; HiZ drive
v000001361868dec0_0 .net "CLK", 0 0, o00000136186d0f28;  0 drivers
o00000136186d0f58 .functor BUFZ 32, C4<zzzzzzzzzzzzzzzzzzzzzzzzzzzzzzzz>; HiZ drive
v000001361868e140_0 .net "DATA1_IN", 31 0, o00000136186d0f58;  0 drivers
v000001361868e3c0_0 .var "DATA1_OUT", 31 0;
o00000136186d0fb8 .functor BUFZ 32, C4<zzzzzzzzzzzzzzzzzzzzzzzzzzzzzzzz>; HiZ drive
v000001361868cc00_0 .net "DATA2_IN", 31 0, o00000136186d0fb8;  0 drivers
v000001361868c8e0_0 .var "DATA2_OUT", 31 0;
o00000136186d1018 .functor BUFZ 3, C4<zzz>; HiZ drive
v000001361868e460_0 .net "FUNC3_IN", 2 0, o00000136186d1018;  0 drivers
v000001361868d2e0_0 .var "FUNC3_OUT", 2 0;
o00000136186d1078 .functor BUFZ 32, C4<zzzzzzzzzzzzzzzzzzzzzzzzzzzzzzzz>; HiZ drive
v000001361868dc40_0 .net "IMM_IN", 31 0, o00000136186d1078;  0 drivers
v000001361868cac0_0 .var "IMM_OUT", 31 0;
o00000136186d10d8 .functor BUFZ 1, C4<z>; HiZ drive
v000001361868d600_0 .net "JAL_IN", 0 0, o00000136186d10d8;  0 drivers
v000001361868d060_0 .var "JAL_OUT", 0 0;
o00000136186d1138 .functor BUFZ 1, C4<z>; HiZ drive
v000001361868dce0_0 .net "JUMP_IN", 0 0, o00000136186d1138;  0 drivers
v000001361868d560_0 .var "JUMP_OUT", 0 0;
o00000136186d1198 .functor BUFZ 1, C4<z>; HiZ drive
v000001361868cfc0_0 .net "MEMREAD_IN", 0 0, o00000136186d1198;  0 drivers
v000001361868d6a0_0 .var "MEMREAD_OUT", 0 0;
o00000136186d11f8 .functor BUFZ 1, C4<z>; HiZ drive
v000001361868d7e0_0 .net "MEMWRITE_IN", 0 0, o00000136186d11f8;  0 drivers
v000001361868dba0_0 .var "MEMWRITE_OUT", 0 0;
o00000136186d1258 .functor BUFZ 1, C4<z>; HiZ drive
v000001361868d100_0 .net "MUX1_IN", 0 0, o00000136186d1258;  0 drivers
v000001361868c660_0 .var "MUX1_OUT", 0 0;
o00000136186d12b8 .functor BUFZ 1, C4<z>; HiZ drive
v000001361868db00_0 .net "MUX2_IN", 0 0, o00000136186d12b8;  0 drivers
v000001361868ca20_0 .var "MUX2_OUT", 0 0;
o00000136186d1318 .functor BUFZ 1, C4<z>; HiZ drive
v000001361868dd80_0 .net "MUX3_IN", 0 0, o00000136186d1318;  0 drivers
v000001361868cca0_0 .var "MUX3_OUT", 0 0;
o00000136186d1378 .functor BUFZ 32, C4<zzzzzzzzzzzzzzzzzzzzzzzzzzzzzzzz>; HiZ drive
v000001361868d880_0 .net "PC_IN", 31 0, o00000136186d1378;  0 drivers
v000001361868d920_0 .var "PC_OUT", 31 0;
o00000136186d13d8 .functor BUFZ 32, C4<zzzzzzzzzzzzzzzzzzzzzzzzzzzzzzzz>; HiZ drive
v000001361868d9c0_0 .net "PC_PLUS_FOUR_IN", 31 0, o00000136186d13d8;  0 drivers
v000001361868da60_0 .var "PC_PLUS_FOUR_OUT", 31 0;
o00000136186d1438 .functor BUFZ 4, C4<zzzz>; HiZ drive
v000001361868c700_0 .net "RD_IN", 4 1, o00000136186d1438;  0 drivers
v000001361868d240_0 .var "RD_OUT", 4 1;
o00000136186d1498 .functor BUFZ 1, C4<z>; HiZ drive
v000001361868c7a0_0 .net "REGWRITE_IN", 0 0, o00000136186d1498;  0 drivers
v000001361868c840_0 .var "REGWRITE_OUT", 0 0;
o00000136186d14f8 .functor BUFZ 1, C4<z>; HiZ drive
v000001361868d420_0 .net "RESET", 0 0, o00000136186d14f8;  0 drivers
E_0000013618660080 .event posedge, v000001361868dec0_0;
S_00000136186ce8c0 .scope module, "MEM_WB" "MEM_WB" 7 1;
 .timescale 0 0;
    .port_info 0 /INPUT 1 "CLK";
    .port_info 1 /INPUT 1 "RESET";
    .port_info 2 /INPUT 1 "BUSYWAIT";
    .port_info 3 /INPUT 1 "MUX3_SELECT_IN";
    .port_info 4 /INPUT 1 "REGWRITE_ENABLE_IN";
    .port_info 5 /INPUT 32 "ALUOUT_IN";
    .port_info 6 /INPUT 32 "MEM_IN";
    .port_info 7 /INPUT 5 "RD_IN";
    .port_info 8 /OUTPUT 1 "MUX3_SELECT_OUT";
    .port_info 9 /OUTPUT 1 "REGWRITE_ENABLE_OUT";
    .port_info 10 /OUTPUT 32 "ALUOUT_OUT";
    .port_info 11 /OUTPUT 32 "MEM_OUT";
    .port_info 12 /OUTPUT 5 "RD_OUT";
o00000136186d1c18 .functor BUFZ 32, C4<zzzzzzzzzzzzzzzzzzzzzzzzzzzzzzzz>; HiZ drive
v000001361868de20_0 .net "ALUOUT_IN", 31 0, o00000136186d1c18;  0 drivers
v000001361868df60_0 .var "ALUOUT_OUT", 31 0;
o00000136186d1c78 .functor BUFZ 1, C4<z>; HiZ drive
v000001361868e000_0 .net "BUSYWAIT", 0 0, o00000136186d1c78;  0 drivers
o00000136186d1ca8 .functor BUFZ 1, C4<z>; HiZ drive
v000001361868cde0_0 .net "CLK", 0 0, o00000136186d1ca8;  0 drivers
o00000136186d1cd8 .functor BUFZ 32, C4<zzzzzzzzzzzzzzzzzzzzzzzzzzzzzzzz>; HiZ drive
v000001361868e0a0_0 .net "MEM_IN", 31 0, o00000136186d1cd8;  0 drivers
v000001361868e320_0 .var "MEM_OUT", 31 0;
o00000136186d1d38 .functor BUFZ 1, C4<z>; HiZ drive
v000001361868d1a0_0 .net "MUX3_SELECT_IN", 0 0, o00000136186d1d38;  0 drivers
v000001361868c980_0 .var "MUX3_SELECT_OUT", 0 0;
o00000136186d1d98 .functor BUFZ 5, C4<zzzzz>; HiZ drive
v000001361868e280_0 .net "RD_IN", 4 0, o00000136186d1d98;  0 drivers
v000001361868cb60_0 .var "RD_OUT", 4 0;
o00000136186d1df8 .functor BUFZ 1, C4<z>; HiZ drive
v000001361868cd40_0 .net "REGWRITE_ENABLE_IN", 0 0, o00000136186d1df8;  0 drivers
v000001361868ce80_0 .var "REGWRITE_ENABLE_OUT", 0 0;
o00000136186d1e58 .functor BUFZ 1, C4<z>; HiZ drive
v000001361868cf20_0 .net "RESET", 0 0, o00000136186d1e58;  0 drivers
E_000001361865fc40 .event posedge, v000001361868cde0_0;
S_00000136186cea50 .scope module, "Register_file" "Register_file" 8 13;
 .timescale 0 0;
    .port_info 0 /INPUT 5 "ADRS1";
    .port_info 1 /INPUT 5 "ADRS2";
    .port_info 2 /INPUT 5 "WB_ADDRESS";
    .port_info 3 /INPUT 1 "WRITE_ENABLE";
    .port_info 4 /INPUT 32 "WRITE_DATA";
    .port_info 5 /INPUT 1 "CLK";
    .port_info 6 /INPUT 1 "RESET";
    .port_info 7 /OUTPUT 32 "DATA_OUT1";
    .port_info 8 /OUTPUT 32 "DATA_OUT2";
L_0000013618683570 .functor BUFZ 32, v0000013618723aa0_0, C4<00000000000000000000000000000000>, C4<00000000000000000000000000000000>, C4<00000000000000000000000000000000>;
L_0000013618683c70 .functor BUFZ 32, v00000136187227e0_0, C4<00000000000000000000000000000000>, C4<00000000000000000000000000000000>, C4<00000000000000000000000000000000>;
o00000136186d20f8 .functor BUFZ 5, C4<zzzzz>; HiZ drive
v000001361868d380_0 .net "ADRS1", 4 0, o00000136186d20f8;  0 drivers
o00000136186d2128 .functor BUFZ 5, C4<zzzzz>; HiZ drive
v0000013618723d20_0 .net "ADRS2", 4 0, o00000136186d2128;  0 drivers
o00000136186d2158 .functor BUFZ 1, C4<z>; HiZ drive
v0000013618723f00_0 .net "CLK", 0 0, o00000136186d2158;  0 drivers
v0000013618723aa0_0 .var "DATA1", 31 0;
v00000136187227e0_0 .var "DATA2", 31 0;
v0000013618723be0_0 .net "DATA_OUT1", 31 0, L_0000013618683570;  1 drivers
v00000136187238c0_0 .net "DATA_OUT2", 31 0, L_0000013618683c70;  1 drivers
v0000013618722420 .array "REGISTER_FILE", 0 31, 31 0;
o00000136186d2848 .functor BUFZ 1, C4<z>; HiZ drive
v0000013618723500_0 .net "RESET", 0 0, o00000136186d2848;  0 drivers
o00000136186d2878 .functor BUFZ 5, C4<zzzzz>; HiZ drive
v0000013618723960_0 .net "WB_ADDRESS", 4 0, o00000136186d2878;  0 drivers
o00000136186d28a8 .functor BUFZ 32, C4<zzzzzzzzzzzzzzzzzzzzzzzzzzzzzzzz>; HiZ drive
v00000136187229c0_0 .net "WRITE_DATA", 31 0, o00000136186d28a8;  0 drivers
o00000136186d28d8 .functor BUFZ 1, C4<z>; HiZ drive
v0000013618723b40_0 .net "WRITE_ENABLE", 0 0, o00000136186d28d8;  0 drivers
v0000013618723820_0 .var/i "i", 31 0;
v0000013618722420_0 .array/port v0000013618722420, 0;
v0000013618722420_1 .array/port v0000013618722420, 1;
v0000013618722420_2 .array/port v0000013618722420, 2;
E_000001361865ff00/0 .event anyedge, v000001361868d380_0, v0000013618722420_0, v0000013618722420_1, v0000013618722420_2;
v0000013618722420_3 .array/port v0000013618722420, 3;
v0000013618722420_4 .array/port v0000013618722420, 4;
v0000013618722420_5 .array/port v0000013618722420, 5;
v0000013618722420_6 .array/port v0000013618722420, 6;
E_000001361865ff00/1 .event anyedge, v0000013618722420_3, v0000013618722420_4, v0000013618722420_5, v0000013618722420_6;
v0000013618722420_7 .array/port v0000013618722420, 7;
v0000013618722420_8 .array/port v0000013618722420, 8;
v0000013618722420_9 .array/port v0000013618722420, 9;
v0000013618722420_10 .array/port v0000013618722420, 10;
E_000001361865ff00/2 .event anyedge, v0000013618722420_7, v0000013618722420_8, v0000013618722420_9, v0000013618722420_10;
v0000013618722420_11 .array/port v0000013618722420, 11;
v0000013618722420_12 .array/port v0000013618722420, 12;
v0000013618722420_13 .array/port v0000013618722420, 13;
v0000013618722420_14 .array/port v0000013618722420, 14;
E_000001361865ff00/3 .event anyedge, v0000013618722420_11, v0000013618722420_12, v0000013618722420_13, v0000013618722420_14;
v0000013618722420_15 .array/port v0000013618722420, 15;
v0000013618722420_16 .array/port v0000013618722420, 16;
v0000013618722420_17 .array/port v0000013618722420, 17;
v0000013618722420_18 .array/port v0000013618722420, 18;
E_000001361865ff00/4 .event anyedge, v0000013618722420_15, v0000013618722420_16, v0000013618722420_17, v0000013618722420_18;
v0000013618722420_19 .array/port v0000013618722420, 19;
v0000013618722420_20 .array/port v0000013618722420, 20;
v0000013618722420_21 .array/port v0000013618722420, 21;
v0000013618722420_22 .array/port v0000013618722420, 22;
E_000001361865ff00/5 .event anyedge, v0000013618722420_19, v0000013618722420_20, v0000013618722420_21, v0000013618722420_22;
v0000013618722420_23 .array/port v0000013618722420, 23;
v0000013618722420_24 .array/port v0000013618722420, 24;
v0000013618722420_25 .array/port v0000013618722420, 25;
v0000013618722420_26 .array/port v0000013618722420, 26;
E_000001361865ff00/6 .event anyedge, v0000013618722420_23, v0000013618722420_24, v0000013618722420_25, v0000013618722420_26;
v0000013618722420_27 .array/port v0000013618722420, 27;
v0000013618722420_28 .array/port v0000013618722420, 28;
v0000013618722420_29 .array/port v0000013618722420, 29;
v0000013618722420_30 .array/port v0000013618722420, 30;
E_000001361865ff00/7 .event anyedge, v0000013618722420_27, v0000013618722420_28, v0000013618722420_29, v0000013618722420_30;
v0000013618722420_31 .array/port v0000013618722420, 31;
E_000001361865ff00/8 .event anyedge, v0000013618722420_31, v0000013618723d20_0;
E_000001361865ff00 .event/or E_000001361865ff00/0, E_000001361865ff00/1, E_000001361865ff00/2, E_000001361865ff00/3, E_000001361865ff00/4, E_000001361865ff00/5, E_000001361865ff00/6, E_000001361865ff00/7, E_000001361865ff00/8;
E_000001361865f940 .event posedge, v0000013618723500_0, v0000013618723f00_0;
S_00000136186cebe0 .scope module, "alu" "alu" 9 143;
 .timescale 0 0;
    .port_info 0 /INPUT 32 "DATA1";
    .port_info 1 /INPUT 32 "DATA2";
    .port_info 2 /INPUT 5 "SELECT";
    .port_info 3 /OUTPUT 32 "RESULT";
    .port_info 4 /OUTPUT 1 "ZERO";
o00000136186d2ae8 .functor BUFZ 32, C4<zzzzzzzzzzzzzzzzzzzzzzzzzzzzzzzz>; HiZ drive
v0000013618726a20_0 .net "DATA1", 31 0, o00000136186d2ae8;  0 drivers
o00000136186d2b18 .functor BUFZ 32, C4<zzzzzzzzzzzzzzzzzzzzzzzzzzzzzzzz>; HiZ drive
v0000013618726b60_0 .net "DATA2", 31 0, o00000136186d2b18;  0 drivers
v0000013618726ca0_0 .var "RESULT", 31 0;
v0000013618726de0_0 .net "Result_add", 31 0, L_000001361872a860;  1 drivers
v00000136187259e0_0 .net "Result_and", 31 0, L_0000013618684140;  1 drivers
v0000013618726520_0 .net "Result_div", 31 0, L_0000013618784720;  1 drivers
v0000013618726e80_0 .net "Result_mul", 31 0, L_0000013618784860;  1 drivers
v00000136187251c0_0 .net "Result_mulh", 31 0, L_0000013618784f40;  1 drivers
v0000013618725260_0 .net "Result_mulhsu", 31 0, L_0000013618785080;  1 drivers
v0000013618725440_0 .net "Result_mulhu", 31 0, L_0000013618785ee0;  1 drivers
v00000136187254e0_0 .net "Result_or", 31 0, L_0000013618683dc0;  1 drivers
v0000013618725580_0 .net "Result_rem", 31 0, L_00000136187853a0;  1 drivers
v0000013618725a80_0 .net "Result_remu", 31 0, L_0000013618785da0;  1 drivers
v0000013618725c60_0 .net "Result_sll", 31 0, L_000001361872a0e0;  1 drivers
v0000013618725d00_0 .net "Result_slt", 31 0, L_000001361872a720;  1 drivers
v0000013618725da0_0 .net "Result_sltu", 31 0, L_0000013618784cc0;  1 drivers
v0000013618725e40_0 .net "Result_srl", 31 0, L_0000013618785300;  1 drivers
v0000013618725ee0_0 .net "Result_xor", 31 0, L_0000013618684060;  1 drivers
o00000136186d3b38 .functor BUFZ 5, C4<zzzzz>; HiZ drive
v0000013618725f80_0 .net "SELECT", 4 0, o00000136186d3b38;  0 drivers
v0000013618729d20_0 .var "ZERO", 0 0;
E_000001361865f9c0/0 .event anyedge, v0000013618725f80_0, v00000136187231e0_0, v00000136187262a0_0, v0000013618726160_0;
E_000001361865f9c0/1 .event anyedge, v0000013618725bc0_0, v0000013618726480_0, v0000013618725800_0, v00000136187268e0_0;
E_000001361865f9c0/2 .event anyedge, v00000136187235a0_0, v0000013618722880_0, v0000013618723460_0, v0000013618722600_0;
E_000001361865f9c0/3 .event anyedge, v0000013618726660_0, v0000013618723e60_0, v0000013618725620_0, v0000013618725940_0;
E_000001361865f9c0 .event/or E_000001361865f9c0/0, E_000001361865f9c0/1, E_000001361865f9c0/2, E_000001361865f9c0/3;
S_00000136185e6320 .scope module, "add0" "ADD_module" 9 160, 9 2 0, S_00000136186cebe0;
 .timescale 0 0;
    .port_info 0 /INPUT 32 "operand_A";
    .port_info 1 /INPUT 32 "operand_B";
    .port_info 2 /OUTPUT 32 "result";
v00000136187230a0_0 .net "operand_A", 31 0, o00000136186d2ae8;  alias, 0 drivers
v0000013618723140_0 .net "operand_B", 31 0, o00000136186d2b18;  alias, 0 drivers
v00000136187231e0_0 .net "result", 31 0, L_000001361872a860;  alias, 1 drivers
L_000001361872a860 .delay 32 (2,2,2) L_000001361872a860/d;
L_000001361872a860/d .arith/sum 32, o00000136186d2ae8, o00000136186d2b18;
S_00000136185e64b0 .scope module, "and0" "AND_module" 9 169, 9 62 0, S_00000136186cebe0;
 .timescale 0 0;
    .port_info 0 /INPUT 32 "operand_A";
    .port_info 1 /INPUT 32 "operand_B";
    .port_info 2 /OUTPUT 32 "result";
L_0000013618684140/d .functor AND 32, o00000136186d2ae8, o00000136186d2b18, C4<11111111111111111111111111111111>, C4<11111111111111111111111111111111>;
L_0000013618684140 .delay 32 (2,2,2) L_0000013618684140/d;
v0000013618722b00_0 .net "operand_A", 31 0, o00000136186d2ae8;  alias, 0 drivers
v0000013618722100_0 .net "operand_B", 31 0, o00000136186d2b18;  alias, 0 drivers
v00000136187235a0_0 .net "result", 31 0, L_0000013618684140;  alias, 1 drivers
S_00000136185e6640 .scope module, "div0" "DIV_module" 9 174, 9 115 0, S_00000136186cebe0;
 .timescale 0 0;
    .port_info 0 /INPUT 32 "operand_A";
    .port_info 1 /INPUT 32 "operand_B";
    .port_info 2 /OUTPUT 32 "result";
v0000013618722740_0 .net "operand_A", 31 0, o00000136186d2ae8;  alias, 0 drivers
v0000013618722ec0_0 .net "operand_B", 31 0, o00000136186d2b18;  alias, 0 drivers
v0000013618723e60_0 .net "result", 31 0, L_0000013618784720;  alias, 1 drivers
L_0000013618784720 .delay 32 (2,2,2) L_0000013618784720/d;
L_0000013618784720/d .arith/div 32, o00000136186d2ae8, o00000136186d2b18;
S_00000136185e7800 .scope module, "mul0" "MUL_module" 9 170, 9 71 0, S_00000136186cebe0;
 .timescale 0 0;
    .port_info 0 /INPUT 32 "operand_A";
    .port_info 1 /INPUT 32 "operand_B";
    .port_info 2 /OUTPUT 32 "result";
v0000013618722560_0 .net *"_ivl_0", 63 0, L_00000136187842c0;  1 drivers
L_000001361872c1e0 .functor BUFT 1, C4<00000000000000000000000000000000>, C4<0>, C4<0>, C4<0>;
v0000013618723640_0 .net *"_ivl_3", 31 0, L_000001361872c1e0;  1 drivers
v0000013618722ce0_0 .net *"_ivl_4", 63 0, L_0000013618785580;  1 drivers
L_000001361872c228 .functor BUFT 1, C4<00000000000000000000000000000000>, C4<0>, C4<0>, C4<0>;
v00000136187236e0_0 .net *"_ivl_7", 31 0, L_000001361872c228;  1 drivers
v0000013618723c80_0 .net "operand_A", 31 0, o00000136186d2ae8;  alias, 0 drivers
v0000013618723dc0_0 .net "operand_B", 31 0, o00000136186d2b18;  alias, 0 drivers
v0000013618723a00_0 .net "product", 63 0, L_0000013618785620;  1 drivers
v0000013618722880_0 .net "result", 31 0, L_0000013618784860;  alias, 1 drivers
L_00000136187842c0 .concat [ 32 32 0 0], o00000136186d2ae8, L_000001361872c1e0;
L_0000013618785580 .concat [ 32 32 0 0], o00000136186d2b18, L_000001361872c228;
L_0000013618785620 .delay 64 (2,2,2) L_0000013618785620/d;
L_0000013618785620/d .arith/mult 64, L_00000136187842c0, L_0000013618785580;
L_0000013618784860 .part L_0000013618785620, 0, 32;
S_0000013618724520 .scope module, "mulh0" "MULH_module" 9 171, 9 82 0, S_00000136186cebe0;
 .timescale 0 0;
    .port_info 0 /INPUT 32 "operand_A";
    .port_info 1 /INPUT 32 "operand_B";
    .port_info 2 /OUTPUT 32 "result";
v0000013618722060_0 .net/s *"_ivl_0", 63 0, L_0000013618784d60;  1 drivers
v00000136187221a0_0 .net/s *"_ivl_2", 63 0, L_00000136187845e0;  1 drivers
v00000136187233c0_0 .net/s "operand_A", 31 0, o00000136186d2ae8;  alias, 0 drivers
v0000013618722240_0 .net/s "operand_B", 31 0, o00000136186d2b18;  alias, 0 drivers
v0000013618723780_0 .net "product", 63 0, L_0000013618785260;  1 drivers
v0000013618723460_0 .net "result", 31 0, L_0000013618784f40;  alias, 1 drivers
L_0000013618784d60 .extend/s 64, o00000136186d2ae8;
L_00000136187845e0 .extend/s 64, o00000136186d2b18;
L_0000013618785260 .delay 64 (2,2,2) L_0000013618785260/d;
L_0000013618785260/d .arith/mult 64, L_0000013618784d60, L_00000136187845e0;
L_0000013618784f40 .part L_0000013618785260, 32, 32;
S_0000013618724e80 .scope module, "mulhsu0" "MULHSU_module" 9 172, 9 93 0, S_00000136186cebe0;
 .timescale 0 0;
    .port_info 0 /INPUT 32 "operand_A";
    .port_info 1 /INPUT 32 "operand_B";
    .port_info 2 /OUTPUT 32 "result";
v00000136187222e0_0 .net *"_ivl_0", 63 0, L_0000013618785e40;  1 drivers
L_000001361872c270 .functor BUFT 1, C4<00000000000000000000000000000000>, C4<0>, C4<0>, C4<0>;
v0000013618722920_0 .net *"_ivl_3", 31 0, L_000001361872c270;  1 drivers
v0000013618722a60_0 .net *"_ivl_4", 63 0, L_00000136187856c0;  1 drivers
L_000001361872c2b8 .functor BUFT 1, C4<00000000000000000000000000000000>, C4<0>, C4<0>, C4<0>;
v0000013618723280_0 .net *"_ivl_7", 31 0, L_000001361872c2b8;  1 drivers
v0000013618722d80_0 .net/s "operand_A", 31 0, o00000136186d2ae8;  alias, 0 drivers
v0000013618722380_0 .net "operand_B", 31 0, o00000136186d2b18;  alias, 0 drivers
v00000136187224c0_0 .net "product", 63 0, L_0000013618785c60;  1 drivers
v0000013618722600_0 .net "result", 31 0, L_0000013618785080;  alias, 1 drivers
L_0000013618785e40 .concat [ 32 32 0 0], o00000136186d2ae8, L_000001361872c270;
L_00000136187856c0 .concat [ 32 32 0 0], o00000136186d2b18, L_000001361872c2b8;
L_0000013618785c60 .delay 64 (2,2,2) L_0000013618785c60/d;
L_0000013618785c60/d .arith/mult 64, L_0000013618785e40, L_00000136187856c0;
L_0000013618785080 .part L_0000013618785c60, 32, 32;
S_00000136187249d0 .scope module, "mulhu0" "MULHU_module" 9 173, 9 104 0, S_00000136186cebe0;
 .timescale 0 0;
    .port_info 0 /INPUT 32 "operand_A";
    .port_info 1 /INPUT 32 "operand_B";
    .port_info 2 /OUTPUT 32 "result";
v0000013618723000_0 .net *"_ivl_0", 63 0, L_0000013618784680;  1 drivers
L_000001361872c300 .functor BUFT 1, C4<00000000000000000000000000000000>, C4<0>, C4<0>, C4<0>;
v0000013618723320_0 .net *"_ivl_3", 31 0, L_000001361872c300;  1 drivers
v00000136187226a0_0 .net *"_ivl_4", 63 0, L_0000013618785bc0;  1 drivers
L_000001361872c348 .functor BUFT 1, C4<00000000000000000000000000000000>, C4<0>, C4<0>, C4<0>;
v0000013618722ba0_0 .net *"_ivl_7", 31 0, L_000001361872c348;  1 drivers
v0000013618722c40_0 .net "operand_A", 31 0, o00000136186d2ae8;  alias, 0 drivers
v0000013618722e20_0 .net "operand_B", 31 0, o00000136186d2b18;  alias, 0 drivers
v0000013618722f60_0 .net "product", 63 0, L_00000136187851c0;  1 drivers
v0000013618726660_0 .net "result", 31 0, L_0000013618785ee0;  alias, 1 drivers
L_0000013618784680 .concat [ 32 32 0 0], o00000136186d2ae8, L_000001361872c300;
L_0000013618785bc0 .concat [ 32 32 0 0], o00000136186d2b18, L_000001361872c348;
L_00000136187851c0 .delay 64 (2,2,2) L_00000136187851c0/d;
L_00000136187851c0/d .arith/mult 64, L_0000013618784680, L_0000013618785bc0;
L_0000013618785ee0 .part L_00000136187851c0, 32, 32;
S_0000013618724b60 .scope module, "or0" "OR_module" 9 168, 9 53 0, S_00000136186cebe0;
 .timescale 0 0;
    .port_info 0 /INPUT 32 "operand_A";
    .port_info 1 /INPUT 32 "operand_B";
    .port_info 2 /OUTPUT 32 "result";
L_0000013618683dc0/d .functor OR 32, o00000136186d2ae8, o00000136186d2b18, C4<00000000000000000000000000000000>, C4<00000000000000000000000000000000>;
L_0000013618683dc0 .delay 32 (2,2,2) L_0000013618683dc0/d;
v0000013618726840_0 .net "operand_A", 31 0, o00000136186d2ae8;  alias, 0 drivers
v00000136187265c0_0 .net "operand_B", 31 0, o00000136186d2b18;  alias, 0 drivers
v00000136187268e0_0 .net "result", 31 0, L_0000013618683dc0;  alias, 1 drivers
S_0000013618724070 .scope module, "rem0" "REM_module" 9 175, 9 124 0, S_00000136186cebe0;
 .timescale 0 0;
    .port_info 0 /INPUT 32 "operand_A";
    .port_info 1 /INPUT 32 "operand_B";
    .port_info 2 /OUTPUT 32 "result";
v0000013618725760_0 .net/s "operand_A", 31 0, o00000136186d2ae8;  alias, 0 drivers
v0000013618726ac0_0 .net/s "operand_B", 31 0, o00000136186d2b18;  alias, 0 drivers
v0000013618725620_0 .net/s "result", 31 0, L_00000136187853a0;  alias, 1 drivers
L_00000136187853a0 .delay 32 (2,2,2) L_00000136187853a0/d;
L_00000136187853a0/d .arith/mod.s 32, o00000136186d2ae8, o00000136186d2b18;
S_0000013618724cf0 .scope module, "remu0" "REMU_module" 9 176, 9 133 0, S_00000136186cebe0;
 .timescale 0 0;
    .port_info 0 /INPUT 32 "operand_A";
    .port_info 1 /INPUT 32 "operand_B";
    .port_info 2 /OUTPUT 32 "result";
v00000136187258a0_0 .net "operand_A", 31 0, o00000136186d2ae8;  alias, 0 drivers
v0000013618726020_0 .net "operand_B", 31 0, o00000136186d2b18;  alias, 0 drivers
v0000013618725940_0 .net "result", 31 0, L_0000013618785da0;  alias, 1 drivers
L_0000013618785da0 .delay 32 (2,2,2) L_0000013618785da0/d;
L_0000013618785da0/d .arith/mod 32, o00000136186d2ae8, o00000136186d2b18;
S_0000013618724200 .scope module, "sll0" "SLL_module" 9 162, 9 10 0, S_00000136186cebe0;
 .timescale 0 0;
    .port_info 0 /INPUT 32 "operand_A";
    .port_info 1 /INPUT 32 "operand_B";
    .port_info 2 /OUTPUT 32 "result";
v00000136187256c0_0 .net "operand_A", 31 0, o00000136186d2ae8;  alias, 0 drivers
v00000136187260c0_0 .net "operand_B", 31 0, o00000136186d2b18;  alias, 0 drivers
v00000136187262a0_0 .net "result", 31 0, L_000001361872a0e0;  alias, 1 drivers
L_000001361872a0e0 .delay 32 (2,2,2) L_000001361872a0e0/d;
L_000001361872a0e0/d .shift/l 32, o00000136186d2ae8, o00000136186d2b18;
S_0000013618724390 .scope module, "slt0" "SLT_module" 9 163, 9 18 0, S_00000136186cebe0;
 .timescale 0 0;
    .port_info 0 /INPUT 32 "operand_A";
    .port_info 1 /INPUT 32 "operand_B";
    .port_info 2 /OUTPUT 32 "result";
v0000013618725b20_0 .net *"_ivl_0", 0 0, L_000001361872a4a0;  1 drivers
L_000001361872c0c0 .functor BUFT 1, C4<00000000000000000000000000000001>, C4<0>, C4<0>, C4<0>;
v0000013618726d40_0 .net/2s *"_ivl_2", 31 0, L_000001361872c0c0;  1 drivers
L_000001361872c108 .functor BUFT 1, C4<00000000000000000000000000000000>, C4<0>, C4<0>, C4<0>;
v00000136187267a0_0 .net/2s *"_ivl_4", 31 0, L_000001361872c108;  1 drivers
v0000013618726700_0 .net/s "operand_A", 31 0, o00000136186d2ae8;  alias, 0 drivers
v0000013618726f20_0 .net/s "operand_B", 31 0, o00000136186d2b18;  alias, 0 drivers
v0000013618726160_0 .net "result", 31 0, L_000001361872a720;  alias, 1 drivers
L_000001361872a4a0 .cmp/gt.s 32, o00000136186d2b18, o00000136186d2ae8;
L_000001361872a720 .functor MUXZ 32, L_000001361872c108, L_000001361872c0c0, L_000001361872a4a0, C4<>;
S_00000136187246b0 .scope module, "sltu0" "SLTU_module" 9 164, 9 26 0, S_00000136186cebe0;
 .timescale 0 0;
    .port_info 0 /INPUT 32 "operand_A";
    .port_info 1 /INPUT 32 "operand_B";
    .port_info 2 /OUTPUT 32 "result";
v0000013618726200_0 .net *"_ivl_0", 0 0, L_000001361872a900;  1 drivers
L_000001361872c150 .functor BUFT 1, C4<00000000000000000000000000000001>, C4<0>, C4<0>, C4<0>;
v0000013618726980_0 .net/2s *"_ivl_2", 31 0, L_000001361872c150;  1 drivers
L_000001361872c198 .functor BUFT 1, C4<00000000000000000000000000000000>, C4<0>, C4<0>, C4<0>;
v0000013618726340_0 .net/2s *"_ivl_4", 31 0, L_000001361872c198;  1 drivers
v0000013618725300_0 .net "operand_A", 31 0, o00000136186d2ae8;  alias, 0 drivers
v0000013618725080_0 .net "operand_B", 31 0, o00000136186d2b18;  alias, 0 drivers
v0000013618725bc0_0 .net "result", 31 0, L_0000013618784cc0;  alias, 1 drivers
L_000001361872a900 .cmp/gt 32, o00000136186d2b18, o00000136186d2ae8;
L_0000013618784cc0 .functor MUXZ 32, L_000001361872c198, L_000001361872c150, L_000001361872a900, C4<>;
S_0000013618724840 .scope module, "srl0" "SRL_module" 9 166, 9 44 0, S_00000136186cebe0;
 .timescale 0 0;
    .port_info 0 /INPUT 32 "operand_A";
    .port_info 1 /INPUT 32 "operand_B";
    .port_info 2 /OUTPUT 32 "result";
v00000136187253a0_0 .net "operand_A", 31 0, o00000136186d2ae8;  alias, 0 drivers
v00000136187263e0_0 .net "operand_B", 31 0, o00000136186d2b18;  alias, 0 drivers
v0000013618725800_0 .net "result", 31 0, L_0000013618785300;  alias, 1 drivers
L_0000013618785300 .delay 32 (2,2,2) L_0000013618785300/d;
L_0000013618785300/d .shift/r 32, o00000136186d2ae8, o00000136186d2b18;
S_0000013618728e40 .scope module, "xor0" "XOR_module" 9 165, 9 35 0, S_00000136186cebe0;
 .timescale 0 0;
    .port_info 0 /INPUT 32 "operand_A";
    .port_info 1 /INPUT 32 "operand_B";
    .port_info 2 /OUTPUT 32 "result";
L_0000013618684060/d .functor XOR 32, o00000136186d2ae8, o00000136186d2b18, C4<00000000000000000000000000000000>, C4<00000000000000000000000000000000>;
L_0000013618684060 .delay 32 (2,2,2) L_0000013618684060/d;
v0000013618725120_0 .net "operand_A", 31 0, o00000136186d2ae8;  alias, 0 drivers
v0000013618726c00_0 .net "operand_B", 31 0, o00000136186d2b18;  alias, 0 drivers
v0000013618726480_0 .net "result", 31 0, L_0000013618684060;  alias, 1 drivers
S_00000136185d8140 .scope module, "controlUnit" "controlUnit" 10 141;
 .timescale 0 0;
    .port_info 0 /INPUT 32 "INSTRUCTION";
    .port_info 1 /OUTPUT 1 "MUX1";
    .port_info 2 /OUTPUT 1 "MUX2";
    .port_info 3 /OUTPUT 1 "MUX3";
    .port_info 4 /OUTPUT 5 "ALUOP";
    .port_info 5 /OUTPUT 1 "REGISTERWRITE";
    .port_info 6 /OUTPUT 1 "MEMORYWRITE";
    .port_info 7 /OUTPUT 1 "MEMORYREAD";
    .port_info 8 /OUTPUT 1 "BRANCH";
    .port_info 9 /OUTPUT 1 "JUMP";
    .port_info 10 /OUTPUT 1 "JAL";
    .port_info 11 /OUTPUT 3 "IMMEDIATE";
v0000013618729640_0 .var "ALUOP", 4 0;
v0000013618729320_0 .var "BRANCH", 0 0;
v000001361872ae00_0 .var "FUNCT3", 2 0;
v0000013618729140_0 .var "FUNCT7", 6 0;
v000001361872a680_0 .var "IMMEDIATE", 2 0;
o00000136186d3d78 .functor BUFZ 32, C4<zzzzzzzzzzzzzzzzzzzzzzzzzzzzzzzz>; HiZ drive
v000001361872a7c0_0 .net "INSTRUCTION", 31 0, o00000136186d3d78;  0 drivers
v0000013618729500_0 .var "JAL", 0 0;
v000001361872acc0_0 .var "JUMP", 0 0;
v0000013618729780_0 .var "MEMORYREAD", 0 0;
v000001361872a040_0 .var "MEMORYWRITE", 0 0;
v00000136187293c0_0 .var "MUX1", 0 0;
v00000136187295a0_0 .var "MUX2", 0 0;
v0000013618729e60_0 .var "MUX3", 0 0;
v0000013618729f00_0 .var "OPCODE", 7 0;
v000001361872aae0_0 .var "REGISTERWRITE", 0 0;
E_0000013618661800 .event anyedge, v000001361872a7c0_0;
S_00000136185d82d0 .scope module, "immediate_extend" "immediate_extend" 11 41;
 .timescale 0 0;
    .port_info 0 /INPUT 32 "imm_value";
    .port_info 1 /OUTPUT 32 "extended_imm_value";
    .port_info 2 /INPUT 3 "imm_select";
v000001361872a220_0 .net "B_imm_1", 0 0, L_0000013618785940;  1 drivers
v000001361872a9a0_0 .net "B_imm_2", 0 0, L_00000136187844a0;  1 drivers
v000001361872ad60_0 .net "B_imm_3", 5 0, L_0000013618784b80;  1 drivers
v000001361872aea0_0 .net "B_imm_4", 3 0, L_0000013618785760;  1 drivers
v000001361872aa40_0 .net "I_imm", 11 0, L_0000013618784360;  1 drivers
v000001361872ab80_0 .net "J_imm_1", 0 0, L_0000013618785d00;  1 drivers
v00000136187296e0_0 .net "J_imm_2", 7 0, L_00000136187847c0;  1 drivers
v0000013618729820_0 .net "J_imm_3", 0 0, L_0000013618785f80;  1 drivers
v000001361872ac20_0 .net "J_imm_4", 9 0, L_0000013618784540;  1 drivers
v000001361872a2c0_0 .net "S_imm_1", 6 0, L_0000013618784900;  1 drivers
v000001361872a540_0 .net "S_imm_2", 4 0, L_0000013618784e00;  1 drivers
v000001361872a360_0 .net "U_imm", 19 0, L_0000013618784ea0;  1 drivers
v0000013618729960_0 .var "extended_imm_value", 31 0;
o00000136186d4408 .functor BUFZ 3, C4<zzz>; HiZ drive
v000001361872af40_0 .net "imm_select", 2 0, o00000136186d4408;  0 drivers
o00000136186d4438 .functor BUFZ 32, C4<zzzzzzzzzzzzzzzzzzzzzzzzzzzzzzzz>; HiZ drive
v00000136187290a0_0 .net "imm_value", 31 0, o00000136186d4438;  0 drivers
E_0000013618660f40/0 .event anyedge, v000001361872af40_0, v000001361872a360_0, v000001361872aa40_0, v000001361872a2c0_0;
E_0000013618660f40/1 .event anyedge, v000001361872a540_0, v000001361872a220_0, v000001361872a9a0_0, v000001361872ad60_0;
E_0000013618660f40/2 .event anyedge, v000001361872aea0_0, v000001361872ab80_0, v00000136187296e0_0, v0000013618729820_0;
E_0000013618660f40/3 .event anyedge, v000001361872ac20_0;
E_0000013618660f40 .event/or E_0000013618660f40/0, E_0000013618660f40/1, E_0000013618660f40/2, E_0000013618660f40/3;
L_0000013618784ea0 .part o00000136186d4438, 12, 20;
L_0000013618784360 .part o00000136186d4438, 20, 12;
L_0000013618784900 .part o00000136186d4438, 25, 7;
L_0000013618784e00 .part o00000136186d4438, 7, 5;
L_0000013618785940 .part o00000136186d4438, 31, 1;
L_00000136187844a0 .part o00000136186d4438, 7, 1;
L_0000013618784b80 .part o00000136186d4438, 25, 6;
L_0000013618785760 .part o00000136186d4438, 8, 4;
L_0000013618785d00 .part o00000136186d4438, 31, 1;
L_00000136187847c0 .part o00000136186d4438, 12, 8;
L_0000013618785f80 .part o00000136186d4438, 20, 1;
L_0000013618784540 .part o00000136186d4438, 21, 10;
S_00000136185d8460 .scope module, "mux_2x1_32bit" "mux_2x1_32bit" 12 1;
 .timescale 0 0;
    .port_info 0 /INPUT 32 "IN0";
    .port_info 1 /INPUT 32 "IN1";
    .port_info 2 /OUTPUT 32 "OUT";
    .port_info 3 /INPUT 1 "SELECT";
o00000136186d44f8 .functor BUFZ 32, C4<zzzzzzzzzzzzzzzzzzzzzzzzzzzzzzzz>; HiZ drive
v000001361872a180_0 .net "IN0", 31 0, o00000136186d44f8;  0 drivers
o00000136186d4528 .functor BUFZ 32, C4<zzzzzzzzzzzzzzzzzzzzzzzzzzzzzzzz>; HiZ drive
v0000013618729be0_0 .net "IN1", 31 0, o00000136186d4528;  0 drivers
v00000136187291e0_0 .var "OUT", 31 0;
o00000136186d4588 .functor BUFZ 1, C4<z>; HiZ drive
v0000013618729280_0 .net "SELECT", 0 0, o00000136186d4588;  0 drivers
E_0000013618661880 .event anyedge, v0000013618729280_0, v0000013618729be0_0, v000001361872a180_0;
S_00000136186ccb70 .scope module, "mux_4x1_32bit" "mux_4x1_32bit" 13 1;
 .timescale 0 0;
    .port_info 0 /INPUT 32 "IN0";
    .port_info 1 /INPUT 32 "IN1";
    .port_info 2 /INPUT 32 "IN2";
    .port_info 3 /INPUT 32 "IN3";
    .port_info 4 /OUTPUT 32 "OUT";
    .port_info 5 /INPUT 2 "SELECT";
o00000136186d4678 .functor BUFZ 32, C4<zzzzzzzzzzzzzzzzzzzzzzzzzzzzzzzz>; HiZ drive
v0000013618729460_0 .net "IN0", 31 0, o00000136186d4678;  0 drivers
o00000136186d46a8 .functor BUFZ 32, C4<zzzzzzzzzzzzzzzzzzzzzzzzzzzzzzzz>; HiZ drive
v00000136187298c0_0 .net "IN1", 31 0, o00000136186d46a8;  0 drivers
o00000136186d46d8 .functor BUFZ 32, C4<zzzzzzzzzzzzzzzzzzzzzzzzzzzzzzzz>; HiZ drive
v000001361872a5e0_0 .net "IN2", 31 0, o00000136186d46d8;  0 drivers
o00000136186d4708 .functor BUFZ 32, C4<zzzzzzzzzzzzzzzzzzzzzzzzzzzzzzzz>; HiZ drive
v0000013618729a00_0 .net "IN3", 31 0, o00000136186d4708;  0 drivers
v0000013618729aa0_0 .var "OUT", 31 0;
o00000136186d4768 .functor BUFZ 2, C4<zz>; HiZ drive
v0000013618729b40_0 .net "SELECT", 1 0, o00000136186d4768;  0 drivers
E_0000013618661700/0 .event anyedge, v0000013618729b40_0, v0000013618729a00_0, v000001361872a5e0_0, v00000136187298c0_0;
E_0000013618661700/1 .event anyedge, v0000013618729460_0;
E_0000013618661700 .event/or E_0000013618661700/0, E_0000013618661700/1;
S_00000136186ccd00 .scope module, "twos_complement_selector" "twos_complement_selector" 14 6;
 .timescale 0 0;
    .port_info 0 /INPUT 32 "DATA2";
    .port_info 1 /INPUT 1 "select";
    .port_info 2 /OUTPUT 32 "DATA2_OUT";
o00000136186d48b8 .functor BUFZ 32, C4<zzzzzzzzzzzzzzzzzzzzzzzzzzzzzzzz>; HiZ drive
v0000013618729c80_0 .net "DATA2", 31 0, o00000136186d48b8;  0 drivers
v0000013618729dc0_0 .var "DATA2_OUT", 31 0;
o00000136186d4918 .functor BUFZ 1, C4<z>; HiZ drive
v000001361872a400_0 .net "select", 0 0, o00000136186d4918;  0 drivers
E_00000136186604c0 .event anyedge, v000001361872a400_0, v0000013618729c80_0;
    .scope S_00000136186cce90;
T_0 ;
    %wait E_000001361865fb80;
    %load/vec4 v0000013618685340_0;
    %cmpi/e 1, 0, 1;
    %jmp/0xz  T_0.0, 4;
    %pushi/vec4 0, 0, 32;
    %store/vec4 v0000013618685f20_0, 0, 32;
    %pushi/vec4 0, 0, 32;
    %store/vec4 v0000013618685d40_0, 0, 32;
    %pushi/vec4 0, 0, 32;
    %store/vec4 v0000013618685840_0, 0, 32;
    %jmp T_0.1;
T_0.0 ;
    %load/vec4 v0000013618685e80_0;
    %cmpi/e 0, 0, 1;
    %jmp/0xz  T_0.2, 4;
    %delay 2, 0;
    %load/vec4 v00000136186849e0_0;
    %assign/vec4 v0000013618685840_0, 0;
    %load/vec4 v0000013618685ca0_0;
    %assign/vec4 v0000013618685d40_0, 0;
    %load/vec4 v0000013618685020_0;
    %assign/vec4 v0000013618685f20_0, 0;
T_0.2 ;
T_0.1 ;
    %jmp T_0;
    .thread T_0;
    .scope S_00000136185f7cc0;
T_1 ;
    %wait E_0000013618660500;
    %load/vec4 v0000013618684bc0_0;
    %cmpi/e 1, 0, 1;
    %jmp/0xz  T_1.0, 4;
    %pushi/vec4 0, 0, 1;
    %store/vec4 v0000013618685520_0, 0, 1;
    %pushi/vec4 0, 0, 1;
    %store/vec4 v0000013618685520_0, 0, 1;
    %pushi/vec4 0, 0, 1;
    %store/vec4 v00000136186846c0_0, 0, 1;
    %pushi/vec4 0, 0, 1;
    %store/vec4 v0000013618684940_0, 0, 1;
    %pushi/vec4 0, 0, 32;
    %store/vec4 v0000013618686240_0, 0, 32;
    %pushi/vec4 0, 0, 32;
    %store/vec4 v0000013618684580_0, 0, 32;
    %pushi/vec4 0, 0, 3;
    %store/vec4 v0000013618685660_0, 0, 3;
    %pushi/vec4 0, 0, 5;
    %store/vec4 v0000013618684800_0, 0, 5;
    %jmp T_1.1;
T_1.0 ;
    %load/vec4 v0000013618684b20_0;
    %cmpi/e 0, 0, 1;
    %jmp/0xz  T_1.2, 4;
    %delay 2, 0;
    %load/vec4 v00000136186852a0_0;
    %assign/vec4 v0000013618685520_0, 0;
    %load/vec4 v0000013618684620_0;
    %assign/vec4 v0000013618686420_0, 0;
    %load/vec4 v0000013618684a80_0;
    %assign/vec4 v00000136186846c0_0, 0;
    %load/vec4 v00000136186848a0_0;
    %assign/vec4 v0000013618684940_0, 0;
    %load/vec4 v0000013618684da0_0;
    %assign/vec4 v0000013618686240_0, 0;
    %load/vec4 v0000013618684f80_0;
    %assign/vec4 v0000013618684580_0, 0;
    %load/vec4 v0000013618684ee0_0;
    %assign/vec4 v0000013618685660_0, 0;
    %load/vec4 v0000013618685980_0;
    %assign/vec4 v0000013618684800_0, 0;
T_1.2 ;
T_1.1 ;
    %jmp T_1;
    .thread T_1;
    .scope S_00000136185f7e50;
T_2 ;
    %wait E_0000013618660080;
    %load/vec4 v000001361868d420_0;
    %cmpi/e 1, 0, 1;
    %jmp/0xz  T_2.0, 4;
    %pushi/vec4 0, 0, 32;
    %store/vec4 v000001361868d920_0, 0, 32;
    %pushi/vec4 0, 0, 32;
    %store/vec4 v000001361868da60_0, 0, 32;
    %pushi/vec4 0, 0, 32;
    %store/vec4 v000001361868cac0_0, 0, 32;
    %pushi/vec4 0, 0, 32;
    %store/vec4 v000001361868e3c0_0, 0, 32;
    %pushi/vec4 0, 0, 32;
    %store/vec4 v000001361868c8e0_0, 0, 32;
    %pushi/vec4 0, 0, 3;
    %store/vec4 v000001361868d2e0_0, 0, 3;
    %pushi/vec4 0, 0, 4;
    %store/vec4 v000001361868d240_0, 0, 4;
    %pushi/vec4 0, 0, 4;
    %store/vec4 v000001361868c5c0_0, 0, 4;
    %pushi/vec4 0, 0, 1;
    %store/vec4 v000001361868c660_0, 0, 1;
    %pushi/vec4 0, 0, 1;
    %store/vec4 v000001361868ca20_0, 0, 1;
    %pushi/vec4 0, 0, 1;
    %store/vec4 v000001361868cca0_0, 0, 1;
    %pushi/vec4 0, 0, 1;
    %store/vec4 v000001361868c840_0, 0, 1;
    %pushi/vec4 0, 0, 1;
    %store/vec4 v000001361868dba0_0, 0, 1;
    %pushi/vec4 0, 0, 1;
    %store/vec4 v000001361868d6a0_0, 0, 1;
    %pushi/vec4 0, 0, 1;
    %store/vec4 v000001361868d4c0_0, 0, 1;
    %pushi/vec4 0, 0, 1;
    %store/vec4 v000001361868d560_0, 0, 1;
    %pushi/vec4 0, 0, 1;
    %store/vec4 v000001361868d060_0, 0, 1;
    %jmp T_2.1;
T_2.0 ;
    %delay 2, 0;
    %load/vec4 v000001361868dc40_0;
    %assign/vec4 v000001361868cac0_0, 0;
    %load/vec4 v000001361868d9c0_0;
    %assign/vec4 v000001361868da60_0, 0;
    %load/vec4 v000001361868d880_0;
    %assign/vec4 v000001361868d920_0, 0;
    %load/vec4 v000001361868e140_0;
    %assign/vec4 v000001361868e3c0_0, 0;
    %load/vec4 v000001361868cc00_0;
    %assign/vec4 v000001361868c8e0_0, 0;
    %load/vec4 v000001361868e460_0;
    %assign/vec4 v000001361868d2e0_0, 0;
    %load/vec4 v000001361868c700_0;
    %assign/vec4 v000001361868d240_0, 0;
    %load/vec4 v0000013618685700_0;
    %assign/vec4 v000001361868c5c0_0, 0;
    %load/vec4 v000001361868d100_0;
    %assign/vec4 v000001361868c660_0, 0;
    %load/vec4 v000001361868db00_0;
    %assign/vec4 v000001361868ca20_0, 0;
    %load/vec4 v000001361868dd80_0;
    %assign/vec4 v000001361868cca0_0, 0;
    %load/vec4 v000001361868c7a0_0;
    %assign/vec4 v000001361868c840_0, 0;
    %load/vec4 v000001361868d7e0_0;
    %assign/vec4 v000001361868dba0_0, 0;
    %load/vec4 v000001361868cfc0_0;
    %assign/vec4 v000001361868d6a0_0, 0;
    %load/vec4 v000001361868e1e0_0;
    %assign/vec4 v000001361868d4c0_0, 0;
    %load/vec4 v000001361868dce0_0;
    %assign/vec4 v000001361868d560_0, 0;
    %load/vec4 v000001361868d600_0;
    %assign/vec4 v000001361868d060_0, 0;
T_2.1 ;
    %jmp T_2;
    .thread T_2;
    .scope S_00000136186ce8c0;
T_3 ;
    %wait E_000001361865fc40;
    %load/vec4 v000001361868cf20_0;
    %cmpi/e 1, 0, 1;
    %jmp/0xz  T_3.0, 4;
    %pushi/vec4 0, 0, 1;
    %store/vec4 v000001361868c980_0, 0, 1;
    %pushi/vec4 0, 0, 1;
    %store/vec4 v000001361868ce80_0, 0, 1;
    %pushi/vec4 0, 0, 32;
    %store/vec4 v000001361868df60_0, 0, 32;
    %pushi/vec4 0, 0, 32;
    %store/vec4 v000001361868e320_0, 0, 32;
    %pushi/vec4 0, 0, 5;
    %store/vec4 v000001361868cb60_0, 0, 5;
    %jmp T_3.1;
T_3.0 ;
    %load/vec4 v000001361868e000_0;
    %cmpi/e 0, 0, 1;
    %jmp/0xz  T_3.2, 4;
    %delay 2, 0;
    %load/vec4 v000001361868d1a0_0;
    %assign/vec4 v000001361868c980_0, 0;
    %load/vec4 v000001361868cd40_0;
    %assign/vec4 v000001361868ce80_0, 0;
    %load/vec4 v000001361868de20_0;
    %assign/vec4 v000001361868df60_0, 0;
    %load/vec4 v000001361868e0a0_0;
    %assign/vec4 v000001361868e320_0, 0;
    %load/vec4 v000001361868e280_0;
    %assign/vec4 v000001361868cb60_0, 0;
T_3.2 ;
T_3.1 ;
    %jmp T_3;
    .thread T_3;
    .scope S_00000136186cea50;
T_4 ;
    %wait E_000001361865f940;
    %load/vec4 v0000013618723500_0;
    %flag_set/vec4 8;
    %jmp/0xz  T_4.0, 8;
    %pushi/vec4 0, 0, 32;
    %store/vec4 v0000013618723820_0, 0, 32;
T_4.2 ;
    %load/vec4 v0000013618723820_0;
    %cmpi/s 32, 0, 32;
    %jmp/0xz T_4.3, 5;
    %pushi/vec4 0, 0, 32;
    %ix/getv/s 3, v0000013618723820_0;
    %ix/load 4, 0, 0; Constant delay
    %assign/vec4/a/d v0000013618722420, 0, 4;
    %load/vec4 v0000013618723820_0;
    %addi 1, 0, 32;
    %store/vec4 v0000013618723820_0, 0, 32;
    %jmp T_4.2;
T_4.3 ;
    %jmp T_4.1;
T_4.0 ;
    %load/vec4 v0000013618723b40_0;
    %flag_set/vec4 8;
    %jmp/0xz  T_4.4, 8;
    %load/vec4 v00000136187229c0_0;
    %load/vec4 v0000013618723960_0;
    %pad/u 7;
    %ix/vec4 3;
    %ix/load 4, 0, 0; Constant delay
    %assign/vec4/a/d v0000013618722420, 0, 4;
T_4.4 ;
T_4.1 ;
    %jmp T_4;
    .thread T_4;
    .scope S_00000136186cea50;
T_5 ;
    %wait E_000001361865ff00;
    %load/vec4 v000001361868d380_0;
    %pad/u 7;
    %ix/vec4 4;
    %load/vec4a v0000013618722420, 4;
    %store/vec4 v0000013618723aa0_0, 0, 32;
    %load/vec4 v0000013618723d20_0;
    %pad/u 7;
    %ix/vec4 4;
    %load/vec4a v0000013618722420, 4;
    %store/vec4 v00000136187227e0_0, 0, 32;
    %jmp T_5;
    .thread T_5, $push;
    .scope S_00000136186cebe0;
T_6 ;
    %wait E_000001361865f9c0;
    %load/vec4 v0000013618725f80_0;
    %dup/vec4;
    %pushi/vec4 0, 0, 5;
    %cmp/u;
    %jmp/1 T_6.0, 6;
    %dup/vec4;
    %pushi/vec4 1, 0, 5;
    %cmp/u;
    %jmp/1 T_6.1, 6;
    %dup/vec4;
    %pushi/vec4 2, 0, 5;
    %cmp/u;
    %jmp/1 T_6.2, 6;
    %dup/vec4;
    %pushi/vec4 3, 0, 5;
    %cmp/u;
    %jmp/1 T_6.3, 6;
    %dup/vec4;
    %pushi/vec4 4, 0, 5;
    %cmp/u;
    %jmp/1 T_6.4, 6;
    %dup/vec4;
    %pushi/vec4 5, 0, 5;
    %cmp/u;
    %jmp/1 T_6.5, 6;
    %dup/vec4;
    %pushi/vec4 6, 0, 5;
    %cmp/u;
    %jmp/1 T_6.6, 6;
    %dup/vec4;
    %pushi/vec4 7, 0, 5;
    %cmp/u;
    %jmp/1 T_6.7, 6;
    %dup/vec4;
    %pushi/vec4 8, 0, 5;
    %cmp/u;
    %jmp/1 T_6.8, 6;
    %dup/vec4;
    %pushi/vec4 9, 0, 5;
    %cmp/u;
    %jmp/1 T_6.9, 6;
    %dup/vec4;
    %pushi/vec4 10, 0, 5;
    %cmp/u;
    %jmp/1 T_6.10, 6;
    %dup/vec4;
    %pushi/vec4 11, 0, 5;
    %cmp/u;
    %jmp/1 T_6.11, 6;
    %dup/vec4;
    %pushi/vec4 12, 0, 5;
    %cmp/u;
    %jmp/1 T_6.12, 6;
    %dup/vec4;
    %pushi/vec4 13, 0, 5;
    %cmp/u;
    %jmp/1 T_6.13, 6;
    %dup/vec4;
    %pushi/vec4 15, 0, 5;
    %cmp/u;
    %jmp/1 T_6.14, 6;
    %pushi/vec4 0, 0, 32;
    %store/vec4 v0000013618726ca0_0, 0, 32;
    %jmp T_6.16;
T_6.0 ;
    %load/vec4 v0000013618726de0_0;
    %store/vec4 v0000013618726ca0_0, 0, 32;
    %jmp T_6.16;
T_6.1 ;
    %load/vec4 v0000013618725c60_0;
    %store/vec4 v0000013618726ca0_0, 0, 32;
    %jmp T_6.16;
T_6.2 ;
    %load/vec4 v0000013618725d00_0;
    %store/vec4 v0000013618726ca0_0, 0, 32;
    %jmp T_6.16;
T_6.3 ;
    %load/vec4 v0000013618725da0_0;
    %store/vec4 v0000013618726ca0_0, 0, 32;
    %jmp T_6.16;
T_6.4 ;
    %load/vec4 v0000013618725ee0_0;
    %store/vec4 v0000013618726ca0_0, 0, 32;
    %jmp T_6.16;
T_6.5 ;
    %load/vec4 v0000013618725e40_0;
    %store/vec4 v0000013618726ca0_0, 0, 32;
    %jmp T_6.16;
T_6.6 ;
    %load/vec4 v00000136187254e0_0;
    %store/vec4 v0000013618726ca0_0, 0, 32;
    %jmp T_6.16;
T_6.7 ;
    %load/vec4 v00000136187259e0_0;
    %store/vec4 v0000013618726ca0_0, 0, 32;
    %jmp T_6.16;
T_6.8 ;
    %load/vec4 v0000013618726e80_0;
    %store/vec4 v0000013618726ca0_0, 0, 32;
    %jmp T_6.16;
T_6.9 ;
    %load/vec4 v00000136187251c0_0;
    %store/vec4 v0000013618726ca0_0, 0, 32;
    %jmp T_6.16;
T_6.10 ;
    %load/vec4 v0000013618725260_0;
    %store/vec4 v0000013618726ca0_0, 0, 32;
    %jmp T_6.16;
T_6.11 ;
    %load/vec4 v0000013618725440_0;
    %store/vec4 v0000013618726ca0_0, 0, 32;
    %jmp T_6.16;
T_6.12 ;
    %load/vec4 v0000013618726520_0;
    %store/vec4 v0000013618726ca0_0, 0, 32;
    %jmp T_6.16;
T_6.13 ;
    %load/vec4 v0000013618725580_0;
    %store/vec4 v0000013618726ca0_0, 0, 32;
    %jmp T_6.16;
T_6.14 ;
    %load/vec4 v0000013618725a80_0;
    %store/vec4 v0000013618726ca0_0, 0, 32;
    %jmp T_6.16;
T_6.16 ;
    %pop/vec4 1;
    %load/vec4 v0000013618726de0_0;
    %cmpi/e 0, 0, 32;
    %jmp/0xz  T_6.17, 4;
    %pushi/vec4 1, 0, 1;
    %store/vec4 v0000013618729d20_0, 0, 1;
T_6.17 ;
    %jmp T_6;
    .thread T_6, $push;
    .scope S_00000136185d8140;
T_7 ;
    %wait E_0000013618661800;
    %load/vec4 v000001361872a7c0_0;
    %parti/s 7, 0, 2;
    %pad/u 8;
    %store/vec4 v0000013618729f00_0, 0, 8;
    %load/vec4 v000001361872a7c0_0;
    %parti/s 3, 12, 5;
    %store/vec4 v000001361872ae00_0, 0, 3;
    %load/vec4 v000001361872a7c0_0;
    %parti/s 7, 25, 6;
    %store/vec4 v0000013618729140_0, 0, 7;
    %load/vec4 v0000013618729f00_0;
    %dup/vec4;
    %pushi/vec4 51, 0, 8;
    %cmp/u;
    %jmp/1 T_7.0, 6;
    %dup/vec4;
    %pushi/vec4 3, 0, 8;
    %cmp/u;
    %jmp/1 T_7.1, 6;
    %dup/vec4;
    %pushi/vec4 19, 0, 8;
    %cmp/u;
    %jmp/1 T_7.2, 6;
    %dup/vec4;
    %pushi/vec4 103, 0, 8;
    %cmp/u;
    %jmp/1 T_7.3, 6;
    %dup/vec4;
    %pushi/vec4 35, 0, 8;
    %cmp/u;
    %jmp/1 T_7.4, 6;
    %dup/vec4;
    %pushi/vec4 23, 0, 8;
    %cmp/u;
    %jmp/1 T_7.5, 6;
    %dup/vec4;
    %pushi/vec4 55, 0, 8;
    %cmp/u;
    %jmp/1 T_7.6, 6;
    %dup/vec4;
    %pushi/vec4 99, 0, 8;
    %cmp/u;
    %jmp/1 T_7.7, 6;
    %dup/vec4;
    %pushi/vec4 111, 0, 8;
    %cmp/u;
    %jmp/1 T_7.8, 6;
    %jmp T_7.9;
T_7.0 ;
    %load/vec4 v000001361872ae00_0;
    %dup/vec4;
    %pushi/vec4 0, 0, 3;
    %cmp/u;
    %jmp/1 T_7.10, 6;
    %jmp T_7.11;
T_7.10 ;
    %load/vec4 v0000013618729140_0;
    %dup/vec4;
    %pushi/vec4 0, 0, 7;
    %cmp/u;
    %jmp/1 T_7.12, 6;
    %dup/vec4;
    %pushi/vec4 32, 0, 7;
    %cmp/u;
    %jmp/1 T_7.13, 6;
    %dup/vec4;
    %pushi/vec4 59, 0, 7;
    %cmp/u;
    %jmp/1 T_7.14, 6;
    %jmp T_7.15;
T_7.12 ;
    %pushi/vec4 0, 0, 2;
    %load/vec4 v000001361872ae00_0;
    %concat/vec4; draw_concat_vec4
    %cassign/vec4 v0000013618729640_0;
    %pushi/vec4 1, 0, 1;
    %cassign/vec4 v00000136187293c0_0;
    %pushi/vec4 1, 0, 1;
    %cassign/vec4 v00000136187295a0_0;
    %pushi/vec4 0, 0, 1;
    %cassign/vec4 v0000013618729e60_0;
    %pushi/vec4 1, 0, 1;
    %cassign/vec4 v000001361872aae0_0;
    %pushi/vec4 0, 0, 1;
    %cassign/vec4 v000001361872a040_0;
    %pushi/vec4 0, 0, 1;
    %cassign/vec4 v0000013618729780_0;
    %pushi/vec4 0, 0, 1;
    %cassign/vec4 v0000013618729320_0;
    %pushi/vec4 0, 0, 1;
    %cassign/vec4 v000001361872acc0_0;
    %pushi/vec4 0, 0, 1;
    %cassign/vec4 v0000013618729500_0;
    %pushi/vec4 0, 0, 3;
    %cassign/vec4 v000001361872a680_0;
    %jmp T_7.15;
T_7.13 ;
    %pushi/vec4 0, 0, 2;
    %load/vec4 v000001361872ae00_0;
    %concat/vec4; draw_concat_vec4
    %cassign/vec4 v0000013618729640_0;
    %pushi/vec4 1, 0, 1;
    %cassign/vec4 v00000136187293c0_0;
    %pushi/vec4 1, 0, 1;
    %cassign/vec4 v00000136187295a0_0;
    %pushi/vec4 0, 0, 1;
    %cassign/vec4 v0000013618729e60_0;
    %pushi/vec4 1, 0, 1;
    %cassign/vec4 v000001361872aae0_0;
    %pushi/vec4 0, 0, 1;
    %cassign/vec4 v000001361872a040_0;
    %pushi/vec4 0, 0, 1;
    %cassign/vec4 v0000013618729780_0;
    %pushi/vec4 0, 0, 1;
    %cassign/vec4 v0000013618729320_0;
    %pushi/vec4 0, 0, 1;
    %cassign/vec4 v000001361872acc0_0;
    %pushi/vec4 0, 0, 1;
    %cassign/vec4 v0000013618729500_0;
    %pushi/vec4 0, 0, 3;
    %cassign/vec4 v000001361872a680_0;
    %jmp T_7.15;
T_7.14 ;
    %pushi/vec4 1, 0, 2;
    %load/vec4 v000001361872ae00_0;
    %concat/vec4; draw_concat_vec4
    %cassign/vec4 v0000013618729640_0;
    %pushi/vec4 1, 0, 1;
    %cassign/vec4 v00000136187293c0_0;
    %pushi/vec4 1, 0, 1;
    %cassign/vec4 v00000136187295a0_0;
    %pushi/vec4 0, 0, 1;
    %cassign/vec4 v0000013618729e60_0;
    %pushi/vec4 1, 0, 1;
    %cassign/vec4 v000001361872aae0_0;
    %pushi/vec4 0, 0, 1;
    %cassign/vec4 v000001361872a040_0;
    %pushi/vec4 0, 0, 1;
    %cassign/vec4 v0000013618729780_0;
    %pushi/vec4 0, 0, 1;
    %cassign/vec4 v0000013618729320_0;
    %pushi/vec4 0, 0, 1;
    %cassign/vec4 v000001361872acc0_0;
    %pushi/vec4 0, 0, 1;
    %cassign/vec4 v0000013618729500_0;
    %pushi/vec4 0, 0, 3;
    %cassign/vec4 v000001361872a680_0;
    %jmp T_7.15;
T_7.15 ;
    %pop/vec4 1;
    %jmp T_7.11;
T_7.11 ;
    %pop/vec4 1;
    %jmp T_7.9;
T_7.1 ;
    %pushi/vec4 16, 0, 5;
    %cassign/vec4 v0000013618729640_0;
    %pushi/vec4 1, 0, 1;
    %cassign/vec4 v00000136187293c0_0;
    %pushi/vec4 1, 0, 1;
    %cassign/vec4 v00000136187295a0_0;
    %pushi/vec4 1, 0, 1;
    %cassign/vec4 v0000013618729e60_0;
    %pushi/vec4 1, 0, 1;
    %cassign/vec4 v000001361872aae0_0;
    %pushi/vec4 1, 0, 1;
    %cassign/vec4 v000001361872a040_0;
    %pushi/vec4 0, 0, 1;
    %cassign/vec4 v0000013618729780_0;
    %pushi/vec4 0, 0, 1;
    %cassign/vec4 v0000013618729320_0;
    %pushi/vec4 0, 0, 1;
    %cassign/vec4 v000001361872acc0_0;
    %pushi/vec4 0, 0, 1;
    %cassign/vec4 v0000013618729500_0;
    %pushi/vec4 1, 0, 3;
    %cassign/vec4 v000001361872a680_0;
    %jmp T_7.9;
T_7.2 ;
    %pushi/vec4 0, 0, 2;
    %load/vec4 v000001361872ae00_0;
    %concat/vec4; draw_concat_vec4
    %cassign/vec4 v0000013618729640_0;
    %pushi/vec4 1, 0, 1;
    %cassign/vec4 v00000136187293c0_0;
    %pushi/vec4 0, 0, 1;
    %cassign/vec4 v00000136187295a0_0;
    %pushi/vec4 0, 0, 1;
    %cassign/vec4 v0000013618729e60_0;
    %pushi/vec4 1, 0, 1;
    %cassign/vec4 v000001361872aae0_0;
    %pushi/vec4 0, 0, 1;
    %cassign/vec4 v000001361872a040_0;
    %pushi/vec4 0, 0, 1;
    %cassign/vec4 v0000013618729780_0;
    %pushi/vec4 0, 0, 1;
    %cassign/vec4 v0000013618729320_0;
    %pushi/vec4 0, 0, 1;
    %cassign/vec4 v000001361872acc0_0;
    %pushi/vec4 0, 0, 1;
    %cassign/vec4 v0000013618729500_0;
    %load/vec4 v000001361872ae00_0;
    %dup/vec4;
    %pushi/vec4 0, 0, 3;
    %cmp/u;
    %jmp/1 T_7.16, 6;
    %dup/vec4;
    %pushi/vec4 1, 0, 3;
    %cmp/u;
    %jmp/1 T_7.17, 6;
    %dup/vec4;
    %pushi/vec4 2, 0, 3;
    %cmp/u;
    %jmp/1 T_7.18, 6;
    %dup/vec4;
    %pushi/vec4 3, 0, 3;
    %cmp/u;
    %jmp/1 T_7.19, 6;
    %dup/vec4;
    %pushi/vec4 4, 0, 3;
    %cmp/u;
    %jmp/1 T_7.20, 6;
    %dup/vec4;
    %pushi/vec4 5, 0, 3;
    %cmp/u;
    %jmp/1 T_7.21, 6;
    %dup/vec4;
    %pushi/vec4 6, 0, 3;
    %cmp/u;
    %jmp/1 T_7.22, 6;
    %dup/vec4;
    %pushi/vec4 7, 0, 3;
    %cmp/u;
    %jmp/1 T_7.23, 6;
    %jmp T_7.24;
T_7.16 ;
    %pushi/vec4 1, 0, 3;
    %cassign/vec4 v000001361872a680_0;
    %jmp T_7.24;
T_7.17 ;
    %pushi/vec4 1, 0, 3;
    %cassign/vec4 v000001361872a680_0;
    %jmp T_7.24;
T_7.18 ;
    %pushi/vec4 1, 0, 3;
    %cassign/vec4 v000001361872a680_0;
    %jmp T_7.24;
T_7.19 ;
    %pushi/vec4 1, 0, 3;
    %cassign/vec4 v000001361872a680_0;
    %jmp T_7.24;
T_7.20 ;
    %pushi/vec4 1, 0, 3;
    %cassign/vec4 v000001361872a680_0;
    %jmp T_7.24;
T_7.21 ;
    %pushi/vec4 2, 0, 3;
    %cassign/vec4 v000001361872a680_0;
    %jmp T_7.24;
T_7.22 ;
    %pushi/vec4 1, 0, 3;
    %cassign/vec4 v000001361872a680_0;
    %jmp T_7.24;
T_7.23 ;
    %pushi/vec4 1, 0, 3;
    %cassign/vec4 v000001361872a680_0;
    %jmp T_7.24;
T_7.24 ;
    %pop/vec4 1;
    %jmp T_7.9;
T_7.3 ;
    %pushi/vec4 0, 0, 5;
    %cassign/vec4 v0000013618729640_0;
    %pushi/vec4 1, 0, 1;
    %cassign/vec4 v00000136187293c0_0;
    %pushi/vec4 0, 0, 1;
    %cassign/vec4 v00000136187295a0_0;
    %pushi/vec4 0, 0, 1;
    %cassign/vec4 v0000013618729e60_0;
    %pushi/vec4 1, 0, 1;
    %cassign/vec4 v000001361872aae0_0;
    %pushi/vec4 0, 0, 1;
    %cassign/vec4 v000001361872a040_0;
    %pushi/vec4 0, 0, 1;
    %cassign/vec4 v0000013618729780_0;
    %pushi/vec4 0, 0, 1;
    %cassign/vec4 v0000013618729320_0;
    %pushi/vec4 1, 0, 1;
    %cassign/vec4 v000001361872acc0_0;
    %pushi/vec4 0, 0, 1;
    %cassign/vec4 v0000013618729500_0;
    %pushi/vec4 1, 0, 3;
    %cassign/vec4 v000001361872a680_0;
    %jmp T_7.9;
T_7.4 ;
    %pushi/vec4 0, 0, 5;
    %cassign/vec4 v0000013618729640_0;
    %pushi/vec4 0, 0, 1;
    %cassign/vec4 v00000136187293c0_0;
    %pushi/vec4 1, 0, 1;
    %cassign/vec4 v00000136187295a0_0;
    %pushi/vec4 0, 0, 1;
    %cassign/vec4 v0000013618729e60_0;
    %pushi/vec4 0, 0, 1;
    %cassign/vec4 v000001361872aae0_0;
    %pushi/vec4 1, 0, 1;
    %cassign/vec4 v000001361872a040_0;
    %pushi/vec4 0, 0, 1;
    %cassign/vec4 v0000013618729780_0;
    %pushi/vec4 0, 0, 1;
    %cassign/vec4 v0000013618729320_0;
    %pushi/vec4 0, 0, 1;
    %cassign/vec4 v000001361872acc0_0;
    %pushi/vec4 0, 0, 1;
    %cassign/vec4 v0000013618729500_0;
    %pushi/vec4 3, 0, 3;
    %cassign/vec4 v000001361872a680_0;
    %jmp T_7.9;
T_7.5 ;
    %pushi/vec4 0, 0, 5;
    %cassign/vec4 v0000013618729640_0;
    %pushi/vec4 0, 0, 1;
    %cassign/vec4 v00000136187293c0_0;
    %pushi/vec4 0, 0, 1;
    %cassign/vec4 v00000136187295a0_0;
    %pushi/vec4 0, 0, 1;
    %cassign/vec4 v0000013618729e60_0;
    %pushi/vec4 1, 0, 1;
    %cassign/vec4 v000001361872aae0_0;
    %pushi/vec4 0, 0, 1;
    %cassign/vec4 v000001361872a040_0;
    %pushi/vec4 0, 0, 1;
    %cassign/vec4 v0000013618729780_0;
    %pushi/vec4 0, 0, 1;
    %cassign/vec4 v0000013618729320_0;
    %pushi/vec4 0, 0, 1;
    %cassign/vec4 v000001361872acc0_0;
    %pushi/vec4 0, 0, 1;
    %cassign/vec4 v0000013618729500_0;
    %pushi/vec4 0, 0, 3;
    %cassign/vec4 v000001361872a680_0;
    %jmp T_7.9;
T_7.6 ;
    %pushi/vec4 16, 0, 5;
    %cassign/vec4 v0000013618729640_0;
    %pushi/vec4 0, 0, 1;
    %cassign/vec4 v00000136187293c0_0;
    %pushi/vec4 0, 0, 1;
    %cassign/vec4 v00000136187295a0_0;
    %pushi/vec4 0, 0, 1;
    %cassign/vec4 v0000013618729e60_0;
    %pushi/vec4 1, 0, 1;
    %cassign/vec4 v000001361872aae0_0;
    %pushi/vec4 0, 0, 1;
    %cassign/vec4 v000001361872a040_0;
    %pushi/vec4 0, 0, 1;
    %cassign/vec4 v0000013618729780_0;
    %pushi/vec4 0, 0, 1;
    %cassign/vec4 v0000013618729320_0;
    %pushi/vec4 0, 0, 1;
    %cassign/vec4 v000001361872acc0_0;
    %pushi/vec4 0, 0, 1;
    %cassign/vec4 v0000013618729500_0;
    %pushi/vec4 0, 0, 3;
    %cassign/vec4 v000001361872a680_0;
    %jmp T_7.9;
T_7.7 ;
    %pushi/vec4 0, 0, 5;
    %cassign/vec4 v0000013618729640_0;
    %pushi/vec4 0, 0, 1;
    %cassign/vec4 v00000136187293c0_0;
    %pushi/vec4 0, 0, 1;
    %cassign/vec4 v00000136187295a0_0;
    %pushi/vec4 0, 0, 1;
    %cassign/vec4 v0000013618729e60_0;
    %pushi/vec4 0, 0, 1;
    %cassign/vec4 v000001361872aae0_0;
    %pushi/vec4 0, 0, 1;
    %cassign/vec4 v000001361872a040_0;
    %pushi/vec4 0, 0, 1;
    %cassign/vec4 v0000013618729780_0;
    %pushi/vec4 1, 0, 1;
    %cassign/vec4 v0000013618729320_0;
    %pushi/vec4 0, 0, 1;
    %cassign/vec4 v000001361872acc0_0;
    %pushi/vec4 0, 0, 1;
    %cassign/vec4 v0000013618729500_0;
    %pushi/vec4 4, 0, 3;
    %cassign/vec4 v000001361872a680_0;
    %jmp T_7.9;
T_7.8 ;
    %pushi/vec4 0, 0, 5;
    %cassign/vec4 v0000013618729640_0;
    %pushi/vec4 0, 0, 1;
    %cassign/vec4 v00000136187293c0_0;
    %pushi/vec4 0, 0, 1;
    %cassign/vec4 v00000136187295a0_0;
    %pushi/vec4 0, 0, 1;
    %cassign/vec4 v0000013618729e60_0;
    %pushi/vec4 1, 0, 1;
    %cassign/vec4 v000001361872aae0_0;
    %pushi/vec4 0, 0, 1;
    %cassign/vec4 v000001361872a040_0;
    %pushi/vec4 0, 0, 1;
    %cassign/vec4 v0000013618729780_0;
    %pushi/vec4 0, 0, 1;
    %cassign/vec4 v0000013618729320_0;
    %pushi/vec4 1, 0, 1;
    %cassign/vec4 v000001361872acc0_0;
    %pushi/vec4 1, 0, 1;
    %cassign/vec4 v0000013618729500_0;
    %pushi/vec4 5, 0, 3;
    %cassign/vec4 v000001361872a680_0;
    %jmp T_7.9;
T_7.9 ;
    %pop/vec4 1;
    %jmp T_7;
    .thread T_7, $push;
    .scope S_00000136185d82d0;
T_8 ;
    %wait E_0000013618660f40;
    %load/vec4 v000001361872af40_0;
    %dup/vec4;
    %pushi/vec4 0, 0, 3;
    %cmp/u;
    %jmp/1 T_8.0, 6;
    %dup/vec4;
    %pushi/vec4 1, 0, 3;
    %cmp/u;
    %jmp/1 T_8.1, 6;
    %dup/vec4;
    %pushi/vec4 2, 0, 3;
    %cmp/u;
    %jmp/1 T_8.2, 6;
    %dup/vec4;
    %pushi/vec4 3, 0, 3;
    %cmp/u;
    %jmp/1 T_8.3, 6;
    %dup/vec4;
    %pushi/vec4 4, 0, 3;
    %cmp/u;
    %jmp/1 T_8.4, 6;
    %dup/vec4;
    %pushi/vec4 5, 0, 3;
    %cmp/u;
    %jmp/1 T_8.5, 6;
    %pushi/vec4 0, 0, 32;
    %store/vec4 v0000013618729960_0, 0, 32;
    %jmp T_8.7;
T_8.0 ;
    %load/vec4 v000001361872a360_0;
    %concati/vec4 0, 0, 12;
    %store/vec4 v0000013618729960_0, 0, 32;
    %jmp T_8.7;
T_8.1 ;
    %load/vec4 v000001361872aa40_0;
    %parti/s 1, 11, 5;
    %replicate 20;
    %load/vec4 v000001361872aa40_0;
    %concat/vec4; draw_concat_vec4
    %store/vec4 v0000013618729960_0, 0, 32;
    %jmp T_8.7;
T_8.2 ;
    %load/vec4 v000001361872aa40_0;
    %parti/s 1, 10, 5;
    %load/vec4 v000001361872aa40_0;
    %parti/s 5, 0, 2;
    %concat/vec4; draw_concat_vec4
    %pad/u 32;
    %store/vec4 v0000013618729960_0, 0, 32;
    %jmp T_8.7;
T_8.3 ;
    %load/vec4 v000001361872a2c0_0;
    %load/vec4 v000001361872a540_0;
    %concat/vec4; draw_concat_vec4
    %pad/u 32;
    %store/vec4 v0000013618729960_0, 0, 32;
    %jmp T_8.7;
T_8.4 ;
    %load/vec4 v000001361872a220_0;
    %replicate 20;
    %load/vec4 v000001361872a9a0_0;
    %concat/vec4; draw_concat_vec4
    %load/vec4 v000001361872ad60_0;
    %concat/vec4; draw_concat_vec4
    %load/vec4 v000001361872aea0_0;
    %concat/vec4; draw_concat_vec4
    %concati/vec4 0, 0, 1;
    %store/vec4 v0000013618729960_0, 0, 32;
    %jmp T_8.7;
T_8.5 ;
    %load/vec4 v000001361872ab80_0;
    %replicate 12;
    %load/vec4 v00000136187296e0_0;
    %concat/vec4; draw_concat_vec4
    %load/vec4 v0000013618729820_0;
    %concat/vec4; draw_concat_vec4
    %load/vec4 v000001361872ac20_0;
    %concat/vec4; draw_concat_vec4
    %concati/vec4 0, 0, 1;
    %store/vec4 v0000013618729960_0, 0, 32;
    %jmp T_8.7;
T_8.7 ;
    %pop/vec4 1;
    %jmp T_8;
    .thread T_8, $push;
    .scope S_00000136185d8460;
T_9 ;
    %wait E_0000013618661880;
    %load/vec4 v0000013618729280_0;
    %dup/vec4;
    %pushi/vec4 1, 0, 1;
    %cmp/u;
    %jmp/1 T_9.0, 6;
    %load/vec4 v000001361872a180_0;
    %store/vec4 v00000136187291e0_0, 0, 32;
    %jmp T_9.2;
T_9.0 ;
    %load/vec4 v0000013618729be0_0;
    %store/vec4 v00000136187291e0_0, 0, 32;
    %jmp T_9.2;
T_9.2 ;
    %pop/vec4 1;
    %jmp T_9;
    .thread T_9, $push;
    .scope S_00000136186ccb70;
T_10 ;
    %wait E_0000013618661700;
    %load/vec4 v0000013618729b40_0;
    %dup/vec4;
    %pushi/vec4 3, 0, 2;
    %cmp/u;
    %jmp/1 T_10.0, 6;
    %dup/vec4;
    %pushi/vec4 2, 0, 2;
    %cmp/u;
    %jmp/1 T_10.1, 6;
    %dup/vec4;
    %pushi/vec4 1, 0, 2;
    %cmp/u;
    %jmp/1 T_10.2, 6;
    %load/vec4 v0000013618729460_0;
    %store/vec4 v0000013618729aa0_0, 0, 32;
    %jmp T_10.4;
T_10.0 ;
    %load/vec4 v0000013618729a00_0;
    %store/vec4 v0000013618729aa0_0, 0, 32;
    %jmp T_10.4;
T_10.1 ;
    %load/vec4 v000001361872a5e0_0;
    %store/vec4 v0000013618729aa0_0, 0, 32;
    %jmp T_10.4;
T_10.2 ;
    %load/vec4 v00000136187298c0_0;
    %store/vec4 v0000013618729aa0_0, 0, 32;
    %jmp T_10.4;
T_10.4 ;
    %pop/vec4 1;
    %jmp T_10;
    .thread T_10, $push;
    .scope S_00000136186ccd00;
T_11 ;
    %wait E_00000136186604c0;
    %load/vec4 v000001361872a400_0;
    %pad/u 32;
    %cmpi/e 1, 0, 32;
    %jmp/0xz  T_11.0, 4;
    %load/vec4 v0000013618729c80_0;
    %inv;
    %addi 1, 0, 32;
    %store/vec4 v0000013618729dc0_0, 0, 32;
    %jmp T_11.1;
T_11.0 ;
    %load/vec4 v0000013618729c80_0;
    %store/vec4 v0000013618729dc0_0, 0, 32;
T_11.1 ;
    %jmp T_11;
    .thread T_11, $push;
# The file index is used to find the file name in the following table.
:file_names 15;
    "N/A";
    "<interactive>";
    "CPU.v";
    "./IF_ID.v";
    "./adder_32bit.v";
    "./EX_MEM.v";
    "./ID_EX.v";
    "./MEM_WB.v";
    "./Register_file.v";
    "./ALU.v";
    "./controlUnit.v";
    "./immediate_extend.v";
    "./mux_2x1_32bit.v";
    "./mux_4x1_32bit.v";
    "./Twos_complement.v";
