#! /c/iverilog/bin/vvp
:ivl_version "0.9.7 " "(v0_9_7)";
:vpi_time_precision - 10;
:vpi_module "system";
:vpi_module "v2005_math";
:vpi_module "va_math";
S_0124AFA8 .scope module, "CPU" "CPU" 2 16;
 .timescale -9 -10;
L_0128C030 .functor AND 1, v01286E08_0, v01285410_0, C4<1>, C4<1>;
L_0128C180 .functor BUFZ 32, v01285EB8_0, C4<00000000000000000000000000000000>, C4<00000000000000000000000000000000>, C4<00000000000000000000000000000000>;
L_0128C378 .functor BUFZ 32, v01285D00_0, C4<00000000000000000000000000000000>, C4<00000000000000000000000000000000>, C4<00000000000000000000000000000000>;
L_0128C228 .functor BUFZ 1, v01286AF0_0, C4<0>, C4<0>, C4<0>;
L_0128C458 .functor BUFZ 1, v01286FC0_0, C4<0>, C4<0>, C4<0>;
v01287388_0 .net "ALUOP", 4 0, v01287070_0; 1 drivers
v012871D0_0 .net "ALU_RESULT", 31 0, v01285D00_0; 1 drivers
v01287598_0 .net "ALU_ZERO", 0 0, v01285410_0; 1 drivers
v012875F0_0 .net "BRANCH", 0 0, v01286E08_0; 1 drivers
v01287228_0 .net "CLK", 0 0, C4<z>; 0 drivers
v01287540_0 .net "DATA1", 31 0, v012860C8_0; 1 drivers
v012873E0_0 .net "DATA2", 31 0, v01285EB8_0; 1 drivers
v01287438_0 .net "IMMEDIATE", 2 0, v01286E60_0; 1 drivers
v012872D8_0 .net "INSTRUCTION", 31 0, C4<zzzzzzzzzzzzzzzzzzzzzzzzzzzzzzzz>; 0 drivers
v01287490_0 .net "JAL", 0 0, v01286C50_0; 1 drivers
v01287330_0 .net "JUMP", 0 0, v01286F68_0; 1 drivers
v012888D8_0 .net "MEMREAD", 0 0, v01286AF0_0; 1 drivers
v01288618_0 .net "MEMWRITE", 0 0, v01286FC0_0; 1 drivers
v01288250_0 .net "MEM_ADDRESS", 31 0, L_0128C378; 1 drivers
v012880F0_0 .net "MEM_READ", 0 0, L_0128C228; 1 drivers
v01288670_0 .net "MEM_WRITE", 0 0, L_0128C458; 1 drivers
v01288930_0 .net "MEM_WRITE_DATA", 31 0, L_0128C180; 1 drivers
v01287EE0_0 .net "MUX1_SELECT", 0 0, v01287018_0; 1 drivers
v01288568_0 .net "MUX2_SELECT", 0 0, v01286B48_0; 1 drivers
v01287F38_0 .net "MUX3_SELECT", 0 0, v01286EB8_0; 1 drivers
v012886C8_0 .net "PC", 31 0, v012874E8_0; 1 drivers
v012887D0_0 .net "READ_DATA", 31 0, C4<zzzzzzzzzzzzzzzzzzzzzzzzzzzzzzzz>; 0 drivers
v012885C0_0 .net "REGWRITE_ENABLE", 0 0, v01286DB0_0; 1 drivers
v01288148_0 .net "RESET", 0 0, C4<z>; 0 drivers
v01287E88_0 .net "WB_ADDRESS", 4 0, C4<zzzzz>; 0 drivers
v01287FE8_0 .net "WRITE_DATA", 31 0, C4<zzzzzzzzzzzzzzzzzzzzzzzzzzzzzzzz>; 0 drivers
v01288720_0 .net *"_s0", 32 0, L_0128A2B8; 1 drivers
v01288778_0 .net *"_s3", 0 0, C4<0>; 1 drivers
v01287F90_0 .net *"_s4", 32 0, C4<000000000000000000000000000000100>; 1 drivers
v01288040_0 .net *"_s6", 32 0, L_0128A940; 1 drivers
v012883B0_0 .net "branch_address", 31 0, L_0128A578; 1 drivers
v01288300_0 .net "branch_enable", 0 0, L_0128C030; 1 drivers
v01288408_0 .net "extended_imm_value", 31 0, v01286178_0; 1 drivers
L_0128A2B8 .concat [ 32 1 0 0], v012874E8_0, C4<0>;
L_0128A940 .arith/sum 33, L_0128A2B8, C4<000000000000000000000000000000100>;
L_0128A578 .part L_0128A940, 0, 32;
L_0128A5D0 .part C4<zzzzzzzzzzzzzzzzzzzzzzzzzzzzzzzz>, 15, 5;
L_0128A680 .part C4<zzzzzzzzzzzzzzzzzzzzzzzzzzzzzzzz>, 20, 5;
S_0124BD78 .scope module, "pc_module" "program_counter" 2 30, 3 4, S_0124AFA8;
 .timescale -9 -10;
P_01241B04 .param/l "PC_INCREMENT" 3 13, +C4<0100>;
v012867D8_0 .net *"_s0", 32 0, L_0128A050; 1 drivers
v01286830_0 .net *"_s3", 0 0, C4<0>; 1 drivers
v01286888_0 .net *"_s4", 32 0, C4<000000000000000000000000000000100>; 1 drivers
v01286990_0 .net *"_s6", 32 0, L_0128A100; 1 drivers
v01286CA8_0 .alias "branch_address", 31 0, v012883B0_0;
v01286BF8_0 .alias "branch_enable", 0 0, v01288300_0;
v01286D00_0 .alias "clock", 0 0, v01287228_0;
v01286D58_0 .net "incremented_pc", 31 0, L_0128A788; 1 drivers
v01287280_0 .net "next_pc", 31 0, v01286938_0; 1 drivers
v012874E8_0 .var "pc", 31 0;
v01287178_0 .alias "reset", 0 0, v01288148_0;
L_0128A050 .concat [ 32 1 0 0], v012874E8_0, C4<0>;
L_0128A100 .arith/sum 33, L_0128A050, C4<000000000000000000000000000000100>;
L_0128A788 .part L_0128A100, 0, 32;
S_0124C570 .scope module, "u_mux_2x1_32bit" "mux_2x1_32bit" 3 23, 4 2, S_0124BD78;
 .timescale -9 -10;
v012866D0_0 .alias "IN0", 31 0, v01286D58_0;
v01286BA0_0 .alias "IN1", 31 0, v012883B0_0;
v01286938_0 .var "OUT", 31 0;
v01286728_0 .alias "SELECT", 0 0, v01288300_0;
E_01241AA0 .event edge, v01286728_0, v01286BA0_0, v012866D0_0;
S_0124C460 .scope module, "cu" "controlUnit" 2 51, 5 143, S_0124AFA8;
 .timescale -9 -10;
v01287070_0 .var "ALUOP", 4 0;
v01286E08_0 .var "BRANCH", 0 0;
v01286A98_0 .var "FUNCT3", 2 0;
v012868E0_0 .var "FUNCT7", 6 0;
v01286E60_0 .var "IMMEDIATE", 2 0;
v012870C8_0 .alias "INSTRUCTION", 31 0, v012872D8_0;
v01286C50_0 .var "JAL", 0 0;
v01286F68_0 .var "JUMP", 0 0;
v01286AF0_0 .var "MEMORYREAD", 0 0;
v01286FC0_0 .var "MEMORYWRITE", 0 0;
v01287018_0 .var "MUX1", 0 0;
v01286B48_0 .var "MUX2", 0 0;
v01286EB8_0 .var "MUX3", 0 0;
v01287120_0 .var "OPCODE", 7 0;
v01286DB0_0 .var "REGISTERWRITE", 0 0;
v01286678_0 .var "TWOSCOMP", 0 0;
E_012419E0 .event edge, v01286018_0;
S_0124C130 .scope module, "regfile" "Register_file" 2 71, 6 1, S_0124AFA8;
 .timescale -9 -10;
v01286070_0 .net "ADRS1", 4 0, L_0128A5D0; 1 drivers
v01286280_0 .net "ADRS2", 4 0, L_0128A680; 1 drivers
v012862D8_0 .alias "CLK", 0 0, v01287228_0;
v012860C8_0 .var "DATA1", 31 0;
v01285EB8_0 .var "DATA2", 31 0;
v01285F10_0 .alias "DATA_OUT1", 31 0, v01287540_0;
v01286120_0 .alias "DATA_OUT2", 31 0, v012873E0_0;
v01285F68 .array "REGISTER_FILE", 0 31, 31 0;
v01285FC0_0 .alias "RESET", 0 0, v01288148_0;
v01286780_0 .alias "WB_ADDRESS", 4 0, v01287E88_0;
v012869E8_0 .alias "WRITE_DATA", 31 0, v01287FE8_0;
v01286F10_0 .alias "WRITE_ENABLE", 0 0, v012885C0_0;
v01286A40_0 .var/i "i", 31 0;
v01285F68_0 .array/port v01285F68, 0;
v01285F68_1 .array/port v01285F68, 1;
v01285F68_2 .array/port v01285F68, 2;
E_012419C0/0 .event edge, v01286070_0, v01285F68_0, v01285F68_1, v01285F68_2;
v01285F68_3 .array/port v01285F68, 3;
v01285F68_4 .array/port v01285F68, 4;
v01285F68_5 .array/port v01285F68, 5;
v01285F68_6 .array/port v01285F68, 6;
E_012419C0/1 .event edge, v01285F68_3, v01285F68_4, v01285F68_5, v01285F68_6;
v01285F68_7 .array/port v01285F68, 7;
v01285F68_8 .array/port v01285F68, 8;
v01285F68_9 .array/port v01285F68, 9;
v01285F68_10 .array/port v01285F68, 10;
E_012419C0/2 .event edge, v01285F68_7, v01285F68_8, v01285F68_9, v01285F68_10;
v01285F68_11 .array/port v01285F68, 11;
v01285F68_12 .array/port v01285F68, 12;
v01285F68_13 .array/port v01285F68, 13;
v01285F68_14 .array/port v01285F68, 14;
E_012419C0/3 .event edge, v01285F68_11, v01285F68_12, v01285F68_13, v01285F68_14;
v01285F68_15 .array/port v01285F68, 15;
v01285F68_16 .array/port v01285F68, 16;
v01285F68_17 .array/port v01285F68, 17;
v01285F68_18 .array/port v01285F68, 18;
E_012419C0/4 .event edge, v01285F68_15, v01285F68_16, v01285F68_17, v01285F68_18;
v01285F68_19 .array/port v01285F68, 19;
v01285F68_20 .array/port v01285F68, 20;
v01285F68_21 .array/port v01285F68, 21;
v01285F68_22 .array/port v01285F68, 22;
E_012419C0/5 .event edge, v01285F68_19, v01285F68_20, v01285F68_21, v01285F68_22;
v01285F68_23 .array/port v01285F68, 23;
v01285F68_24 .array/port v01285F68, 24;
v01285F68_25 .array/port v01285F68, 25;
v01285F68_26 .array/port v01285F68, 26;
E_012419C0/6 .event edge, v01285F68_23, v01285F68_24, v01285F68_25, v01285F68_26;
v01285F68_27 .array/port v01285F68, 27;
v01285F68_28 .array/port v01285F68, 28;
v01285F68_29 .array/port v01285F68, 29;
v01285F68_30 .array/port v01285F68, 30;
E_012419C0/7 .event edge, v01285F68_27, v01285F68_28, v01285F68_29, v01285F68_30;
v01285F68_31 .array/port v01285F68, 31;
E_012419C0/8 .event edge, v01285F68_31, v01286280_0;
E_012419C0 .event/or E_012419C0/0, E_012419C0/1, E_012419C0/2, E_012419C0/3, E_012419C0/4, E_012419C0/5, E_012419C0/6, E_012419C0/7, E_012419C0/8;
E_01241AE0 .event posedge, v01285FC0_0, v012862D8_0;
S_0124C5F8 .scope module, "immex" "immediate_extend" 2 83, 7 42, S_0124AFA8;
 .timescale -9 -10;
v01285468_0 .net "B_imm_1", 0 0, L_0128AAA0; 1 drivers
v01285990_0 .net "B_imm_2", 0 0, L_0128AA48; 1 drivers
v01285570_0 .net "B_imm_3", 5 0, L_0128AB50; 1 drivers
v01285BF8_0 .net "B_imm_4", 3 0, L_0128A9F0; 1 drivers
v01285938_0 .net "I_imm", 11 0, L_0128AD60; 1 drivers
v01285C50_0 .net "J_imm_1", 0 0, L_0128ADB8; 1 drivers
v012859E8_0 .net "J_imm_2", 7 0, L_0128A998; 1 drivers
v01285A40_0 .net "J_imm_3", 0 0, L_0128ACB0; 1 drivers
v01285E08_0 .net "J_imm_4", 9 0, L_0128AAF8; 1 drivers
v01285360_0 .net "S_imm_1", 6 0, L_0128AC00; 1 drivers
v01285E60_0 .net "S_imm_2", 4 0, L_0128AC58; 1 drivers
v01286228_0 .net "U_imm", 19 0, L_01289E98; 1 drivers
v01286178_0 .var "extended_imm_value", 31 0;
v012861D0_0 .alias "imm_select", 2 0, v01287438_0;
v01286018_0 .alias "imm_value", 31 0, v012872D8_0;
E_01241A60/0 .event edge, v012861D0_0, v01286228_0, v01285938_0, v01285360_0;
E_01241A60/1 .event edge, v01285E60_0, v01285468_0, v01285990_0, v01285570_0;
E_01241A60/2 .event edge, v01285BF8_0, v01285C50_0, v012859E8_0, v01285A40_0;
E_01241A60/3 .event edge, v01285E08_0;
E_01241A60 .event/or E_01241A60/0, E_01241A60/1, E_01241A60/2, E_01241A60/3;
L_01289E98 .part C4<zzzzzzzzzzzzzzzzzzzzzzzzzzzzzzzz>, 12, 20;
L_0128AD60 .part C4<zzzzzzzzzzzzzzzzzzzzzzzzzzzzzzzz>, 20, 12;
L_0128AC00 .part C4<zzzzzzzzzzzzzzzzzzzzzzzzzzzzzzzz>, 25, 7;
L_0128AC58 .part C4<zzzzzzzzzzzzzzzzzzzzzzzzzzzzzzzz>, 7, 5;
L_0128AAA0 .part C4<zzzzzzzzzzzzzzzzzzzzzzzzzzzzzzzz>, 31, 1;
L_0128AA48 .part C4<zzzzzzzzzzzzzzzzzzzzzzzzzzzzzzzz>, 7, 1;
L_0128AB50 .part C4<zzzzzzzzzzzzzzzzzzzzzzzzzzzzzzzz>, 25, 6;
L_0128A9F0 .part C4<zzzzzzzzzzzzzzzzzzzzzzzzzzzzzzzz>, 8, 4;
L_0128ADB8 .part C4<zzzzzzzzzzzzzzzzzzzzzzzzzzzzzzzz>, 31, 1;
L_0128A998 .part C4<zzzzzzzzzzzzzzzzzzzzzzzzzzzzzzzz>, 12, 8;
L_0128ACB0 .part C4<zzzzzzzzzzzzzzzzzzzzzzzzzzzzzzzz>, 20, 1;
L_0128AAF8 .part C4<zzzzzzzzzzzzzzzzzzzzzzzzzzzzzzzz>, 21, 10;
S_0124B0B8 .scope module, "alu" "ALU" 2 93, 8 145, S_0124AFA8;
 .timescale -9 -10;
v01285830_0 .alias "DATA1", 31 0, v01287540_0;
v012857D8_0 .alias "DATA2", 31 0, v012873E0_0;
v01285D00_0 .var "RESULT", 31 0;
v01285A98_0 .net "Result_add", 31 0, L_0128AE10; 1 drivers
v01285AF0_0 .net "Result_and", 31 0, L_01287DB8; 1 drivers
v01285678_0 .net "Result_div", 31 0, L_0128B658; 1 drivers
v012858E0_0 .net "Result_mul", 31 0, L_0128B918; 1 drivers
v01285B48_0 .net "Result_mulh", 31 0, L_0128B4F8; 1 drivers
v01285BA0_0 .net "Result_mulhsu", 31 0, L_0128BA78; 1 drivers
v012853B8_0 .net "Result_mulhu", 31 0, L_0128B080; 1 drivers
v012855C8_0 .net "Result_or", 31 0, L_01287DF0; 1 drivers
v01285CA8_0 .net "Result_rem", 31 0, L_0128B2E8; 1 drivers
v01285620_0 .net "Result_remu", 31 0, L_0128B708; 1 drivers
v012856D0_0 .net "Result_sll", 31 0, L_0128AD08; 1 drivers
v01285D58_0 .net "Result_slt", 31 0, L_0128B5A8; 1 drivers
v01285728_0 .net "Result_sltu", 31 0, L_0128B448; 1 drivers
v012854C0_0 .net "Result_srl", 31 0, L_0128B550; 1 drivers
v01285780_0 .net "Result_xor", 31 0, L_01287728; 1 drivers
v01285518_0 .alias "SELECT", 4 0, v01287388_0;
v01285410_0 .var "ZERO", 0 0;
E_01241620/0 .event edge, v01285518_0, v01285888_0, v012850C0_0, v01285010_0;
E_01241620/1 .event edge, v01285170_0, v01284E00_0, v01284B40_0, v012847D0_0;
E_01241620/2 .event edge, v01284778_0, v012849E0_0, v01284568_0, v01284670_0;
E_01241620/3 .event edge, v01284BF0_0, v01249BC8_0, v01249CD0_0, v01249AC0_0;
E_01241620 .event/or E_01241620/0, E_01241620/1, E_01241620/2, E_01241620/3;
S_0124C240 .scope module, "add0" "ADD_module" 8 162, 8 4, S_0124B0B8;
 .timescale -9 -10;
v012851C8_0 .alias "operand_A", 31 0, v01287540_0;
v01285118_0 .alias "operand_B", 31 0, v012873E0_0;
v01285888_0 .alias "result", 31 0, v01285A98_0;
L_0128AE10 .delay (20,20,20) L_0128AE10/d;
L_0128AE10/d .arith/sum 32, v012860C8_0, v01285EB8_0;
S_0124C818 .scope module, "sll0" "SLL_module" 8 164, 8 12, S_0124B0B8;
 .timescale -9 -10;
v01285278_0 .alias "operand_A", 31 0, v01287540_0;
v01285068_0 .alias "operand_B", 31 0, v012873E0_0;
v012850C0_0 .alias "result", 31 0, v012856D0_0;
L_0128AD08 .delay (20,20,20) L_0128AD08/d;
L_0128AD08/d .shift/l 32, v012860C8_0, v01285EB8_0;
S_0124BE88 .scope module, "slt0" "SLT_module" 8 165, 8 20, S_0124B0B8;
 .timescale -9 -10;
v01284FB8_0 .net *"_s0", 0 0, L_0128ABA8; 1 drivers
v01284EB0_0 .net/s *"_s2", 31 0, C4<00000000000000000000000000000001>; 1 drivers
v01284F60_0 .net/s *"_s4", 31 0, C4<00000000000000000000000000000000>; 1 drivers
v01285220_0 .alias/s "operand_A", 31 0, v01287540_0;
v01284F08_0 .alias/s "operand_B", 31 0, v012873E0_0;
v01285010_0 .alias "result", 31 0, v01285D58_0;
L_0128ABA8 .cmp/gt.s 32, v01285EB8_0, v012860C8_0;
L_0128B5A8 .functor MUXZ 32, C4<00000000000000000000000000000000>, C4<00000000000000000000000000000001>, L_0128ABA8, C4<>;
S_0124BB58 .scope module, "sltu0" "SLTU_module" 8 166, 8 28, S_0124B0B8;
 .timescale -9 -10;
v012848D8_0 .net *"_s0", 0 0, L_0128B3F0; 1 drivers
v012844B8_0 .net/s *"_s2", 31 0, C4<00000000000000000000000000000001>; 1 drivers
v01284510_0 .net/s *"_s4", 31 0, C4<00000000000000000000000000000000>; 1 drivers
v01284E58_0 .alias "operand_A", 31 0, v01287540_0;
v012852D0_0 .alias "operand_B", 31 0, v012873E0_0;
v01285170_0 .alias "result", 31 0, v01285728_0;
L_0128B3F0 .cmp/gt 32, v01285EB8_0, v012860C8_0;
L_0128B448 .functor MUXZ 32, C4<00000000000000000000000000000000>, C4<00000000000000000000000000000001>, L_0128B3F0, C4<>;
S_0124BCF0 .scope module, "xor0" "XOR_module" 8 167, 8 37, S_0124B0B8;
 .timescale -9 -10;
L_01287728/d .functor XOR 32, v012860C8_0, v01285EB8_0, C4<00000000000000000000000000000000>, C4<00000000000000000000000000000000>;
L_01287728 .delay (20,20,20) L_01287728/d;
v01284828_0 .alias "operand_A", 31 0, v01287540_0;
v01284DA8_0 .alias "operand_B", 31 0, v012873E0_0;
v01284E00_0 .alias "result", 31 0, v01285780_0;
S_0124BBE0 .scope module, "srl0" "SRL_module" 8 168, 8 46, S_0124B0B8;
 .timescale -9 -10;
v01284CF8_0 .alias "operand_A", 31 0, v01287540_0;
v01284D50_0 .alias "operand_B", 31 0, v012873E0_0;
v01284B40_0 .alias "result", 31 0, v012854C0_0;
L_0128B550 .delay (20,20,20) L_0128B550/d;
L_0128B550/d .shift/r 32, v012860C8_0, v01285EB8_0;
S_0124BC68 .scope module, "or0" "OR_module" 8 170, 8 55, S_0124B0B8;
 .timescale -9 -10;
L_01287DF0/d .functor OR 32, v012860C8_0, v01285EB8_0, C4<00000000000000000000000000000000>, C4<00000000000000000000000000000000>;
L_01287DF0 .delay (20,20,20) L_01287DF0/d;
v01284720_0 .alias "operand_A", 31 0, v01287540_0;
v01284460_0 .alias "operand_B", 31 0, v012873E0_0;
v012847D0_0 .alias "result", 31 0, v012855C8_0;
S_0124C3D8 .scope module, "and0" "AND_module" 8 171, 8 64, S_0124B0B8;
 .timescale -9 -10;
L_01287DB8/d .functor AND 32, v012860C8_0, v01285EB8_0, C4<11111111111111111111111111111111>, C4<11111111111111111111111111111111>;
L_01287DB8 .delay (20,20,20) L_01287DB8/d;
v01284930_0 .alias "operand_A", 31 0, v01287540_0;
v01284A38_0 .alias "operand_B", 31 0, v012873E0_0;
v01284778_0 .alias "result", 31 0, v01285AF0_0;
S_0124B828 .scope module, "mul0" "MUL_module" 8 172, 8 73, S_0124B0B8;
 .timescale -9 -10;
v01284618_0 .alias "operand_A", 31 0, v01287540_0;
v01284B98_0 .alias "operand_B", 31 0, v012873E0_0;
v01284880_0 .net "product", 63 0, L_0128B0D8; 1 drivers
v012849E0_0 .alias "result", 31 0, v012858E0_0;
L_0128B0D8 .delay (20,20,20) L_0128B0D8/d;
L_0128B0D8/d .arith/mult 64, v012860C8_0, v01285EB8_0;
L_0128B918 .part L_0128B0D8, 0, 32;
S_0124B7A0 .scope module, "mulh0" "MULH_module" 8 173, 8 84, S_0124B0B8;
 .timescale -9 -10;
v012845C0_0 .net/s *"_s0", 63 0, L_0128B238; 1 drivers
v01284CA0_0 .net/s *"_s2", 63 0, L_0128B600; 1 drivers
v01284C48_0 .alias/s "operand_A", 31 0, v01287540_0;
v012843B0_0 .alias/s "operand_B", 31 0, v012873E0_0;
v01284408_0 .net "product", 63 0, L_0128B970; 1 drivers
v01284568_0 .alias "result", 31 0, v01285B48_0;
L_0128B238 .extend/s 64, v012860C8_0;
L_0128B600 .extend/s 64, v01285EB8_0;
L_0128B970 .delay (20,20,20) L_0128B970/d;
L_0128B970/d .arith/mult 64, L_0128B238, L_0128B600;
L_0128B4F8 .part L_0128B970, 32, 32;
S_0124B690 .scope module, "mulhsu0" "MULHSU_module" 8 174, 8 95, S_0124B0B8;
 .timescale -9 -10;
v012846C8_0 .net *"_s0", 63 0, L_0128B6B0; 1 drivers
v01284988_0 .net *"_s3", 31 0, C4<00000000000000000000000000000000>; 1 drivers
v01284358_0 .alias/s "operand_A", 31 0, v01287540_0;
v01284A90_0 .alias "operand_B", 31 0, v012873E0_0;
v01284AE8_0 .net "product", 63 0, L_0128B7B8; 1 drivers
v01284670_0 .alias "result", 31 0, v01285BA0_0;
L_0128B6B0 .concat [ 32 32 0 0], v012860C8_0, C4<00000000000000000000000000000000>;
L_0128B7B8 .delay (20,20,20) L_0128B7B8/d;
L_0128B7B8/d .arith/mult 64, L_0128B6B0, v01285EB8_0;
L_0128BA78 .part L_0128B7B8, 32, 32;
S_0124B250 .scope module, "mulhu0" "MULHU_module" 8 175, 8 106, S_0124B0B8;
 .timescale -9 -10;
v01249D80_0 .alias "operand_A", 31 0, v01287540_0;
v01249DD8_0 .alias "operand_B", 31 0, v012873E0_0;
v012499B8_0 .net "product", 63 0, L_0128B4A0; 1 drivers
v01284BF0_0 .alias "result", 31 0, v012853B8_0;
L_0128B4A0 .delay (20,20,20) L_0128B4A0/d;
L_0128B4A0/d .arith/mult 64, v012860C8_0, v01285EB8_0;
L_0128B080 .part L_0128B4A0, 32, 32;
S_0124B1C8 .scope module, "div0" "DIV_module" 8 176, 8 117, S_0124B0B8;
 .timescale -9 -10;
v01249960_0 .alias "operand_A", 31 0, v01287540_0;
v01249C78_0 .alias "operand_B", 31 0, v012873E0_0;
v01249BC8_0 .alias "result", 31 0, v01285678_0;
L_0128B658 .delay (20,20,20) L_0128B658/d;
L_0128B658/d .arith/div 32, v012860C8_0, v01285EB8_0;
S_0124B140 .scope module, "rem0" "REM_module" 8 177, 8 126, S_0124B0B8;
 .timescale -9 -10;
v01249A68_0 .alias/s "operand_A", 31 0, v01287540_0;
v01249800_0 .alias/s "operand_B", 31 0, v012873E0_0;
v01249CD0_0 .alias/s "result", 31 0, v01285CA8_0;
L_0128B2E8 .delay (20,20,20) L_0128B2E8/d;
L_0128B2E8/d .arith/mod.s 32, v012860C8_0, v01285EB8_0;
S_0124AF20 .scope module, "remu0" "REMU_module" 8 178, 8 135, S_0124B0B8;
 .timescale -9 -10;
v01249D28_0 .alias "operand_A", 31 0, v01287540_0;
v01249750_0 .alias "operand_B", 31 0, v012873E0_0;
v01249AC0_0 .alias "result", 31 0, v01285620_0;
L_0128B708 .delay (20,20,20) L_0128B708/d;
L_0128B708/d .arith/mod 32, v012860C8_0, v01285EB8_0;
S_0124AD88 .scope module, "EX_MEM" "EX_MEM" 9 3;
 .timescale -9 -10;
v01288828_0 .net "ALUUD_IN", 31 0, C4<zzzzzzzzzzzzzzzzzzzzzzzzzzzzzzzz>; 0 drivers
v012882A8_0 .var "ALUUD_OUT", 31 0;
v01288098_0 .net "BUSYWAIT", 0 0, C4<z>; 0 drivers
v01288358_0 .net "CLK", 0 0, C4<z>; 0 drivers
v01288460_0 .net "DATA2_IN", 31 0, C4<zzzzzzzzzzzzzzzzzzzzzzzzzzzzzzzz>; 0 drivers
v012881A0_0 .var "DATA2_OUT", 31 0;
v012881F8_0 .net "FUNC3_IN", 2 0, C4<zzz>; 0 drivers
v01288880_0 .var "FUNC3_OUT", 2 0;
v012884B8_0 .net "MEM_READ_IN", 0 0, C4<z>; 0 drivers
v01288510_0 .var "MEM_READ_OUT", 0 0;
v01288D50_0 .net "MEM_WRITE_IN", 0 0, C4<z>; 0 drivers
v012889E0_0 .var "MEM_WRITE_OUT", 0 0;
v01288988_0 .net "MUX3_SELECT_IN", 0 0, C4<z>; 0 drivers
v01288CF8_0 .var "MUX3_SELECT_OUT", 0 0;
v01288BF0_0 .net "RD_IN", 4 0, C4<zzzzz>; 0 drivers
v01288C48_0 .var "RD_OUT", 4 0;
v01288DA8_0 .net "REGWRITE_ENABLE_IN", 0 0, C4<z>; 0 drivers
v01288E00_0 .var "REGWRITE_ENABLE_OUT", 0 0;
v01288CA0_0 .net "RESET", 0 0, C4<z>; 0 drivers
E_01241B40 .event posedge, v01288358_0;
S_0124AD00 .scope module, "ID_EX" "ID_EX" 10 2;
 .timescale -9 -10;
v01288A90_0 .net "ALU_IN", 4 0, C4<zzzzz>; 0 drivers
v01288AE8_0 .var "ALU_OUT", 4 0;
v01288B40_0 .net "BRANCH_IN", 0 0, C4<z>; 0 drivers
v01288B98_0 .var "BRANCH_OUT", 0 0;
v01288EE8_0 .net "BUSYWAIT", 0 0, C4<z>; 0 drivers
v012892B0_0 .net "CLK", 0 0, C4<z>; 0 drivers
v01288F40_0 .net "DATA1_IN", 31 0, C4<zzzzzzzzzzzzzzzzzzzzzzzzzzzzzzzz>; 0 drivers
v012896D0_0 .var "DATA1_OUT", 31 0;
v01289780_0 .net "DATA2_IN", 31 0, C4<zzzzzzzzzzzzzzzzzzzzzzzzzzzzzzzz>; 0 drivers
v012891A8_0 .var "DATA2_OUT", 31 0;
v012890A0_0 .net "FUNC3_IN", 2 0, C4<zzz>; 0 drivers
v012890F8_0 .var "FUNC3_OUT", 2 0;
v012897D8_0 .net "IMM_IN", 31 0, C4<zzzzzzzzzzzzzzzzzzzzzzzzzzzzzzzz>; 0 drivers
v01289200_0 .var "IMM_OUT", 31 0;
v01289360_0 .net "JAL_IN", 0 0, C4<z>; 0 drivers
v01289620_0 .var "JAL_OUT", 0 0;
v012898E0_0 .net "JUMP_IN", 0 0, C4<z>; 0 drivers
v01289678_0 .var "JUMP_OUT", 0 0;
v01289258_0 .net "MEMREAD_IN", 0 0, C4<z>; 0 drivers
v01289150_0 .var "MEMREAD_OUT", 0 0;
v01289728_0 .net "MEMWRITE_IN", 0 0, C4<z>; 0 drivers
v01289938_0 .var "MEMWRITE_OUT", 0 0;
v01288F98_0 .net "MUX1_IN", 0 0, C4<z>; 0 drivers
v01289570_0 .var "MUX1_OUT", 0 0;
v01288FF0_0 .net "MUX2_IN", 0 0, C4<z>; 0 drivers
v01289830_0 .var "MUX2_OUT", 0 0;
v01289888_0 .net "MUX3_IN", 0 0, C4<z>; 0 drivers
v01289518_0 .var "MUX3_OUT", 0 0;
v01289308_0 .net "PC_IN", 31 0, C4<zzzzzzzzzzzzzzzzzzzzzzzzzzzzzzzz>; 0 drivers
v012893B8_0 .var "PC_OUT", 31 0;
v01288E90_0 .net "PC_PLUS_FOUR_IN", 31 0, C4<zzzzzzzzzzzzzzzzzzzzzzzzzzzzzzzz>; 0 drivers
v012894C0_0 .var "PC_PLUS_FOUR_OUT", 31 0;
v01289048_0 .net "RD_IN", 4 0, C4<zzzzz>; 0 drivers
v01289410_0 .var "RD_OUT", 4 0;
v01289468_0 .net "REGWRITE_IN", 0 0, C4<z>; 0 drivers
v012895C8_0 .var "REGWRITE_OUT", 0 0;
v01289990_0 .net "RESET", 0 0, C4<z>; 0 drivers
v012899E8_0 .net "TWOSCOMP_IN", 0 0, C4<z>; 0 drivers
v01289C50_0 .var "TWOSCOMP_OUT", 0 0;
E_01241C60 .event posedge, v012892B0_0;
S_0124B470 .scope module, "IF_ID" "IF_ID" 11 3;
 .timescale -9 -10;
v01289CA8_0 .net "BUSYWAIT", 0 0, C4<z>; 0 drivers
v01289D58_0 .net "CLK", 0 0, C4<z>; 0 drivers
v01289BF8_0 .net "INSTRUCTION_IN", 31 0, C4<zzzzzzzzzzzzzzzzzzzzzzzzzzzzzzzz>; 0 drivers
v01289A40_0 .var "INSTRUCTION_OUT", 31 0;
v01289D00_0 .net "PC_IN", 31 0, C4<zzzzzzzzzzzzzzzzzzzzzzzzzzzzzzzz>; 0 drivers
v01289DB0_0 .var "PC_OUT", 31 0;
v01289A98_0 .net "PC_PLUS_FOUR_IN", 31 0, C4<zzzzzzzzzzzzzzzzzzzzzzzzzzzzzzzz>; 0 drivers
v01289E08_0 .var "PC_PLUS_FOUR_OUT", 31 0;
v01289AF0_0 .net "RESET", 0 0, C4<z>; 0 drivers
E_01241E40 .event posedge, v01289D58_0;
S_0124B030 .scope module, "MEM_WB" "MEM_WB" 12 3;
 .timescale -9 -10;
v01289B48_0 .net "ALUOUT_IN", 31 0, C4<zzzzzzzzzzzzzzzzzzzzzzzzzzzzzzzz>; 0 drivers
v01289BA0_0 .var "ALUOUT_OUT", 31 0;
v0128A628_0 .net "BUSYWAIT", 0 0, C4<z>; 0 drivers
v0128A0A8_0 .net "CLK", 0 0, C4<z>; 0 drivers
v0128A730_0 .net "MEM_IN", 31 0, C4<zzzzzzzzzzzzzzzzzzzzzzzzzzzzzzzz>; 0 drivers
v0128A6D8_0 .var "MEM_OUT", 31 0;
v0128A158_0 .net "MUX3_SELECT_IN", 0 0, C4<z>; 0 drivers
v0128A7E0_0 .var "MUX3_SELECT_OUT", 0 0;
v0128A470_0 .net "RD_IN", 4 0, C4<zzzzz>; 0 drivers
v0128A520_0 .var "RD_OUT", 4 0;
v0128A1B0_0 .net "REGWRITE_ENABLE_IN", 0 0, C4<z>; 0 drivers
v01289FF8_0 .var "REGWRITE_ENABLE_OUT", 0 0;
v0128A310_0 .net "RESET", 0 0, C4<z>; 0 drivers
E_01241D60 .event posedge, v0128A0A8_0;
S_0124B580 .scope module, "adder_32bit" "adder_32bit" 13 3;
 .timescale -9 -10;
v01289F48_0 .net "IN1", 31 0, C4<zzzzzzzzzzzzzzzzzzzzzzzzzzzzzzzz>; 0 drivers
v0128A838_0 .net "OUT", 31 0, L_0128B130; 1 drivers
v01289EF0_0 .net *"_s0", 31 0, C4<00000000000000000000000000000100>; 1 drivers
L_0128B130 .delay (10,10,10) L_0128B130/d;
L_0128B130/d .arith/sum 32, C4<zzzzzzzzzzzzzzzzzzzzzzzzzzzzzzzz>, C4<00000000000000000000000000000100>;
S_0124B608 .scope module, "mux_4x1_32bit" "mux_4x1_32bit" 14 3;
 .timescale -9 -10;
v01289FA0_0 .net "IN0", 31 0, C4<zzzzzzzzzzzzzzzzzzzzzzzzzzzzzzzz>; 0 drivers
v0128A3C0_0 .net "IN1", 31 0, C4<zzzzzzzzzzzzzzzzzzzzzzzzzzzzzzzz>; 0 drivers
v0128A890_0 .net "IN2", 31 0, C4<zzzzzzzzzzzzzzzzzzzzzzzzzzzzzzzz>; 0 drivers
v0128A208_0 .net "IN3", 31 0, C4<zzzzzzzzzzzzzzzzzzzzzzzzzzzzzzzz>; 0 drivers
v0128A260_0 .var "OUT", 31 0;
v0128A4C8_0 .net "SELECT", 1 0, C4<zz>; 0 drivers
E_01241DC0/0 .event edge, v0128A4C8_0, v0128A208_0, v0128A890_0, v0128A3C0_0;
E_01241DC0/1 .event edge, v01289FA0_0;
E_01241DC0 .event/or E_01241DC0/0, E_01241DC0/1;
S_0124AC78 .scope module, "twos_complement_selector" "twos_complement_selector" 15 7;
 .timescale -9 -10;
v0128A418_0 .net "DATA2", 31 0, C4<zzzzzzzzzzzzzzzzzzzzzzzzzzzzzzzz>; 0 drivers
v0128A368_0 .var "DATA2_OUT", 31 0;
v0128A8E8_0 .net "select", 0 0, C4<z>; 0 drivers
E_01241F20 .event edge, v0128A8E8_0, v0128A418_0;
    .scope S_0124C570;
T_0 ;
    %wait E_01241AA0;
    %load/v 8, v01286728_0, 1;
    %cmpi/u 8, 1, 1;
    %jmp/1 T_0.0, 6;
    %load/v 8, v012866D0_0, 32;
    %set/v v01286938_0, 8, 32;
    %jmp T_0.2;
T_0.0 ;
    %load/v 8, v01286BA0_0, 32;
    %set/v v01286938_0, 8, 32;
    %jmp T_0.2;
T_0.2 ;
    %jmp T_0;
    .thread T_0, $push;
    .scope S_0124BD78;
T_1 ;
    %wait E_01241AE0;
    %load/v 8, v01287178_0, 1;
    %jmp/0xz  T_1.0, 8;
    %ix/load 0, 32, 0;
    %assign/v0 v012874E8_0, 0, 0;
    %jmp T_1.1;
T_1.0 ;
    %load/v 8, v01287280_0, 32;
    %ix/load 0, 32, 0;
    %assign/v0 v012874E8_0, 0, 8;
T_1.1 ;
    %jmp T_1;
    .thread T_1;
    .scope S_0124C460;
T_2 ;
    %wait E_012419E0;
    %load/v 8, v012870C8_0, 7; Select 7 out of 32 bits
    %mov 15, 0, 1;
    %set/v v01287120_0, 8, 8;
    %ix/load 1, 12, 0;
    %mov 4, 0, 1;
    %jmp/1 T_2.0, 4;
    %load/x1p 8, v012870C8_0, 3;
    %jmp T_2.1;
T_2.0 ;
    %mov 8, 2, 3;
T_2.1 ;
; Save base=8 wid=3 in lookaside.
    %set/v v01286A98_0, 8, 3;
    %ix/load 1, 25, 0;
    %mov 4, 0, 1;
    %jmp/1 T_2.2, 4;
    %load/x1p 8, v012870C8_0, 7;
    %jmp T_2.3;
T_2.2 ;
    %mov 8, 2, 7;
T_2.3 ;
; Save base=8 wid=7 in lookaside.
    %set/v v012868E0_0, 8, 7;
    %load/v 8, v01287120_0, 8;
    %cmpi/u 8, 51, 8;
    %jmp/1 T_2.4, 6;
    %cmpi/u 8, 3, 8;
    %jmp/1 T_2.5, 6;
    %cmpi/u 8, 19, 8;
    %jmp/1 T_2.6, 6;
    %cmpi/u 8, 103, 8;
    %jmp/1 T_2.7, 6;
    %cmpi/u 8, 35, 8;
    %jmp/1 T_2.8, 6;
    %cmpi/u 8, 23, 8;
    %jmp/1 T_2.9, 6;
    %cmpi/u 8, 55, 8;
    %jmp/1 T_2.10, 6;
    %cmpi/u 8, 99, 8;
    %jmp/1 T_2.11, 6;
    %cmpi/u 8, 111, 8;
    %jmp/1 T_2.12, 6;
    %jmp T_2.13;
T_2.4 ;
    %load/v 8, v01286A98_0, 3;
    %cmpi/u 8, 0, 3;
    %jmp/1 T_2.14, 6;
    %jmp T_2.15;
T_2.14 ;
    %load/v 8, v012868E0_0, 7;
    %cmpi/u 8, 0, 7;
    %jmp/1 T_2.16, 6;
    %cmpi/u 8, 32, 7;
    %jmp/1 T_2.17, 6;
    %cmpi/u 8, 59, 7;
    %jmp/1 T_2.18, 6;
    %jmp T_2.19;
T_2.16 ;
    %load/v 8, v01286A98_0, 3;
    %mov 11, 0, 2;
    %cassign/v v01287070_0, 8, 5;
    %cassign/v v01287018_0, 1, 1;
    %cassign/v v01286B48_0, 1, 1;
    %cassign/v v01286EB8_0, 0, 1;
    %cassign/v v01286DB0_0, 1, 1;
    %cassign/v v01286FC0_0, 0, 1;
    %cassign/v v01286AF0_0, 0, 1;
    %cassign/v v01286E08_0, 0, 1;
    %cassign/v v01286F68_0, 0, 1;
    %cassign/v v01286C50_0, 0, 1;
    %cassign/v v01286E60_0, 0, 3;
    %cassign/v v01286678_0, 0, 1;
    %jmp T_2.19;
T_2.17 ;
    %load/v 13, v01286A98_0, 3;
    %mov 16, 0, 2;
    %cassign/v v01287070_0, 13, 5;
    %cassign/v v01287018_0, 1, 1;
    %cassign/v v01286B48_0, 1, 1;
    %cassign/v v01286EB8_0, 0, 1;
    %cassign/v v01286DB0_0, 1, 1;
    %cassign/v v01286FC0_0, 0, 1;
    %cassign/v v01286AF0_0, 0, 1;
    %cassign/v v01286E08_0, 0, 1;
    %cassign/v v01286F68_0, 0, 1;
    %cassign/v v01286C50_0, 0, 1;
    %cassign/v v01286E60_0, 0, 3;
    %cassign/v v01286678_0, 1, 1;
    %jmp T_2.19;
T_2.18 ;
    %load/v 18, v01286A98_0, 3;
    %movi 23, 1, 2;
    %mov 21, 23, 2;
    %cassign/v v01287070_0, 18, 5;
    %cassign/v v01287018_0, 1, 1;
    %cassign/v v01286B48_0, 1, 1;
    %cassign/v v01286EB8_0, 0, 1;
    %cassign/v v01286DB0_0, 1, 1;
    %cassign/v v01286FC0_0, 0, 1;
    %cassign/v v01286AF0_0, 0, 1;
    %cassign/v v01286E08_0, 0, 1;
    %cassign/v v01286F68_0, 0, 1;
    %cassign/v v01286C50_0, 0, 1;
    %cassign/v v01286E60_0, 0, 3;
    %cassign/v v01286678_0, 0, 1;
    %jmp T_2.19;
T_2.19 ;
    %jmp T_2.15;
T_2.15 ;
    %jmp T_2.13;
T_2.5 ;
    %movi 23, 16, 5;
    %cassign/v v01287070_0, 23, 5;
    %cassign/v v01287018_0, 1, 1;
    %cassign/v v01286B48_0, 1, 1;
    %cassign/v v01286EB8_0, 1, 1;
    %cassign/v v01286DB0_0, 1, 1;
    %cassign/v v01286FC0_0, 1, 1;
    %cassign/v v01286AF0_0, 0, 1;
    %cassign/v v01286E08_0, 0, 1;
    %cassign/v v01286F68_0, 0, 1;
    %cassign/v v01286C50_0, 0, 1;
    %movi 28, 1, 3;
    %cassign/v v01286E60_0, 28, 3;
    %cassign/v v01286678_0, 0, 1;
    %jmp T_2.13;
T_2.6 ;
    %load/v 31, v01286A98_0, 3;
    %mov 34, 0, 2;
    %cassign/v v01287070_0, 31, 5;
    %cassign/v v01287018_0, 1, 1;
    %cassign/v v01286B48_0, 0, 1;
    %cassign/v v01286EB8_0, 0, 1;
    %cassign/v v01286DB0_0, 1, 1;
    %cassign/v v01286FC0_0, 0, 1;
    %cassign/v v01286AF0_0, 0, 1;
    %cassign/v v01286E08_0, 0, 1;
    %cassign/v v01286F68_0, 0, 1;
    %cassign/v v01286C50_0, 0, 1;
    %load/v 36, v01286A98_0, 3;
    %cmpi/u 36, 0, 3;
    %jmp/1 T_2.20, 6;
    %cmpi/u 36, 1, 3;
    %jmp/1 T_2.21, 6;
    %cmpi/u 36, 2, 3;
    %jmp/1 T_2.22, 6;
    %cmpi/u 36, 3, 3;
    %jmp/1 T_2.23, 6;
    %cmpi/u 36, 4, 3;
    %jmp/1 T_2.24, 6;
    %cmpi/u 36, 5, 3;
    %jmp/1 T_2.25, 6;
    %cmpi/u 36, 6, 3;
    %jmp/1 T_2.26, 6;
    %cmpi/u 36, 7, 3;
    %jmp/1 T_2.27, 6;
    %jmp T_2.28;
T_2.20 ;
    %movi 36, 1, 3;
    %cassign/v v01286E60_0, 36, 3;
    %jmp T_2.28;
T_2.21 ;
    %movi 39, 1, 3;
    %cassign/v v01286E60_0, 39, 3;
    %jmp T_2.28;
T_2.22 ;
    %movi 42, 1, 3;
    %cassign/v v01286E60_0, 42, 3;
    %jmp T_2.28;
T_2.23 ;
    %movi 45, 1, 3;
    %cassign/v v01286E60_0, 45, 3;
    %jmp T_2.28;
T_2.24 ;
    %movi 48, 1, 3;
    %cassign/v v01286E60_0, 48, 3;
    %jmp T_2.28;
T_2.25 ;
    %movi 51, 2, 3;
    %cassign/v v01286E60_0, 51, 3;
    %jmp T_2.28;
T_2.26 ;
    %movi 54, 1, 3;
    %cassign/v v01286E60_0, 54, 3;
    %jmp T_2.28;
T_2.27 ;
    %movi 57, 1, 3;
    %cassign/v v01286E60_0, 57, 3;
    %jmp T_2.28;
T_2.28 ;
    %load/v 60, v01286A98_0, 3;
    %cmpi/u 60, 0, 3;
    %jmp/1 T_2.29, 6;
    %cmpi/u 60, 1, 3;
    %jmp/1 T_2.30, 6;
    %cmpi/u 60, 2, 3;
    %jmp/1 T_2.31, 6;
    %cmpi/u 60, 3, 3;
    %jmp/1 T_2.32, 6;
    %cmpi/u 60, 4, 3;
    %jmp/1 T_2.33, 6;
    %cmpi/u 60, 5, 3;
    %jmp/1 T_2.34, 6;
    %cmpi/u 60, 6, 3;
    %jmp/1 T_2.35, 6;
    %cmpi/u 60, 7, 3;
    %jmp/1 T_2.36, 6;
    %jmp T_2.37;
T_2.29 ;
    %cassign/v v01286678_0, 0, 1;
    %jmp T_2.37;
T_2.30 ;
    %cassign/v v01286678_0, 0, 1;
    %jmp T_2.37;
T_2.31 ;
    %cassign/v v01286678_0, 0, 1;
    %jmp T_2.37;
T_2.32 ;
    %cassign/v v01286678_0, 0, 1;
    %jmp T_2.37;
T_2.33 ;
    %cassign/v v01286678_0, 0, 1;
    %jmp T_2.37;
T_2.34 ;
    %load/v 60, v012868E0_0, 7;
    %cmpi/u 60, 0, 7;
    %jmp/1 T_2.38, 6;
    %cmpi/u 60, 32, 7;
    %jmp/1 T_2.39, 6;
    %jmp T_2.40;
T_2.38 ;
    %cassign/v v01286678_0, 0, 1;
    %jmp T_2.40;
T_2.39 ;
    %cassign/v v01286678_0, 1, 1;
    %jmp T_2.40;
T_2.40 ;
    %jmp T_2.37;
T_2.35 ;
    %cassign/v v01286678_0, 0, 1;
    %jmp T_2.37;
T_2.36 ;
    %cassign/v v01286678_0, 0, 1;
    %jmp T_2.37;
T_2.37 ;
    %jmp T_2.13;
T_2.7 ;
    %cassign/v v01287070_0, 0, 5;
    %cassign/v v01287018_0, 1, 1;
    %cassign/v v01286B48_0, 0, 1;
    %cassign/v v01286EB8_0, 0, 1;
    %cassign/v v01286DB0_0, 1, 1;
    %cassign/v v01286FC0_0, 0, 1;
    %cassign/v v01286AF0_0, 0, 1;
    %cassign/v v01286E08_0, 0, 1;
    %cassign/v v01286F68_0, 1, 1;
    %cassign/v v01286C50_0, 0, 1;
    %movi 60, 1, 3;
    %cassign/v v01286E60_0, 60, 3;
    %cassign/v v01286678_0, 0, 1;
    %jmp T_2.13;
T_2.8 ;
    %cassign/v v01287070_0, 0, 5;
    %cassign/v v01287018_0, 1, 1;
    %cassign/v v01286B48_0, 1, 1;
    %cassign/v v01286EB8_0, 0, 1;
    %cassign/v v01286DB0_0, 0, 1;
    %cassign/v v01286FC0_0, 1, 1;
    %cassign/v v01286AF0_0, 0, 1;
    %cassign/v v01286E08_0, 0, 1;
    %cassign/v v01286F68_0, 0, 1;
    %cassign/v v01286C50_0, 0, 1;
    %movi 63, 3, 3;
    %cassign/v v01286E60_0, 63, 3;
    %cassign/v v01286678_0, 0, 1;
    %jmp T_2.13;
T_2.9 ;
    %cassign/v v01287070_0, 0, 5;
    %cassign/v v01287018_0, 0, 1;
    %cassign/v v01286B48_0, 0, 1;
    %cassign/v v01286EB8_0, 0, 1;
    %cassign/v v01286DB0_0, 1, 1;
    %cassign/v v01286FC0_0, 0, 1;
    %cassign/v v01286AF0_0, 0, 1;
    %cassign/v v01286E08_0, 0, 1;
    %cassign/v v01286F68_0, 0, 1;
    %cassign/v v01286C50_0, 0, 1;
    %cassign/v v01286E60_0, 0, 3;
    %cassign/v v01286678_0, 0, 1;
    %jmp T_2.13;
T_2.10 ;
    %movi 66, 16, 5;
    %cassign/v v01287070_0, 66, 5;
    %cassign/v v01287018_0, 0, 1;
    %cassign/v v01286B48_0, 0, 1;
    %cassign/v v01286EB8_0, 0, 1;
    %cassign/v v01286DB0_0, 1, 1;
    %cassign/v v01286FC0_0, 0, 1;
    %cassign/v v01286AF0_0, 0, 1;
    %cassign/v v01286E08_0, 0, 1;
    %cassign/v v01286F68_0, 0, 1;
    %cassign/v v01286C50_0, 0, 1;
    %cassign/v v01286E60_0, 0, 3;
    %cassign/v v01286678_0, 0, 1;
    %jmp T_2.13;
T_2.11 ;
    %load/v 71, v01286A98_0, 3;
    %cmpi/u 71, 0, 3;
    %jmp/1 T_2.41, 6;
    %cmpi/u 71, 1, 3;
    %jmp/1 T_2.42, 6;
    %cmpi/u 71, 4, 3;
    %jmp/1 T_2.43, 6;
    %cmpi/u 71, 5, 3;
    %jmp/1 T_2.44, 6;
    %cmpi/u 71, 6, 3;
    %jmp/1 T_2.45, 6;
    %cmpi/u 71, 7, 3;
    %jmp/1 T_2.46, 6;
    %jmp T_2.47;
T_2.41 ;
    %cassign/v v01287070_0, 0, 5;
    %jmp T_2.47;
T_2.42 ;
    %cassign/v v01287070_0, 0, 5;
    %jmp T_2.47;
T_2.43 ;
    %movi 71, 2, 5;
    %cassign/v v01287070_0, 71, 5;
    %jmp T_2.47;
T_2.44 ;
    %movi 76, 2, 5;
    %cassign/v v01287070_0, 76, 5;
    %jmp T_2.47;
T_2.45 ;
    %movi 81, 3, 5;
    %cassign/v v01287070_0, 81, 5;
    %jmp T_2.47;
T_2.46 ;
    %movi 86, 3, 5;
    %cassign/v v01287070_0, 86, 5;
    %jmp T_2.47;
T_2.47 ;
    %cassign/v v01287018_0, 1, 1;
    %cassign/v v01286B48_0, 0, 1;
    %cassign/v v01286EB8_0, 0, 1;
    %cassign/v v01286DB0_0, 0, 1;
    %cassign/v v01286FC0_0, 0, 1;
    %cassign/v v01286AF0_0, 0, 1;
    %cassign/v v01286E08_0, 1, 1;
    %cassign/v v01286F68_0, 0, 1;
    %cassign/v v01286C50_0, 1, 1;
    %movi 91, 4, 3;
    %cassign/v v01286E60_0, 91, 3;
    %load/v 94, v01286A98_0, 3;
    %cmpi/u 94, 0, 3;
    %jmp/1 T_2.48, 6;
    %cmpi/u 94, 1, 3;
    %jmp/1 T_2.49, 6;
    %cmpi/u 94, 4, 3;
    %jmp/1 T_2.50, 6;
    %cmpi/u 94, 5, 3;
    %jmp/1 T_2.51, 6;
    %cmpi/u 94, 6, 3;
    %jmp/1 T_2.52, 6;
    %cmpi/u 94, 7, 3;
    %jmp/1 T_2.53, 6;
    %jmp T_2.54;
T_2.48 ;
    %cassign/v v01286678_0, 1, 1;
    %jmp T_2.54;
T_2.49 ;
    %cassign/v v01286678_0, 1, 1;
    %jmp T_2.54;
T_2.50 ;
    %cassign/v v01286678_0, 0, 1;
    %jmp T_2.54;
T_2.51 ;
    %cassign/v v01286678_0, 0, 1;
    %jmp T_2.54;
T_2.52 ;
    %cassign/v v01286678_0, 0, 1;
    %jmp T_2.54;
T_2.53 ;
    %cassign/v v01286678_0, 0, 1;
    %jmp T_2.54;
T_2.54 ;
    %jmp T_2.13;
T_2.12 ;
    %cassign/v v01287070_0, 0, 5;
    %cassign/v v01287018_0, 0, 1;
    %cassign/v v01286B48_0, 0, 1;
    %cassign/v v01286EB8_0, 0, 1;
    %cassign/v v01286DB0_0, 1, 1;
    %cassign/v v01286FC0_0, 0, 1;
    %cassign/v v01286AF0_0, 0, 1;
    %cassign/v v01286E08_0, 0, 1;
    %cassign/v v01286F68_0, 1, 1;
    %cassign/v v01286C50_0, 1, 1;
    %movi 94, 5, 3;
    %cassign/v v01286E60_0, 94, 3;
    %cassign/v v01286678_0, 0, 1;
    %jmp T_2.13;
T_2.13 ;
    %jmp T_2;
    .thread T_2, $push;
    .scope S_0124C130;
T_3 ;
    %wait E_01241AE0;
    %load/v 97, v01285FC0_0, 1;
    %jmp/0xz  T_3.0, 97;
    %set/v v01286A40_0, 0, 32;
T_3.2 ;
    %load/v 97, v01286A40_0, 32;
   %cmpi/s 97, 32, 32;
    %jmp/0xz T_3.3, 5;
    %ix/getv/s 3, v01286A40_0;
    %jmp/1 t_0, 4;
    %ix/load 0, 32, 0; word width
    %ix/load 1, 0, 0; part off
    %assign/av v01285F68, 0, 0;
t_0 ;
    %ix/load 0, 1, 0;
    %load/vp0/s 97, v01286A40_0, 32;
    %set/v v01286A40_0, 97, 32;
    %jmp T_3.2;
T_3.3 ;
    %jmp T_3.1;
T_3.0 ;
    %load/v 97, v01286F10_0, 1;
    %jmp/0xz  T_3.4, 97;
    %load/v 97, v012869E8_0, 32;
    %ix/getv 3, v01286780_0;
    %jmp/1 t_1, 4;
    %ix/load 0, 32, 0; word width
    %ix/load 1, 0, 0; part off
    %assign/av v01285F68, 0, 97;
t_1 ;
T_3.4 ;
T_3.1 ;
    %jmp T_3;
    .thread T_3;
    .scope S_0124C130;
T_4 ;
    %wait E_012419C0;
    %ix/getv 3, v01286070_0;
    %load/av 97, v01285F68, 32;
    %set/v v012860C8_0, 97, 32;
    %ix/getv 3, v01286280_0;
    %load/av 97, v01285F68, 32;
    %set/v v01285EB8_0, 97, 32;
    %jmp T_4;
    .thread T_4, $push;
    .scope S_0124C5F8;
T_5 ;
    %wait E_01241A60;
    %load/v 97, v012861D0_0, 3;
    %cmpi/u 97, 0, 3;
    %jmp/1 T_5.0, 6;
    %cmpi/u 97, 1, 3;
    %jmp/1 T_5.1, 6;
    %cmpi/u 97, 2, 3;
    %jmp/1 T_5.2, 6;
    %cmpi/u 97, 3, 3;
    %jmp/1 T_5.3, 6;
    %cmpi/u 97, 4, 3;
    %jmp/1 T_5.4, 6;
    %cmpi/u 97, 5, 3;
    %jmp/1 T_5.5, 6;
    %set/v v01286178_0, 0, 32;
    %jmp T_5.7;
T_5.0 ;
    %mov 97, 0, 12;
    %load/v 109, v01286228_0, 20;
    %set/v v01286178_0, 97, 32;
    %jmp T_5.7;
T_5.1 ;
    %load/v 97, v01285938_0, 12;
    %ix/load 1, 11, 0;
    %mov 4, 0, 1;
    %jmp/1 T_5.8, 4;
    %load/x1p 149, v01285938_0, 1;
    %jmp T_5.9;
T_5.8 ;
    %mov 149, 2, 1;
T_5.9 ;
    %mov 129, 149, 1; Move signal select into place
    %mov 148, 129, 1; Repetition 20
    %mov 147, 129, 1; Repetition 19
    %mov 146, 129, 1; Repetition 18
    %mov 145, 129, 1; Repetition 17
    %mov 144, 129, 1; Repetition 16
    %mov 143, 129, 1; Repetition 15
    %mov 142, 129, 1; Repetition 14
    %mov 141, 129, 1; Repetition 13
    %mov 140, 129, 1; Repetition 12
    %mov 139, 129, 1; Repetition 11
    %mov 138, 129, 1; Repetition 10
    %mov 137, 129, 1; Repetition 9
    %mov 136, 129, 1; Repetition 8
    %mov 135, 129, 1; Repetition 7
    %mov 134, 129, 1; Repetition 6
    %mov 133, 129, 1; Repetition 5
    %mov 132, 129, 1; Repetition 4
    %mov 131, 129, 1; Repetition 3
    %mov 130, 129, 1; Repetition 2
    %mov 109, 129, 20;
    %set/v v01286178_0, 97, 32;
    %jmp T_5.7;
T_5.2 ;
    %load/v 129, v01285938_0, 5; Select 5 out of 12 bits
    %ix/load 1, 10, 0;
    %mov 4, 0, 1;
    %jmp/1 T_5.10, 4;
    %load/x1p 135, v01285938_0, 1;
    %jmp T_5.11;
T_5.10 ;
    %mov 135, 2, 1;
T_5.11 ;
    %mov 134, 135, 1; Move signal select into place
    %mov 97, 129, 6;
    %mov 103, 0, 26;
    %set/v v01286178_0, 97, 32;
    %jmp T_5.7;
T_5.3 ;
    %load/v 129, v01285E60_0, 5;
    %load/v 134, v01285360_0, 7;
    %mov 97, 129, 12;
    %mov 109, 0, 20;
    %set/v v01286178_0, 97, 32;
    %jmp T_5.7;
T_5.4 ;
    %mov 97, 0, 1;
    %load/v 98, v01285BF8_0, 4;
    %load/v 102, v01285570_0, 6;
    %load/v 108, v01285990_0, 1;
    %load/v 129, v01285468_0, 1;
    %mov 148, 129, 1; Repetition 20
    %mov 147, 129, 1; Repetition 19
    %mov 146, 129, 1; Repetition 18
    %mov 145, 129, 1; Repetition 17
    %mov 144, 129, 1; Repetition 16
    %mov 143, 129, 1; Repetition 15
    %mov 142, 129, 1; Repetition 14
    %mov 141, 129, 1; Repetition 13
    %mov 140, 129, 1; Repetition 12
    %mov 139, 129, 1; Repetition 11
    %mov 138, 129, 1; Repetition 10
    %mov 137, 129, 1; Repetition 9
    %mov 136, 129, 1; Repetition 8
    %mov 135, 129, 1; Repetition 7
    %mov 134, 129, 1; Repetition 6
    %mov 133, 129, 1; Repetition 5
    %mov 132, 129, 1; Repetition 4
    %mov 131, 129, 1; Repetition 3
    %mov 130, 129, 1; Repetition 2
    %mov 109, 129, 20;
    %set/v v01286178_0, 97, 32;
    %jmp T_5.7;
T_5.5 ;
    %mov 97, 0, 1;
    %load/v 98, v01285E08_0, 10;
    %load/v 108, v01285A40_0, 1;
    %load/v 109, v012859E8_0, 8;
    %load/v 129, v01285C50_0, 1;
    %mov 140, 129, 1; Repetition 12
    %mov 139, 129, 1; Repetition 11
    %mov 138, 129, 1; Repetition 10
    %mov 137, 129, 1; Repetition 9
    %mov 136, 129, 1; Repetition 8
    %mov 135, 129, 1; Repetition 7
    %mov 134, 129, 1; Repetition 6
    %mov 133, 129, 1; Repetition 5
    %mov 132, 129, 1; Repetition 4
    %mov 131, 129, 1; Repetition 3
    %mov 130, 129, 1; Repetition 2
    %mov 117, 129, 12;
    %set/v v01286178_0, 97, 32;
    %jmp T_5.7;
T_5.7 ;
    %jmp T_5;
    .thread T_5, $push;
    .scope S_0124B0B8;
T_6 ;
    %wait E_01241620;
    %load/v 97, v01285518_0, 5;
    %cmpi/u 97, 0, 5;
    %jmp/1 T_6.0, 6;
    %cmpi/u 97, 1, 5;
    %jmp/1 T_6.1, 6;
    %cmpi/u 97, 2, 5;
    %jmp/1 T_6.2, 6;
    %cmpi/u 97, 3, 5;
    %jmp/1 T_6.3, 6;
    %cmpi/u 97, 4, 5;
    %jmp/1 T_6.4, 6;
    %cmpi/u 97, 5, 5;
    %jmp/1 T_6.5, 6;
    %cmpi/u 97, 6, 5;
    %jmp/1 T_6.6, 6;
    %cmpi/u 97, 7, 5;
    %jmp/1 T_6.7, 6;
    %cmpi/u 97, 8, 5;
    %jmp/1 T_6.8, 6;
    %cmpi/u 97, 9, 5;
    %jmp/1 T_6.9, 6;
    %cmpi/u 97, 10, 5;
    %jmp/1 T_6.10, 6;
    %cmpi/u 97, 11, 5;
    %jmp/1 T_6.11, 6;
    %cmpi/u 97, 12, 5;
    %jmp/1 T_6.12, 6;
    %cmpi/u 97, 13, 5;
    %jmp/1 T_6.13, 6;
    %cmpi/u 97, 15, 5;
    %jmp/1 T_6.14, 6;
    %set/v v01285D00_0, 0, 32;
    %jmp T_6.16;
T_6.0 ;
    %load/v 97, v01285A98_0, 32;
    %set/v v01285D00_0, 97, 32;
    %jmp T_6.16;
T_6.1 ;
    %load/v 97, v012856D0_0, 32;
    %set/v v01285D00_0, 97, 32;
    %jmp T_6.16;
T_6.2 ;
    %load/v 97, v01285D58_0, 32;
    %set/v v01285D00_0, 97, 32;
    %jmp T_6.16;
T_6.3 ;
    %load/v 97, v01285728_0, 32;
    %set/v v01285D00_0, 97, 32;
    %jmp T_6.16;
T_6.4 ;
    %load/v 97, v01285780_0, 32;
    %set/v v01285D00_0, 97, 32;
    %jmp T_6.16;
T_6.5 ;
    %load/v 97, v012854C0_0, 32;
    %set/v v01285D00_0, 97, 32;
    %jmp T_6.16;
T_6.6 ;
    %load/v 97, v012855C8_0, 32;
    %set/v v01285D00_0, 97, 32;
    %jmp T_6.16;
T_6.7 ;
    %load/v 97, v01285AF0_0, 32;
    %set/v v01285D00_0, 97, 32;
    %jmp T_6.16;
T_6.8 ;
    %load/v 97, v012858E0_0, 32;
    %set/v v01285D00_0, 97, 32;
    %jmp T_6.16;
T_6.9 ;
    %load/v 97, v01285B48_0, 32;
    %set/v v01285D00_0, 97, 32;
    %jmp T_6.16;
T_6.10 ;
    %load/v 97, v01285BA0_0, 32;
    %set/v v01285D00_0, 97, 32;
    %jmp T_6.16;
T_6.11 ;
    %load/v 97, v012853B8_0, 32;
    %set/v v01285D00_0, 97, 32;
    %jmp T_6.16;
T_6.12 ;
    %load/v 97, v01285678_0, 32;
    %set/v v01285D00_0, 97, 32;
    %jmp T_6.16;
T_6.13 ;
    %load/v 97, v01285CA8_0, 32;
    %set/v v01285D00_0, 97, 32;
    %jmp T_6.16;
T_6.14 ;
    %load/v 97, v01285620_0, 32;
    %set/v v01285D00_0, 97, 32;
    %jmp T_6.16;
T_6.16 ;
    %load/v 97, v01285A98_0, 32;
    %cmpi/u 97, 0, 32;
    %jmp/0xz  T_6.17, 4;
    %set/v v01285410_0, 1, 1;
T_6.17 ;
    %jmp T_6;
    .thread T_6, $push;
    .scope S_0124AD88;
T_7 ;
    %wait E_01241B40;
    %load/v 97, v01288CA0_0, 1;
    %jmp/0xz  T_7.0, 97;
    %set/v v01288510_0, 0, 1;
    %set/v v01288510_0, 0, 1;
    %set/v v01288CF8_0, 0, 1;
    %set/v v01288E00_0, 0, 1;
    %set/v v012882A8_0, 0, 32;
    %set/v v012881A0_0, 0, 32;
    %set/v v01288880_0, 0, 3;
    %set/v v01288C48_0, 0, 5;
    %jmp T_7.1;
T_7.0 ;
    %load/v 97, v01288098_0, 1;
    %cmpi/u 97, 0, 1;
    %jmp/0xz  T_7.2, 4;
    %delay 20, 0;
    %load/v 97, v012884B8_0, 1;
    %ix/load 0, 1, 0;
    %assign/v0 v01288510_0, 0, 97;
    %load/v 97, v01288D50_0, 1;
    %ix/load 0, 1, 0;
    %assign/v0 v012889E0_0, 0, 97;
    %load/v 97, v01288988_0, 1;
    %ix/load 0, 1, 0;
    %assign/v0 v01288CF8_0, 0, 97;
    %load/v 97, v01288DA8_0, 1;
    %ix/load 0, 1, 0;
    %assign/v0 v01288E00_0, 0, 97;
    %load/v 97, v01288828_0, 32;
    %ix/load 0, 32, 0;
    %assign/v0 v012882A8_0, 0, 97;
    %load/v 97, v01288460_0, 32;
    %ix/load 0, 32, 0;
    %assign/v0 v012881A0_0, 0, 97;
    %load/v 97, v012881F8_0, 3;
    %ix/load 0, 3, 0;
    %assign/v0 v01288880_0, 0, 97;
    %load/v 97, v01288BF0_0, 5;
    %ix/load 0, 5, 0;
    %assign/v0 v01288C48_0, 0, 97;
T_7.2 ;
T_7.1 ;
    %jmp T_7;
    .thread T_7;
    .scope S_0124AD00;
T_8 ;
    %wait E_01241C60;
    %load/v 97, v01289990_0, 1;
    %jmp/0xz  T_8.0, 97;
    %set/v v012893B8_0, 0, 32;
    %set/v v012894C0_0, 0, 32;
    %set/v v01289200_0, 0, 32;
    %set/v v012896D0_0, 0, 32;
    %set/v v012891A8_0, 0, 32;
    %set/v v012890F8_0, 0, 3;
    %set/v v01289410_0, 0, 5;
    %set/v v01288AE8_0, 0, 5;
    %set/v v01289570_0, 0, 1;
    %set/v v01289830_0, 0, 1;
    %set/v v01289518_0, 0, 1;
    %set/v v012895C8_0, 0, 1;
    %set/v v01289938_0, 0, 1;
    %set/v v01289150_0, 0, 1;
    %set/v v01288B98_0, 0, 1;
    %set/v v01289678_0, 0, 1;
    %set/v v01289620_0, 0, 1;
    %set/v v01289C50_0, 0, 1;
    %jmp T_8.1;
T_8.0 ;
    %delay 20, 0;
    %load/v 97, v012897D8_0, 32;
    %ix/load 0, 32, 0;
    %assign/v0 v01289200_0, 0, 97;
    %load/v 97, v01288E90_0, 32;
    %ix/load 0, 32, 0;
    %assign/v0 v012894C0_0, 0, 97;
    %load/v 97, v01289308_0, 32;
    %ix/load 0, 32, 0;
    %assign/v0 v012893B8_0, 0, 97;
    %load/v 97, v01288F40_0, 32;
    %ix/load 0, 32, 0;
    %assign/v0 v012896D0_0, 0, 97;
    %load/v 97, v01289780_0, 32;
    %ix/load 0, 32, 0;
    %assign/v0 v012891A8_0, 0, 97;
    %load/v 97, v012890A0_0, 3;
    %ix/load 0, 3, 0;
    %assign/v0 v012890F8_0, 0, 97;
    %load/v 97, v01289048_0, 5;
    %ix/load 0, 5, 0;
    %assign/v0 v01289410_0, 0, 97;
    %load/v 97, v01288A90_0, 5;
    %ix/load 0, 5, 0;
    %assign/v0 v01288AE8_0, 0, 97;
    %load/v 97, v01288F98_0, 1;
    %ix/load 0, 1, 0;
    %assign/v0 v01289570_0, 0, 97;
    %load/v 97, v01288FF0_0, 1;
    %ix/load 0, 1, 0;
    %assign/v0 v01289830_0, 0, 97;
    %load/v 97, v01289888_0, 1;
    %ix/load 0, 1, 0;
    %assign/v0 v01289518_0, 0, 97;
    %load/v 97, v01289468_0, 1;
    %ix/load 0, 1, 0;
    %assign/v0 v012895C8_0, 0, 97;
    %load/v 97, v01289728_0, 1;
    %ix/load 0, 1, 0;
    %assign/v0 v01289938_0, 0, 97;
    %load/v 97, v01289258_0, 1;
    %ix/load 0, 1, 0;
    %assign/v0 v01289150_0, 0, 97;
    %load/v 97, v01288B40_0, 1;
    %ix/load 0, 1, 0;
    %assign/v0 v01288B98_0, 0, 97;
    %load/v 97, v012898E0_0, 1;
    %ix/load 0, 1, 0;
    %assign/v0 v01289678_0, 0, 97;
    %load/v 97, v01289360_0, 1;
    %ix/load 0, 1, 0;
    %assign/v0 v01289620_0, 0, 97;
    %load/v 97, v012899E8_0, 1;
    %ix/load 0, 1, 0;
    %assign/v0 v01289C50_0, 0, 97;
T_8.1 ;
    %jmp T_8;
    .thread T_8;
    .scope S_0124B470;
T_9 ;
    %wait E_01241E40;
    %load/v 97, v01289AF0_0, 1;
    %jmp/0xz  T_9.0, 97;
    %set/v v01289DB0_0, 0, 32;
    %set/v v01289E08_0, 0, 32;
    %set/v v01289A40_0, 0, 32;
    %jmp T_9.1;
T_9.0 ;
    %load/v 97, v01289CA8_0, 1;
    %cmpi/u 97, 0, 1;
    %jmp/0xz  T_9.2, 4;
    %delay 20, 0;
    %load/v 97, v01289BF8_0, 32;
    %ix/load 0, 32, 0;
    %assign/v0 v01289A40_0, 0, 97;
    %load/v 97, v01289A98_0, 32;
    %ix/load 0, 32, 0;
    %assign/v0 v01289E08_0, 0, 97;
    %load/v 97, v01289D00_0, 32;
    %ix/load 0, 32, 0;
    %assign/v0 v01289DB0_0, 0, 97;
T_9.2 ;
T_9.1 ;
    %jmp T_9;
    .thread T_9;
    .scope S_0124B030;
T_10 ;
    %wait E_01241D60;
    %load/v 97, v0128A310_0, 1;
    %jmp/0xz  T_10.0, 97;
    %set/v v0128A7E0_0, 0, 1;
    %set/v v01289FF8_0, 0, 1;
    %set/v v01289BA0_0, 0, 32;
    %set/v v0128A6D8_0, 0, 32;
    %set/v v0128A520_0, 0, 5;
    %jmp T_10.1;
T_10.0 ;
    %load/v 97, v0128A628_0, 1;
    %cmpi/u 97, 0, 1;
    %jmp/0xz  T_10.2, 4;
    %delay 20, 0;
    %load/v 97, v0128A158_0, 1;
    %ix/load 0, 1, 0;
    %assign/v0 v0128A7E0_0, 0, 97;
    %load/v 97, v0128A1B0_0, 1;
    %ix/load 0, 1, 0;
    %assign/v0 v01289FF8_0, 0, 97;
    %load/v 97, v01289B48_0, 32;
    %ix/load 0, 32, 0;
    %assign/v0 v01289BA0_0, 0, 97;
    %load/v 97, v0128A730_0, 32;
    %ix/load 0, 32, 0;
    %assign/v0 v0128A6D8_0, 0, 97;
    %load/v 97, v0128A470_0, 5;
    %ix/load 0, 5, 0;
    %assign/v0 v0128A520_0, 0, 97;
T_10.2 ;
T_10.1 ;
    %jmp T_10;
    .thread T_10;
    .scope S_0124B608;
T_11 ;
    %wait E_01241DC0;
    %load/v 97, v0128A4C8_0, 2;
    %cmpi/u 97, 3, 2;
    %jmp/1 T_11.0, 6;
    %cmpi/u 97, 2, 2;
    %jmp/1 T_11.1, 6;
    %cmpi/u 97, 1, 2;
    %jmp/1 T_11.2, 6;
    %load/v 97, v01289FA0_0, 32;
    %set/v v0128A260_0, 97, 32;
    %jmp T_11.4;
T_11.0 ;
    %load/v 97, v0128A208_0, 32;
    %set/v v0128A260_0, 97, 32;
    %jmp T_11.4;
T_11.1 ;
    %load/v 97, v0128A890_0, 32;
    %set/v v0128A260_0, 97, 32;
    %jmp T_11.4;
T_11.2 ;
    %load/v 97, v0128A3C0_0, 32;
    %set/v v0128A260_0, 97, 32;
    %jmp T_11.4;
T_11.4 ;
    %jmp T_11;
    .thread T_11, $push;
    .scope S_0124AC78;
T_12 ;
    %wait E_01241F20;
    %load/v 97, v0128A8E8_0, 1;
    %mov 98, 0, 2;
    %cmpi/u 97, 1, 3;
    %jmp/0xz  T_12.0, 4;
    %load/v 97, v0128A418_0, 32;
    %mov 129, 0, 1;
    %inv 97, 33;
    %addi 97, 1, 33;
    %set/v v0128A368_0, 97, 32;
    %jmp T_12.1;
T_12.0 ;
    %load/v 97, v0128A418_0, 32;
    %set/v v0128A368_0, 97, 32;
T_12.1 ;
    %jmp T_12;
    .thread T_12, $push;
# The file index is used to find the file name in the following table.
:file_names 16;
    "N/A";
    "<interactive>";
    "cpu_ex.v";
    "./PC.v";
    "./mux_2x1_32bit.v";
    "./controlUnit.v";
    "./Register_file.v";
    "./immediate_extend.v";
    "./ALU.v";
    "./EX_MEM.v";
    "./ID_EX.v";
    "./IF_ID.v";
    "./MEM_WB.v";
    "./adder_32bit.v";
    "./mux_4x1_32bit.v";
    "./Twos_complement.v";
