#! /c/Source/iverilog-install/bin/vvp
:ivl_version "12.0 (devel)" "(s20150603-1110-g18392a46)";
:ivl_delay_selection "TYPICAL";
:vpi_time_precision - 10;
:vpi_module "C:\iverilog\lib\ivl\system.vpi";
:vpi_module "C:\iverilog\lib\ivl\vhdl_sys.vpi";
:vpi_module "C:\iverilog\lib\ivl\vhdl_textio.vpi";
:vpi_module "C:\iverilog\lib\ivl\v2005_math.vpi";
:vpi_module "C:\iverilog\lib\ivl\va_math.vpi";
S_0000021b99668290 .scope module, "CPU_tb" "CPU_tb" 2 4;
 .timescale -9 -10;
v0000021b996cb640_0 .var "BUSYWAIT", 0 0;
v0000021b996cbd20_0 .var "CLK", 0 0;
v0000021b996cc360_0 .var "INSTRUCTION", 31 0;
v0000021b996cb780_0 .net "MEM_ADDRESS", 31 0, v0000021b996cae90_0;  1 drivers
v0000021b996cbdc0_0 .net "MEM_READ", 0 0, v0000021b9965da10_0;  1 drivers
v0000021b996cccc0_0 .net "MEM_WRITE", 0 0, v0000021b9965bcb0_0;  1 drivers
v0000021b996cb320_0 .net "MEM_WRITE_DATA", 31 0, v0000021b9965d510_0;  1 drivers
v0000021b996ccae0_0 .var "PC", 31 0;
v0000021b996ccb80_0 .var "READ_DATA", 31 0;
v0000021b996ccf40_0 .var "RESET", 0 0;
S_0000021b99597ce0 .scope module, "cpu" "CPU" 2 12, 3 17 0, S_0000021b99668290;
 .timescale -9 -10;
    .port_info 0 /INPUT 32 "PC";
    .port_info 1 /INPUT 32 "INSTRUCTION";
    .port_info 2 /INPUT 1 "CLK";
    .port_info 3 /INPUT 1 "RESET";
    .port_info 4 /INPUT 32 "READ_DATA";
    .port_info 5 /INPUT 1 "BUSYWAIT";
    .port_info 6 /OUTPUT 1 "MEM_READ";
    .port_info 7 /OUTPUT 1 "MEM_WRITE";
    .port_info 8 /OUTPUT 32 "MEM_WRITE_DATA";
    .port_info 9 /OUTPUT 32 "MEM_ADDRESS";
v0000021b996ca850_0 .net "ALUOP", 4 0, v0000021b996c80c0_0;  1 drivers
v0000021b996c99f0_0 .net "ALUOP_OUT", 4 0, v0000021b9965c9d0_0;  1 drivers
v0000021b996c9810_0 .net "ALU_RESULT", 31 0, v0000021b996c48c0_0;  1 drivers
v0000021b996ca490_0 .net "ALU_ZERO", 0 0, v0000021b996c43c0_0;  1 drivers
v0000021b996c9310_0 .net "BRANCH", 0 0, v0000021b996c7b20_0;  1 drivers
v0000021b996ca2b0_0 .net "BRANCH_OUT", 0 0, v0000021b9965cc50_0;  1 drivers
v0000021b996ca8f0_0 .net "BUSYWAIT", 0 0, v0000021b996cb640_0;  1 drivers
v0000021b996ca530_0 .net "CLK", 0 0, v0000021b996cbd20_0;  1 drivers
v0000021b996c9630_0 .net "DATA1", 31 0, v0000021b9965c7f0_0;  1 drivers
v0000021b996ca0d0_0 .net "DATA1_OUT", 31 0, v0000021b9965ced0_0;  1 drivers
v0000021b996c98b0_0 .net "DATA2", 31 0, v0000021b9965c890_0;  1 drivers
v0000021b996ca710_0 .net "DATA2_OUT", 31 0, v0000021b995869a0_0;  1 drivers
v0000021b996ca170_0 .net "FUNC3_OUT", 2 0, v0000021b9963c9a0_0;  1 drivers
v0000021b996caf30_0 .net "FUNC3_OUT2", 2 0, v0000021b9965c070_0;  1 drivers
v0000021b996c9270_0 .net "IMMEDIATE", 2 0, v0000021b996c7620_0;  1 drivers
v0000021b996c9950_0 .net "INSTRUCTION", 31 0, v0000021b996cc360_0;  1 drivers
v0000021b996ca990_0 .net "INSTRUCTION_OUT", 31 0, v0000021b996bfb10_0;  1 drivers
v0000021b996caad0_0 .net "JAL", 0 0, v0000021b996c7bc0_0;  1 drivers
v0000021b996cab70_0 .net "JAL_OUT", 0 0, v0000021b996bf4d0_0;  1 drivers
v0000021b996cac10_0 .net "JAL_RESULT", 31 0, v0000021b996bff70_0;  1 drivers
v0000021b996c9b30_0 .net "JAL_RESULT2", 31 0, v0000021b9965cf70_0;  1 drivers
v0000021b996c9a90_0 .net "JAL_RESULT3", 31 0, v0000021b996be2b0_0;  1 drivers
v0000021b996c9590_0 .net "JUMP", 0 0, v0000021b996c7940_0;  1 drivers
v0000021b996c9bd0_0 .net "JUMP_OUT", 0 0, v0000021b996bfd90_0;  1 drivers
v0000021b996cacb0_0 .net "MEMREAD", 0 0, v0000021b996c73a0_0;  1 drivers
v0000021b996c9d10_0 .net "MEMREAD_OUT", 0 0, v0000021b996bf1b0_0;  1 drivers
v0000021b996cad50_0 .net "MEMWRITE", 0 0, v0000021b996c7a80_0;  1 drivers
v0000021b996cadf0_0 .net "MEMWRITE_OUT", 0 0, v0000021b996bfe30_0;  1 drivers
v0000021b996cae90_0 .var "MEM_ADDRESS", 31 0;
v0000021b996c9770_0 .net "MEM_READ", 0 0, v0000021b9965da10_0;  alias, 1 drivers
v0000021b996c9c70_0 .net "MEM_WRITE", 0 0, v0000021b9965bcb0_0;  alias, 1 drivers
v0000021b996c93b0_0 .net "MEM_WRITE_DATA", 31 0, v0000021b9965d510_0;  alias, 1 drivers
v0000021b996cafd0_0 .net "MUX1_SELECT", 0 0, v0000021b996c8ca0_0;  1 drivers
v0000021b996c9450_0 .net "MUX1_SELECT_OUT", 0 0, v0000021b996bf110_0;  1 drivers
v0000021b996ca350_0 .net "MUX2_SELECT", 0 0, v0000021b996c7d00_0;  1 drivers
v0000021b996cb070_0 .net "MUX2_SELECT_OUT", 0 0, v0000021b996bec10_0;  1 drivers
v0000021b996c9e50_0 .net "MUX3_SELECT", 0 0, v0000021b996c8b60_0;  1 drivers
v0000021b996c9f90_0 .net "MUX3_SELECT_OUT", 0 0, v0000021b996be350_0;  1 drivers
v0000021b996ca670_0 .net "MUX3_SELECT_OUT2", 0 0, v0000021b9965bdf0_0;  1 drivers
v0000021b996c94f0_0 .net "MUX3_SELECT_OUT3", 0 0, v0000021b996becb0_0;  1 drivers
v0000021b996ca030_0 .net "OUT1", 31 0, v0000021b996c8660_0;  1 drivers
v0000021b996ca3f0_0 .net "OUT2", 31 0, v0000021b996c7ee0_0;  1 drivers
v0000021b996c91d0_0 .net "OUT2_TWOSCOMP", 31 0, v0000021b996c9db0_0;  1 drivers
v0000021b996ca5d0_0 .net "PC", 31 0, v0000021b996ccae0_0;  1 drivers
v0000021b996cb820_0 .net "PC_OUT", 31 0, v0000021b996be670_0;  1 drivers
v0000021b996cd080_0 .net "PC_OUT2", 31 0, v0000021b996bf930_0;  1 drivers
v0000021b996cc5e0_0 .net "PC_PLUS_FOUR", 31 0, L_0000021b996cb960;  1 drivers
v0000021b996cb6e0_0 .net "PC_PLUS_FOUR_OUT", 31 0, v0000021b996bfa70_0;  1 drivers
v0000021b996cbb40_0 .net "PC_PLUS_FOUR_OUT2", 31 0, v0000021b996be7b0_0;  1 drivers
v0000021b996cb3c0_0 .net "RD_OUT", 4 0, v0000021b996bef30_0;  1 drivers
v0000021b996ccd60_0 .net "RD_OUT2", 4 0, v0000021b9965d830_0;  1 drivers
v0000021b996cc040_0 .net "READ_DATA", 31 0, v0000021b996ccb80_0;  1 drivers
v0000021b996cc680_0 .net "READ_DATA_OUT", 31 0, v0000021b996be990_0;  1 drivers
v0000021b996cb1e0_0 .net "REGWRITE_ENABLE", 0 0, v0000021b996c8d40_0;  1 drivers
v0000021b996cc4a0_0 .net "REGWRITE_ENABLE_OUT", 0 0, v0000021b996bf2f0_0;  1 drivers
v0000021b996cb280_0 .net "REGWRITE_ENABLE_OUT2", 0 0, v0000021b9965be90_0;  1 drivers
v0000021b996cc0e0_0 .net "RESET", 0 0, v0000021b996ccf40_0;  1 drivers
v0000021b996cce00_0 .net "TWOSCOMP", 0 0, v0000021b996c7580_0;  1 drivers
v0000021b996ccc20_0 .net "TWOSCOMP_OUT", 0 0, v0000021b996bf070_0;  1 drivers
v0000021b996cc720_0 .net "WB_ADDRESS", 4 0, v0000021b996c1b20_0;  1 drivers
v0000021b996cca40_0 .net "WRITE_DATA", 31 0, v0000021b996c1c60_0;  1 drivers
v0000021b996cbfa0_0 .net "WRITE_ENABLE", 0 0, v0000021b996c1bc0_0;  1 drivers
v0000021b996ccea0_0 .net "data1", 31 0, L_0000021b99659f30;  1 drivers
v0000021b996cc7c0_0 .net "data2", 31 0, L_0000021b9965ae10;  1 drivers
v0000021b996cb8c0_0 .net "extended_imm_value", 31 0, v0000021b996c8020_0;  1 drivers
v0000021b996cc860_0 .net "extended_imm_value_out", 31 0, v0000021b996bedf0_0;  1 drivers
E_0000021b99640c60 .event anyedge, v0000021b9965cf70_0;
L_0000021b996cb500 .part v0000021b996bfb10_0, 15, 5;
L_0000021b996cbbe0 .part v0000021b996bfb10_0, 20, 5;
L_0000021b99727480 .part v0000021b996bfb10_0, 12, 3;
L_0000021b997255e0 .part v0000021b996bfb10_0, 7, 5;
L_0000021b99725b80 .part v0000021b996bfb10_0, 15, 5;
L_0000021b99727980 .part v0000021b996bfb10_0, 20, 5;
S_0000021b99597e70 .scope module, "EX_MEMREG" "EX_MEM" 3 81, 4 3 0, S_0000021b99597ce0;
 .timescale -9 -10;
    .port_info 0 /INPUT 1 "CLK";
    .port_info 1 /INPUT 1 "RESET";
    .port_info 2 /INPUT 1 "BUSYWAIT";
    .port_info 3 /INPUT 1 "MEM_WRITE_IN";
    .port_info 4 /INPUT 1 "MEM_READ_IN";
    .port_info 5 /INPUT 1 "MUX3_SELECT_IN";
    .port_info 6 /INPUT 1 "REGWRITE_ENABLE_IN";
    .port_info 7 /INPUT 32 "ALUUD_IN";
    .port_info 8 /INPUT 32 "DATA2_IN";
    .port_info 9 /INPUT 3 "FUNC3_IN";
    .port_info 10 /INPUT 5 "RD_IN";
    .port_info 11 /OUTPUT 1 "MEM_WRITE_OUT";
    .port_info 12 /OUTPUT 1 "MEM_READ_OUT";
    .port_info 13 /OUTPUT 1 "MUX3_SELECT_OUT";
    .port_info 14 /OUTPUT 1 "REGWRITE_ENABLE_OUT";
    .port_info 15 /OUTPUT 32 "ALUUD_OUT";
    .port_info 16 /OUTPUT 32 "DATA2_OUT";
    .port_info 17 /OUTPUT 3 "FUNC3_OUT";
    .port_info 18 /OUTPUT 5 "RD_OUT";
v0000021b9965d6f0_0 .net "ALUUD_IN", 31 0, v0000021b996bff70_0;  alias, 1 drivers
v0000021b9965cf70_0 .var "ALUUD_OUT", 31 0;
v0000021b9965d790_0 .net "BUSYWAIT", 0 0, v0000021b996cb640_0;  alias, 1 drivers
v0000021b9965d3d0_0 .net "CLK", 0 0, v0000021b996cbd20_0;  alias, 1 drivers
v0000021b9965d010_0 .net "DATA2_IN", 31 0, v0000021b995869a0_0;  alias, 1 drivers
v0000021b9965d510_0 .var "DATA2_OUT", 31 0;
v0000021b9965c750_0 .net "FUNC3_IN", 2 0, v0000021b9963c9a0_0;  alias, 1 drivers
v0000021b9965c070_0 .var "FUNC3_OUT", 2 0;
v0000021b9965d970_0 .net "MEM_READ_IN", 0 0, v0000021b996bf1b0_0;  alias, 1 drivers
v0000021b9965da10_0 .var "MEM_READ_OUT", 0 0;
v0000021b9965dab0_0 .net "MEM_WRITE_IN", 0 0, v0000021b996bfe30_0;  alias, 1 drivers
v0000021b9965bcb0_0 .var "MEM_WRITE_OUT", 0 0;
v0000021b9965c430_0 .net "MUX3_SELECT_IN", 0 0, v0000021b996be350_0;  alias, 1 drivers
v0000021b9965bdf0_0 .var "MUX3_SELECT_OUT", 0 0;
v0000021b9965d5b0_0 .net "RD_IN", 4 0, v0000021b996bef30_0;  alias, 1 drivers
v0000021b9965d830_0 .var "RD_OUT", 4 0;
v0000021b9965d8d0_0 .net "REGWRITE_ENABLE_IN", 0 0, v0000021b996bf2f0_0;  alias, 1 drivers
v0000021b9965be90_0 .var "REGWRITE_ENABLE_OUT", 0 0;
v0000021b9965c2f0_0 .net "RESET", 0 0, v0000021b996ccf40_0;  alias, 1 drivers
E_0000021b99640ca0 .event posedge, v0000021b9965d3d0_0;
S_0000021b9938e8c0 .scope module, "FU" "Forwarding_Unit" 3 102, 5 1 0, S_0000021b99597ce0;
 .timescale -9 -10;
    .port_info 0 /INPUT 5 "rs1";
    .port_info 1 /INPUT 5 "rs2";
    .port_info 2 /INPUT 32 "data1";
    .port_info 3 /INPUT 32 "data2";
    .port_info 4 /INPUT 5 "rd1";
    .port_info 5 /INPUT 5 "rd2";
    .port_info 6 /INPUT 32 "EX_MEM_data";
    .port_info 7 /INPUT 32 "MEM_WB_data";
    .port_info 8 /OUTPUT 32 "rs1_out";
    .port_info 9 /OUTPUT 32 "rs2_out";
v0000021b9965d0b0_0 .net "EX_MEM_data", 31 0, v0000021b996bff70_0;  alias, 1 drivers
v0000021b9965cb10_0 .net "MEM_WB_data", 31 0, v0000021b9965cf70_0;  alias, 1 drivers
v0000021b9965c110_0 .net "data1", 31 0, L_0000021b99659f30;  alias, 1 drivers
v0000021b9965c390_0 .net "data2", 31 0, L_0000021b9965ae10;  alias, 1 drivers
v0000021b9965cbb0_0 .net "rd1", 4 0, v0000021b996bef30_0;  alias, 1 drivers
v0000021b9965c570_0 .net "rd2", 4 0, v0000021b9965d830_0;  alias, 1 drivers
v0000021b9965c6b0_0 .net "rs1", 4 0, L_0000021b99725b80;  1 drivers
v0000021b9965c7f0_0 .var "rs1_out", 31 0;
v0000021b9965c610_0 .net "rs2", 4 0, L_0000021b99727980;  1 drivers
v0000021b9965c890_0 .var "rs2_out", 31 0;
E_0000021b99640f20/0 .event anyedge, v0000021b9965d5b0_0, v0000021b9965c6b0_0, v0000021b9965d6f0_0, v0000021b9965d830_0;
E_0000021b99640f20/1 .event anyedge, v0000021b9965cf70_0, v0000021b9965c110_0, v0000021b9965c610_0, v0000021b9965c390_0;
E_0000021b99640f20 .event/or E_0000021b99640f20/0, E_0000021b99640f20/1;
S_0000021b9938ea50 .scope module, "ID_EXREG" "ID_EX" 3 56, 6 2 0, S_0000021b99597ce0;
 .timescale -9 -10;
    .port_info 0 /INPUT 1 "CLK";
    .port_info 1 /INPUT 1 "RESET";
    .port_info 2 /INPUT 1 "BUSYWAIT";
    .port_info 3 /INPUT 32 "PC_PLUS_FOUR_IN";
    .port_info 4 /INPUT 32 "PC_IN";
    .port_info 5 /INPUT 32 "IMM_IN";
    .port_info 6 /INPUT 32 "DATA1_IN";
    .port_info 7 /INPUT 32 "DATA2_IN";
    .port_info 8 /INPUT 3 "FUNC3_IN";
    .port_info 9 /INPUT 5 "RD_IN";
    .port_info 10 /INPUT 5 "ALU_IN";
    .port_info 11 /INPUT 1 "MUX1_IN";
    .port_info 12 /INPUT 1 "MUX2_IN";
    .port_info 13 /INPUT 1 "MUX3_IN";
    .port_info 14 /INPUT 1 "REGWRITE_IN";
    .port_info 15 /INPUT 1 "MEMWRITE_IN";
    .port_info 16 /INPUT 1 "MEMREAD_IN";
    .port_info 17 /INPUT 1 "BRANCH_IN";
    .port_info 18 /INPUT 1 "JUMP_IN";
    .port_info 19 /INPUT 1 "JAL_IN";
    .port_info 20 /INPUT 1 "TWOSCOMP_IN";
    .port_info 21 /OUTPUT 32 "PC_PLUS_FOUR_OUT";
    .port_info 22 /OUTPUT 32 "PC_OUT";
    .port_info 23 /OUTPUT 32 "IMM_OUT";
    .port_info 24 /OUTPUT 5 "ALU_OUT";
    .port_info 25 /OUTPUT 1 "MUX1_OUT";
    .port_info 26 /OUTPUT 1 "MUX2_OUT";
    .port_info 27 /OUTPUT 1 "MUX3_OUT";
    .port_info 28 /OUTPUT 1 "REGWRITE_OUT";
    .port_info 29 /OUTPUT 1 "MEMWRITE_OUT";
    .port_info 30 /OUTPUT 1 "MEMREAD_OUT";
    .port_info 31 /OUTPUT 1 "BRANCH_OUT";
    .port_info 32 /OUTPUT 1 "JUMP_OUT";
    .port_info 33 /OUTPUT 1 "JAL_OUT";
    .port_info 34 /OUTPUT 1 "TWOSCOMP_OUT";
    .port_info 35 /OUTPUT 32 "DATA1_OUT";
    .port_info 36 /OUTPUT 32 "DATA2_OUT";
    .port_info 37 /OUTPUT 3 "FUNC3_OUT";
    .port_info 38 /OUTPUT 5 "RD_OUT";
v0000021b9965c930_0 .net "ALU_IN", 4 0, v0000021b996c80c0_0;  alias, 1 drivers
v0000021b9965c9d0_0 .var "ALU_OUT", 4 0;
v0000021b9965ca70_0 .net "BRANCH_IN", 0 0, v0000021b996c7b20_0;  alias, 1 drivers
v0000021b9965cc50_0 .var "BRANCH_OUT", 0 0;
v0000021b9965ccf0_0 .net "BUSYWAIT", 0 0, v0000021b996cb640_0;  alias, 1 drivers
v0000021b9965cd90_0 .net "CLK", 0 0, v0000021b996cbd20_0;  alias, 1 drivers
v0000021b9965ce30_0 .net "DATA1_IN", 31 0, v0000021b9965c7f0_0;  alias, 1 drivers
v0000021b9965ced0_0 .var "DATA1_OUT", 31 0;
v0000021b99586900_0 .net "DATA2_IN", 31 0, v0000021b9965c890_0;  alias, 1 drivers
v0000021b995869a0_0 .var "DATA2_OUT", 31 0;
v0000021b9963baa0_0 .net "FUNC3_IN", 2 0, L_0000021b99727480;  1 drivers
v0000021b9963c9a0_0 .var "FUNC3_OUT", 2 0;
v0000021b996bf890_0 .net "IMM_IN", 31 0, v0000021b996c8020_0;  alias, 1 drivers
v0000021b996bedf0_0 .var "IMM_OUT", 31 0;
v0000021b996bf6b0_0 .net "JAL_IN", 0 0, v0000021b996c7bc0_0;  alias, 1 drivers
v0000021b996bf4d0_0 .var "JAL_OUT", 0 0;
v0000021b996bf750_0 .net "JUMP_IN", 0 0, v0000021b996c7940_0;  alias, 1 drivers
v0000021b996bfd90_0 .var "JUMP_OUT", 0 0;
v0000021b996bee90_0 .net "MEMREAD_IN", 0 0, v0000021b996c73a0_0;  alias, 1 drivers
v0000021b996bf1b0_0 .var "MEMREAD_OUT", 0 0;
v0000021b996be170_0 .net "MEMWRITE_IN", 0 0, v0000021b996c7a80_0;  alias, 1 drivers
v0000021b996bfe30_0 .var "MEMWRITE_OUT", 0 0;
v0000021b996befd0_0 .net "MUX1_IN", 0 0, v0000021b996c8ca0_0;  alias, 1 drivers
v0000021b996bf110_0 .var "MUX1_OUT", 0 0;
v0000021b996be530_0 .net "MUX2_IN", 0 0, v0000021b996c7d00_0;  alias, 1 drivers
v0000021b996bec10_0 .var "MUX2_OUT", 0 0;
v0000021b996bf250_0 .net "MUX3_IN", 0 0, v0000021b996c8b60_0;  alias, 1 drivers
v0000021b996be350_0 .var "MUX3_OUT", 0 0;
v0000021b996bfc50_0 .net "PC_IN", 31 0, v0000021b996be670_0;  alias, 1 drivers
v0000021b996bf930_0 .var "PC_OUT", 31 0;
v0000021b996bf610_0 .net "PC_PLUS_FOUR_IN", 31 0, v0000021b996bfa70_0;  alias, 1 drivers
v0000021b996be7b0_0 .var "PC_PLUS_FOUR_OUT", 31 0;
v0000021b996bf7f0_0 .net "RD_IN", 4 0, L_0000021b997255e0;  1 drivers
v0000021b996bef30_0 .var "RD_OUT", 4 0;
v0000021b996be5d0_0 .net "REGWRITE_IN", 0 0, v0000021b996c8d40_0;  alias, 1 drivers
v0000021b996bf2f0_0 .var "REGWRITE_OUT", 0 0;
v0000021b996bfbb0_0 .net "RESET", 0 0, v0000021b996ccf40_0;  alias, 1 drivers
v0000021b996bfcf0_0 .net "TWOSCOMP_IN", 0 0, v0000021b996c7580_0;  alias, 1 drivers
v0000021b996bf070_0 .var "TWOSCOMP_OUT", 0 0;
S_0000021b9938ebe0 .scope module, "IF_IDREG" "IF_ID" 3 33, 7 3 0, S_0000021b99597ce0;
 .timescale -9 -10;
    .port_info 0 /INPUT 1 "CLK";
    .port_info 1 /INPUT 1 "RESET";
    .port_info 2 /INPUT 1 "BUSYWAIT";
    .port_info 3 /INPUT 32 "PC_PLUS_FOUR_IN";
    .port_info 4 /INPUT 32 "PC_IN";
    .port_info 5 /INPUT 32 "INSTRUCTION_IN";
    .port_info 6 /OUTPUT 32 "PC_PLUS_FOUR_OUT";
    .port_info 7 /OUTPUT 32 "PC_OUT";
    .port_info 8 /OUTPUT 32 "INSTRUCTION_OUT";
v0000021b996bf570_0 .net "BUSYWAIT", 0 0, v0000021b996cb640_0;  alias, 1 drivers
v0000021b996bf9d0_0 .net "CLK", 0 0, v0000021b996cbd20_0;  alias, 1 drivers
v0000021b996be3f0_0 .net "INSTRUCTION_IN", 31 0, v0000021b996cc360_0;  alias, 1 drivers
v0000021b996bfb10_0 .var "INSTRUCTION_OUT", 31 0;
v0000021b996be490_0 .net "PC_IN", 31 0, v0000021b996ccae0_0;  alias, 1 drivers
v0000021b996be670_0 .var "PC_OUT", 31 0;
v0000021b996bf430_0 .net "PC_PLUS_FOUR_IN", 31 0, L_0000021b996cb960;  alias, 1 drivers
v0000021b996bfa70_0 .var "PC_PLUS_FOUR_OUT", 31 0;
v0000021b996c0010_0 .net "RESET", 0 0, v0000021b996ccf40_0;  alias, 1 drivers
S_0000021b9938ccb0 .scope module, "JAL_MUX" "mux_2x1_32bit" 3 74, 8 2 0, S_0000021b99597ce0;
 .timescale -9 -10;
    .port_info 0 /INPUT 32 "IN0";
    .port_info 1 /INPUT 32 "IN1";
    .port_info 2 /OUTPUT 32 "OUT";
    .port_info 3 /INPUT 1 "SELECT";
v0000021b996be850_0 .net "IN0", 31 0, v0000021b996c48c0_0;  alias, 1 drivers
v0000021b996bfed0_0 .net "IN1", 31 0, v0000021b996be7b0_0;  alias, 1 drivers
v0000021b996bff70_0 .var "OUT", 31 0;
v0000021b996beb70_0 .net "SELECT", 0 0, v0000021b996bf4d0_0;  alias, 1 drivers
E_0000021b99640d20 .event anyedge, v0000021b996bf4d0_0, v0000021b996be7b0_0, v0000021b996be850_0;
S_0000021b9938ce40 .scope module, "MEM_WBREG" "MEM_WB" 3 96, 9 3 0, S_0000021b99597ce0;
 .timescale -9 -10;
    .port_info 0 /INPUT 1 "CLK";
    .port_info 1 /INPUT 1 "RESET";
    .port_info 2 /INPUT 1 "BUSYWAIT";
    .port_info 3 /INPUT 1 "MUX3_SELECT_IN";
    .port_info 4 /INPUT 1 "REGWRITE_ENABLE_IN";
    .port_info 5 /INPUT 32 "ALUOUT_IN";
    .port_info 6 /INPUT 32 "MEM_IN";
    .port_info 7 /INPUT 5 "RD_IN";
    .port_info 8 /OUTPUT 1 "MUX3_SELECT_OUT";
    .port_info 9 /OUTPUT 1 "REGWRITE_ENABLE_OUT";
    .port_info 10 /OUTPUT 32 "ALUOUT_OUT";
    .port_info 11 /OUTPUT 32 "MEM_OUT";
    .port_info 12 /OUTPUT 5 "RD_OUT";
v0000021b996be210_0 .net "ALUOUT_IN", 31 0, v0000021b9965cf70_0;  alias, 1 drivers
v0000021b996be2b0_0 .var "ALUOUT_OUT", 31 0;
v0000021b996be710_0 .net "BUSYWAIT", 0 0, v0000021b996cb640_0;  alias, 1 drivers
v0000021b996bead0_0 .net "CLK", 0 0, v0000021b996cbd20_0;  alias, 1 drivers
v0000021b996be8f0_0 .net "MEM_IN", 31 0, v0000021b996ccb80_0;  alias, 1 drivers
v0000021b996be990_0 .var "MEM_OUT", 31 0;
v0000021b996bea30_0 .net "MUX3_SELECT_IN", 0 0, v0000021b9965bdf0_0;  alias, 1 drivers
v0000021b996becb0_0 .var "MUX3_SELECT_OUT", 0 0;
v0000021b996bed50_0 .net "RD_IN", 4 0, v0000021b9965d830_0;  alias, 1 drivers
v0000021b996c1b20_0 .var "RD_OUT", 4 0;
v0000021b996c0ea0_0 .net "REGWRITE_ENABLE_IN", 0 0, v0000021b9965be90_0;  alias, 1 drivers
v0000021b996c1bc0_0 .var "REGWRITE_ENABLE_OUT", 0 0;
v0000021b996c11c0_0 .net "RESET", 0 0, v0000021b996ccf40_0;  alias, 1 drivers
S_0000021b9938dbe0 .scope module, "MUX3" "mux_2x1_32bit" 3 100, 8 2 0, S_0000021b99597ce0;
 .timescale -9 -10;
    .port_info 0 /INPUT 32 "IN0";
    .port_info 1 /INPUT 32 "IN1";
    .port_info 2 /OUTPUT 32 "OUT";
    .port_info 3 /INPUT 1 "SELECT";
v0000021b996c0180_0 .net "IN0", 31 0, v0000021b996be2b0_0;  alias, 1 drivers
v0000021b996c0360_0 .net "IN1", 31 0, v0000021b996be990_0;  alias, 1 drivers
v0000021b996c1c60_0 .var "OUT", 31 0;
v0000021b996c07c0_0 .net "SELECT", 0 0, v0000021b996becb0_0;  alias, 1 drivers
E_0000021b99640d60 .event anyedge, v0000021b996becb0_0, v0000021b996be990_0, v0000021b996be2b0_0;
S_0000021b9938dd70 .scope module, "adder" "adder_32bit" 3 28, 10 3 0, S_0000021b99597ce0;
 .timescale -9 -10;
    .port_info 0 /INPUT 32 "IN1";
    .port_info 1 /OUTPUT 32 "OUT";
v0000021b996c14e0_0 .net "IN1", 31 0, v0000021b996ccae0_0;  alias, 1 drivers
v0000021b996c1940_0 .net "OUT", 31 0, L_0000021b996cb960;  alias, 1 drivers
L_0000021b996cd1a8 .functor BUFT 1, C4<00000000000000000000000000000100>, C4<0>, C4<0>, C4<0>;
v0000021b996c0a40_0 .net/2u *"_ivl_0", 31 0, L_0000021b996cd1a8;  1 drivers
L_0000021b996cb960 .delay 32 (10,10,10) L_0000021b996cb960/d;
L_0000021b996cb960/d .arith/sum 32, v0000021b996ccae0_0, L_0000021b996cd1a8;
S_0000021b9938df00 .scope module, "alu" "ALU" 3 71, 11 146 0, S_0000021b99597ce0;
 .timescale -9 -10;
    .port_info 0 /INPUT 32 "DATA1";
    .port_info 1 /INPUT 32 "DATA2";
    .port_info 2 /INPUT 5 "SELECT";
    .port_info 3 /OUTPUT 32 "RESULT";
    .port_info 4 /OUTPUT 1 "ZERO";
v0000021b996c4dc0_0 .net "DATA1", 31 0, v0000021b996c8660_0;  alias, 1 drivers
v0000021b996c3420_0 .net "DATA2", 31 0, v0000021b996c9db0_0;  alias, 1 drivers
v0000021b996c48c0_0 .var "RESULT", 31 0;
v0000021b996c4280_0 .net "Result_add", 31 0, L_0000021b99726ee0;  1 drivers
v0000021b996c3740_0 .net "Result_and", 31 0, L_0000021b9965a8d0;  1 drivers
v0000021b996c4f00_0 .net "Result_div", 31 0, L_0000021b99727840;  1 drivers
v0000021b996c3240_0 .net "Result_mul", 31 0, L_0000021b99725d60;  1 drivers
v0000021b996c32e0_0 .net "Result_mulh", 31 0, L_0000021b99726a80;  1 drivers
v0000021b996c3e20_0 .net "Result_mulhsu", 31 0, L_0000021b997273e0;  1 drivers
v0000021b996c4fa0_0 .net "Result_mulhu", 31 0, L_0000021b99725ae0;  1 drivers
v0000021b996c31a0_0 .net "Result_or", 31 0, L_0000021b99659fa0;  1 drivers
v0000021b996c3880_0 .net "Result_rem", 31 0, L_0000021b99727160;  1 drivers
v0000021b996c3560_0 .net "Result_remu", 31 0, L_0000021b99725c20;  1 drivers
v0000021b996c4000_0 .net "Result_sll", 31 0, L_0000021b997259a0;  1 drivers
v0000021b996c3a60_0 .net "Result_slt", 31 0, L_0000021b99725f40;  1 drivers
v0000021b996c3600_0 .net "Result_sltu", 31 0, L_0000021b99726800;  1 drivers
v0000021b996c3f60_0 .net "Result_srl", 31 0, L_0000021b99726c60;  1 drivers
v0000021b996c40a0_0 .net "Result_xor", 31 0, L_0000021b9965a400;  1 drivers
v0000021b996c4320_0 .net "SELECT", 4 0, v0000021b9965c9d0_0;  alias, 1 drivers
v0000021b996c43c0_0 .var "ZERO", 0 0;
E_0000021b99640e20/0 .event anyedge, v0000021b9965c9d0_0, v0000021b996c0b80_0, v0000021b996c4a00_0, v0000021b996c39c0_0;
E_0000021b99640e20/1 .event anyedge, v0000021b996c45a0_0, v0000021b996c4c80_0, v0000021b996c3b00_0, v0000021b996c3920_0;
E_0000021b99640e20/2 .event anyedge, v0000021b996c05e0_0, v0000021b996c0860_0, v0000021b996c0e00_0, v0000021b996c09a0_0;
E_0000021b99640e20/3 .event anyedge, v0000021b996c18a0_0, v0000021b996c0900_0, v0000021b996c3ba0_0, v0000021b996c46e0_0;
E_0000021b99640e20 .event/or E_0000021b99640e20/0, E_0000021b99640e20/1, E_0000021b99640e20/2, E_0000021b99640e20/3;
S_0000021b99575b70 .scope module, "add0" "ADD_module" 11 163, 11 4 0, S_0000021b9938df00;
 .timescale -9 -10;
    .port_info 0 /INPUT 32 "operand_A";
    .port_info 1 /INPUT 32 "operand_B";
    .port_info 2 /OUTPUT 32 "result";
v0000021b996c19e0_0 .net "operand_A", 31 0, v0000021b996c8660_0;  alias, 1 drivers
v0000021b996c1a80_0 .net "operand_B", 31 0, v0000021b996c9db0_0;  alias, 1 drivers
v0000021b996c0b80_0 .net "result", 31 0, L_0000021b99726ee0;  alias, 1 drivers
L_0000021b99726ee0 .delay 32 (20,20,20) L_0000021b99726ee0/d;
L_0000021b99726ee0/d .arith/sum 32, v0000021b996c8660_0, v0000021b996c9db0_0;
S_0000021b99575d00 .scope module, "and0" "AND_module" 11 172, 11 65 0, S_0000021b9938df00;
 .timescale -9 -10;
    .port_info 0 /INPUT 32 "operand_A";
    .port_info 1 /INPUT 32 "operand_B";
    .port_info 2 /OUTPUT 32 "result";
L_0000021b9965a8d0/d .functor AND 32, v0000021b996c8660_0, v0000021b996c9db0_0, C4<11111111111111111111111111111111>, C4<11111111111111111111111111111111>;
L_0000021b9965a8d0 .delay 32 (20,20,20) L_0000021b9965a8d0/d;
v0000021b996c04a0_0 .net "operand_A", 31 0, v0000021b996c8660_0;  alias, 1 drivers
v0000021b996c0cc0_0 .net "operand_B", 31 0, v0000021b996c9db0_0;  alias, 1 drivers
v0000021b996c05e0_0 .net "result", 31 0, L_0000021b9965a8d0;  alias, 1 drivers
S_0000021b99575e90 .scope module, "div0" "DIV_module" 11 177, 11 118 0, S_0000021b9938df00;
 .timescale -9 -10;
    .port_info 0 /INPUT 32 "operand_A";
    .port_info 1 /INPUT 32 "operand_B";
    .port_info 2 /OUTPUT 32 "result";
v0000021b996c02c0_0 .net "operand_A", 31 0, v0000021b996c8660_0;  alias, 1 drivers
v0000021b996c1ee0_0 .net "operand_B", 31 0, v0000021b996c9db0_0;  alias, 1 drivers
v0000021b996c0900_0 .net "result", 31 0, L_0000021b99727840;  alias, 1 drivers
L_0000021b99727840 .delay 32 (20,20,20) L_0000021b99727840/d;
L_0000021b99727840/d .arith/div 32, v0000021b996c8660_0, v0000021b996c9db0_0;
S_0000021b99586340 .scope module, "mul0" "MUL_module" 11 173, 11 74 0, S_0000021b9938df00;
 .timescale -9 -10;
    .port_info 0 /INPUT 32 "operand_A";
    .port_info 1 /INPUT 32 "operand_B";
    .port_info 2 /OUTPUT 32 "result";
v0000021b996c0c20_0 .net *"_ivl_0", 63 0, L_0000021b99727200;  1 drivers
L_0000021b996cd310 .functor BUFT 1, C4<00000000000000000000000000000000>, C4<0>, C4<0>, C4<0>;
v0000021b996c1580_0 .net *"_ivl_3", 31 0, L_0000021b996cd310;  1 drivers
v0000021b996c1d00_0 .net *"_ivl_4", 63 0, L_0000021b997270c0;  1 drivers
L_0000021b996cd358 .functor BUFT 1, C4<00000000000000000000000000000000>, C4<0>, C4<0>, C4<0>;
v0000021b996c0720_0 .net *"_ivl_7", 31 0, L_0000021b996cd358;  1 drivers
v0000021b996c0d60_0 .net "operand_A", 31 0, v0000021b996c8660_0;  alias, 1 drivers
v0000021b996c0400_0 .net "operand_B", 31 0, v0000021b996c9db0_0;  alias, 1 drivers
v0000021b996c1da0_0 .net "product", 63 0, L_0000021b99727520;  1 drivers
v0000021b996c0860_0 .net "result", 31 0, L_0000021b99725d60;  alias, 1 drivers
L_0000021b99727200 .concat [ 32 32 0 0], v0000021b996c8660_0, L_0000021b996cd310;
L_0000021b997270c0 .concat [ 32 32 0 0], v0000021b996c9db0_0, L_0000021b996cd358;
L_0000021b99727520 .delay 64 (20,20,20) L_0000021b99727520/d;
L_0000021b99727520/d .arith/mult 64, L_0000021b99727200, L_0000021b997270c0;
L_0000021b99725d60 .part L_0000021b99727520, 0, 32;
S_0000021b995864d0 .scope module, "mulh0" "MULH_module" 11 174, 11 85 0, S_0000021b9938df00;
 .timescale -9 -10;
    .port_info 0 /INPUT 32 "operand_A";
    .port_info 1 /INPUT 32 "operand_B";
    .port_info 2 /OUTPUT 32 "result";
v0000021b996c0f40_0 .net/s *"_ivl_0", 63 0, L_0000021b99725360;  1 drivers
v0000021b996c0fe0_0 .net/s *"_ivl_2", 63 0, L_0000021b99727700;  1 drivers
v0000021b996c1e40_0 .net/s "operand_A", 31 0, v0000021b996c8660_0;  alias, 1 drivers
v0000021b996c1760_0 .net/s "operand_B", 31 0, v0000021b996c9db0_0;  alias, 1 drivers
v0000021b996c1f80_0 .net "product", 63 0, L_0000021b99725900;  1 drivers
v0000021b996c0e00_0 .net "result", 31 0, L_0000021b99726a80;  alias, 1 drivers
L_0000021b99725360 .extend/s 64, v0000021b996c8660_0;
L_0000021b99727700 .extend/s 64, v0000021b996c9db0_0;
L_0000021b99725900 .delay 64 (20,20,20) L_0000021b99725900/d;
L_0000021b99725900/d .arith/mult 64, L_0000021b99725360, L_0000021b99727700;
L_0000021b99726a80 .part L_0000021b99725900, 32, 32;
S_0000021b99669b30 .scope module, "mulhsu0" "MULHSU_module" 11 175, 11 96 0, S_0000021b9938df00;
 .timescale -9 -10;
    .port_info 0 /INPUT 32 "operand_A";
    .port_info 1 /INPUT 32 "operand_B";
    .port_info 2 /OUTPUT 32 "result";
v0000021b996c2020_0 .net *"_ivl_0", 63 0, L_0000021b99725fe0;  1 drivers
L_0000021b996cd3a0 .functor BUFT 1, C4<00000000000000000000000000000000>, C4<0>, C4<0>, C4<0>;
v0000021b996c0540_0 .net *"_ivl_3", 31 0, L_0000021b996cd3a0;  1 drivers
v0000021b996c1260_0 .net *"_ivl_4", 63 0, L_0000021b99725a40;  1 drivers
L_0000021b996cd3e8 .functor BUFT 1, C4<00000000000000000000000000000000>, C4<0>, C4<0>, C4<0>;
v0000021b996c0220_0 .net *"_ivl_7", 31 0, L_0000021b996cd3e8;  1 drivers
v0000021b996c0680_0 .net/s "operand_A", 31 0, v0000021b996c8660_0;  alias, 1 drivers
v0000021b996c1080_0 .net "operand_B", 31 0, v0000021b996c9db0_0;  alias, 1 drivers
v0000021b996c1120_0 .net "product", 63 0, L_0000021b99726120;  1 drivers
v0000021b996c09a0_0 .net "result", 31 0, L_0000021b997273e0;  alias, 1 drivers
L_0000021b99725fe0 .concat [ 32 32 0 0], v0000021b996c8660_0, L_0000021b996cd3a0;
L_0000021b99725a40 .concat [ 32 32 0 0], v0000021b996c9db0_0, L_0000021b996cd3e8;
L_0000021b99726120 .delay 64 (20,20,20) L_0000021b99726120/d;
L_0000021b99726120/d .arith/mult 64, L_0000021b99725fe0, L_0000021b99725a40;
L_0000021b997273e0 .part L_0000021b99726120, 32, 32;
S_0000021b99669fe0 .scope module, "mulhu0" "MULHU_module" 11 176, 11 107 0, S_0000021b9938df00;
 .timescale -9 -10;
    .port_info 0 /INPUT 32 "operand_A";
    .port_info 1 /INPUT 32 "operand_B";
    .port_info 2 /OUTPUT 32 "result";
v0000021b996c1300_0 .net *"_ivl_0", 63 0, L_0000021b99726260;  1 drivers
L_0000021b996cd430 .functor BUFT 1, C4<00000000000000000000000000000000>, C4<0>, C4<0>, C4<0>;
v0000021b996c0ae0_0 .net *"_ivl_3", 31 0, L_0000021b996cd430;  1 drivers
v0000021b996c13a0_0 .net *"_ivl_4", 63 0, L_0000021b99726300;  1 drivers
L_0000021b996cd478 .functor BUFT 1, C4<00000000000000000000000000000000>, C4<0>, C4<0>, C4<0>;
v0000021b996c1440_0 .net *"_ivl_7", 31 0, L_0000021b996cd478;  1 drivers
v0000021b996c1620_0 .net "operand_A", 31 0, v0000021b996c8660_0;  alias, 1 drivers
v0000021b996c16c0_0 .net "operand_B", 31 0, v0000021b996c9db0_0;  alias, 1 drivers
v0000021b996c1800_0 .net "product", 63 0, L_0000021b997261c0;  1 drivers
v0000021b996c18a0_0 .net "result", 31 0, L_0000021b99725ae0;  alias, 1 drivers
L_0000021b99726260 .concat [ 32 32 0 0], v0000021b996c8660_0, L_0000021b996cd430;
L_0000021b99726300 .concat [ 32 32 0 0], v0000021b996c9db0_0, L_0000021b996cd478;
L_0000021b997261c0 .delay 64 (20,20,20) L_0000021b997261c0/d;
L_0000021b997261c0/d .arith/mult 64, L_0000021b99726260, L_0000021b99726300;
L_0000021b99725ae0 .part L_0000021b997261c0, 32, 32;
S_0000021b99669e50 .scope module, "or0" "OR_module" 11 171, 11 56 0, S_0000021b9938df00;
 .timescale -9 -10;
    .port_info 0 /INPUT 32 "operand_A";
    .port_info 1 /INPUT 32 "operand_B";
    .port_info 2 /OUTPUT 32 "result";
L_0000021b99659fa0/d .functor OR 32, v0000021b996c8660_0, v0000021b996c9db0_0, C4<00000000000000000000000000000000>, C4<00000000000000000000000000000000>;
L_0000021b99659fa0 .delay 32 (20,20,20) L_0000021b99659fa0/d;
v0000021b996c36a0_0 .net "operand_A", 31 0, v0000021b996c8660_0;  alias, 1 drivers
v0000021b996c4960_0 .net "operand_B", 31 0, v0000021b996c9db0_0;  alias, 1 drivers
v0000021b996c3920_0 .net "result", 31 0, L_0000021b99659fa0;  alias, 1 drivers
S_0000021b996699a0 .scope module, "rem0" "REM_module" 11 178, 11 127 0, S_0000021b9938df00;
 .timescale -9 -10;
    .port_info 0 /INPUT 32 "operand_A";
    .port_info 1 /INPUT 32 "operand_B";
    .port_info 2 /OUTPUT 32 "result";
v0000021b996c3d80_0 .net/s "operand_A", 31 0, v0000021b996c8660_0;  alias, 1 drivers
v0000021b996c4460_0 .net/s "operand_B", 31 0, v0000021b996c9db0_0;  alias, 1 drivers
v0000021b996c3ba0_0 .net/s "result", 31 0, L_0000021b99727160;  alias, 1 drivers
L_0000021b99727160 .delay 32 (20,20,20) L_0000021b99727160/d;
L_0000021b99727160/d .arith/mod.s 32, v0000021b996c8660_0, v0000021b996c9db0_0;
S_0000021b9966a170 .scope module, "remu0" "REMU_module" 11 179, 11 136 0, S_0000021b9938df00;
 .timescale -9 -10;
    .port_info 0 /INPUT 32 "operand_A";
    .port_info 1 /INPUT 32 "operand_B";
    .port_info 2 /OUTPUT 32 "result";
v0000021b996c3ec0_0 .net "operand_A", 31 0, v0000021b996c8660_0;  alias, 1 drivers
v0000021b996c34c0_0 .net "operand_B", 31 0, v0000021b996c9db0_0;  alias, 1 drivers
v0000021b996c46e0_0 .net "result", 31 0, L_0000021b99725c20;  alias, 1 drivers
L_0000021b99725c20 .delay 32 (20,20,20) L_0000021b99725c20/d;
L_0000021b99725c20/d .arith/mod 32, v0000021b996c8660_0, v0000021b996c9db0_0;
S_0000021b9966a300 .scope module, "sll0" "SLL_module" 11 165, 11 12 0, S_0000021b9938df00;
 .timescale -9 -10;
    .port_info 0 /INPUT 32 "operand_A";
    .port_info 1 /INPUT 32 "operand_B";
    .port_info 2 /OUTPUT 32 "result";
v0000021b996c5040_0 .net "operand_A", 31 0, v0000021b996c8660_0;  alias, 1 drivers
v0000021b996c4140_0 .net "operand_B", 31 0, v0000021b996c9db0_0;  alias, 1 drivers
v0000021b996c4a00_0 .net "result", 31 0, L_0000021b997259a0;  alias, 1 drivers
L_0000021b997259a0 .delay 32 (20,20,20) L_0000021b997259a0/d;
L_0000021b997259a0/d .shift/l 32, v0000021b996c8660_0, v0000021b996c9db0_0;
S_0000021b99669cc0 .scope module, "slt0" "SLT_module" 11 166, 11 20 0, S_0000021b9938df00;
 .timescale -9 -10;
    .port_info 0 /INPUT 32 "operand_A";
    .port_info 1 /INPUT 32 "operand_B";
    .port_info 2 /OUTPUT 32 "result";
v0000021b996c41e0_0 .net *"_ivl_0", 0 0, L_0000021b99727020;  1 drivers
L_0000021b996cd1f0 .functor BUFT 1, C4<00000000000000000000000000000001>, C4<0>, C4<0>, C4<0>;
v0000021b996c4e60_0 .net/2s *"_ivl_2", 31 0, L_0000021b996cd1f0;  1 drivers
L_0000021b996cd238 .functor BUFT 1, C4<00000000000000000000000000000000>, C4<0>, C4<0>, C4<0>;
v0000021b996c4aa0_0 .net/2s *"_ivl_4", 31 0, L_0000021b996cd238;  1 drivers
v0000021b996c3380_0 .net/s "operand_A", 31 0, v0000021b996c8660_0;  alias, 1 drivers
v0000021b996c3ce0_0 .net/s "operand_B", 31 0, v0000021b996c9db0_0;  alias, 1 drivers
v0000021b996c39c0_0 .net "result", 31 0, L_0000021b99725f40;  alias, 1 drivers
L_0000021b99727020 .cmp/gt.s 32, v0000021b996c9db0_0, v0000021b996c8660_0;
L_0000021b99725f40 .delay 32 (20,20,20) L_0000021b99725f40/d;
L_0000021b99725f40/d .functor MUXZ 32, L_0000021b996cd238, L_0000021b996cd1f0, L_0000021b99727020, C4<>;
S_0000021b99669680 .scope module, "sltu0" "SLTU_module" 11 167, 11 28 0, S_0000021b9938df00;
 .timescale -9 -10;
    .port_info 0 /INPUT 32 "operand_A";
    .port_info 1 /INPUT 32 "operand_B";
    .port_info 2 /OUTPUT 32 "result";
v0000021b996c3c40_0 .net *"_ivl_0", 0 0, L_0000021b99725680;  1 drivers
L_0000021b996cd280 .functor BUFT 1, C4<00000000000000000000000000000001>, C4<0>, C4<0>, C4<0>;
v0000021b996c37e0_0 .net/2s *"_ivl_2", 31 0, L_0000021b996cd280;  1 drivers
L_0000021b996cd2c8 .functor BUFT 1, C4<00000000000000000000000000000000>, C4<0>, C4<0>, C4<0>;
v0000021b996c4500_0 .net/2s *"_ivl_4", 31 0, L_0000021b996cd2c8;  1 drivers
v0000021b996c4be0_0 .net "operand_A", 31 0, v0000021b996c8660_0;  alias, 1 drivers
v0000021b996c4d20_0 .net "operand_B", 31 0, v0000021b996c9db0_0;  alias, 1 drivers
v0000021b996c45a0_0 .net "result", 31 0, L_0000021b99726800;  alias, 1 drivers
L_0000021b99725680 .cmp/gt 32, v0000021b996c9db0_0, v0000021b996c8660_0;
L_0000021b99726800 .delay 32 (20,20,20) L_0000021b99726800/d;
L_0000021b99726800/d .functor MUXZ 32, L_0000021b996cd2c8, L_0000021b996cd280, L_0000021b99725680, C4<>;
S_0000021b996694f0 .scope module, "srl0" "SRL_module" 11 169, 11 47 0, S_0000021b9938df00;
 .timescale -9 -10;
    .port_info 0 /INPUT 32 "operand_A";
    .port_info 1 /INPUT 32 "operand_B";
    .port_info 2 /OUTPUT 32 "result";
v0000021b996c4780_0 .net "operand_A", 31 0, v0000021b996c8660_0;  alias, 1 drivers
v0000021b996c4b40_0 .net "operand_B", 31 0, v0000021b996c9db0_0;  alias, 1 drivers
v0000021b996c3b00_0 .net "result", 31 0, L_0000021b99726c60;  alias, 1 drivers
L_0000021b99726c60 .delay 32 (20,20,20) L_0000021b99726c60/d;
L_0000021b99726c60/d .shift/r 32, v0000021b996c8660_0, v0000021b996c9db0_0;
S_0000021b99669810 .scope module, "xor0" "XOR_module" 11 168, 11 37 0, S_0000021b9938df00;
 .timescale -9 -10;
    .port_info 0 /INPUT 32 "operand_A";
    .port_info 1 /INPUT 32 "operand_B";
    .port_info 2 /OUTPUT 32 "result";
L_0000021b9965a400/d .functor XOR 32, v0000021b996c8660_0, v0000021b996c9db0_0, C4<00000000000000000000000000000000>, C4<00000000000000000000000000000000>;
L_0000021b9965a400 .delay 32 (20,20,20) L_0000021b9965a400/d;
v0000021b996c4640_0 .net "operand_A", 31 0, v0000021b996c8660_0;  alias, 1 drivers
v0000021b996c4820_0 .net "operand_B", 31 0, v0000021b996c9db0_0;  alias, 1 drivers
v0000021b996c4c80_0 .net "result", 31 0, L_0000021b9965a400;  alias, 1 drivers
S_0000021b996c5fc0 .scope module, "cu" "controlUnit" 3 38, 12 143 0, S_0000021b99597ce0;
 .timescale -9 -10;
    .port_info 0 /INPUT 32 "INSTRUCTION";
    .port_info 1 /OUTPUT 1 "MUX1";
    .port_info 2 /OUTPUT 1 "MUX2";
    .port_info 3 /OUTPUT 1 "MUX3";
    .port_info 4 /OUTPUT 5 "ALUOP";
    .port_info 5 /OUTPUT 1 "REGISTERWRITE";
    .port_info 6 /OUTPUT 1 "MEMORYWRITE";
    .port_info 7 /OUTPUT 1 "MEMORYREAD";
    .port_info 8 /OUTPUT 1 "BRANCH";
    .port_info 9 /OUTPUT 1 "JUMP";
    .port_info 10 /OUTPUT 1 "JAL";
    .port_info 11 /OUTPUT 3 "IMMEDIATE";
    .port_info 12 /OUTPUT 1 "TWOSCOMP";
v0000021b996c80c0_0 .var "ALUOP", 4 0;
v0000021b996c7b20_0 .var "BRANCH", 0 0;
v0000021b996c8fc0_0 .var "FUNCT3", 2 0;
v0000021b996c8f20_0 .var "FUNCT7", 6 0;
v0000021b996c7620_0 .var "IMMEDIATE", 2 0;
v0000021b996c79e0_0 .net "INSTRUCTION", 31 0, v0000021b996bfb10_0;  alias, 1 drivers
v0000021b996c7bc0_0 .var "JAL", 0 0;
v0000021b996c7940_0 .var "JUMP", 0 0;
v0000021b996c73a0_0 .var "MEMORYREAD", 0 0;
v0000021b996c7a80_0 .var "MEMORYWRITE", 0 0;
v0000021b996c8ca0_0 .var "MUX1", 0 0;
v0000021b996c7d00_0 .var "MUX2", 0 0;
v0000021b996c8b60_0 .var "MUX3", 0 0;
v0000021b996c8840_0 .var "OPCODE", 7 0;
v0000021b996c8d40_0 .var "REGISTERWRITE", 0 0;
v0000021b996c7580_0 .var "TWOSCOMP", 0 0;
E_0000021b99642ae0 .event anyedge, v0000021b996bfb10_0;
S_0000021b996c6dd0 .scope module, "immex" "immediate_extend" 3 48, 13 42 0, S_0000021b99597ce0;
 .timescale -9 -10;
    .port_info 0 /INPUT 32 "imm_value";
    .port_info 1 /OUTPUT 32 "extended_imm_value";
    .port_info 2 /INPUT 3 "imm_select";
v0000021b996c7800_0 .net "B_imm_1", 0 0, L_0000021b996cbaa0;  1 drivers
v0000021b996c8980_0 .net "B_imm_2", 0 0, L_0000021b996cc400;  1 drivers
v0000021b996c87a0_0 .net "B_imm_3", 5 0, L_0000021b996cbe60;  1 drivers
v0000021b996c76c0_0 .net "B_imm_4", 3 0, L_0000021b996cbf00;  1 drivers
v0000021b996c7440_0 .net "I_imm", 11 0, L_0000021b996cbc80;  1 drivers
v0000021b996c85c0_0 .net "J_imm_1", 0 0, L_0000021b996cc2c0;  1 drivers
v0000021b996c71c0_0 .net "J_imm_2", 7 0, L_0000021b99726080;  1 drivers
v0000021b996c7260_0 .net "J_imm_3", 0 0, L_0000021b99726f80;  1 drivers
v0000021b996c7c60_0 .net "J_imm_4", 9 0, L_0000021b99725220;  1 drivers
v0000021b996c8e80_0 .net "S_imm_1", 6 0, L_0000021b996cb5a0;  1 drivers
v0000021b996c7da0_0 .net "S_imm_2", 4 0, L_0000021b996cba00;  1 drivers
v0000021b996c7300_0 .net "U_imm", 19 0, L_0000021b996cc540;  1 drivers
v0000021b996c8020_0 .var "extended_imm_value", 31 0;
v0000021b996c74e0_0 .net "imm_select", 2 0, v0000021b996c7620_0;  alias, 1 drivers
v0000021b996c7760_0 .net "imm_value", 31 0, v0000021b996bfb10_0;  alias, 1 drivers
E_0000021b99642da0/0 .event anyedge, v0000021b996c7620_0, v0000021b996c7300_0, v0000021b996c7440_0, v0000021b996c8e80_0;
E_0000021b99642da0/1 .event anyedge, v0000021b996c7da0_0, v0000021b996c7800_0, v0000021b996c8980_0, v0000021b996c87a0_0;
E_0000021b99642da0/2 .event anyedge, v0000021b996c76c0_0, v0000021b996c85c0_0, v0000021b996c71c0_0, v0000021b996c7260_0;
E_0000021b99642da0/3 .event anyedge, v0000021b996c7c60_0;
E_0000021b99642da0 .event/or E_0000021b99642da0/0, E_0000021b99642da0/1, E_0000021b99642da0/2, E_0000021b99642da0/3;
L_0000021b996cc540 .part v0000021b996bfb10_0, 12, 20;
L_0000021b996cbc80 .part v0000021b996bfb10_0, 20, 12;
L_0000021b996cb5a0 .part v0000021b996bfb10_0, 25, 7;
L_0000021b996cba00 .part v0000021b996bfb10_0, 7, 5;
L_0000021b996cbaa0 .part v0000021b996bfb10_0, 31, 1;
L_0000021b996cc400 .part v0000021b996bfb10_0, 7, 1;
L_0000021b996cbe60 .part v0000021b996bfb10_0, 25, 6;
L_0000021b996cbf00 .part v0000021b996bfb10_0, 8, 4;
L_0000021b996cc2c0 .part v0000021b996bfb10_0, 31, 1;
L_0000021b99726080 .part v0000021b996bfb10_0, 12, 8;
L_0000021b99726f80 .part v0000021b996bfb10_0, 20, 1;
L_0000021b99725220 .part v0000021b996bfb10_0, 21, 10;
S_0000021b996c6790 .scope module, "mux1" "mux_2x1_32bit" 3 61, 8 2 0, S_0000021b99597ce0;
 .timescale -9 -10;
    .port_info 0 /INPUT 32 "IN0";
    .port_info 1 /INPUT 32 "IN1";
    .port_info 2 /OUTPUT 32 "OUT";
    .port_info 3 /INPUT 1 "SELECT";
v0000021b996c78a0_0 .net "IN0", 31 0, v0000021b996bf930_0;  alias, 1 drivers
v0000021b996c8340_0 .net "IN1", 31 0, v0000021b9965ced0_0;  alias, 1 drivers
v0000021b996c8660_0 .var "OUT", 31 0;
v0000021b996c7e40_0 .net "SELECT", 0 0, v0000021b996bf110_0;  alias, 1 drivers
E_0000021b996423a0 .event anyedge, v0000021b996bf110_0, v0000021b9965ced0_0, v0000021b996bf930_0;
S_0000021b996c5b10 .scope module, "mux2" "mux_2x1_32bit" 3 64, 8 2 0, S_0000021b99597ce0;
 .timescale -9 -10;
    .port_info 0 /INPUT 32 "IN0";
    .port_info 1 /INPUT 32 "IN1";
    .port_info 2 /OUTPUT 32 "OUT";
    .port_info 3 /INPUT 1 "SELECT";
v0000021b996c8a20_0 .net "IN0", 31 0, v0000021b996c8020_0;  alias, 1 drivers
v0000021b996c83e0_0 .net "IN1", 31 0, v0000021b995869a0_0;  alias, 1 drivers
v0000021b996c7ee0_0 .var "OUT", 31 0;
v0000021b996c8520_0 .net "SELECT", 0 0, v0000021b996bec10_0;  alias, 1 drivers
E_0000021b99643a60 .event anyedge, v0000021b996bec10_0, v0000021b9965d010_0, v0000021b996bf890_0;
S_0000021b996c5ca0 .scope module, "regfile" "Register_file" 3 45, 14 1 0, S_0000021b99597ce0;
 .timescale -9 -10;
    .port_info 0 /INPUT 5 "ADRS1";
    .port_info 1 /INPUT 5 "ADRS2";
    .port_info 2 /INPUT 5 "WB_ADDRESS";
    .port_info 3 /INPUT 1 "WRITE_ENABLE";
    .port_info 4 /INPUT 32 "WRITE_DATA";
    .port_info 5 /INPUT 1 "CLK";
    .port_info 6 /INPUT 1 "RESET";
    .port_info 7 /OUTPUT 32 "DATA_OUT1";
    .port_info 8 /OUTPUT 32 "DATA_OUT2";
L_0000021b99659f30 .functor BUFZ 32, v0000021b996c82a0_0, C4<00000000000000000000000000000000>, C4<00000000000000000000000000000000>, C4<00000000000000000000000000000000>;
L_0000021b9965ae10 .functor BUFZ 32, v0000021b996c8700_0, C4<00000000000000000000000000000000>, C4<00000000000000000000000000000000>, C4<00000000000000000000000000000000>;
v0000021b996c8160_0 .net "ADRS1", 4 0, L_0000021b996cb500;  1 drivers
v0000021b996c8480_0 .net "ADRS2", 4 0, L_0000021b996cbbe0;  1 drivers
v0000021b996c8200_0 .net "CLK", 0 0, v0000021b996cbd20_0;  alias, 1 drivers
v0000021b996c82a0_0 .var "DATA1", 31 0;
v0000021b996c8700_0 .var "DATA2", 31 0;
v0000021b996c88e0_0 .net "DATA_OUT1", 31 0, L_0000021b99659f30;  alias, 1 drivers
v0000021b996c8ac0_0 .net "DATA_OUT2", 31 0, L_0000021b9965ae10;  alias, 1 drivers
v0000021b996c8c00 .array "REGISTER_FILE", 0 31, 31 0;
v0000021b996c8de0_0 .net "RESET", 0 0, v0000021b996ccf40_0;  alias, 1 drivers
v0000021b996c9060_0 .net "WB_ADDRESS", 4 0, v0000021b996c1b20_0;  alias, 1 drivers
v0000021b996c9ef0_0 .net "WRITE_DATA", 31 0, v0000021b996c1c60_0;  alias, 1 drivers
v0000021b996c96d0_0 .net "WRITE_ENABLE", 0 0, v0000021b996c1bc0_0;  alias, 1 drivers
v0000021b996caa30_0 .var/i "i", 31 0;
v0000021b996c8c00_0 .array/port v0000021b996c8c00, 0;
v0000021b996c8c00_1 .array/port v0000021b996c8c00, 1;
v0000021b996c8c00_2 .array/port v0000021b996c8c00, 2;
E_0000021b99643d60/0 .event anyedge, v0000021b996c8160_0, v0000021b996c8c00_0, v0000021b996c8c00_1, v0000021b996c8c00_2;
v0000021b996c8c00_3 .array/port v0000021b996c8c00, 3;
v0000021b996c8c00_4 .array/port v0000021b996c8c00, 4;
v0000021b996c8c00_5 .array/port v0000021b996c8c00, 5;
v0000021b996c8c00_6 .array/port v0000021b996c8c00, 6;
E_0000021b99643d60/1 .event anyedge, v0000021b996c8c00_3, v0000021b996c8c00_4, v0000021b996c8c00_5, v0000021b996c8c00_6;
v0000021b996c8c00_7 .array/port v0000021b996c8c00, 7;
v0000021b996c8c00_8 .array/port v0000021b996c8c00, 8;
v0000021b996c8c00_9 .array/port v0000021b996c8c00, 9;
v0000021b996c8c00_10 .array/port v0000021b996c8c00, 10;
E_0000021b99643d60/2 .event anyedge, v0000021b996c8c00_7, v0000021b996c8c00_8, v0000021b996c8c00_9, v0000021b996c8c00_10;
v0000021b996c8c00_11 .array/port v0000021b996c8c00, 11;
v0000021b996c8c00_12 .array/port v0000021b996c8c00, 12;
v0000021b996c8c00_13 .array/port v0000021b996c8c00, 13;
v0000021b996c8c00_14 .array/port v0000021b996c8c00, 14;
E_0000021b99643d60/3 .event anyedge, v0000021b996c8c00_11, v0000021b996c8c00_12, v0000021b996c8c00_13, v0000021b996c8c00_14;
v0000021b996c8c00_15 .array/port v0000021b996c8c00, 15;
v0000021b996c8c00_16 .array/port v0000021b996c8c00, 16;
v0000021b996c8c00_17 .array/port v0000021b996c8c00, 17;
v0000021b996c8c00_18 .array/port v0000021b996c8c00, 18;
E_0000021b99643d60/4 .event anyedge, v0000021b996c8c00_15, v0000021b996c8c00_16, v0000021b996c8c00_17, v0000021b996c8c00_18;
v0000021b996c8c00_19 .array/port v0000021b996c8c00, 19;
v0000021b996c8c00_20 .array/port v0000021b996c8c00, 20;
v0000021b996c8c00_21 .array/port v0000021b996c8c00, 21;
v0000021b996c8c00_22 .array/port v0000021b996c8c00, 22;
E_0000021b99643d60/5 .event anyedge, v0000021b996c8c00_19, v0000021b996c8c00_20, v0000021b996c8c00_21, v0000021b996c8c00_22;
v0000021b996c8c00_23 .array/port v0000021b996c8c00, 23;
v0000021b996c8c00_24 .array/port v0000021b996c8c00, 24;
v0000021b996c8c00_25 .array/port v0000021b996c8c00, 25;
v0000021b996c8c00_26 .array/port v0000021b996c8c00, 26;
E_0000021b99643d60/6 .event anyedge, v0000021b996c8c00_23, v0000021b996c8c00_24, v0000021b996c8c00_25, v0000021b996c8c00_26;
v0000021b996c8c00_27 .array/port v0000021b996c8c00, 27;
v0000021b996c8c00_28 .array/port v0000021b996c8c00, 28;
v0000021b996c8c00_29 .array/port v0000021b996c8c00, 29;
v0000021b996c8c00_30 .array/port v0000021b996c8c00, 30;
E_0000021b99643d60/7 .event anyedge, v0000021b996c8c00_27, v0000021b996c8c00_28, v0000021b996c8c00_29, v0000021b996c8c00_30;
v0000021b996c8c00_31 .array/port v0000021b996c8c00, 31;
E_0000021b99643d60/8 .event anyedge, v0000021b996c8c00_31, v0000021b996c8480_0;
E_0000021b99643d60 .event/or E_0000021b99643d60/0, E_0000021b99643d60/1, E_0000021b99643d60/2, E_0000021b99643d60/3, E_0000021b99643d60/4, E_0000021b99643d60/5, E_0000021b99643d60/6, E_0000021b99643d60/7, E_0000021b99643d60/8;
S_0000021b996c6f60 .scope module, "twos_complement" "twos_complement_selector" 3 67, 15 7 0, S_0000021b99597ce0;
 .timescale -9 -10;
    .port_info 0 /INPUT 32 "DATA2";
    .port_info 1 /INPUT 1 "select";
    .port_info 2 /OUTPUT 32 "DATA2_OUT";
v0000021b996ca7b0_0 .net "DATA2", 31 0, v0000021b996c7ee0_0;  alias, 1 drivers
v0000021b996c9db0_0 .var "DATA2_OUT", 31 0;
v0000021b996ca210_0 .net "select", 0 0, v0000021b996bf070_0;  alias, 1 drivers
E_0000021b99643fa0 .event anyedge, v0000021b996bf070_0, v0000021b996c7ee0_0;
S_0000021b99597b50 .scope module, "mux_4x1_32bit" "mux_4x1_32bit" 16 3;
 .timescale -9 -10;
    .port_info 0 /INPUT 32 "IN0";
    .port_info 1 /INPUT 32 "IN1";
    .port_info 2 /INPUT 32 "IN2";
    .port_info 3 /INPUT 32 "IN3";
    .port_info 4 /OUTPUT 32 "OUT";
    .port_info 5 /INPUT 2 "SELECT";
o0000021b996703c8 .functor BUFZ 32, C4<zzzzzzzzzzzzzzzzzzzzzzzzzzzzzzzz>; HiZ drive
v0000021b996cc9a0_0 .net "IN0", 31 0, o0000021b996703c8;  0 drivers
o0000021b996703f8 .functor BUFZ 32, C4<zzzzzzzzzzzzzzzzzzzzzzzzzzzzzzzz>; HiZ drive
v0000021b996cc180_0 .net "IN1", 31 0, o0000021b996703f8;  0 drivers
o0000021b99670428 .functor BUFZ 32, C4<zzzzzzzzzzzzzzzzzzzzzzzzzzzzzzzz>; HiZ drive
v0000021b996ccfe0_0 .net "IN2", 31 0, o0000021b99670428;  0 drivers
o0000021b99670458 .functor BUFZ 32, C4<zzzzzzzzzzzzzzzzzzzzzzzzzzzzzzzz>; HiZ drive
v0000021b996cc900_0 .net "IN3", 31 0, o0000021b99670458;  0 drivers
v0000021b996cb460_0 .var "OUT", 31 0;
o0000021b996704b8 .functor BUFZ 2, C4<zz>; HiZ drive
v0000021b996cc220_0 .net "SELECT", 1 0, o0000021b996704b8;  0 drivers
E_0000021b996436e0/0 .event anyedge, v0000021b996cc220_0, v0000021b996cc900_0, v0000021b996ccfe0_0, v0000021b996cc180_0;
E_0000021b996436e0/1 .event anyedge, v0000021b996cc9a0_0;
E_0000021b996436e0 .event/or E_0000021b996436e0/0, E_0000021b996436e0/1;
    .scope S_0000021b9938ebe0;
T_0 ;
    %wait E_0000021b99640ca0;
    %load/vec4 v0000021b996c0010_0;
    %cmpi/e 1, 0, 1;
    %jmp/0xz  T_0.0, 4;
    %pushi/vec4 0, 0, 32;
    %store/vec4 v0000021b996be670_0, 0, 32;
    %pushi/vec4 0, 0, 32;
    %store/vec4 v0000021b996bfa70_0, 0, 32;
    %pushi/vec4 0, 0, 32;
    %store/vec4 v0000021b996bfb10_0, 0, 32;
    %jmp T_0.1;
T_0.0 ;
    %load/vec4 v0000021b996bf570_0;
    %cmpi/e 0, 0, 1;
    %jmp/0xz  T_0.2, 4;
    %delay 20, 0;
    %load/vec4 v0000021b996be3f0_0;
    %assign/vec4 v0000021b996bfb10_0, 0;
    %load/vec4 v0000021b996bf430_0;
    %assign/vec4 v0000021b996bfa70_0, 0;
    %load/vec4 v0000021b996be490_0;
    %assign/vec4 v0000021b996be670_0, 0;
T_0.2 ;
T_0.1 ;
    %jmp T_0;
    .thread T_0;
    .scope S_0000021b996c5fc0;
T_1 ;
    %wait E_0000021b99642ae0;
    %load/vec4 v0000021b996c79e0_0;
    %parti/s 7, 0, 2;
    %pad/u 8;
    %store/vec4 v0000021b996c8840_0, 0, 8;
    %load/vec4 v0000021b996c79e0_0;
    %parti/s 3, 12, 5;
    %store/vec4 v0000021b996c8fc0_0, 0, 3;
    %load/vec4 v0000021b996c79e0_0;
    %parti/s 7, 25, 6;
    %store/vec4 v0000021b996c8f20_0, 0, 7;
    %load/vec4 v0000021b996c8840_0;
    %dup/vec4;
    %pushi/vec4 51, 0, 8;
    %cmp/u;
    %jmp/1 T_1.0, 6;
    %dup/vec4;
    %pushi/vec4 3, 0, 8;
    %cmp/u;
    %jmp/1 T_1.1, 6;
    %dup/vec4;
    %pushi/vec4 19, 0, 8;
    %cmp/u;
    %jmp/1 T_1.2, 6;
    %dup/vec4;
    %pushi/vec4 103, 0, 8;
    %cmp/u;
    %jmp/1 T_1.3, 6;
    %dup/vec4;
    %pushi/vec4 35, 0, 8;
    %cmp/u;
    %jmp/1 T_1.4, 6;
    %dup/vec4;
    %pushi/vec4 23, 0, 8;
    %cmp/u;
    %jmp/1 T_1.5, 6;
    %dup/vec4;
    %pushi/vec4 55, 0, 8;
    %cmp/u;
    %jmp/1 T_1.6, 6;
    %dup/vec4;
    %pushi/vec4 99, 0, 8;
    %cmp/u;
    %jmp/1 T_1.7, 6;
    %dup/vec4;
    %pushi/vec4 111, 0, 8;
    %cmp/u;
    %jmp/1 T_1.8, 6;
    %jmp T_1.9;
T_1.0 ;
    %load/vec4 v0000021b996c8f20_0;
    %dup/vec4;
    %pushi/vec4 0, 0, 7;
    %cmp/u;
    %jmp/1 T_1.10, 6;
    %dup/vec4;
    %pushi/vec4 32, 0, 7;
    %cmp/u;
    %jmp/1 T_1.11, 6;
    %dup/vec4;
    %pushi/vec4 59, 0, 7;
    %cmp/u;
    %jmp/1 T_1.12, 6;
    %jmp T_1.13;
T_1.10 ;
    %load/vec4 v0000021b996c8fc0_0;
    %dup/vec4;
    %pushi/vec4 0, 0, 3;
    %cmp/u;
    %jmp/1 T_1.14, 6;
    %dup/vec4;
    %pushi/vec4 1, 0, 3;
    %cmp/u;
    %jmp/1 T_1.15, 6;
    %dup/vec4;
    %pushi/vec4 2, 0, 3;
    %cmp/u;
    %jmp/1 T_1.16, 6;
    %dup/vec4;
    %pushi/vec4 3, 0, 3;
    %cmp/u;
    %jmp/1 T_1.17, 6;
    %dup/vec4;
    %pushi/vec4 4, 0, 3;
    %cmp/u;
    %jmp/1 T_1.18, 6;
    %dup/vec4;
    %pushi/vec4 5, 0, 3;
    %cmp/u;
    %jmp/1 T_1.19, 6;
    %dup/vec4;
    %pushi/vec4 6, 0, 3;
    %cmp/u;
    %jmp/1 T_1.20, 6;
    %dup/vec4;
    %pushi/vec4 7, 0, 3;
    %cmp/u;
    %jmp/1 T_1.21, 6;
    %jmp T_1.22;
T_1.14 ;
    %pushi/vec4 0, 0, 5;
    %cassign/vec4 v0000021b996c80c0_0;
    %jmp T_1.22;
T_1.15 ;
    %pushi/vec4 1, 0, 5;
    %cassign/vec4 v0000021b996c80c0_0;
    %jmp T_1.22;
T_1.16 ;
    %pushi/vec4 2, 0, 5;
    %cassign/vec4 v0000021b996c80c0_0;
    %jmp T_1.22;
T_1.17 ;
    %pushi/vec4 3, 0, 5;
    %cassign/vec4 v0000021b996c80c0_0;
    %jmp T_1.22;
T_1.18 ;
    %pushi/vec4 4, 0, 5;
    %cassign/vec4 v0000021b996c80c0_0;
    %jmp T_1.22;
T_1.19 ;
    %pushi/vec4 5, 0, 5;
    %cassign/vec4 v0000021b996c80c0_0;
    %jmp T_1.22;
T_1.20 ;
    %pushi/vec4 6, 0, 5;
    %cassign/vec4 v0000021b996c80c0_0;
    %jmp T_1.22;
T_1.21 ;
    %pushi/vec4 7, 0, 5;
    %cassign/vec4 v0000021b996c80c0_0;
    %jmp T_1.22;
T_1.22 ;
    %pop/vec4 1;
    %pushi/vec4 1, 0, 1;
    %cassign/vec4 v0000021b996c8ca0_0;
    %pushi/vec4 1, 0, 1;
    %cassign/vec4 v0000021b996c7d00_0;
    %pushi/vec4 0, 0, 1;
    %cassign/vec4 v0000021b996c8b60_0;
    %pushi/vec4 1, 0, 1;
    %cassign/vec4 v0000021b996c8d40_0;
    %pushi/vec4 0, 0, 1;
    %cassign/vec4 v0000021b996c7a80_0;
    %pushi/vec4 0, 0, 1;
    %cassign/vec4 v0000021b996c73a0_0;
    %pushi/vec4 0, 0, 1;
    %cassign/vec4 v0000021b996c7b20_0;
    %pushi/vec4 0, 0, 1;
    %cassign/vec4 v0000021b996c7940_0;
    %pushi/vec4 0, 0, 1;
    %cassign/vec4 v0000021b996c7bc0_0;
    %pushi/vec4 0, 0, 3;
    %cassign/vec4 v0000021b996c7620_0;
    %pushi/vec4 0, 0, 1;
    %cassign/vec4 v0000021b996c7580_0;
    %jmp T_1.13;
T_1.11 ;
    %load/vec4 v0000021b996c8fc0_0;
    %dup/vec4;
    %pushi/vec4 0, 0, 3;
    %cmp/u;
    %jmp/1 T_1.23, 6;
    %dup/vec4;
    %pushi/vec4 5, 0, 3;
    %cmp/u;
    %jmp/1 T_1.24, 6;
    %jmp T_1.25;
T_1.23 ;
    %pushi/vec4 0, 0, 5;
    %cassign/vec4 v0000021b996c80c0_0;
    %jmp T_1.25;
T_1.24 ;
    %pushi/vec4 5, 0, 5;
    %cassign/vec4 v0000021b996c80c0_0;
    %jmp T_1.25;
T_1.25 ;
    %pop/vec4 1;
    %pushi/vec4 1, 0, 1;
    %cassign/vec4 v0000021b996c8ca0_0;
    %pushi/vec4 1, 0, 1;
    %cassign/vec4 v0000021b996c7d00_0;
    %pushi/vec4 0, 0, 1;
    %cassign/vec4 v0000021b996c8b60_0;
    %pushi/vec4 1, 0, 1;
    %cassign/vec4 v0000021b996c8d40_0;
    %pushi/vec4 0, 0, 1;
    %cassign/vec4 v0000021b996c7a80_0;
    %pushi/vec4 0, 0, 1;
    %cassign/vec4 v0000021b996c73a0_0;
    %pushi/vec4 0, 0, 1;
    %cassign/vec4 v0000021b996c7b20_0;
    %pushi/vec4 0, 0, 1;
    %cassign/vec4 v0000021b996c7940_0;
    %pushi/vec4 0, 0, 1;
    %cassign/vec4 v0000021b996c7bc0_0;
    %pushi/vec4 0, 0, 3;
    %cassign/vec4 v0000021b996c7620_0;
    %pushi/vec4 1, 0, 1;
    %cassign/vec4 v0000021b996c7580_0;
    %jmp T_1.13;
T_1.12 ;
    %load/vec4 v0000021b996c8fc0_0;
    %dup/vec4;
    %pushi/vec4 0, 0, 3;
    %cmp/u;
    %jmp/1 T_1.26, 6;
    %dup/vec4;
    %pushi/vec4 1, 0, 3;
    %cmp/u;
    %jmp/1 T_1.27, 6;
    %dup/vec4;
    %pushi/vec4 2, 0, 3;
    %cmp/u;
    %jmp/1 T_1.28, 6;
    %dup/vec4;
    %pushi/vec4 3, 0, 3;
    %cmp/u;
    %jmp/1 T_1.29, 6;
    %dup/vec4;
    %pushi/vec4 4, 0, 3;
    %cmp/u;
    %jmp/1 T_1.30, 6;
    %dup/vec4;
    %pushi/vec4 6, 0, 3;
    %cmp/u;
    %jmp/1 T_1.31, 6;
    %dup/vec4;
    %pushi/vec4 7, 0, 3;
    %cmp/u;
    %jmp/1 T_1.32, 6;
    %jmp T_1.33;
T_1.26 ;
    %pushi/vec4 8, 0, 5;
    %cassign/vec4 v0000021b996c80c0_0;
    %jmp T_1.33;
T_1.27 ;
    %pushi/vec4 9, 0, 5;
    %cassign/vec4 v0000021b996c80c0_0;
    %jmp T_1.33;
T_1.28 ;
    %pushi/vec4 10, 0, 5;
    %cassign/vec4 v0000021b996c80c0_0;
    %jmp T_1.33;
T_1.29 ;
    %pushi/vec4 11, 0, 5;
    %cassign/vec4 v0000021b996c80c0_0;
    %jmp T_1.33;
T_1.30 ;
    %pushi/vec4 12, 0, 5;
    %cassign/vec4 v0000021b996c80c0_0;
    %jmp T_1.33;
T_1.31 ;
    %pushi/vec4 13, 0, 5;
    %cassign/vec4 v0000021b996c80c0_0;
    %jmp T_1.33;
T_1.32 ;
    %pushi/vec4 15, 0, 5;
    %cassign/vec4 v0000021b996c80c0_0;
    %jmp T_1.33;
T_1.33 ;
    %pop/vec4 1;
    %pushi/vec4 1, 0, 1;
    %cassign/vec4 v0000021b996c8ca0_0;
    %pushi/vec4 1, 0, 1;
    %cassign/vec4 v0000021b996c7d00_0;
    %pushi/vec4 0, 0, 1;
    %cassign/vec4 v0000021b996c8b60_0;
    %pushi/vec4 1, 0, 1;
    %cassign/vec4 v0000021b996c8d40_0;
    %pushi/vec4 0, 0, 1;
    %cassign/vec4 v0000021b996c7a80_0;
    %pushi/vec4 0, 0, 1;
    %cassign/vec4 v0000021b996c73a0_0;
    %pushi/vec4 0, 0, 1;
    %cassign/vec4 v0000021b996c7b20_0;
    %pushi/vec4 0, 0, 1;
    %cassign/vec4 v0000021b996c7940_0;
    %pushi/vec4 0, 0, 1;
    %cassign/vec4 v0000021b996c7bc0_0;
    %pushi/vec4 0, 0, 3;
    %cassign/vec4 v0000021b996c7620_0;
    %pushi/vec4 0, 0, 1;
    %cassign/vec4 v0000021b996c7580_0;
    %jmp T_1.13;
T_1.13 ;
    %pop/vec4 1;
    %jmp T_1.9;
T_1.1 ;
    %pushi/vec4 16, 0, 5;
    %cassign/vec4 v0000021b996c80c0_0;
    %pushi/vec4 1, 0, 1;
    %cassign/vec4 v0000021b996c8ca0_0;
    %pushi/vec4 1, 0, 1;
    %cassign/vec4 v0000021b996c7d00_0;
    %pushi/vec4 1, 0, 1;
    %cassign/vec4 v0000021b996c8b60_0;
    %pushi/vec4 1, 0, 1;
    %cassign/vec4 v0000021b996c8d40_0;
    %pushi/vec4 1, 0, 1;
    %cassign/vec4 v0000021b996c7a80_0;
    %pushi/vec4 0, 0, 1;
    %cassign/vec4 v0000021b996c73a0_0;
    %pushi/vec4 0, 0, 1;
    %cassign/vec4 v0000021b996c7b20_0;
    %pushi/vec4 0, 0, 1;
    %cassign/vec4 v0000021b996c7940_0;
    %pushi/vec4 0, 0, 1;
    %cassign/vec4 v0000021b996c7bc0_0;
    %pushi/vec4 1, 0, 3;
    %cassign/vec4 v0000021b996c7620_0;
    %pushi/vec4 0, 0, 1;
    %cassign/vec4 v0000021b996c7580_0;
    %jmp T_1.9;
T_1.2 ;
    %load/vec4 v0000021b996c8fc0_0;
    %dup/vec4;
    %pushi/vec4 0, 0, 3;
    %cmp/u;
    %jmp/1 T_1.34, 6;
    %dup/vec4;
    %pushi/vec4 1, 0, 3;
    %cmp/u;
    %jmp/1 T_1.35, 6;
    %dup/vec4;
    %pushi/vec4 2, 0, 3;
    %cmp/u;
    %jmp/1 T_1.36, 6;
    %dup/vec4;
    %pushi/vec4 3, 0, 3;
    %cmp/u;
    %jmp/1 T_1.37, 6;
    %dup/vec4;
    %pushi/vec4 4, 0, 3;
    %cmp/u;
    %jmp/1 T_1.38, 6;
    %dup/vec4;
    %pushi/vec4 5, 0, 3;
    %cmp/u;
    %jmp/1 T_1.39, 6;
    %dup/vec4;
    %pushi/vec4 6, 0, 3;
    %cmp/u;
    %jmp/1 T_1.40, 6;
    %dup/vec4;
    %pushi/vec4 7, 0, 3;
    %cmp/u;
    %jmp/1 T_1.41, 6;
    %jmp T_1.42;
T_1.34 ;
    %pushi/vec4 0, 0, 5;
    %cassign/vec4 v0000021b996c80c0_0;
    %jmp T_1.42;
T_1.35 ;
    %pushi/vec4 1, 0, 5;
    %cassign/vec4 v0000021b996c80c0_0;
    %jmp T_1.42;
T_1.36 ;
    %pushi/vec4 2, 0, 5;
    %cassign/vec4 v0000021b996c80c0_0;
    %jmp T_1.42;
T_1.37 ;
    %pushi/vec4 3, 0, 5;
    %cassign/vec4 v0000021b996c80c0_0;
    %jmp T_1.42;
T_1.38 ;
    %pushi/vec4 4, 0, 5;
    %cassign/vec4 v0000021b996c80c0_0;
    %jmp T_1.42;
T_1.39 ;
    %pushi/vec4 5, 0, 5;
    %cassign/vec4 v0000021b996c80c0_0;
    %jmp T_1.42;
T_1.40 ;
    %pushi/vec4 6, 0, 5;
    %cassign/vec4 v0000021b996c80c0_0;
    %jmp T_1.42;
T_1.41 ;
    %pushi/vec4 7, 0, 5;
    %cassign/vec4 v0000021b996c80c0_0;
    %jmp T_1.42;
T_1.42 ;
    %pop/vec4 1;
    %pushi/vec4 1, 0, 1;
    %cassign/vec4 v0000021b996c8ca0_0;
    %pushi/vec4 0, 0, 1;
    %cassign/vec4 v0000021b996c7d00_0;
    %pushi/vec4 0, 0, 1;
    %cassign/vec4 v0000021b996c8b60_0;
    %pushi/vec4 1, 0, 1;
    %cassign/vec4 v0000021b996c8d40_0;
    %pushi/vec4 0, 0, 1;
    %cassign/vec4 v0000021b996c7a80_0;
    %pushi/vec4 0, 0, 1;
    %cassign/vec4 v0000021b996c73a0_0;
    %pushi/vec4 0, 0, 1;
    %cassign/vec4 v0000021b996c7b20_0;
    %pushi/vec4 0, 0, 1;
    %cassign/vec4 v0000021b996c7940_0;
    %pushi/vec4 0, 0, 1;
    %cassign/vec4 v0000021b996c7bc0_0;
    %load/vec4 v0000021b996c8fc0_0;
    %dup/vec4;
    %pushi/vec4 0, 0, 3;
    %cmp/u;
    %jmp/1 T_1.43, 6;
    %dup/vec4;
    %pushi/vec4 1, 0, 3;
    %cmp/u;
    %jmp/1 T_1.44, 6;
    %dup/vec4;
    %pushi/vec4 2, 0, 3;
    %cmp/u;
    %jmp/1 T_1.45, 6;
    %dup/vec4;
    %pushi/vec4 3, 0, 3;
    %cmp/u;
    %jmp/1 T_1.46, 6;
    %dup/vec4;
    %pushi/vec4 4, 0, 3;
    %cmp/u;
    %jmp/1 T_1.47, 6;
    %dup/vec4;
    %pushi/vec4 5, 0, 3;
    %cmp/u;
    %jmp/1 T_1.48, 6;
    %dup/vec4;
    %pushi/vec4 6, 0, 3;
    %cmp/u;
    %jmp/1 T_1.49, 6;
    %dup/vec4;
    %pushi/vec4 7, 0, 3;
    %cmp/u;
    %jmp/1 T_1.50, 6;
    %jmp T_1.51;
T_1.43 ;
    %pushi/vec4 1, 0, 3;
    %cassign/vec4 v0000021b996c7620_0;
    %jmp T_1.51;
T_1.44 ;
    %pushi/vec4 1, 0, 3;
    %cassign/vec4 v0000021b996c7620_0;
    %jmp T_1.51;
T_1.45 ;
    %pushi/vec4 1, 0, 3;
    %cassign/vec4 v0000021b996c7620_0;
    %jmp T_1.51;
T_1.46 ;
    %pushi/vec4 1, 0, 3;
    %cassign/vec4 v0000021b996c7620_0;
    %jmp T_1.51;
T_1.47 ;
    %pushi/vec4 1, 0, 3;
    %cassign/vec4 v0000021b996c7620_0;
    %jmp T_1.51;
T_1.48 ;
    %pushi/vec4 2, 0, 3;
    %cassign/vec4 v0000021b996c7620_0;
    %jmp T_1.51;
T_1.49 ;
    %pushi/vec4 1, 0, 3;
    %cassign/vec4 v0000021b996c7620_0;
    %jmp T_1.51;
T_1.50 ;
    %pushi/vec4 1, 0, 3;
    %cassign/vec4 v0000021b996c7620_0;
    %jmp T_1.51;
T_1.51 ;
    %pop/vec4 1;
    %load/vec4 v0000021b996c8fc0_0;
    %dup/vec4;
    %pushi/vec4 0, 0, 3;
    %cmp/u;
    %jmp/1 T_1.52, 6;
    %dup/vec4;
    %pushi/vec4 1, 0, 3;
    %cmp/u;
    %jmp/1 T_1.53, 6;
    %dup/vec4;
    %pushi/vec4 2, 0, 3;
    %cmp/u;
    %jmp/1 T_1.54, 6;
    %dup/vec4;
    %pushi/vec4 3, 0, 3;
    %cmp/u;
    %jmp/1 T_1.55, 6;
    %dup/vec4;
    %pushi/vec4 4, 0, 3;
    %cmp/u;
    %jmp/1 T_1.56, 6;
    %dup/vec4;
    %pushi/vec4 5, 0, 3;
    %cmp/u;
    %jmp/1 T_1.57, 6;
    %dup/vec4;
    %pushi/vec4 6, 0, 3;
    %cmp/u;
    %jmp/1 T_1.58, 6;
    %dup/vec4;
    %pushi/vec4 7, 0, 3;
    %cmp/u;
    %jmp/1 T_1.59, 6;
    %jmp T_1.60;
T_1.52 ;
    %pushi/vec4 0, 0, 1;
    %cassign/vec4 v0000021b996c7580_0;
    %jmp T_1.60;
T_1.53 ;
    %pushi/vec4 0, 0, 1;
    %cassign/vec4 v0000021b996c7580_0;
    %jmp T_1.60;
T_1.54 ;
    %pushi/vec4 0, 0, 1;
    %cassign/vec4 v0000021b996c7580_0;
    %jmp T_1.60;
T_1.55 ;
    %pushi/vec4 0, 0, 1;
    %cassign/vec4 v0000021b996c7580_0;
    %jmp T_1.60;
T_1.56 ;
    %pushi/vec4 0, 0, 1;
    %cassign/vec4 v0000021b996c7580_0;
    %jmp T_1.60;
T_1.57 ;
    %load/vec4 v0000021b996c8f20_0;
    %dup/vec4;
    %pushi/vec4 0, 0, 7;
    %cmp/u;
    %jmp/1 T_1.61, 6;
    %dup/vec4;
    %pushi/vec4 32, 0, 7;
    %cmp/u;
    %jmp/1 T_1.62, 6;
    %jmp T_1.63;
T_1.61 ;
    %pushi/vec4 0, 0, 1;
    %cassign/vec4 v0000021b996c7580_0;
    %jmp T_1.63;
T_1.62 ;
    %pushi/vec4 1, 0, 1;
    %cassign/vec4 v0000021b996c7580_0;
    %jmp T_1.63;
T_1.63 ;
    %pop/vec4 1;
    %jmp T_1.60;
T_1.58 ;
    %pushi/vec4 0, 0, 1;
    %cassign/vec4 v0000021b996c7580_0;
    %jmp T_1.60;
T_1.59 ;
    %pushi/vec4 0, 0, 1;
    %cassign/vec4 v0000021b996c7580_0;
    %jmp T_1.60;
T_1.60 ;
    %pop/vec4 1;
    %jmp T_1.9;
T_1.3 ;
    %pushi/vec4 0, 0, 5;
    %cassign/vec4 v0000021b996c80c0_0;
    %pushi/vec4 1, 0, 1;
    %cassign/vec4 v0000021b996c8ca0_0;
    %pushi/vec4 0, 0, 1;
    %cassign/vec4 v0000021b996c7d00_0;
    %pushi/vec4 0, 0, 1;
    %cassign/vec4 v0000021b996c8b60_0;
    %pushi/vec4 1, 0, 1;
    %cassign/vec4 v0000021b996c8d40_0;
    %pushi/vec4 0, 0, 1;
    %cassign/vec4 v0000021b996c7a80_0;
    %pushi/vec4 0, 0, 1;
    %cassign/vec4 v0000021b996c73a0_0;
    %pushi/vec4 0, 0, 1;
    %cassign/vec4 v0000021b996c7b20_0;
    %pushi/vec4 1, 0, 1;
    %cassign/vec4 v0000021b996c7940_0;
    %pushi/vec4 0, 0, 1;
    %cassign/vec4 v0000021b996c7bc0_0;
    %pushi/vec4 1, 0, 3;
    %cassign/vec4 v0000021b996c7620_0;
    %pushi/vec4 0, 0, 1;
    %cassign/vec4 v0000021b996c7580_0;
    %jmp T_1.9;
T_1.4 ;
    %pushi/vec4 0, 0, 5;
    %cassign/vec4 v0000021b996c80c0_0;
    %pushi/vec4 1, 0, 1;
    %cassign/vec4 v0000021b996c8ca0_0;
    %pushi/vec4 1, 0, 1;
    %cassign/vec4 v0000021b996c7d00_0;
    %pushi/vec4 0, 0, 1;
    %cassign/vec4 v0000021b996c8b60_0;
    %pushi/vec4 0, 0, 1;
    %cassign/vec4 v0000021b996c8d40_0;
    %pushi/vec4 1, 0, 1;
    %cassign/vec4 v0000021b996c7a80_0;
    %pushi/vec4 0, 0, 1;
    %cassign/vec4 v0000021b996c73a0_0;
    %pushi/vec4 0, 0, 1;
    %cassign/vec4 v0000021b996c7b20_0;
    %pushi/vec4 0, 0, 1;
    %cassign/vec4 v0000021b996c7940_0;
    %pushi/vec4 0, 0, 1;
    %cassign/vec4 v0000021b996c7bc0_0;
    %pushi/vec4 3, 0, 3;
    %cassign/vec4 v0000021b996c7620_0;
    %pushi/vec4 0, 0, 1;
    %cassign/vec4 v0000021b996c7580_0;
    %jmp T_1.9;
T_1.5 ;
    %pushi/vec4 0, 0, 5;
    %cassign/vec4 v0000021b996c80c0_0;
    %pushi/vec4 0, 0, 1;
    %cassign/vec4 v0000021b996c8ca0_0;
    %pushi/vec4 0, 0, 1;
    %cassign/vec4 v0000021b996c7d00_0;
    %pushi/vec4 0, 0, 1;
    %cassign/vec4 v0000021b996c8b60_0;
    %pushi/vec4 1, 0, 1;
    %cassign/vec4 v0000021b996c8d40_0;
    %pushi/vec4 0, 0, 1;
    %cassign/vec4 v0000021b996c7a80_0;
    %pushi/vec4 0, 0, 1;
    %cassign/vec4 v0000021b996c73a0_0;
    %pushi/vec4 0, 0, 1;
    %cassign/vec4 v0000021b996c7b20_0;
    %pushi/vec4 0, 0, 1;
    %cassign/vec4 v0000021b996c7940_0;
    %pushi/vec4 0, 0, 1;
    %cassign/vec4 v0000021b996c7bc0_0;
    %pushi/vec4 0, 0, 3;
    %cassign/vec4 v0000021b996c7620_0;
    %pushi/vec4 0, 0, 1;
    %cassign/vec4 v0000021b996c7580_0;
    %jmp T_1.9;
T_1.6 ;
    %pushi/vec4 16, 0, 5;
    %cassign/vec4 v0000021b996c80c0_0;
    %pushi/vec4 0, 0, 1;
    %cassign/vec4 v0000021b996c8ca0_0;
    %pushi/vec4 0, 0, 1;
    %cassign/vec4 v0000021b996c7d00_0;
    %pushi/vec4 0, 0, 1;
    %cassign/vec4 v0000021b996c8b60_0;
    %pushi/vec4 1, 0, 1;
    %cassign/vec4 v0000021b996c8d40_0;
    %pushi/vec4 0, 0, 1;
    %cassign/vec4 v0000021b996c7a80_0;
    %pushi/vec4 0, 0, 1;
    %cassign/vec4 v0000021b996c73a0_0;
    %pushi/vec4 0, 0, 1;
    %cassign/vec4 v0000021b996c7b20_0;
    %pushi/vec4 0, 0, 1;
    %cassign/vec4 v0000021b996c7940_0;
    %pushi/vec4 0, 0, 1;
    %cassign/vec4 v0000021b996c7bc0_0;
    %pushi/vec4 0, 0, 3;
    %cassign/vec4 v0000021b996c7620_0;
    %pushi/vec4 0, 0, 1;
    %cassign/vec4 v0000021b996c7580_0;
    %jmp T_1.9;
T_1.7 ;
    %load/vec4 v0000021b996c8fc0_0;
    %dup/vec4;
    %pushi/vec4 0, 0, 3;
    %cmp/u;
    %jmp/1 T_1.64, 6;
    %dup/vec4;
    %pushi/vec4 1, 0, 3;
    %cmp/u;
    %jmp/1 T_1.65, 6;
    %dup/vec4;
    %pushi/vec4 4, 0, 3;
    %cmp/u;
    %jmp/1 T_1.66, 6;
    %dup/vec4;
    %pushi/vec4 5, 0, 3;
    %cmp/u;
    %jmp/1 T_1.67, 6;
    %dup/vec4;
    %pushi/vec4 6, 0, 3;
    %cmp/u;
    %jmp/1 T_1.68, 6;
    %dup/vec4;
    %pushi/vec4 7, 0, 3;
    %cmp/u;
    %jmp/1 T_1.69, 6;
    %jmp T_1.70;
T_1.64 ;
    %pushi/vec4 0, 0, 5;
    %cassign/vec4 v0000021b996c80c0_0;
    %jmp T_1.70;
T_1.65 ;
    %pushi/vec4 0, 0, 5;
    %cassign/vec4 v0000021b996c80c0_0;
    %jmp T_1.70;
T_1.66 ;
    %pushi/vec4 2, 0, 5;
    %cassign/vec4 v0000021b996c80c0_0;
    %jmp T_1.70;
T_1.67 ;
    %pushi/vec4 2, 0, 5;
    %cassign/vec4 v0000021b996c80c0_0;
    %jmp T_1.70;
T_1.68 ;
    %pushi/vec4 3, 0, 5;
    %cassign/vec4 v0000021b996c80c0_0;
    %jmp T_1.70;
T_1.69 ;
    %pushi/vec4 3, 0, 5;
    %cassign/vec4 v0000021b996c80c0_0;
    %jmp T_1.70;
T_1.70 ;
    %pop/vec4 1;
    %pushi/vec4 1, 0, 1;
    %cassign/vec4 v0000021b996c8ca0_0;
    %pushi/vec4 0, 0, 1;
    %cassign/vec4 v0000021b996c7d00_0;
    %pushi/vec4 0, 0, 1;
    %cassign/vec4 v0000021b996c8b60_0;
    %pushi/vec4 0, 0, 1;
    %cassign/vec4 v0000021b996c8d40_0;
    %pushi/vec4 0, 0, 1;
    %cassign/vec4 v0000021b996c7a80_0;
    %pushi/vec4 0, 0, 1;
    %cassign/vec4 v0000021b996c73a0_0;
    %pushi/vec4 1, 0, 1;
    %cassign/vec4 v0000021b996c7b20_0;
    %pushi/vec4 0, 0, 1;
    %cassign/vec4 v0000021b996c7940_0;
    %pushi/vec4 1, 0, 1;
    %cassign/vec4 v0000021b996c7bc0_0;
    %pushi/vec4 4, 0, 3;
    %cassign/vec4 v0000021b996c7620_0;
    %load/vec4 v0000021b996c8fc0_0;
    %dup/vec4;
    %pushi/vec4 0, 0, 3;
    %cmp/u;
    %jmp/1 T_1.71, 6;
    %dup/vec4;
    %pushi/vec4 1, 0, 3;
    %cmp/u;
    %jmp/1 T_1.72, 6;
    %dup/vec4;
    %pushi/vec4 4, 0, 3;
    %cmp/u;
    %jmp/1 T_1.73, 6;
    %dup/vec4;
    %pushi/vec4 5, 0, 3;
    %cmp/u;
    %jmp/1 T_1.74, 6;
    %dup/vec4;
    %pushi/vec4 6, 0, 3;
    %cmp/u;
    %jmp/1 T_1.75, 6;
    %dup/vec4;
    %pushi/vec4 7, 0, 3;
    %cmp/u;
    %jmp/1 T_1.76, 6;
    %jmp T_1.77;
T_1.71 ;
    %pushi/vec4 1, 0, 1;
    %cassign/vec4 v0000021b996c7580_0;
    %jmp T_1.77;
T_1.72 ;
    %pushi/vec4 1, 0, 1;
    %cassign/vec4 v0000021b996c7580_0;
    %jmp T_1.77;
T_1.73 ;
    %pushi/vec4 0, 0, 1;
    %cassign/vec4 v0000021b996c7580_0;
    %jmp T_1.77;
T_1.74 ;
    %pushi/vec4 0, 0, 1;
    %cassign/vec4 v0000021b996c7580_0;
    %jmp T_1.77;
T_1.75 ;
    %pushi/vec4 0, 0, 1;
    %cassign/vec4 v0000021b996c7580_0;
    %jmp T_1.77;
T_1.76 ;
    %pushi/vec4 0, 0, 1;
    %cassign/vec4 v0000021b996c7580_0;
    %jmp T_1.77;
T_1.77 ;
    %pop/vec4 1;
    %jmp T_1.9;
T_1.8 ;
    %pushi/vec4 0, 0, 5;
    %cassign/vec4 v0000021b996c80c0_0;
    %pushi/vec4 0, 0, 1;
    %cassign/vec4 v0000021b996c8ca0_0;
    %pushi/vec4 0, 0, 1;
    %cassign/vec4 v0000021b996c7d00_0;
    %pushi/vec4 0, 0, 1;
    %cassign/vec4 v0000021b996c8b60_0;
    %pushi/vec4 1, 0, 1;
    %cassign/vec4 v0000021b996c8d40_0;
    %pushi/vec4 0, 0, 1;
    %cassign/vec4 v0000021b996c7a80_0;
    %pushi/vec4 0, 0, 1;
    %cassign/vec4 v0000021b996c73a0_0;
    %pushi/vec4 0, 0, 1;
    %cassign/vec4 v0000021b996c7b20_0;
    %pushi/vec4 1, 0, 1;
    %cassign/vec4 v0000021b996c7940_0;
    %pushi/vec4 1, 0, 1;
    %cassign/vec4 v0000021b996c7bc0_0;
    %pushi/vec4 5, 0, 3;
    %cassign/vec4 v0000021b996c7620_0;
    %pushi/vec4 0, 0, 1;
    %cassign/vec4 v0000021b996c7580_0;
    %jmp T_1.9;
T_1.9 ;
    %pop/vec4 1;
    %jmp T_1;
    .thread T_1, $push;
    .scope S_0000021b996c5ca0;
T_2 ;
    %wait E_0000021b99640ca0;
    %load/vec4 v0000021b996c8de0_0;
    %flag_set/vec4 8;
    %jmp/0xz  T_2.0, 8;
    %pushi/vec4 0, 0, 32;
    %store/vec4 v0000021b996caa30_0, 0, 32;
T_2.2 ;
    %load/vec4 v0000021b996caa30_0;
    %cmpi/s 32, 0, 32;
    %jmp/0xz T_2.3, 5;
    %load/vec4 v0000021b996caa30_0;
    %ix/getv/s 3, v0000021b996caa30_0;
    %ix/load 4, 0, 0; Constant delay
    %assign/vec4/a/d v0000021b996c8c00, 0, 4;
    %load/vec4 v0000021b996caa30_0;
    %addi 1, 0, 32;
    %store/vec4 v0000021b996caa30_0, 0, 32;
    %jmp T_2.2;
T_2.3 ;
    %jmp T_2.1;
T_2.0 ;
    %load/vec4 v0000021b996c96d0_0;
    %flag_set/vec4 8;
    %jmp/0xz  T_2.4, 8;
    %load/vec4 v0000021b996c9ef0_0;
    %load/vec4 v0000021b996c9060_0;
    %pad/u 7;
    %ix/vec4 3;
    %ix/load 4, 0, 0; Constant delay
    %assign/vec4/a/d v0000021b996c8c00, 0, 4;
T_2.4 ;
T_2.1 ;
    %jmp T_2;
    .thread T_2;
    .scope S_0000021b996c5ca0;
T_3 ;
    %wait E_0000021b99643d60;
    %load/vec4 v0000021b996c8160_0;
    %pad/u 7;
    %ix/vec4 4;
    %load/vec4a v0000021b996c8c00, 4;
    %store/vec4 v0000021b996c82a0_0, 0, 32;
    %load/vec4 v0000021b996c8480_0;
    %pad/u 7;
    %ix/vec4 4;
    %load/vec4a v0000021b996c8c00, 4;
    %store/vec4 v0000021b996c8700_0, 0, 32;
    %jmp T_3;
    .thread T_3, $push;
    .scope S_0000021b996c5ca0;
T_4 ;
    %vpi_call 14 41 "$dumpfile", "cpu_tb.vcd" {0 0 0};
    %pushi/vec4 0, 0, 32;
    %store/vec4 v0000021b996caa30_0, 0, 32;
T_4.0 ;
    %load/vec4 v0000021b996caa30_0;
    %cmpi/s 32, 0, 32;
    %jmp/0xz T_4.1, 5;
    %vpi_call 14 43 "$dumpvars", 32'sb00000000000000000000000000000000, &A<v0000021b996c8c00, v0000021b996caa30_0 > {0 0 0};
    ; show_stmt_assign_vector: Get l-value for compressed += operand
    %load/vec4 v0000021b996caa30_0;
    %pushi/vec4 1, 0, 32;
    %add;
    %store/vec4 v0000021b996caa30_0, 0, 32;
    %jmp T_4.0;
T_4.1 ;
    %end;
    .thread T_4;
    .scope S_0000021b996c6dd0;
T_5 ;
    %wait E_0000021b99642da0;
    %load/vec4 v0000021b996c74e0_0;
    %dup/vec4;
    %pushi/vec4 0, 0, 3;
    %cmp/u;
    %jmp/1 T_5.0, 6;
    %dup/vec4;
    %pushi/vec4 1, 0, 3;
    %cmp/u;
    %jmp/1 T_5.1, 6;
    %dup/vec4;
    %pushi/vec4 2, 0, 3;
    %cmp/u;
    %jmp/1 T_5.2, 6;
    %dup/vec4;
    %pushi/vec4 3, 0, 3;
    %cmp/u;
    %jmp/1 T_5.3, 6;
    %dup/vec4;
    %pushi/vec4 4, 0, 3;
    %cmp/u;
    %jmp/1 T_5.4, 6;
    %dup/vec4;
    %pushi/vec4 5, 0, 3;
    %cmp/u;
    %jmp/1 T_5.5, 6;
    %pushi/vec4 0, 0, 32;
    %store/vec4 v0000021b996c8020_0, 0, 32;
    %jmp T_5.7;
T_5.0 ;
    %load/vec4 v0000021b996c7300_0;
    %concati/vec4 0, 0, 12;
    %store/vec4 v0000021b996c8020_0, 0, 32;
    %jmp T_5.7;
T_5.1 ;
    %load/vec4 v0000021b996c7440_0;
    %parti/s 1, 11, 5;
    %replicate 20;
    %load/vec4 v0000021b996c7440_0;
    %concat/vec4; draw_concat_vec4
    %store/vec4 v0000021b996c8020_0, 0, 32;
    %jmp T_5.7;
T_5.2 ;
    %load/vec4 v0000021b996c7440_0;
    %parti/s 1, 10, 5;
    %load/vec4 v0000021b996c7440_0;
    %parti/s 5, 0, 2;
    %concat/vec4; draw_concat_vec4
    %pad/u 32;
    %store/vec4 v0000021b996c8020_0, 0, 32;
    %jmp T_5.7;
T_5.3 ;
    %load/vec4 v0000021b996c8e80_0;
    %load/vec4 v0000021b996c7da0_0;
    %concat/vec4; draw_concat_vec4
    %pad/u 32;
    %store/vec4 v0000021b996c8020_0, 0, 32;
    %jmp T_5.7;
T_5.4 ;
    %load/vec4 v0000021b996c7800_0;
    %replicate 20;
    %load/vec4 v0000021b996c8980_0;
    %concat/vec4; draw_concat_vec4
    %load/vec4 v0000021b996c87a0_0;
    %concat/vec4; draw_concat_vec4
    %load/vec4 v0000021b996c76c0_0;
    %concat/vec4; draw_concat_vec4
    %concati/vec4 0, 0, 1;
    %store/vec4 v0000021b996c8020_0, 0, 32;
    %jmp T_5.7;
T_5.5 ;
    %load/vec4 v0000021b996c85c0_0;
    %replicate 12;
    %load/vec4 v0000021b996c71c0_0;
    %concat/vec4; draw_concat_vec4
    %load/vec4 v0000021b996c7260_0;
    %concat/vec4; draw_concat_vec4
    %load/vec4 v0000021b996c7c60_0;
    %concat/vec4; draw_concat_vec4
    %concati/vec4 0, 0, 1;
    %store/vec4 v0000021b996c8020_0, 0, 32;
    %jmp T_5.7;
T_5.7 ;
    %pop/vec4 1;
    %jmp T_5;
    .thread T_5, $push;
    .scope S_0000021b9938ea50;
T_6 ;
    %pushi/vec4 0, 0, 32;
    %store/vec4 v0000021b996be7b0_0, 0, 32;
    %pushi/vec4 0, 0, 32;
    %store/vec4 v0000021b996bf930_0, 0, 32;
    %pushi/vec4 0, 0, 32;
    %store/vec4 v0000021b996bedf0_0, 0, 32;
    %pushi/vec4 0, 0, 32;
    %store/vec4 v0000021b9965ced0_0, 0, 32;
    %pushi/vec4 0, 0, 32;
    %store/vec4 v0000021b995869a0_0, 0, 32;
    %pushi/vec4 0, 0, 3;
    %store/vec4 v0000021b9963c9a0_0, 0, 3;
    %pushi/vec4 0, 0, 5;
    %store/vec4 v0000021b996bef30_0, 0, 5;
    %pushi/vec4 0, 0, 5;
    %store/vec4 v0000021b9965c9d0_0, 0, 5;
    %pushi/vec4 0, 0, 1;
    %store/vec4 v0000021b996bf110_0, 0, 1;
    %pushi/vec4 0, 0, 1;
    %store/vec4 v0000021b996bec10_0, 0, 1;
    %pushi/vec4 0, 0, 1;
    %store/vec4 v0000021b996be350_0, 0, 1;
    %pushi/vec4 0, 0, 1;
    %store/vec4 v0000021b996bf2f0_0, 0, 1;
    %pushi/vec4 0, 0, 1;
    %store/vec4 v0000021b996bfe30_0, 0, 1;
    %pushi/vec4 0, 0, 1;
    %store/vec4 v0000021b996bf1b0_0, 0, 1;
    %pushi/vec4 0, 0, 1;
    %store/vec4 v0000021b9965cc50_0, 0, 1;
    %pushi/vec4 0, 0, 1;
    %store/vec4 v0000021b996bfd90_0, 0, 1;
    %pushi/vec4 0, 0, 1;
    %store/vec4 v0000021b996bf4d0_0, 0, 1;
    %pushi/vec4 0, 0, 1;
    %store/vec4 v0000021b996bf070_0, 0, 1;
    %end;
    .thread T_6;
    .scope S_0000021b9938ea50;
T_7 ;
    %wait E_0000021b99640ca0;
    %load/vec4 v0000021b996bfbb0_0;
    %cmpi/e 1, 0, 1;
    %jmp/0xz  T_7.0, 4;
    %pushi/vec4 0, 0, 32;
    %assign/vec4 v0000021b996bf930_0, 0;
    %pushi/vec4 0, 0, 32;
    %assign/vec4 v0000021b996be7b0_0, 0;
    %pushi/vec4 0, 0, 32;
    %assign/vec4 v0000021b996bedf0_0, 0;
    %pushi/vec4 0, 0, 32;
    %assign/vec4 v0000021b9965ced0_0, 0;
    %pushi/vec4 0, 0, 32;
    %assign/vec4 v0000021b995869a0_0, 0;
    %pushi/vec4 0, 0, 3;
    %assign/vec4 v0000021b9963c9a0_0, 0;
    %pushi/vec4 0, 0, 5;
    %assign/vec4 v0000021b996bef30_0, 0;
    %pushi/vec4 0, 0, 5;
    %assign/vec4 v0000021b9965c9d0_0, 0;
    %pushi/vec4 0, 0, 1;
    %assign/vec4 v0000021b996bf110_0, 0;
    %pushi/vec4 0, 0, 1;
    %assign/vec4 v0000021b996bec10_0, 0;
    %pushi/vec4 0, 0, 1;
    %assign/vec4 v0000021b996be350_0, 0;
    %pushi/vec4 0, 0, 1;
    %assign/vec4 v0000021b996bf2f0_0, 0;
    %pushi/vec4 0, 0, 1;
    %assign/vec4 v0000021b996bfe30_0, 0;
    %pushi/vec4 0, 0, 1;
    %assign/vec4 v0000021b996bf1b0_0, 0;
    %pushi/vec4 0, 0, 1;
    %assign/vec4 v0000021b9965cc50_0, 0;
    %pushi/vec4 0, 0, 1;
    %assign/vec4 v0000021b996bfd90_0, 0;
    %pushi/vec4 0, 0, 1;
    %assign/vec4 v0000021b996bf4d0_0, 0;
    %pushi/vec4 0, 0, 1;
    %assign/vec4 v0000021b996bf070_0, 0;
    %jmp T_7.1;
T_7.0 ;
    %load/vec4 v0000021b9965ccf0_0;
    %nor/r;
    %flag_set/vec4 8;
    %jmp/0xz  T_7.2, 8;
    %delay 20, 0;
    %load/vec4 v0000021b996bf890_0;
    %assign/vec4 v0000021b996bedf0_0, 0;
    %load/vec4 v0000021b996bf610_0;
    %assign/vec4 v0000021b996be7b0_0, 0;
    %load/vec4 v0000021b996bfc50_0;
    %assign/vec4 v0000021b996bf930_0, 0;
    %load/vec4 v0000021b9965ce30_0;
    %assign/vec4 v0000021b9965ced0_0, 0;
    %load/vec4 v0000021b99586900_0;
    %assign/vec4 v0000021b995869a0_0, 0;
    %load/vec4 v0000021b9963baa0_0;
    %assign/vec4 v0000021b9963c9a0_0, 0;
    %load/vec4 v0000021b996bf7f0_0;
    %assign/vec4 v0000021b996bef30_0, 0;
    %load/vec4 v0000021b9965c930_0;
    %assign/vec4 v0000021b9965c9d0_0, 0;
    %load/vec4 v0000021b996befd0_0;
    %assign/vec4 v0000021b996bf110_0, 0;
    %load/vec4 v0000021b996be530_0;
    %assign/vec4 v0000021b996bec10_0, 0;
    %load/vec4 v0000021b996bf250_0;
    %assign/vec4 v0000021b996be350_0, 0;
    %load/vec4 v0000021b996be5d0_0;
    %assign/vec4 v0000021b996bf2f0_0, 0;
    %load/vec4 v0000021b996be170_0;
    %assign/vec4 v0000021b996bfe30_0, 0;
    %load/vec4 v0000021b996bee90_0;
    %assign/vec4 v0000021b996bf1b0_0, 0;
    %load/vec4 v0000021b9965ca70_0;
    %assign/vec4 v0000021b9965cc50_0, 0;
    %load/vec4 v0000021b996bf750_0;
    %assign/vec4 v0000021b996bfd90_0, 0;
    %load/vec4 v0000021b996bf6b0_0;
    %assign/vec4 v0000021b996bf4d0_0, 0;
    %load/vec4 v0000021b996bfcf0_0;
    %assign/vec4 v0000021b996bf070_0, 0;
T_7.2 ;
T_7.1 ;
    %jmp T_7;
    .thread T_7;
    .scope S_0000021b996c6790;
T_8 ;
    %wait E_0000021b996423a0;
    %load/vec4 v0000021b996c7e40_0;
    %dup/vec4;
    %pushi/vec4 1, 0, 1;
    %cmp/u;
    %jmp/1 T_8.0, 6;
    %load/vec4 v0000021b996c78a0_0;
    %store/vec4 v0000021b996c8660_0, 0, 32;
    %jmp T_8.2;
T_8.0 ;
    %load/vec4 v0000021b996c8340_0;
    %store/vec4 v0000021b996c8660_0, 0, 32;
    %jmp T_8.2;
T_8.2 ;
    %pop/vec4 1;
    %jmp T_8;
    .thread T_8, $push;
    .scope S_0000021b996c5b10;
T_9 ;
    %wait E_0000021b99643a60;
    %load/vec4 v0000021b996c8520_0;
    %dup/vec4;
    %pushi/vec4 1, 0, 1;
    %cmp/u;
    %jmp/1 T_9.0, 6;
    %load/vec4 v0000021b996c8a20_0;
    %store/vec4 v0000021b996c7ee0_0, 0, 32;
    %jmp T_9.2;
T_9.0 ;
    %load/vec4 v0000021b996c83e0_0;
    %store/vec4 v0000021b996c7ee0_0, 0, 32;
    %jmp T_9.2;
T_9.2 ;
    %pop/vec4 1;
    %jmp T_9;
    .thread T_9, $push;
    .scope S_0000021b996c6f60;
T_10 ;
    %wait E_0000021b99643fa0;
    %load/vec4 v0000021b996ca210_0;
    %pad/u 32;
    %cmpi/e 1, 0, 32;
    %jmp/0xz  T_10.0, 4;
    %load/vec4 v0000021b996ca7b0_0;
    %inv;
    %addi 1, 0, 32;
    %store/vec4 v0000021b996c9db0_0, 0, 32;
    %jmp T_10.1;
T_10.0 ;
    %load/vec4 v0000021b996ca7b0_0;
    %store/vec4 v0000021b996c9db0_0, 0, 32;
T_10.1 ;
    %jmp T_10;
    .thread T_10, $push;
    .scope S_0000021b9938df00;
T_11 ;
    %wait E_0000021b99640e20;
    %load/vec4 v0000021b996c4320_0;
    %dup/vec4;
    %pushi/vec4 0, 0, 5;
    %cmp/u;
    %jmp/1 T_11.0, 6;
    %dup/vec4;
    %pushi/vec4 1, 0, 5;
    %cmp/u;
    %jmp/1 T_11.1, 6;
    %dup/vec4;
    %pushi/vec4 2, 0, 5;
    %cmp/u;
    %jmp/1 T_11.2, 6;
    %dup/vec4;
    %pushi/vec4 3, 0, 5;
    %cmp/u;
    %jmp/1 T_11.3, 6;
    %dup/vec4;
    %pushi/vec4 4, 0, 5;
    %cmp/u;
    %jmp/1 T_11.4, 6;
    %dup/vec4;
    %pushi/vec4 5, 0, 5;
    %cmp/u;
    %jmp/1 T_11.5, 6;
    %dup/vec4;
    %pushi/vec4 6, 0, 5;
    %cmp/u;
    %jmp/1 T_11.6, 6;
    %dup/vec4;
    %pushi/vec4 7, 0, 5;
    %cmp/u;
    %jmp/1 T_11.7, 6;
    %dup/vec4;
    %pushi/vec4 8, 0, 5;
    %cmp/u;
    %jmp/1 T_11.8, 6;
    %dup/vec4;
    %pushi/vec4 9, 0, 5;
    %cmp/u;
    %jmp/1 T_11.9, 6;
    %dup/vec4;
    %pushi/vec4 10, 0, 5;
    %cmp/u;
    %jmp/1 T_11.10, 6;
    %dup/vec4;
    %pushi/vec4 11, 0, 5;
    %cmp/u;
    %jmp/1 T_11.11, 6;
    %dup/vec4;
    %pushi/vec4 12, 0, 5;
    %cmp/u;
    %jmp/1 T_11.12, 6;
    %dup/vec4;
    %pushi/vec4 13, 0, 5;
    %cmp/u;
    %jmp/1 T_11.13, 6;
    %dup/vec4;
    %pushi/vec4 15, 0, 5;
    %cmp/u;
    %jmp/1 T_11.14, 6;
    %pushi/vec4 0, 0, 32;
    %store/vec4 v0000021b996c48c0_0, 0, 32;
    %jmp T_11.16;
T_11.0 ;
    %load/vec4 v0000021b996c4280_0;
    %store/vec4 v0000021b996c48c0_0, 0, 32;
    %jmp T_11.16;
T_11.1 ;
    %load/vec4 v0000021b996c4000_0;
    %store/vec4 v0000021b996c48c0_0, 0, 32;
    %jmp T_11.16;
T_11.2 ;
    %load/vec4 v0000021b996c3a60_0;
    %store/vec4 v0000021b996c48c0_0, 0, 32;
    %jmp T_11.16;
T_11.3 ;
    %load/vec4 v0000021b996c3600_0;
    %store/vec4 v0000021b996c48c0_0, 0, 32;
    %jmp T_11.16;
T_11.4 ;
    %load/vec4 v0000021b996c40a0_0;
    %store/vec4 v0000021b996c48c0_0, 0, 32;
    %jmp T_11.16;
T_11.5 ;
    %load/vec4 v0000021b996c3f60_0;
    %store/vec4 v0000021b996c48c0_0, 0, 32;
    %jmp T_11.16;
T_11.6 ;
    %load/vec4 v0000021b996c31a0_0;
    %store/vec4 v0000021b996c48c0_0, 0, 32;
    %jmp T_11.16;
T_11.7 ;
    %load/vec4 v0000021b996c3740_0;
    %store/vec4 v0000021b996c48c0_0, 0, 32;
    %jmp T_11.16;
T_11.8 ;
    %load/vec4 v0000021b996c3240_0;
    %store/vec4 v0000021b996c48c0_0, 0, 32;
    %jmp T_11.16;
T_11.9 ;
    %load/vec4 v0000021b996c32e0_0;
    %store/vec4 v0000021b996c48c0_0, 0, 32;
    %jmp T_11.16;
T_11.10 ;
    %load/vec4 v0000021b996c3e20_0;
    %store/vec4 v0000021b996c48c0_0, 0, 32;
    %jmp T_11.16;
T_11.11 ;
    %load/vec4 v0000021b996c4fa0_0;
    %store/vec4 v0000021b996c48c0_0, 0, 32;
    %jmp T_11.16;
T_11.12 ;
    %load/vec4 v0000021b996c4f00_0;
    %store/vec4 v0000021b996c48c0_0, 0, 32;
    %jmp T_11.16;
T_11.13 ;
    %load/vec4 v0000021b996c3880_0;
    %store/vec4 v0000021b996c48c0_0, 0, 32;
    %jmp T_11.16;
T_11.14 ;
    %load/vec4 v0000021b996c3560_0;
    %store/vec4 v0000021b996c48c0_0, 0, 32;
    %jmp T_11.16;
T_11.16 ;
    %pop/vec4 1;
    %load/vec4 v0000021b996c4280_0;
    %cmpi/e 0, 0, 32;
    %jmp/0xz  T_11.17, 4;
    %pushi/vec4 1, 0, 1;
    %store/vec4 v0000021b996c43c0_0, 0, 1;
T_11.17 ;
    %jmp T_11;
    .thread T_11, $push;
    .scope S_0000021b9938ccb0;
T_12 ;
    %wait E_0000021b99640d20;
    %load/vec4 v0000021b996beb70_0;
    %dup/vec4;
    %pushi/vec4 1, 0, 1;
    %cmp/u;
    %jmp/1 T_12.0, 6;
    %load/vec4 v0000021b996be850_0;
    %store/vec4 v0000021b996bff70_0, 0, 32;
    %jmp T_12.2;
T_12.0 ;
    %load/vec4 v0000021b996bfed0_0;
    %store/vec4 v0000021b996bff70_0, 0, 32;
    %jmp T_12.2;
T_12.2 ;
    %pop/vec4 1;
    %jmp T_12;
    .thread T_12, $push;
    .scope S_0000021b99597e70;
T_13 ;
    %wait E_0000021b99640ca0;
    %load/vec4 v0000021b9965c2f0_0;
    %cmpi/e 1, 0, 1;
    %jmp/0xz  T_13.0, 4;
    %pushi/vec4 0, 0, 1;
    %store/vec4 v0000021b9965da10_0, 0, 1;
    %pushi/vec4 0, 0, 1;
    %store/vec4 v0000021b9965da10_0, 0, 1;
    %pushi/vec4 0, 0, 1;
    %store/vec4 v0000021b9965bdf0_0, 0, 1;
    %pushi/vec4 0, 0, 1;
    %store/vec4 v0000021b9965be90_0, 0, 1;
    %pushi/vec4 0, 0, 32;
    %store/vec4 v0000021b9965cf70_0, 0, 32;
    %pushi/vec4 0, 0, 32;
    %store/vec4 v0000021b9965d510_0, 0, 32;
    %pushi/vec4 0, 0, 3;
    %store/vec4 v0000021b9965c070_0, 0, 3;
    %pushi/vec4 0, 0, 5;
    %store/vec4 v0000021b9965d830_0, 0, 5;
    %jmp T_13.1;
T_13.0 ;
    %load/vec4 v0000021b9965d790_0;
    %cmpi/e 0, 0, 1;
    %jmp/0xz  T_13.2, 4;
    %delay 20, 0;
    %load/vec4 v0000021b9965d970_0;
    %assign/vec4 v0000021b9965da10_0, 0;
    %load/vec4 v0000021b9965dab0_0;
    %assign/vec4 v0000021b9965bcb0_0, 0;
    %load/vec4 v0000021b9965c430_0;
    %assign/vec4 v0000021b9965bdf0_0, 0;
    %load/vec4 v0000021b9965d8d0_0;
    %assign/vec4 v0000021b9965be90_0, 0;
    %load/vec4 v0000021b9965d6f0_0;
    %assign/vec4 v0000021b9965cf70_0, 0;
    %load/vec4 v0000021b9965d010_0;
    %assign/vec4 v0000021b9965d510_0, 0;
    %load/vec4 v0000021b9965c750_0;
    %assign/vec4 v0000021b9965c070_0, 0;
    %load/vec4 v0000021b9965d5b0_0;
    %assign/vec4 v0000021b9965d830_0, 0;
T_13.2 ;
T_13.1 ;
    %jmp T_13;
    .thread T_13;
    .scope S_0000021b9938ce40;
T_14 ;
    %wait E_0000021b99640ca0;
    %load/vec4 v0000021b996c11c0_0;
    %cmpi/e 1, 0, 1;
    %jmp/0xz  T_14.0, 4;
    %pushi/vec4 0, 0, 1;
    %store/vec4 v0000021b996becb0_0, 0, 1;
    %pushi/vec4 0, 0, 1;
    %store/vec4 v0000021b996c1bc0_0, 0, 1;
    %pushi/vec4 0, 0, 32;
    %store/vec4 v0000021b996be2b0_0, 0, 32;
    %pushi/vec4 0, 0, 32;
    %store/vec4 v0000021b996be990_0, 0, 32;
    %pushi/vec4 0, 0, 5;
    %store/vec4 v0000021b996c1b20_0, 0, 5;
    %jmp T_14.1;
T_14.0 ;
    %load/vec4 v0000021b996be710_0;
    %cmpi/e 0, 0, 1;
    %jmp/0xz  T_14.2, 4;
    %delay 20, 0;
    %load/vec4 v0000021b996bea30_0;
    %assign/vec4 v0000021b996becb0_0, 0;
    %load/vec4 v0000021b996c0ea0_0;
    %assign/vec4 v0000021b996c1bc0_0, 0;
    %load/vec4 v0000021b996be210_0;
    %assign/vec4 v0000021b996be2b0_0, 0;
    %load/vec4 v0000021b996be8f0_0;
    %assign/vec4 v0000021b996be990_0, 0;
    %load/vec4 v0000021b996bed50_0;
    %assign/vec4 v0000021b996c1b20_0, 0;
T_14.2 ;
T_14.1 ;
    %jmp T_14;
    .thread T_14;
    .scope S_0000021b9938dbe0;
T_15 ;
    %wait E_0000021b99640d60;
    %load/vec4 v0000021b996c07c0_0;
    %dup/vec4;
    %pushi/vec4 1, 0, 1;
    %cmp/u;
    %jmp/1 T_15.0, 6;
    %load/vec4 v0000021b996c0180_0;
    %store/vec4 v0000021b996c1c60_0, 0, 32;
    %jmp T_15.2;
T_15.0 ;
    %load/vec4 v0000021b996c0360_0;
    %store/vec4 v0000021b996c1c60_0, 0, 32;
    %jmp T_15.2;
T_15.2 ;
    %pop/vec4 1;
    %jmp T_15;
    .thread T_15, $push;
    .scope S_0000021b9938e8c0;
T_16 ;
    %wait E_0000021b99640f20;
    %load/vec4 v0000021b9965cbb0_0;
    %load/vec4 v0000021b9965c6b0_0;
    %cmp/e;
    %jmp/0xz  T_16.0, 4;
    %load/vec4 v0000021b9965d0b0_0;
    %store/vec4 v0000021b9965c7f0_0, 0, 32;
    %jmp T_16.1;
T_16.0 ;
    %load/vec4 v0000021b9965c570_0;
    %load/vec4 v0000021b9965c6b0_0;
    %cmp/e;
    %jmp/0xz  T_16.2, 4;
    %load/vec4 v0000021b9965cb10_0;
    %store/vec4 v0000021b9965c7f0_0, 0, 32;
    %jmp T_16.3;
T_16.2 ;
    %load/vec4 v0000021b9965c110_0;
    %store/vec4 v0000021b9965c7f0_0, 0, 32;
T_16.3 ;
T_16.1 ;
    %load/vec4 v0000021b9965cbb0_0;
    %load/vec4 v0000021b9965c610_0;
    %cmp/e;
    %jmp/0xz  T_16.4, 4;
    %load/vec4 v0000021b9965d0b0_0;
    %store/vec4 v0000021b9965c890_0, 0, 32;
    %jmp T_16.5;
T_16.4 ;
    %load/vec4 v0000021b9965c570_0;
    %load/vec4 v0000021b9965c610_0;
    %cmp/e;
    %jmp/0xz  T_16.6, 4;
    %load/vec4 v0000021b9965cb10_0;
    %store/vec4 v0000021b9965c890_0, 0, 32;
    %jmp T_16.7;
T_16.6 ;
    %load/vec4 v0000021b9965c390_0;
    %store/vec4 v0000021b9965c890_0, 0, 32;
T_16.7 ;
T_16.5 ;
    %jmp T_16;
    .thread T_16, $push;
    .scope S_0000021b99597ce0;
T_17 ;
    %wait E_0000021b99640c60;
    %load/vec4 v0000021b996c9b30_0;
    %store/vec4 v0000021b996cae90_0, 0, 32;
    %jmp T_17;
    .thread T_17, $push;
    .scope S_0000021b99668290;
T_18 ;
    %pushi/vec4 0, 0, 1;
    %store/vec4 v0000021b996cbd20_0, 0, 1;
T_18.0 ;
    %delay 50, 0;
    %load/vec4 v0000021b996cbd20_0;
    %inv;
    %store/vec4 v0000021b996cbd20_0, 0, 1;
    %jmp T_18.0;
    %end;
    .thread T_18;
    .scope S_0000021b99668290;
T_19 ;
    %vpi_call 2 24 "$dumpfile", "cpu_tb.vcd" {0 0 0};
    %vpi_call 2 25 "$dumpvars", 32'sb00000000000000000000000000000000, S_0000021b99668290 {0 0 0};
    %pushi/vec4 1, 0, 1;
    %store/vec4 v0000021b996ccf40_0, 0, 1;
    %pushi/vec4 0, 0, 32;
    %store/vec4 v0000021b996ccae0_0, 0, 32;
    %pushi/vec4 0, 0, 32;
    %store/vec4 v0000021b996cc360_0, 0, 32;
    %pushi/vec4 0, 0, 32;
    %store/vec4 v0000021b996ccb80_0, 0, 32;
    %pushi/vec4 0, 0, 1;
    %store/vec4 v0000021b996cb640_0, 0, 1;
    %delay 100, 0;
    %pushi/vec4 0, 0, 1;
    %store/vec4 v0000021b996ccf40_0, 0, 1;
    %delay 100, 0;
    %pushi/vec4 4, 0, 32;
    %store/vec4 v0000021b996ccae0_0, 0, 32;
    %pushi/vec4 2130739, 0, 32;
    %store/vec4 v0000021b996cc360_0, 0, 32;
    %delay 100, 0;
    %pushi/vec4 8, 0, 32;
    %store/vec4 v0000021b996ccae0_0, 0, 32;
    %pushi/vec4 1079181875, 0, 32;
    %store/vec4 v0000021b996cc360_0, 0, 32;
    %delay 1000, 0;
    %vpi_call 2 43 "$finish" {0 0 0};
    %end;
    .thread T_19;
    .scope S_0000021b99668290;
T_20 ;
    %vpi_call 2 48 "$monitor", "Time: %0dns | PC: %h | INSTRUCTION: %h | MEM_READ: %b | MEM_WRITE: %b | MEM_ADDRESS: %h | MEM_WRITE_DATA: %h | WRITE_DATA: %h | DATA1: %h | DATA2: %h |data1: %h|data2: %h", $time, v0000021b996ccae0_0, v0000021b996cc360_0, v0000021b996cbdc0_0, v0000021b996cccc0_0, v0000021b996cb780_0, v0000021b996cb320_0, v0000021b996cca40_0, &PV<v0000021b996ca990_0, 15, 5>, &PV<v0000021b996ca990_0, 20, 5>, v0000021b996c9630_0, v0000021b996c98b0_0 {0 0 0};
    %end;
    .thread T_20;
    .scope S_0000021b99597b50;
T_21 ;
    %wait E_0000021b996436e0;
    %load/vec4 v0000021b996cc220_0;
    %dup/vec4;
    %pushi/vec4 3, 0, 2;
    %cmp/u;
    %jmp/1 T_21.0, 6;
    %dup/vec4;
    %pushi/vec4 2, 0, 2;
    %cmp/u;
    %jmp/1 T_21.1, 6;
    %dup/vec4;
    %pushi/vec4 1, 0, 2;
    %cmp/u;
    %jmp/1 T_21.2, 6;
    %load/vec4 v0000021b996cc9a0_0;
    %store/vec4 v0000021b996cb460_0, 0, 32;
    %jmp T_21.4;
T_21.0 ;
    %load/vec4 v0000021b996cc900_0;
    %store/vec4 v0000021b996cb460_0, 0, 32;
    %jmp T_21.4;
T_21.1 ;
    %load/vec4 v0000021b996ccfe0_0;
    %store/vec4 v0000021b996cb460_0, 0, 32;
    %jmp T_21.4;
T_21.2 ;
    %load/vec4 v0000021b996cc180_0;
    %store/vec4 v0000021b996cb460_0, 0, 32;
    %jmp T_21.4;
T_21.4 ;
    %pop/vec4 1;
    %jmp T_21;
    .thread T_21, $push;
# The file index is used to find the file name in the following table.
:file_names 17;
    "N/A";
    "<interactive>";
    "cputb3.v";
    "./CPU.v";
    "./EX_MEM.v";
    "./Forwarding_Unit.v";
    "./ID_EX.v";
    "./IF_ID.v";
    "./mux_2x1_32bit.v";
    "./MEM_WB.v";
    "./adder_32bit.v";
    "./ALU.v";
    "./controlUnit.v";
    "./immediate_extend.v";
    "./Register_file.v";
    "./Twos_complement.v";
    "./mux_4x1_32bit.v";
