#! /c/Source/iverilog-install/bin/vvp
:ivl_version "12.0 (devel)" "(s20150603-1110-g18392a46)";
:ivl_delay_selection "TYPICAL";
:vpi_time_precision + 0;
:vpi_module "C:\iverilog\lib\ivl\system.vpi";
:vpi_module "C:\iverilog\lib\ivl\vhdl_sys.vpi";
:vpi_module "C:\iverilog\lib\ivl\vhdl_textio.vpi";
:vpi_module "C:\iverilog\lib\ivl\v2005_math.vpi";
:vpi_module "C:\iverilog\lib\ivl\va_math.vpi";
S_000001718af12df0 .scope module, "IF_ID" "IF_ID" 2 1;
 .timescale 0 0;
    .port_info 0 /INPUT 1 "CLK";
    .port_info 1 /INPUT 1 "RESET";
    .port_info 2 /INPUT 1 "BUSYWAIT";
    .port_info 3 /INPUT 32 "PC_PLUS_FOUR_IN";
    .port_info 4 /INPUT 32 "PC_IN";
    .port_info 5 /INPUT 32 "INSTRUCTION_IN";
    .port_info 6 /OUTPUT 32 "PC_PLUS_FOUR_OUT";
    .port_info 7 /OUTPUT 32 "PC_OUT";
    .port_info 8 /OUTPUT 32 "INSTRUCTION_OUT";
o000001718af46fa8 .functor BUFZ 1, C4<z>; HiZ drive
v000001718af13020_0 .net "BUSYWAIT", 0 0, o000001718af46fa8;  0 drivers
o000001718af46fd8 .functor BUFZ 1, C4<z>; HiZ drive
v000001718af130c0_0 .net "CLK", 0 0, o000001718af46fd8;  0 drivers
o000001718af47008 .functor BUFZ 32, C4<zzzzzzzzzzzzzzzzzzzzzzzzzzzzzzzz>; HiZ drive
v000001718aebba80_0 .net "INSTRUCTION_IN", 31 0, o000001718af47008;  0 drivers
v000001718aebbb20_0 .var "INSTRUCTION_OUT", 31 0;
o000001718af47068 .functor BUFZ 32, C4<zzzzzzzzzzzzzzzzzzzzzzzzzzzzzzzz>; HiZ drive
v000001718af44ac0_0 .net "PC_IN", 31 0, o000001718af47068;  0 drivers
v000001718af44b60_0 .var "PC_OUT", 31 0;
o000001718af470c8 .functor BUFZ 32, C4<zzzzzzzzzzzzzzzzzzzzzzzzzzzzzzzz>; HiZ drive
v000001718af44c00_0 .net "PC_PLUS_FOUR_IN", 31 0, o000001718af470c8;  0 drivers
v000001718af44ca0_0 .var "PC_PLUS_FOUR_OUT", 31 0;
o000001718af47128 .functor BUFZ 1, C4<z>; HiZ drive
v000001718af44d40_0 .net "RESET", 0 0, o000001718af47128;  0 drivers
E_000001718aebc360 .event posedge, v000001718af130c0_0;
    .scope S_000001718af12df0;
T_0 ;
    %wait E_000001718aebc360;
    %load/vec4 v000001718af44d40_0;
    %cmpi/e 1, 0, 1;
    %jmp/0xz  T_0.0, 4;
    %pushi/vec4 0, 0, 32;
    %store/vec4 v000001718af44b60_0, 0, 32;
    %pushi/vec4 0, 0, 32;
    %store/vec4 v000001718af44ca0_0, 0, 32;
    %pushi/vec4 0, 0, 32;
    %store/vec4 v000001718aebbb20_0, 0, 32;
    %jmp T_0.1;
T_0.0 ;
    %load/vec4 v000001718af13020_0;
    %cmpi/e 0, 0, 1;
    %jmp/0xz  T_0.2, 4;
    %delay 2, 0;
    %load/vec4 v000001718aebba80_0;
    %assign/vec4 v000001718aebbb20_0, 0;
    %load/vec4 v000001718af44c00_0;
    %assign/vec4 v000001718af44ca0_0, 0;
    %load/vec4 v000001718af44ac0_0;
    %assign/vec4 v000001718af44b60_0, 0;
T_0.2 ;
T_0.1 ;
    %jmp T_0;
    .thread T_0;
# The file index is used to find the file name in the following table.
:file_names 3;
    "N/A";
    "<interactive>";
    "IF_ID.v";
