#! /c/iverilog/bin/vvp
:ivl_version "0.9.7 " "(v0_9_7)";
:vpi_time_precision - 10;
:vpi_module "system";
:vpi_module "v2005_math";
:vpi_module "va_math";
S_01238FA8 .scope module, "immediate_extend" "immediate_extend" 2 42;
 .timescale -9 -10;
v01233518_0 .net "B_imm_1", 0 0, L_0123E798; 1 drivers
v01233570_0 .net "B_imm_2", 0 0, L_0123E848; 1 drivers
v012335C8_0 .net "B_imm_3", 5 0, L_0123E9A8; 1 drivers
v0123E1F0_0 .net "B_imm_4", 3 0, L_0123E7F0; 1 drivers
v0123E248_0 .net "I_imm", 11 0, L_0123E668; 1 drivers
v0123E2A0_0 .net "J_imm_1", 0 0, L_0123E8A0; 1 drivers
v0123E2F8_0 .net "J_imm_2", 7 0, L_0123EC68; 1 drivers
v0123E350_0 .net "J_imm_3", 0 0, L_0123ED18; 1 drivers
v0123E3A8_0 .net "J_imm_4", 9 0, L_0123EE20; 1 drivers
v0123E400_0 .net "S_imm_1", 6 0, L_0123ED70; 1 drivers
v0123E458_0 .net "S_imm_2", 4 0, L_0123E740; 1 drivers
v0123E4B0_0 .net "U_imm", 19 0, L_0123E610; 1 drivers
v0123E508_0 .var "extended_imm_value", 31 0;
v0123E560_0 .net "imm_select", 2 0, C4<zzz>; 0 drivers
v0123E5B8_0 .net "imm_value", 31 0, C4<zzzzzzzzzzzzzzzzzzzzzzzzzzzzzzzz>; 0 drivers
E_0123B080/0 .event edge, v0123E560_0, v0123E4B0_0, v0123E248_0, v0123E400_0;
E_0123B080/1 .event edge, v0123E458_0, v01233518_0, v01233570_0, v012335C8_0;
E_0123B080/2 .event edge, v0123E1F0_0, v0123E2A0_0, v0123E2F8_0, v0123E350_0;
E_0123B080/3 .event edge, v0123E3A8_0;
E_0123B080 .event/or E_0123B080/0, E_0123B080/1, E_0123B080/2, E_0123B080/3;
L_0123E610 .part C4<zzzzzzzzzzzzzzzzzzzzzzzzzzzzzzzz>, 12, 20;
L_0123E668 .part C4<zzzzzzzzzzzzzzzzzzzzzzzzzzzzzzzz>, 20, 12;
L_0123ED70 .part C4<zzzzzzzzzzzzzzzzzzzzzzzzzzzzzzzz>, 25, 7;
L_0123E740 .part C4<zzzzzzzzzzzzzzzzzzzzzzzzzzzzzzzz>, 7, 5;
L_0123E798 .part C4<zzzzzzzzzzzzzzzzzzzzzzzzzzzzzzzz>, 31, 1;
L_0123E848 .part C4<zzzzzzzzzzzzzzzzzzzzzzzzzzzzzzzz>, 7, 1;
L_0123E9A8 .part C4<zzzzzzzzzzzzzzzzzzzzzzzzzzzzzzzz>, 25, 6;
L_0123E7F0 .part C4<zzzzzzzzzzzzzzzzzzzzzzzzzzzzzzzz>, 8, 4;
L_0123E8A0 .part C4<zzzzzzzzzzzzzzzzzzzzzzzzzzzzzzzz>, 31, 1;
L_0123EC68 .part C4<zzzzzzzzzzzzzzzzzzzzzzzzzzzzzzzz>, 12, 8;
L_0123ED18 .part C4<zzzzzzzzzzzzzzzzzzzzzzzzzzzzzzzz>, 20, 1;
L_0123EE20 .part C4<zzzzzzzzzzzzzzzzzzzzzzzzzzzzzzzz>, 21, 10;
    .scope S_01238FA8;
T_0 ;
    %wait E_0123B080;
    %load/v 8, v0123E560_0, 3;
    %cmpi/u 8, 0, 3;
    %jmp/1 T_0.0, 6;
    %cmpi/u 8, 1, 3;
    %jmp/1 T_0.1, 6;
    %cmpi/u 8, 2, 3;
    %jmp/1 T_0.2, 6;
    %cmpi/u 8, 3, 3;
    %jmp/1 T_0.3, 6;
    %cmpi/u 8, 4, 3;
    %jmp/1 T_0.4, 6;
    %cmpi/u 8, 5, 3;
    %jmp/1 T_0.5, 6;
    %set/v v0123E508_0, 0, 32;
    %jmp T_0.7;
T_0.0 ;
    %mov 8, 0, 12;
    %load/v 20, v0123E4B0_0, 20;
    %set/v v0123E508_0, 8, 32;
    %jmp T_0.7;
T_0.1 ;
    %load/v 8, v0123E248_0, 12;
    %ix/load 1, 11, 0;
    %mov 4, 0, 1;
    %jmp/1 T_0.8, 4;
    %load/x1p 60, v0123E248_0, 1;
    %jmp T_0.9;
T_0.8 ;
    %mov 60, 2, 1;
T_0.9 ;
    %mov 40, 60, 1; Move signal select into place
    %mov 59, 40, 1; Repetition 20
    %mov 58, 40, 1; Repetition 19
    %mov 57, 40, 1; Repetition 18
    %mov 56, 40, 1; Repetition 17
    %mov 55, 40, 1; Repetition 16
    %mov 54, 40, 1; Repetition 15
    %mov 53, 40, 1; Repetition 14
    %mov 52, 40, 1; Repetition 13
    %mov 51, 40, 1; Repetition 12
    %mov 50, 40, 1; Repetition 11
    %mov 49, 40, 1; Repetition 10
    %mov 48, 40, 1; Repetition 9
    %mov 47, 40, 1; Repetition 8
    %mov 46, 40, 1; Repetition 7
    %mov 45, 40, 1; Repetition 6
    %mov 44, 40, 1; Repetition 5
    %mov 43, 40, 1; Repetition 4
    %mov 42, 40, 1; Repetition 3
    %mov 41, 40, 1; Repetition 2
    %mov 20, 40, 20;
    %set/v v0123E508_0, 8, 32;
    %jmp T_0.7;
T_0.2 ;
    %load/v 40, v0123E248_0, 5; Select 5 out of 12 bits
    %ix/load 1, 10, 0;
    %mov 4, 0, 1;
    %jmp/1 T_0.10, 4;
    %load/x1p 46, v0123E248_0, 1;
    %jmp T_0.11;
T_0.10 ;
    %mov 46, 2, 1;
T_0.11 ;
    %mov 45, 46, 1; Move signal select into place
    %mov 8, 40, 6;
    %mov 14, 0, 26;
    %set/v v0123E508_0, 8, 32;
    %jmp T_0.7;
T_0.3 ;
    %load/v 40, v0123E458_0, 5;
    %load/v 45, v0123E400_0, 7;
    %mov 8, 40, 12;
    %mov 20, 0, 20;
    %set/v v0123E508_0, 8, 32;
    %jmp T_0.7;
T_0.4 ;
    %mov 8, 0, 1;
    %load/v 9, v0123E1F0_0, 4;
    %load/v 13, v012335C8_0, 6;
    %load/v 19, v01233570_0, 1;
    %load/v 40, v01233518_0, 1;
    %mov 59, 40, 1; Repetition 20
    %mov 58, 40, 1; Repetition 19
    %mov 57, 40, 1; Repetition 18
    %mov 56, 40, 1; Repetition 17
    %mov 55, 40, 1; Repetition 16
    %mov 54, 40, 1; Repetition 15
    %mov 53, 40, 1; Repetition 14
    %mov 52, 40, 1; Repetition 13
    %mov 51, 40, 1; Repetition 12
    %mov 50, 40, 1; Repetition 11
    %mov 49, 40, 1; Repetition 10
    %mov 48, 40, 1; Repetition 9
    %mov 47, 40, 1; Repetition 8
    %mov 46, 40, 1; Repetition 7
    %mov 45, 40, 1; Repetition 6
    %mov 44, 40, 1; Repetition 5
    %mov 43, 40, 1; Repetition 4
    %mov 42, 40, 1; Repetition 3
    %mov 41, 40, 1; Repetition 2
    %mov 20, 40, 20;
    %set/v v0123E508_0, 8, 32;
    %jmp T_0.7;
T_0.5 ;
    %mov 8, 0, 1;
    %load/v 9, v0123E3A8_0, 10;
    %load/v 19, v0123E350_0, 1;
    %load/v 20, v0123E2F8_0, 8;
    %load/v 40, v0123E2A0_0, 1;
    %mov 51, 40, 1; Repetition 12
    %mov 50, 40, 1; Repetition 11
    %mov 49, 40, 1; Repetition 10
    %mov 48, 40, 1; Repetition 9
    %mov 47, 40, 1; Repetition 8
    %mov 46, 40, 1; Repetition 7
    %mov 45, 40, 1; Repetition 6
    %mov 44, 40, 1; Repetition 5
    %mov 43, 40, 1; Repetition 4
    %mov 42, 40, 1; Repetition 3
    %mov 41, 40, 1; Repetition 2
    %mov 28, 40, 12;
    %set/v v0123E508_0, 8, 32;
    %jmp T_0.7;
T_0.7 ;
    %jmp T_0;
    .thread T_0, $push;
# The file index is used to find the file name in the following table.
:file_names 3;
    "N/A";
    "<interactive>";
    "Immediate_extend.v";
