#! /c/iverilog/bin/vvp
:ivl_version "0.9.7 " "(v0_9_7)";
:vpi_time_precision - 10;
:vpi_module "system";
:vpi_module "v2005_math";
:vpi_module "va_math";
S_011D7FA8 .scope module, "instruction_memory" "instruction_memory" 2 3;
 .timescale -9 -10;
v011D9FA8_0 .net "address", 5 0, C4<zzzzzz>; 0 drivers
v011DBB80_0 .var "busywait", 0 0;
v011DBBD8_0 .net "clock", 0 0, C4<z>; 0 drivers
v011D3518 .array "memory_array", 0 1023, 7 0;
v011D3570_0 .net "read", 0 0, C4<z>; 0 drivers
v011D35C8_0 .var "readaccess", 0 0;
v010D00C0_0 .var "readinst", 127 0;
v010D0118_0 .net "reset", 0 0, C4<z>; 0 drivers
E_011D98D0 .event posedge, v011DBBD8_0;
E_011D96D0 .event posedge, v010D0118_0, v011DBBD8_0;
    .scope S_011D7FA8;
T_0 ;
    %set/v v011DBB80_0, 0, 1;
    %set/v v011D35C8_0, 0, 1;
    %movi 8, 65539, 32;
   %ix/load 1, 0, 0;
   %ix/load 3, 0, 0;
   %set/av v011D3518, 8, 8;
   %ix/load 1, 0, 0;
   %ix/load 3, 1, 0;
   %set/av v011D3518, 16, 8;
   %ix/load 1, 0, 0;
   %ix/load 3, 2, 0;
   %set/av v011D3518, 24, 8;
   %ix/load 1, 0, 0;
   %ix/load 3, 3, 0;
   %set/av v011D3518, 32, 8;
    %movi 8, 131074, 32;
   %ix/load 1, 0, 0;
   %ix/load 3, 4, 0;
   %set/av v011D3518, 8, 8;
   %ix/load 1, 0, 0;
   %ix/load 3, 5, 0;
   %set/av v011D3518, 16, 8;
   %ix/load 1, 0, 0;
   %ix/load 3, 6, 0;
   %set/av v011D3518, 24, 8;
   %ix/load 1, 0, 0;
   %ix/load 3, 7, 0;
   %set/av v011D3518, 32, 8;
    %movi 8, 131352, 32;
   %ix/load 1, 0, 0;
   %ix/load 3, 8, 0;
   %set/av v011D3518, 8, 8;
   %ix/load 1, 0, 0;
   %ix/load 3, 9, 0;
   %set/av v011D3518, 16, 8;
   %ix/load 1, 0, 0;
   %ix/load 3, 10, 0;
   %set/av v011D3518, 24, 8;
   %ix/load 1, 0, 0;
   %ix/load 3, 11, 0;
   %set/av v011D3518, 32, 8;
    %movi 8, 65626, 32;
   %ix/load 1, 0, 0;
   %ix/load 3, 12, 0;
   %set/av v011D3518, 8, 8;
   %ix/load 1, 0, 0;
   %ix/load 3, 13, 0;
   %set/av v011D3518, 16, 8;
   %ix/load 1, 0, 0;
   %ix/load 3, 14, 0;
   %set/av v011D3518, 24, 8;
   %ix/load 1, 0, 0;
   %ix/load 3, 15, 0;
   %set/av v011D3518, 32, 8;
    %movi 8, 50397444, 32;
   %ix/load 1, 0, 0;
   %ix/load 3, 16, 0;
   %set/av v011D3518, 8, 8;
   %ix/load 1, 0, 0;
   %ix/load 3, 17, 0;
   %set/av v011D3518, 16, 8;
   %ix/load 1, 0, 0;
   %ix/load 3, 18, 0;
   %set/av v011D3518, 24, 8;
   %ix/load 1, 0, 0;
   %ix/load 3, 19, 0;
   %set/av v011D3518, 32, 8;
    %end;
    .thread T_0;
    .scope S_011D7FA8;
T_1 ;
    %wait E_011D96D0;
    %load/v 8, v010D0118_0, 1;
    %jmp/0xz  T_1.0, 8;
    %ix/load 0, 1, 0;
    %assign/v0 v011DBB80_0, 0, 0;
    %ix/load 0, 1, 0;
    %assign/v0 v011D35C8_0, 0, 0;
    %ix/load 0, 128, 0;
    %assign/v0 v010D00C0_0, 0, 0;
T_1.0 ;
    %jmp T_1;
    .thread T_1;
    .scope S_011D7FA8;
T_2 ;
    %wait E_011D98D0;
    %load/v 8, v011D3570_0, 1;
    %load/v 9, v011DBB80_0, 1;
    %inv 9, 1;
    %and 8, 9, 1;
    %jmp/0xz  T_2.0, 8;
    %ix/load 0, 1, 0;
    %assign/v0 v011DBB80_0, 0, 1;
    %ix/load 0, 1, 0;
    %assign/v0 v011D35C8_0, 0, 1;
T_2.0 ;
    %jmp T_2;
    .thread T_2;
    .scope S_011D7FA8;
T_3 ;
    %wait E_011D98D0;
    %load/v 8, v011D35C8_0, 1;
    %jmp/0xz  T_3.0, 8;
    %load/v 16, v011D9FA8_0, 6;
    %movi 22, 0, 26;
    %muli 16, 4, 32;
    %ix/get 3, 16, 32;
    %load/av 8, v011D3518, 8;
    %ix/load 0, 8, 0;
    %ix/load 1, 0, 0;
    %assign/v0/x1 v010D00C0_0, 400, 8;
    %load/v 16, v011D9FA8_0, 6;
    %movi 22, 0, 26;
    %muli 16, 4, 32;
    %addi 16, 1, 32;
    %ix/get 3, 16, 32;
    %load/av 8, v011D3518, 8;
    %ix/load 0, 8, 0;
    %ix/load 1, 8, 0;
    %assign/v0/x1 v010D00C0_0, 400, 8;
    %load/v 16, v011D9FA8_0, 6;
    %movi 22, 0, 26;
    %muli 16, 4, 32;
    %addi 16, 2, 32;
    %ix/get 3, 16, 32;
    %load/av 8, v011D3518, 8;
    %ix/load 0, 8, 0;
    %ix/load 1, 16, 0;
    %assign/v0/x1 v010D00C0_0, 400, 8;
    %load/v 16, v011D9FA8_0, 6;
    %movi 22, 0, 26;
    %muli 16, 4, 32;
    %addi 16, 3, 32;
    %ix/get 3, 16, 32;
    %load/av 8, v011D3518, 8;
    %ix/load 0, 8, 0;
    %ix/load 1, 24, 0;
    %assign/v0/x1 v010D00C0_0, 400, 8;
    %load/v 16, v011D9FA8_0, 6;
    %movi 22, 0, 26;
    %muli 16, 4, 32;
    %addi 16, 4, 32;
    %ix/get 3, 16, 32;
    %load/av 8, v011D3518, 8;
    %ix/load 0, 8, 0;
    %ix/load 1, 32, 0;
    %assign/v0/x1 v010D00C0_0, 400, 8;
    %load/v 16, v011D9FA8_0, 6;
    %movi 22, 0, 26;
    %muli 16, 4, 32;
    %addi 16, 5, 32;
    %ix/get 3, 16, 32;
    %load/av 8, v011D3518, 8;
    %ix/load 0, 8, 0;
    %ix/load 1, 40, 0;
    %assign/v0/x1 v010D00C0_0, 400, 8;
    %load/v 16, v011D9FA8_0, 6;
    %movi 22, 0, 26;
    %muli 16, 4, 32;
    %addi 16, 6, 32;
    %ix/get 3, 16, 32;
    %load/av 8, v011D3518, 8;
    %ix/load 0, 8, 0;
    %ix/load 1, 48, 0;
    %assign/v0/x1 v010D00C0_0, 400, 8;
    %load/v 16, v011D9FA8_0, 6;
    %movi 22, 0, 26;
    %muli 16, 4, 32;
    %addi 16, 7, 32;
    %ix/get 3, 16, 32;
    %load/av 8, v011D3518, 8;
    %ix/load 0, 8, 0;
    %ix/load 1, 56, 0;
    %assign/v0/x1 v010D00C0_0, 400, 8;
    %load/v 16, v011D9FA8_0, 6;
    %movi 22, 0, 26;
    %muli 16, 4, 32;
    %addi 16, 8, 32;
    %ix/get 3, 16, 32;
    %load/av 8, v011D3518, 8;
    %ix/load 0, 8, 0;
    %ix/load 1, 64, 0;
    %assign/v0/x1 v010D00C0_0, 400, 8;
    %load/v 16, v011D9FA8_0, 6;
    %movi 22, 0, 26;
    %muli 16, 4, 32;
    %addi 16, 9, 32;
    %ix/get 3, 16, 32;
    %load/av 8, v011D3518, 8;
    %ix/load 0, 8, 0;
    %ix/load 1, 72, 0;
    %assign/v0/x1 v010D00C0_0, 400, 8;
    %load/v 16, v011D9FA8_0, 6;
    %movi 22, 0, 26;
    %muli 16, 4, 32;
    %addi 16, 10, 32;
    %ix/get 3, 16, 32;
    %load/av 8, v011D3518, 8;
    %ix/load 0, 8, 0;
    %ix/load 1, 80, 0;
    %assign/v0/x1 v010D00C0_0, 400, 8;
    %load/v 16, v011D9FA8_0, 6;
    %movi 22, 0, 26;
    %muli 16, 4, 32;
    %addi 16, 11, 32;
    %ix/get 3, 16, 32;
    %load/av 8, v011D3518, 8;
    %ix/load 0, 8, 0;
    %ix/load 1, 88, 0;
    %assign/v0/x1 v010D00C0_0, 400, 8;
    %load/v 16, v011D9FA8_0, 6;
    %movi 22, 0, 26;
    %muli 16, 4, 32;
    %addi 16, 12, 32;
    %ix/get 3, 16, 32;
    %load/av 8, v011D3518, 8;
    %ix/load 0, 8, 0;
    %ix/load 1, 96, 0;
    %assign/v0/x1 v010D00C0_0, 400, 8;
    %load/v 16, v011D9FA8_0, 6;
    %movi 22, 0, 26;
    %muli 16, 4, 32;
    %addi 16, 13, 32;
    %ix/get 3, 16, 32;
    %load/av 8, v011D3518, 8;
    %ix/load 0, 8, 0;
    %ix/load 1, 104, 0;
    %assign/v0/x1 v010D00C0_0, 400, 8;
    %load/v 16, v011D9FA8_0, 6;
    %movi 22, 0, 26;
    %muli 16, 4, 32;
    %addi 16, 14, 32;
    %ix/get 3, 16, 32;
    %load/av 8, v011D3518, 8;
    %ix/load 0, 8, 0;
    %ix/load 1, 112, 0;
    %assign/v0/x1 v010D00C0_0, 400, 8;
    %load/v 16, v011D9FA8_0, 6;
    %movi 22, 0, 26;
    %muli 16, 4, 32;
    %addi 16, 15, 32;
    %ix/get 3, 16, 32;
    %load/av 8, v011D3518, 8;
    %ix/load 0, 8, 0;
    %ix/load 1, 120, 0;
    %assign/v0/x1 v010D00C0_0, 400, 8;
    %ix/load 0, 1, 0;
    %assign/v0 v011DBB80_0, 0, 0;
    %ix/load 0, 1, 0;
    %assign/v0 v011D35C8_0, 0, 0;
T_3.0 ;
    %jmp T_3;
    .thread T_3;
# The file index is used to find the file name in the following table.
:file_names 3;
    "N/A";
    "<interactive>";
    "Instruction_mem.v";
