#! /c/Source/iverilog-install/bin/vvp
:ivl_version "12.0 (devel)" "(s20150603-1110-g18392a46)";
:ivl_delay_selection "TYPICAL";
:vpi_time_precision + 0;
:vpi_module "C:\iverilog\lib\ivl\system.vpi";
:vpi_module "C:\iverilog\lib\ivl\vhdl_sys.vpi";
:vpi_module "C:\iverilog\lib\ivl\vhdl_textio.vpi";
:vpi_module "C:\iverilog\lib\ivl\v2005_math.vpi";
:vpi_module "C:\iverilog\lib\ivl\va_math.vpi";
S_0000017575712db0 .scope module, "MEM_WB" "MEM_WB" 2 1;
 .timescale 0 0;
    .port_info 0 /INPUT 1 "CLK";
    .port_info 1 /INPUT 1 "RESET";
    .port_info 2 /INPUT 1 "BUSYWAIT";
    .port_info 3 /INPUT 1 "MUX3_SELECT_IN";
    .port_info 4 /INPUT 1 "REGWRITE_ENABLE_IN";
    .port_info 5 /INPUT 32 "ALUOUT_IN";
    .port_info 6 /INPUT 32 "MEM_IN";
    .port_info 7 /INPUT 5 "RD_IN";
    .port_info 8 /OUTPUT 1 "MUX3_SELECT_OUT";
    .port_info 9 /OUTPUT 1 "REGWRITE_ENABLE_OUT";
    .port_info 10 /OUTPUT 32 "ALUOUT_OUT";
    .port_info 11 /OUTPUT 32 "MEM_OUT";
    .port_info 12 /OUTPUT 5 "RD_OUT";
o0000017575746fd8 .functor BUFZ 32, C4<zzzzzzzzzzzzzzzzzzzzzzzzzzzzzzzz>; HiZ drive
v0000017575713020_0 .net "ALUOUT_IN", 31 0, o0000017575746fd8;  0 drivers
v00000175757130c0_0 .var "ALUOUT_OUT", 31 0;
o0000017575747038 .functor BUFZ 1, C4<z>; HiZ drive
v00000175756bba90_0 .net "BUSYWAIT", 0 0, o0000017575747038;  0 drivers
o0000017575747068 .functor BUFZ 1, C4<z>; HiZ drive
v0000017575744e90_0 .net "CLK", 0 0, o0000017575747068;  0 drivers
o0000017575747098 .functor BUFZ 32, C4<zzzzzzzzzzzzzzzzzzzzzzzzzzzzzzzz>; HiZ drive
v0000017575744f30_0 .net "MEM_IN", 31 0, o0000017575747098;  0 drivers
v0000017575744fd0_0 .var "MEM_OUT", 31 0;
o00000175757470f8 .functor BUFZ 1, C4<z>; HiZ drive
v0000017575745070_0 .net "MUX3_SELECT_IN", 0 0, o00000175757470f8;  0 drivers
v0000017575745110_0 .var "MUX3_SELECT_OUT", 0 0;
o0000017575747158 .functor BUFZ 5, C4<zzzzz>; HiZ drive
v0000017575789840_0 .net "RD_IN", 4 0, o0000017575747158;  0 drivers
v00000175757898e0_0 .var "RD_OUT", 4 0;
o00000175757471b8 .functor BUFZ 1, C4<z>; HiZ drive
v0000017575789980_0 .net "REGWRITE_ENABLE_IN", 0 0, o00000175757471b8;  0 drivers
v0000017575789a20_0 .var "REGWRITE_ENABLE_OUT", 0 0;
o0000017575747218 .functor BUFZ 1, C4<z>; HiZ drive
v0000017575789ac0_0 .net "RESET", 0 0, o0000017575747218;  0 drivers
E_0000017575745650 .event posedge, v0000017575744e90_0;
    .scope S_0000017575712db0;
T_0 ;
    %wait E_0000017575745650;
    %load/vec4 v0000017575789ac0_0;
    %cmpi/e 1, 0, 1;
    %jmp/0xz  T_0.0, 4;
    %pushi/vec4 0, 0, 1;
    %store/vec4 v0000017575745110_0, 0, 1;
    %pushi/vec4 0, 0, 1;
    %store/vec4 v0000017575789a20_0, 0, 1;
    %pushi/vec4 0, 0, 32;
    %store/vec4 v00000175757130c0_0, 0, 32;
    %pushi/vec4 0, 0, 32;
    %store/vec4 v0000017575744fd0_0, 0, 32;
    %pushi/vec4 0, 0, 5;
    %store/vec4 v00000175757898e0_0, 0, 5;
    %jmp T_0.1;
T_0.0 ;
    %load/vec4 v00000175756bba90_0;
    %cmpi/e 0, 0, 1;
    %jmp/0xz  T_0.2, 4;
    %delay 2, 0;
    %load/vec4 v0000017575745070_0;
    %assign/vec4 v0000017575745110_0, 0;
    %load/vec4 v0000017575789980_0;
    %assign/vec4 v0000017575789a20_0, 0;
    %load/vec4 v0000017575713020_0;
    %assign/vec4 v00000175757130c0_0, 0;
    %load/vec4 v0000017575744f30_0;
    %assign/vec4 v0000017575744fd0_0, 0;
    %load/vec4 v0000017575789840_0;
    %assign/vec4 v00000175757898e0_0, 0;
T_0.2 ;
T_0.1 ;
    %jmp T_0;
    .thread T_0;
# The file index is used to find the file name in the following table.
:file_names 3;
    "N/A";
    "<interactive>";
    "MEM_WB.v";
