#! /c/Source/iverilog-install/bin/vvp
:ivl_version "12.0 (devel)" "(s20150603-1110-g18392a46)";
:ivl_delay_selection "TYPICAL";
:vpi_time_precision + 0;
:vpi_module "C:\iverilog\lib\ivl\system.vpi";
:vpi_module "C:\iverilog\lib\ivl\vhdl_sys.vpi";
:vpi_module "C:\iverilog\lib\ivl\vhdl_textio.vpi";
:vpi_module "C:\iverilog\lib\ivl\v2005_math.vpi";
:vpi_module "C:\iverilog\lib\ivl\va_math.vpi";
S_000001d473e52ca0 .scope module, "Register_file" "Register_file" 2 13;
 .timescale 0 0;
    .port_info 0 /INPUT 5 "ADRS1";
    .port_info 1 /INPUT 5 "ADRS2";
    .port_info 2 /INPUT 5 "WB_ADDRESS";
    .port_info 3 /INPUT 1 "WRITE_ENABLE";
    .port_info 4 /INPUT 32 "WRITE_DATA";
    .port_info 5 /INPUT 1 "CLK";
    .port_info 6 /INPUT 1 "RESET";
    .port_info 7 /OUTPUT 32 "DATA_OUT1";
    .port_info 8 /OUTPUT 32 "DATA_OUT2";
L_000001d473e78370 .functor BUFZ 32, v000001d473e53010_0, C4<00000000000000000000000000000000>, C4<00000000000000000000000000000000>, C4<00000000000000000000000000000000>;
L_000001d473e53b20 .functor BUFZ 32, v000001d473e530b0_0, C4<00000000000000000000000000000000>, C4<00000000000000000000000000000000>, C4<00000000000000000000000000000000>;
o000001d473e87f98 .functor BUFZ 5, C4<zzzzz>; HiZ drive
v000001d473e52e30_0 .net "ADRS1", 4 0, o000001d473e87f98;  0 drivers
o000001d473e87fc8 .functor BUFZ 5, C4<zzzzz>; HiZ drive
v000001d473e52ed0_0 .net "ADRS2", 4 0, o000001d473e87fc8;  0 drivers
o000001d473e87ff8 .functor BUFZ 1, C4<z>; HiZ drive
v000001d473e52f70_0 .net "CLK", 0 0, o000001d473e87ff8;  0 drivers
v000001d473e53010_0 .var "DATA1", 31 0;
v000001d473e530b0_0 .var "DATA2", 31 0;
v000001d473e84cd0_0 .net "DATA_OUT1", 31 0, L_000001d473e78370;  1 drivers
v000001d473e84d70_0 .net "DATA_OUT2", 31 0, L_000001d473e53b20;  1 drivers
v000001d473e84e10 .array "REGISTER_FILE", 0 31, 31 0;
o000001d473e886e8 .functor BUFZ 1, C4<z>; HiZ drive
v000001d473e84fc0_0 .net "RESET", 0 0, o000001d473e886e8;  0 drivers
o000001d473e88718 .functor BUFZ 5, C4<zzzzz>; HiZ drive
v000001d473e85060_0 .net "WB_ADDRESS", 4 0, o000001d473e88718;  0 drivers
o000001d473e88748 .functor BUFZ 32, C4<zzzzzzzzzzzzzzzzzzzzzzzzzzzzzzzz>; HiZ drive
v000001d473ecd260_0 .net "WRITE_DATA", 31 0, o000001d473e88748;  0 drivers
o000001d473e88778 .functor BUFZ 1, C4<z>; HiZ drive
v000001d473ecd1c0_0 .net "WRITE_ENABLE", 0 0, o000001d473e88778;  0 drivers
v000001d473ecd300_0 .var/i "i", 31 0;
v000001d473e84e10_0 .array/port v000001d473e84e10, 0;
v000001d473e84e10_1 .array/port v000001d473e84e10, 1;
v000001d473e84e10_2 .array/port v000001d473e84e10, 2;
E_000001d473e39c70/0 .event anyedge, v000001d473e52e30_0, v000001d473e84e10_0, v000001d473e84e10_1, v000001d473e84e10_2;
v000001d473e84e10_3 .array/port v000001d473e84e10, 3;
v000001d473e84e10_4 .array/port v000001d473e84e10, 4;
v000001d473e84e10_5 .array/port v000001d473e84e10, 5;
v000001d473e84e10_6 .array/port v000001d473e84e10, 6;
E_000001d473e39c70/1 .event anyedge, v000001d473e84e10_3, v000001d473e84e10_4, v000001d473e84e10_5, v000001d473e84e10_6;
v000001d473e84e10_7 .array/port v000001d473e84e10, 7;
v000001d473e84e10_8 .array/port v000001d473e84e10, 8;
v000001d473e84e10_9 .array/port v000001d473e84e10, 9;
v000001d473e84e10_10 .array/port v000001d473e84e10, 10;
E_000001d473e39c70/2 .event anyedge, v000001d473e84e10_7, v000001d473e84e10_8, v000001d473e84e10_9, v000001d473e84e10_10;
v000001d473e84e10_11 .array/port v000001d473e84e10, 11;
v000001d473e84e10_12 .array/port v000001d473e84e10, 12;
v000001d473e84e10_13 .array/port v000001d473e84e10, 13;
v000001d473e84e10_14 .array/port v000001d473e84e10, 14;
E_000001d473e39c70/3 .event anyedge, v000001d473e84e10_11, v000001d473e84e10_12, v000001d473e84e10_13, v000001d473e84e10_14;
v000001d473e84e10_15 .array/port v000001d473e84e10, 15;
v000001d473e84e10_16 .array/port v000001d473e84e10, 16;
v000001d473e84e10_17 .array/port v000001d473e84e10, 17;
v000001d473e84e10_18 .array/port v000001d473e84e10, 18;
E_000001d473e39c70/4 .event anyedge, v000001d473e84e10_15, v000001d473e84e10_16, v000001d473e84e10_17, v000001d473e84e10_18;
v000001d473e84e10_19 .array/port v000001d473e84e10, 19;
v000001d473e84e10_20 .array/port v000001d473e84e10, 20;
v000001d473e84e10_21 .array/port v000001d473e84e10, 21;
v000001d473e84e10_22 .array/port v000001d473e84e10, 22;
E_000001d473e39c70/5 .event anyedge, v000001d473e84e10_19, v000001d473e84e10_20, v000001d473e84e10_21, v000001d473e84e10_22;
v000001d473e84e10_23 .array/port v000001d473e84e10, 23;
v000001d473e84e10_24 .array/port v000001d473e84e10, 24;
v000001d473e84e10_25 .array/port v000001d473e84e10, 25;
v000001d473e84e10_26 .array/port v000001d473e84e10, 26;
E_000001d473e39c70/6 .event anyedge, v000001d473e84e10_23, v000001d473e84e10_24, v000001d473e84e10_25, v000001d473e84e10_26;
v000001d473e84e10_27 .array/port v000001d473e84e10, 27;
v000001d473e84e10_28 .array/port v000001d473e84e10, 28;
v000001d473e84e10_29 .array/port v000001d473e84e10, 29;
v000001d473e84e10_30 .array/port v000001d473e84e10, 30;
E_000001d473e39c70/7 .event anyedge, v000001d473e84e10_27, v000001d473e84e10_28, v000001d473e84e10_29, v000001d473e84e10_30;
v000001d473e84e10_31 .array/port v000001d473e84e10, 31;
E_000001d473e39c70/8 .event anyedge, v000001d473e84e10_31, v000001d473e52ed0_0;
E_000001d473e39c70 .event/or E_000001d473e39c70/0, E_000001d473e39c70/1, E_000001d473e39c70/2, E_000001d473e39c70/3, E_000001d473e39c70/4, E_000001d473e39c70/5, E_000001d473e39c70/6, E_000001d473e39c70/7, E_000001d473e39c70/8;
E_000001d473e39870 .event posedge, v000001d473e84fc0_0, v000001d473e52f70_0;
    .scope S_000001d473e52ca0;
T_0 ;
    %wait E_000001d473e39870;
    %load/vec4 v000001d473e84fc0_0;
    %flag_set/vec4 8;
    %jmp/0xz  T_0.0, 8;
    %pushi/vec4 0, 0, 32;
    %store/vec4 v000001d473ecd300_0, 0, 32;
T_0.2 ;
    %load/vec4 v000001d473ecd300_0;
    %cmpi/s 32, 0, 32;
    %jmp/0xz T_0.3, 5;
    %pushi/vec4 0, 0, 32;
    %ix/getv/s 3, v000001d473ecd300_0;
    %ix/load 4, 0, 0; Constant delay
    %assign/vec4/a/d v000001d473e84e10, 0, 4;
    %load/vec4 v000001d473ecd300_0;
    %addi 1, 0, 32;
    %store/vec4 v000001d473ecd300_0, 0, 32;
    %jmp T_0.2;
T_0.3 ;
    %jmp T_0.1;
T_0.0 ;
    %load/vec4 v000001d473ecd1c0_0;
    %flag_set/vec4 8;
    %jmp/0xz  T_0.4, 8;
    %load/vec4 v000001d473ecd260_0;
    %load/vec4 v000001d473e85060_0;
    %pad/u 7;
    %ix/vec4 3;
    %ix/load 4, 0, 0; Constant delay
    %assign/vec4/a/d v000001d473e84e10, 0, 4;
T_0.4 ;
T_0.1 ;
    %jmp T_0;
    .thread T_0;
    .scope S_000001d473e52ca0;
T_1 ;
    %wait E_000001d473e39c70;
    %load/vec4 v000001d473e52e30_0;
    %pad/u 7;
    %ix/vec4 4;
    %load/vec4a v000001d473e84e10, 4;
    %store/vec4 v000001d473e53010_0, 0, 32;
    %load/vec4 v000001d473e52ed0_0;
    %pad/u 7;
    %ix/vec4 4;
    %load/vec4a v000001d473e84e10, 4;
    %store/vec4 v000001d473e530b0_0, 0, 32;
    %jmp T_1;
    .thread T_1, $push;
# The file index is used to find the file name in the following table.
:file_names 3;
    "N/A";
    "<interactive>";
    "Register_file.v";
