#! /c/iverilog/bin/vvp
:ivl_version "0.9.7 " "(v0_9_7)";
:vpi_time_precision + 0;
:vpi_module "system";
:vpi_module "v2005_math";
:vpi_module "va_math";
S_01108B18 .scope module, "Data_Memory" "Data_Memory" 2 12;
 .timescale 0 0;
v0113A320_0 .net "Address", 31 0, C4<zzzzzzzzzzzzzzzzzzzzzzzzzzzzzzzz>; 0 drivers
v0113A8A0_0 .net "Clock", 0 0, C4<z>; 0 drivers
v0113A378_0 .net "Func3", 2 0, C4<zzz>; 0 drivers
v0113A740_0 .net "Read", 0 0, C4<z>; 0 drivers
v0113A5E0_0 .var "Read_data", 31 0;
v0113A8F8_0 .net "Reset", 0 0, C4<z>; 0 drivers
v0113A848_0 .net "Write", 0 0, C4<z>; 0 drivers
v0113A690_0 .net "Write_data", 31 0, C4<zzzzzzzzzzzzzzzzzzzzzzzzzzzzzzzz>; 0 drivers
v0113A7F0_0 .var "busywait", 0 0;
v0113A798_0 .var/i "i", 31 0;
v0113A428 .array "memory", 1023 0, 31 0;
v0113A3D0_0 .var "read_access", 0 0;
v0113A588_0 .var "write_access", 0 0;
E_01109488 .event posedge, v0113A8A0_0;
E_01109548 .event posedge, v0113A8F8_0;
v0113A428_0 .array/port v0113A428, 0;
E_01109568/0 .event edge, v0113A3D0_0, v0113A378_0, v0113A320_0, v0113A428_0;
v0113A428_1 .array/port v0113A428, 1;
v0113A428_2 .array/port v0113A428, 2;
v0113A428_3 .array/port v0113A428, 3;
v0113A428_4 .array/port v0113A428, 4;
E_01109568/1 .event edge, v0113A428_1, v0113A428_2, v0113A428_3, v0113A428_4;
v0113A428_5 .array/port v0113A428, 5;
v0113A428_6 .array/port v0113A428, 6;
v0113A428_7 .array/port v0113A428, 7;
v0113A428_8 .array/port v0113A428, 8;
E_01109568/2 .event edge, v0113A428_5, v0113A428_6, v0113A428_7, v0113A428_8;
v0113A428_9 .array/port v0113A428, 9;
v0113A428_10 .array/port v0113A428, 10;
v0113A428_11 .array/port v0113A428, 11;
v0113A428_12 .array/port v0113A428, 12;
E_01109568/3 .event edge, v0113A428_9, v0113A428_10, v0113A428_11, v0113A428_12;
v0113A428_13 .array/port v0113A428, 13;
v0113A428_14 .array/port v0113A428, 14;
v0113A428_15 .array/port v0113A428, 15;
v0113A428_16 .array/port v0113A428, 16;
E_01109568/4 .event edge, v0113A428_13, v0113A428_14, v0113A428_15, v0113A428_16;
v0113A428_17 .array/port v0113A428, 17;
v0113A428_18 .array/port v0113A428, 18;
v0113A428_19 .array/port v0113A428, 19;
v0113A428_20 .array/port v0113A428, 20;
E_01109568/5 .event edge, v0113A428_17, v0113A428_18, v0113A428_19, v0113A428_20;
v0113A428_21 .array/port v0113A428, 21;
v0113A428_22 .array/port v0113A428, 22;
v0113A428_23 .array/port v0113A428, 23;
v0113A428_24 .array/port v0113A428, 24;
E_01109568/6 .event edge, v0113A428_21, v0113A428_22, v0113A428_23, v0113A428_24;
v0113A428_25 .array/port v0113A428, 25;
v0113A428_26 .array/port v0113A428, 26;
v0113A428_27 .array/port v0113A428, 27;
v0113A428_28 .array/port v0113A428, 28;
E_01109568/7 .event edge, v0113A428_25, v0113A428_26, v0113A428_27, v0113A428_28;
v0113A428_29 .array/port v0113A428, 29;
v0113A428_30 .array/port v0113A428, 30;
v0113A428_31 .array/port v0113A428, 31;
v0113A428_32 .array/port v0113A428, 32;
E_01109568/8 .event edge, v0113A428_29, v0113A428_30, v0113A428_31, v0113A428_32;
v0113A428_33 .array/port v0113A428, 33;
v0113A428_34 .array/port v0113A428, 34;
v0113A428_35 .array/port v0113A428, 35;
v0113A428_36 .array/port v0113A428, 36;
E_01109568/9 .event edge, v0113A428_33, v0113A428_34, v0113A428_35, v0113A428_36;
v0113A428_37 .array/port v0113A428, 37;
v0113A428_38 .array/port v0113A428, 38;
v0113A428_39 .array/port v0113A428, 39;
v0113A428_40 .array/port v0113A428, 40;
E_01109568/10 .event edge, v0113A428_37, v0113A428_38, v0113A428_39, v0113A428_40;
v0113A428_41 .array/port v0113A428, 41;
v0113A428_42 .array/port v0113A428, 42;
v0113A428_43 .array/port v0113A428, 43;
v0113A428_44 .array/port v0113A428, 44;
E_01109568/11 .event edge, v0113A428_41, v0113A428_42, v0113A428_43, v0113A428_44;
v0113A428_45 .array/port v0113A428, 45;
v0113A428_46 .array/port v0113A428, 46;
v0113A428_47 .array/port v0113A428, 47;
v0113A428_48 .array/port v0113A428, 48;
E_01109568/12 .event edge, v0113A428_45, v0113A428_46, v0113A428_47, v0113A428_48;
v0113A428_49 .array/port v0113A428, 49;
v0113A428_50 .array/port v0113A428, 50;
v0113A428_51 .array/port v0113A428, 51;
v0113A428_52 .array/port v0113A428, 52;
E_01109568/13 .event edge, v0113A428_49, v0113A428_50, v0113A428_51, v0113A428_52;
v0113A428_53 .array/port v0113A428, 53;
v0113A428_54 .array/port v0113A428, 54;
v0113A428_55 .array/port v0113A428, 55;
v0113A428_56 .array/port v0113A428, 56;
E_01109568/14 .event edge, v0113A428_53, v0113A428_54, v0113A428_55, v0113A428_56;
v0113A428_57 .array/port v0113A428, 57;
v0113A428_58 .array/port v0113A428, 58;
v0113A428_59 .array/port v0113A428, 59;
v0113A428_60 .array/port v0113A428, 60;
E_01109568/15 .event edge, v0113A428_57, v0113A428_58, v0113A428_59, v0113A428_60;
v0113A428_61 .array/port v0113A428, 61;
v0113A428_62 .array/port v0113A428, 62;
v0113A428_63 .array/port v0113A428, 63;
v0113A428_64 .array/port v0113A428, 64;
E_01109568/16 .event edge, v0113A428_61, v0113A428_62, v0113A428_63, v0113A428_64;
v0113A428_65 .array/port v0113A428, 65;
v0113A428_66 .array/port v0113A428, 66;
v0113A428_67 .array/port v0113A428, 67;
v0113A428_68 .array/port v0113A428, 68;
E_01109568/17 .event edge, v0113A428_65, v0113A428_66, v0113A428_67, v0113A428_68;
v0113A428_69 .array/port v0113A428, 69;
v0113A428_70 .array/port v0113A428, 70;
v0113A428_71 .array/port v0113A428, 71;
v0113A428_72 .array/port v0113A428, 72;
E_01109568/18 .event edge, v0113A428_69, v0113A428_70, v0113A428_71, v0113A428_72;
v0113A428_73 .array/port v0113A428, 73;
v0113A428_74 .array/port v0113A428, 74;
v0113A428_75 .array/port v0113A428, 75;
v0113A428_76 .array/port v0113A428, 76;
E_01109568/19 .event edge, v0113A428_73, v0113A428_74, v0113A428_75, v0113A428_76;
v0113A428_77 .array/port v0113A428, 77;
v0113A428_78 .array/port v0113A428, 78;
v0113A428_79 .array/port v0113A428, 79;
v0113A428_80 .array/port v0113A428, 80;
E_01109568/20 .event edge, v0113A428_77, v0113A428_78, v0113A428_79, v0113A428_80;
v0113A428_81 .array/port v0113A428, 81;
v0113A428_82 .array/port v0113A428, 82;
v0113A428_83 .array/port v0113A428, 83;
v0113A428_84 .array/port v0113A428, 84;
E_01109568/21 .event edge, v0113A428_81, v0113A428_82, v0113A428_83, v0113A428_84;
v0113A428_85 .array/port v0113A428, 85;
v0113A428_86 .array/port v0113A428, 86;
v0113A428_87 .array/port v0113A428, 87;
v0113A428_88 .array/port v0113A428, 88;
E_01109568/22 .event edge, v0113A428_85, v0113A428_86, v0113A428_87, v0113A428_88;
v0113A428_89 .array/port v0113A428, 89;
v0113A428_90 .array/port v0113A428, 90;
v0113A428_91 .array/port v0113A428, 91;
v0113A428_92 .array/port v0113A428, 92;
E_01109568/23 .event edge, v0113A428_89, v0113A428_90, v0113A428_91, v0113A428_92;
v0113A428_93 .array/port v0113A428, 93;
v0113A428_94 .array/port v0113A428, 94;
v0113A428_95 .array/port v0113A428, 95;
v0113A428_96 .array/port v0113A428, 96;
E_01109568/24 .event edge, v0113A428_93, v0113A428_94, v0113A428_95, v0113A428_96;
v0113A428_97 .array/port v0113A428, 97;
v0113A428_98 .array/port v0113A428, 98;
v0113A428_99 .array/port v0113A428, 99;
v0113A428_100 .array/port v0113A428, 100;
E_01109568/25 .event edge, v0113A428_97, v0113A428_98, v0113A428_99, v0113A428_100;
v0113A428_101 .array/port v0113A428, 101;
v0113A428_102 .array/port v0113A428, 102;
v0113A428_103 .array/port v0113A428, 103;
v0113A428_104 .array/port v0113A428, 104;
E_01109568/26 .event edge, v0113A428_101, v0113A428_102, v0113A428_103, v0113A428_104;
v0113A428_105 .array/port v0113A428, 105;
v0113A428_106 .array/port v0113A428, 106;
v0113A428_107 .array/port v0113A428, 107;
v0113A428_108 .array/port v0113A428, 108;
E_01109568/27 .event edge, v0113A428_105, v0113A428_106, v0113A428_107, v0113A428_108;
v0113A428_109 .array/port v0113A428, 109;
v0113A428_110 .array/port v0113A428, 110;
v0113A428_111 .array/port v0113A428, 111;
v0113A428_112 .array/port v0113A428, 112;
E_01109568/28 .event edge, v0113A428_109, v0113A428_110, v0113A428_111, v0113A428_112;
v0113A428_113 .array/port v0113A428, 113;
v0113A428_114 .array/port v0113A428, 114;
v0113A428_115 .array/port v0113A428, 115;
v0113A428_116 .array/port v0113A428, 116;
E_01109568/29 .event edge, v0113A428_113, v0113A428_114, v0113A428_115, v0113A428_116;
v0113A428_117 .array/port v0113A428, 117;
v0113A428_118 .array/port v0113A428, 118;
v0113A428_119 .array/port v0113A428, 119;
v0113A428_120 .array/port v0113A428, 120;
E_01109568/30 .event edge, v0113A428_117, v0113A428_118, v0113A428_119, v0113A428_120;
v0113A428_121 .array/port v0113A428, 121;
v0113A428_122 .array/port v0113A428, 122;
v0113A428_123 .array/port v0113A428, 123;
v0113A428_124 .array/port v0113A428, 124;
E_01109568/31 .event edge, v0113A428_121, v0113A428_122, v0113A428_123, v0113A428_124;
v0113A428_125 .array/port v0113A428, 125;
v0113A428_126 .array/port v0113A428, 126;
v0113A428_127 .array/port v0113A428, 127;
v0113A428_128 .array/port v0113A428, 128;
E_01109568/32 .event edge, v0113A428_125, v0113A428_126, v0113A428_127, v0113A428_128;
v0113A428_129 .array/port v0113A428, 129;
v0113A428_130 .array/port v0113A428, 130;
v0113A428_131 .array/port v0113A428, 131;
v0113A428_132 .array/port v0113A428, 132;
E_01109568/33 .event edge, v0113A428_129, v0113A428_130, v0113A428_131, v0113A428_132;
v0113A428_133 .array/port v0113A428, 133;
v0113A428_134 .array/port v0113A428, 134;
v0113A428_135 .array/port v0113A428, 135;
v0113A428_136 .array/port v0113A428, 136;
E_01109568/34 .event edge, v0113A428_133, v0113A428_134, v0113A428_135, v0113A428_136;
v0113A428_137 .array/port v0113A428, 137;
v0113A428_138 .array/port v0113A428, 138;
v0113A428_139 .array/port v0113A428, 139;
v0113A428_140 .array/port v0113A428, 140;
E_01109568/35 .event edge, v0113A428_137, v0113A428_138, v0113A428_139, v0113A428_140;
v0113A428_141 .array/port v0113A428, 141;
v0113A428_142 .array/port v0113A428, 142;
v0113A428_143 .array/port v0113A428, 143;
v0113A428_144 .array/port v0113A428, 144;
E_01109568/36 .event edge, v0113A428_141, v0113A428_142, v0113A428_143, v0113A428_144;
v0113A428_145 .array/port v0113A428, 145;
v0113A428_146 .array/port v0113A428, 146;
v0113A428_147 .array/port v0113A428, 147;
v0113A428_148 .array/port v0113A428, 148;
E_01109568/37 .event edge, v0113A428_145, v0113A428_146, v0113A428_147, v0113A428_148;
v0113A428_149 .array/port v0113A428, 149;
v0113A428_150 .array/port v0113A428, 150;
v0113A428_151 .array/port v0113A428, 151;
v0113A428_152 .array/port v0113A428, 152;
E_01109568/38 .event edge, v0113A428_149, v0113A428_150, v0113A428_151, v0113A428_152;
v0113A428_153 .array/port v0113A428, 153;
v0113A428_154 .array/port v0113A428, 154;
v0113A428_155 .array/port v0113A428, 155;
v0113A428_156 .array/port v0113A428, 156;
E_01109568/39 .event edge, v0113A428_153, v0113A428_154, v0113A428_155, v0113A428_156;
v0113A428_157 .array/port v0113A428, 157;
v0113A428_158 .array/port v0113A428, 158;
v0113A428_159 .array/port v0113A428, 159;
v0113A428_160 .array/port v0113A428, 160;
E_01109568/40 .event edge, v0113A428_157, v0113A428_158, v0113A428_159, v0113A428_160;
v0113A428_161 .array/port v0113A428, 161;
v0113A428_162 .array/port v0113A428, 162;
v0113A428_163 .array/port v0113A428, 163;
v0113A428_164 .array/port v0113A428, 164;
E_01109568/41 .event edge, v0113A428_161, v0113A428_162, v0113A428_163, v0113A428_164;
v0113A428_165 .array/port v0113A428, 165;
v0113A428_166 .array/port v0113A428, 166;
v0113A428_167 .array/port v0113A428, 167;
v0113A428_168 .array/port v0113A428, 168;
E_01109568/42 .event edge, v0113A428_165, v0113A428_166, v0113A428_167, v0113A428_168;
v0113A428_169 .array/port v0113A428, 169;
v0113A428_170 .array/port v0113A428, 170;
v0113A428_171 .array/port v0113A428, 171;
v0113A428_172 .array/port v0113A428, 172;
E_01109568/43 .event edge, v0113A428_169, v0113A428_170, v0113A428_171, v0113A428_172;
v0113A428_173 .array/port v0113A428, 173;
v0113A428_174 .array/port v0113A428, 174;
v0113A428_175 .array/port v0113A428, 175;
v0113A428_176 .array/port v0113A428, 176;
E_01109568/44 .event edge, v0113A428_173, v0113A428_174, v0113A428_175, v0113A428_176;
v0113A428_177 .array/port v0113A428, 177;
v0113A428_178 .array/port v0113A428, 178;
v0113A428_179 .array/port v0113A428, 179;
v0113A428_180 .array/port v0113A428, 180;
E_01109568/45 .event edge, v0113A428_177, v0113A428_178, v0113A428_179, v0113A428_180;
v0113A428_181 .array/port v0113A428, 181;
v0113A428_182 .array/port v0113A428, 182;
v0113A428_183 .array/port v0113A428, 183;
v0113A428_184 .array/port v0113A428, 184;
E_01109568/46 .event edge, v0113A428_181, v0113A428_182, v0113A428_183, v0113A428_184;
v0113A428_185 .array/port v0113A428, 185;
v0113A428_186 .array/port v0113A428, 186;
v0113A428_187 .array/port v0113A428, 187;
v0113A428_188 .array/port v0113A428, 188;
E_01109568/47 .event edge, v0113A428_185, v0113A428_186, v0113A428_187, v0113A428_188;
v0113A428_189 .array/port v0113A428, 189;
v0113A428_190 .array/port v0113A428, 190;
v0113A428_191 .array/port v0113A428, 191;
v0113A428_192 .array/port v0113A428, 192;
E_01109568/48 .event edge, v0113A428_189, v0113A428_190, v0113A428_191, v0113A428_192;
v0113A428_193 .array/port v0113A428, 193;
v0113A428_194 .array/port v0113A428, 194;
v0113A428_195 .array/port v0113A428, 195;
v0113A428_196 .array/port v0113A428, 196;
E_01109568/49 .event edge, v0113A428_193, v0113A428_194, v0113A428_195, v0113A428_196;
v0113A428_197 .array/port v0113A428, 197;
v0113A428_198 .array/port v0113A428, 198;
v0113A428_199 .array/port v0113A428, 199;
v0113A428_200 .array/port v0113A428, 200;
E_01109568/50 .event edge, v0113A428_197, v0113A428_198, v0113A428_199, v0113A428_200;
v0113A428_201 .array/port v0113A428, 201;
v0113A428_202 .array/port v0113A428, 202;
v0113A428_203 .array/port v0113A428, 203;
v0113A428_204 .array/port v0113A428, 204;
E_01109568/51 .event edge, v0113A428_201, v0113A428_202, v0113A428_203, v0113A428_204;
v0113A428_205 .array/port v0113A428, 205;
v0113A428_206 .array/port v0113A428, 206;
v0113A428_207 .array/port v0113A428, 207;
v0113A428_208 .array/port v0113A428, 208;
E_01109568/52 .event edge, v0113A428_205, v0113A428_206, v0113A428_207, v0113A428_208;
v0113A428_209 .array/port v0113A428, 209;
v0113A428_210 .array/port v0113A428, 210;
v0113A428_211 .array/port v0113A428, 211;
v0113A428_212 .array/port v0113A428, 212;
E_01109568/53 .event edge, v0113A428_209, v0113A428_210, v0113A428_211, v0113A428_212;
v0113A428_213 .array/port v0113A428, 213;
v0113A428_214 .array/port v0113A428, 214;
v0113A428_215 .array/port v0113A428, 215;
v0113A428_216 .array/port v0113A428, 216;
E_01109568/54 .event edge, v0113A428_213, v0113A428_214, v0113A428_215, v0113A428_216;
v0113A428_217 .array/port v0113A428, 217;
v0113A428_218 .array/port v0113A428, 218;
v0113A428_219 .array/port v0113A428, 219;
v0113A428_220 .array/port v0113A428, 220;
E_01109568/55 .event edge, v0113A428_217, v0113A428_218, v0113A428_219, v0113A428_220;
v0113A428_221 .array/port v0113A428, 221;
v0113A428_222 .array/port v0113A428, 222;
v0113A428_223 .array/port v0113A428, 223;
v0113A428_224 .array/port v0113A428, 224;
E_01109568/56 .event edge, v0113A428_221, v0113A428_222, v0113A428_223, v0113A428_224;
v0113A428_225 .array/port v0113A428, 225;
v0113A428_226 .array/port v0113A428, 226;
v0113A428_227 .array/port v0113A428, 227;
v0113A428_228 .array/port v0113A428, 228;
E_01109568/57 .event edge, v0113A428_225, v0113A428_226, v0113A428_227, v0113A428_228;
v0113A428_229 .array/port v0113A428, 229;
v0113A428_230 .array/port v0113A428, 230;
v0113A428_231 .array/port v0113A428, 231;
v0113A428_232 .array/port v0113A428, 232;
E_01109568/58 .event edge, v0113A428_229, v0113A428_230, v0113A428_231, v0113A428_232;
v0113A428_233 .array/port v0113A428, 233;
v0113A428_234 .array/port v0113A428, 234;
v0113A428_235 .array/port v0113A428, 235;
v0113A428_236 .array/port v0113A428, 236;
E_01109568/59 .event edge, v0113A428_233, v0113A428_234, v0113A428_235, v0113A428_236;
v0113A428_237 .array/port v0113A428, 237;
v0113A428_238 .array/port v0113A428, 238;
v0113A428_239 .array/port v0113A428, 239;
v0113A428_240 .array/port v0113A428, 240;
E_01109568/60 .event edge, v0113A428_237, v0113A428_238, v0113A428_239, v0113A428_240;
v0113A428_241 .array/port v0113A428, 241;
v0113A428_242 .array/port v0113A428, 242;
v0113A428_243 .array/port v0113A428, 243;
v0113A428_244 .array/port v0113A428, 244;
E_01109568/61 .event edge, v0113A428_241, v0113A428_242, v0113A428_243, v0113A428_244;
v0113A428_245 .array/port v0113A428, 245;
v0113A428_246 .array/port v0113A428, 246;
v0113A428_247 .array/port v0113A428, 247;
v0113A428_248 .array/port v0113A428, 248;
E_01109568/62 .event edge, v0113A428_245, v0113A428_246, v0113A428_247, v0113A428_248;
v0113A428_249 .array/port v0113A428, 249;
v0113A428_250 .array/port v0113A428, 250;
v0113A428_251 .array/port v0113A428, 251;
v0113A428_252 .array/port v0113A428, 252;
E_01109568/63 .event edge, v0113A428_249, v0113A428_250, v0113A428_251, v0113A428_252;
v0113A428_253 .array/port v0113A428, 253;
v0113A428_254 .array/port v0113A428, 254;
v0113A428_255 .array/port v0113A428, 255;
v0113A428_256 .array/port v0113A428, 256;
E_01109568/64 .event edge, v0113A428_253, v0113A428_254, v0113A428_255, v0113A428_256;
v0113A428_257 .array/port v0113A428, 257;
v0113A428_258 .array/port v0113A428, 258;
v0113A428_259 .array/port v0113A428, 259;
v0113A428_260 .array/port v0113A428, 260;
E_01109568/65 .event edge, v0113A428_257, v0113A428_258, v0113A428_259, v0113A428_260;
v0113A428_261 .array/port v0113A428, 261;
v0113A428_262 .array/port v0113A428, 262;
v0113A428_263 .array/port v0113A428, 263;
v0113A428_264 .array/port v0113A428, 264;
E_01109568/66 .event edge, v0113A428_261, v0113A428_262, v0113A428_263, v0113A428_264;
v0113A428_265 .array/port v0113A428, 265;
v0113A428_266 .array/port v0113A428, 266;
v0113A428_267 .array/port v0113A428, 267;
v0113A428_268 .array/port v0113A428, 268;
E_01109568/67 .event edge, v0113A428_265, v0113A428_266, v0113A428_267, v0113A428_268;
v0113A428_269 .array/port v0113A428, 269;
v0113A428_270 .array/port v0113A428, 270;
v0113A428_271 .array/port v0113A428, 271;
v0113A428_272 .array/port v0113A428, 272;
E_01109568/68 .event edge, v0113A428_269, v0113A428_270, v0113A428_271, v0113A428_272;
v0113A428_273 .array/port v0113A428, 273;
v0113A428_274 .array/port v0113A428, 274;
v0113A428_275 .array/port v0113A428, 275;
v0113A428_276 .array/port v0113A428, 276;
E_01109568/69 .event edge, v0113A428_273, v0113A428_274, v0113A428_275, v0113A428_276;
v0113A428_277 .array/port v0113A428, 277;
v0113A428_278 .array/port v0113A428, 278;
v0113A428_279 .array/port v0113A428, 279;
v0113A428_280 .array/port v0113A428, 280;
E_01109568/70 .event edge, v0113A428_277, v0113A428_278, v0113A428_279, v0113A428_280;
v0113A428_281 .array/port v0113A428, 281;
v0113A428_282 .array/port v0113A428, 282;
v0113A428_283 .array/port v0113A428, 283;
v0113A428_284 .array/port v0113A428, 284;
E_01109568/71 .event edge, v0113A428_281, v0113A428_282, v0113A428_283, v0113A428_284;
v0113A428_285 .array/port v0113A428, 285;
v0113A428_286 .array/port v0113A428, 286;
v0113A428_287 .array/port v0113A428, 287;
v0113A428_288 .array/port v0113A428, 288;
E_01109568/72 .event edge, v0113A428_285, v0113A428_286, v0113A428_287, v0113A428_288;
v0113A428_289 .array/port v0113A428, 289;
v0113A428_290 .array/port v0113A428, 290;
v0113A428_291 .array/port v0113A428, 291;
v0113A428_292 .array/port v0113A428, 292;
E_01109568/73 .event edge, v0113A428_289, v0113A428_290, v0113A428_291, v0113A428_292;
v0113A428_293 .array/port v0113A428, 293;
v0113A428_294 .array/port v0113A428, 294;
v0113A428_295 .array/port v0113A428, 295;
v0113A428_296 .array/port v0113A428, 296;
E_01109568/74 .event edge, v0113A428_293, v0113A428_294, v0113A428_295, v0113A428_296;
v0113A428_297 .array/port v0113A428, 297;
v0113A428_298 .array/port v0113A428, 298;
v0113A428_299 .array/port v0113A428, 299;
v0113A428_300 .array/port v0113A428, 300;
E_01109568/75 .event edge, v0113A428_297, v0113A428_298, v0113A428_299, v0113A428_300;
v0113A428_301 .array/port v0113A428, 301;
v0113A428_302 .array/port v0113A428, 302;
v0113A428_303 .array/port v0113A428, 303;
v0113A428_304 .array/port v0113A428, 304;
E_01109568/76 .event edge, v0113A428_301, v0113A428_302, v0113A428_303, v0113A428_304;
v0113A428_305 .array/port v0113A428, 305;
v0113A428_306 .array/port v0113A428, 306;
v0113A428_307 .array/port v0113A428, 307;
v0113A428_308 .array/port v0113A428, 308;
E_01109568/77 .event edge, v0113A428_305, v0113A428_306, v0113A428_307, v0113A428_308;
v0113A428_309 .array/port v0113A428, 309;
v0113A428_310 .array/port v0113A428, 310;
v0113A428_311 .array/port v0113A428, 311;
v0113A428_312 .array/port v0113A428, 312;
E_01109568/78 .event edge, v0113A428_309, v0113A428_310, v0113A428_311, v0113A428_312;
v0113A428_313 .array/port v0113A428, 313;
v0113A428_314 .array/port v0113A428, 314;
v0113A428_315 .array/port v0113A428, 315;
v0113A428_316 .array/port v0113A428, 316;
E_01109568/79 .event edge, v0113A428_313, v0113A428_314, v0113A428_315, v0113A428_316;
v0113A428_317 .array/port v0113A428, 317;
v0113A428_318 .array/port v0113A428, 318;
v0113A428_319 .array/port v0113A428, 319;
v0113A428_320 .array/port v0113A428, 320;
E_01109568/80 .event edge, v0113A428_317, v0113A428_318, v0113A428_319, v0113A428_320;
v0113A428_321 .array/port v0113A428, 321;
v0113A428_322 .array/port v0113A428, 322;
v0113A428_323 .array/port v0113A428, 323;
v0113A428_324 .array/port v0113A428, 324;
E_01109568/81 .event edge, v0113A428_321, v0113A428_322, v0113A428_323, v0113A428_324;
v0113A428_325 .array/port v0113A428, 325;
v0113A428_326 .array/port v0113A428, 326;
v0113A428_327 .array/port v0113A428, 327;
v0113A428_328 .array/port v0113A428, 328;
E_01109568/82 .event edge, v0113A428_325, v0113A428_326, v0113A428_327, v0113A428_328;
v0113A428_329 .array/port v0113A428, 329;
v0113A428_330 .array/port v0113A428, 330;
v0113A428_331 .array/port v0113A428, 331;
v0113A428_332 .array/port v0113A428, 332;
E_01109568/83 .event edge, v0113A428_329, v0113A428_330, v0113A428_331, v0113A428_332;
v0113A428_333 .array/port v0113A428, 333;
v0113A428_334 .array/port v0113A428, 334;
v0113A428_335 .array/port v0113A428, 335;
v0113A428_336 .array/port v0113A428, 336;
E_01109568/84 .event edge, v0113A428_333, v0113A428_334, v0113A428_335, v0113A428_336;
v0113A428_337 .array/port v0113A428, 337;
v0113A428_338 .array/port v0113A428, 338;
v0113A428_339 .array/port v0113A428, 339;
v0113A428_340 .array/port v0113A428, 340;
E_01109568/85 .event edge, v0113A428_337, v0113A428_338, v0113A428_339, v0113A428_340;
v0113A428_341 .array/port v0113A428, 341;
v0113A428_342 .array/port v0113A428, 342;
v0113A428_343 .array/port v0113A428, 343;
v0113A428_344 .array/port v0113A428, 344;
E_01109568/86 .event edge, v0113A428_341, v0113A428_342, v0113A428_343, v0113A428_344;
v0113A428_345 .array/port v0113A428, 345;
v0113A428_346 .array/port v0113A428, 346;
v0113A428_347 .array/port v0113A428, 347;
v0113A428_348 .array/port v0113A428, 348;
E_01109568/87 .event edge, v0113A428_345, v0113A428_346, v0113A428_347, v0113A428_348;
v0113A428_349 .array/port v0113A428, 349;
v0113A428_350 .array/port v0113A428, 350;
v0113A428_351 .array/port v0113A428, 351;
v0113A428_352 .array/port v0113A428, 352;
E_01109568/88 .event edge, v0113A428_349, v0113A428_350, v0113A428_351, v0113A428_352;
v0113A428_353 .array/port v0113A428, 353;
v0113A428_354 .array/port v0113A428, 354;
v0113A428_355 .array/port v0113A428, 355;
v0113A428_356 .array/port v0113A428, 356;
E_01109568/89 .event edge, v0113A428_353, v0113A428_354, v0113A428_355, v0113A428_356;
v0113A428_357 .array/port v0113A428, 357;
v0113A428_358 .array/port v0113A428, 358;
v0113A428_359 .array/port v0113A428, 359;
v0113A428_360 .array/port v0113A428, 360;
E_01109568/90 .event edge, v0113A428_357, v0113A428_358, v0113A428_359, v0113A428_360;
v0113A428_361 .array/port v0113A428, 361;
v0113A428_362 .array/port v0113A428, 362;
v0113A428_363 .array/port v0113A428, 363;
v0113A428_364 .array/port v0113A428, 364;
E_01109568/91 .event edge, v0113A428_361, v0113A428_362, v0113A428_363, v0113A428_364;
v0113A428_365 .array/port v0113A428, 365;
v0113A428_366 .array/port v0113A428, 366;
v0113A428_367 .array/port v0113A428, 367;
v0113A428_368 .array/port v0113A428, 368;
E_01109568/92 .event edge, v0113A428_365, v0113A428_366, v0113A428_367, v0113A428_368;
v0113A428_369 .array/port v0113A428, 369;
v0113A428_370 .array/port v0113A428, 370;
v0113A428_371 .array/port v0113A428, 371;
v0113A428_372 .array/port v0113A428, 372;
E_01109568/93 .event edge, v0113A428_369, v0113A428_370, v0113A428_371, v0113A428_372;
v0113A428_373 .array/port v0113A428, 373;
v0113A428_374 .array/port v0113A428, 374;
v0113A428_375 .array/port v0113A428, 375;
v0113A428_376 .array/port v0113A428, 376;
E_01109568/94 .event edge, v0113A428_373, v0113A428_374, v0113A428_375, v0113A428_376;
v0113A428_377 .array/port v0113A428, 377;
v0113A428_378 .array/port v0113A428, 378;
v0113A428_379 .array/port v0113A428, 379;
v0113A428_380 .array/port v0113A428, 380;
E_01109568/95 .event edge, v0113A428_377, v0113A428_378, v0113A428_379, v0113A428_380;
v0113A428_381 .array/port v0113A428, 381;
v0113A428_382 .array/port v0113A428, 382;
v0113A428_383 .array/port v0113A428, 383;
v0113A428_384 .array/port v0113A428, 384;
E_01109568/96 .event edge, v0113A428_381, v0113A428_382, v0113A428_383, v0113A428_384;
v0113A428_385 .array/port v0113A428, 385;
v0113A428_386 .array/port v0113A428, 386;
v0113A428_387 .array/port v0113A428, 387;
v0113A428_388 .array/port v0113A428, 388;
E_01109568/97 .event edge, v0113A428_385, v0113A428_386, v0113A428_387, v0113A428_388;
v0113A428_389 .array/port v0113A428, 389;
v0113A428_390 .array/port v0113A428, 390;
v0113A428_391 .array/port v0113A428, 391;
v0113A428_392 .array/port v0113A428, 392;
E_01109568/98 .event edge, v0113A428_389, v0113A428_390, v0113A428_391, v0113A428_392;
v0113A428_393 .array/port v0113A428, 393;
v0113A428_394 .array/port v0113A428, 394;
v0113A428_395 .array/port v0113A428, 395;
v0113A428_396 .array/port v0113A428, 396;
E_01109568/99 .event edge, v0113A428_393, v0113A428_394, v0113A428_395, v0113A428_396;
v0113A428_397 .array/port v0113A428, 397;
v0113A428_398 .array/port v0113A428, 398;
v0113A428_399 .array/port v0113A428, 399;
v0113A428_400 .array/port v0113A428, 400;
E_01109568/100 .event edge, v0113A428_397, v0113A428_398, v0113A428_399, v0113A428_400;
v0113A428_401 .array/port v0113A428, 401;
v0113A428_402 .array/port v0113A428, 402;
v0113A428_403 .array/port v0113A428, 403;
v0113A428_404 .array/port v0113A428, 404;
E_01109568/101 .event edge, v0113A428_401, v0113A428_402, v0113A428_403, v0113A428_404;
v0113A428_405 .array/port v0113A428, 405;
v0113A428_406 .array/port v0113A428, 406;
v0113A428_407 .array/port v0113A428, 407;
v0113A428_408 .array/port v0113A428, 408;
E_01109568/102 .event edge, v0113A428_405, v0113A428_406, v0113A428_407, v0113A428_408;
v0113A428_409 .array/port v0113A428, 409;
v0113A428_410 .array/port v0113A428, 410;
v0113A428_411 .array/port v0113A428, 411;
v0113A428_412 .array/port v0113A428, 412;
E_01109568/103 .event edge, v0113A428_409, v0113A428_410, v0113A428_411, v0113A428_412;
v0113A428_413 .array/port v0113A428, 413;
v0113A428_414 .array/port v0113A428, 414;
v0113A428_415 .array/port v0113A428, 415;
v0113A428_416 .array/port v0113A428, 416;
E_01109568/104 .event edge, v0113A428_413, v0113A428_414, v0113A428_415, v0113A428_416;
v0113A428_417 .array/port v0113A428, 417;
v0113A428_418 .array/port v0113A428, 418;
v0113A428_419 .array/port v0113A428, 419;
v0113A428_420 .array/port v0113A428, 420;
E_01109568/105 .event edge, v0113A428_417, v0113A428_418, v0113A428_419, v0113A428_420;
v0113A428_421 .array/port v0113A428, 421;
v0113A428_422 .array/port v0113A428, 422;
v0113A428_423 .array/port v0113A428, 423;
v0113A428_424 .array/port v0113A428, 424;
E_01109568/106 .event edge, v0113A428_421, v0113A428_422, v0113A428_423, v0113A428_424;
v0113A428_425 .array/port v0113A428, 425;
v0113A428_426 .array/port v0113A428, 426;
v0113A428_427 .array/port v0113A428, 427;
v0113A428_428 .array/port v0113A428, 428;
E_01109568/107 .event edge, v0113A428_425, v0113A428_426, v0113A428_427, v0113A428_428;
v0113A428_429 .array/port v0113A428, 429;
v0113A428_430 .array/port v0113A428, 430;
v0113A428_431 .array/port v0113A428, 431;
v0113A428_432 .array/port v0113A428, 432;
E_01109568/108 .event edge, v0113A428_429, v0113A428_430, v0113A428_431, v0113A428_432;
v0113A428_433 .array/port v0113A428, 433;
v0113A428_434 .array/port v0113A428, 434;
v0113A428_435 .array/port v0113A428, 435;
v0113A428_436 .array/port v0113A428, 436;
E_01109568/109 .event edge, v0113A428_433, v0113A428_434, v0113A428_435, v0113A428_436;
v0113A428_437 .array/port v0113A428, 437;
v0113A428_438 .array/port v0113A428, 438;
v0113A428_439 .array/port v0113A428, 439;
v0113A428_440 .array/port v0113A428, 440;
E_01109568/110 .event edge, v0113A428_437, v0113A428_438, v0113A428_439, v0113A428_440;
v0113A428_441 .array/port v0113A428, 441;
v0113A428_442 .array/port v0113A428, 442;
v0113A428_443 .array/port v0113A428, 443;
v0113A428_444 .array/port v0113A428, 444;
E_01109568/111 .event edge, v0113A428_441, v0113A428_442, v0113A428_443, v0113A428_444;
v0113A428_445 .array/port v0113A428, 445;
v0113A428_446 .array/port v0113A428, 446;
v0113A428_447 .array/port v0113A428, 447;
v0113A428_448 .array/port v0113A428, 448;
E_01109568/112 .event edge, v0113A428_445, v0113A428_446, v0113A428_447, v0113A428_448;
v0113A428_449 .array/port v0113A428, 449;
v0113A428_450 .array/port v0113A428, 450;
v0113A428_451 .array/port v0113A428, 451;
v0113A428_452 .array/port v0113A428, 452;
E_01109568/113 .event edge, v0113A428_449, v0113A428_450, v0113A428_451, v0113A428_452;
v0113A428_453 .array/port v0113A428, 453;
v0113A428_454 .array/port v0113A428, 454;
v0113A428_455 .array/port v0113A428, 455;
v0113A428_456 .array/port v0113A428, 456;
E_01109568/114 .event edge, v0113A428_453, v0113A428_454, v0113A428_455, v0113A428_456;
v0113A428_457 .array/port v0113A428, 457;
v0113A428_458 .array/port v0113A428, 458;
v0113A428_459 .array/port v0113A428, 459;
v0113A428_460 .array/port v0113A428, 460;
E_01109568/115 .event edge, v0113A428_457, v0113A428_458, v0113A428_459, v0113A428_460;
v0113A428_461 .array/port v0113A428, 461;
v0113A428_462 .array/port v0113A428, 462;
v0113A428_463 .array/port v0113A428, 463;
v0113A428_464 .array/port v0113A428, 464;
E_01109568/116 .event edge, v0113A428_461, v0113A428_462, v0113A428_463, v0113A428_464;
v0113A428_465 .array/port v0113A428, 465;
v0113A428_466 .array/port v0113A428, 466;
v0113A428_467 .array/port v0113A428, 467;
v0113A428_468 .array/port v0113A428, 468;
E_01109568/117 .event edge, v0113A428_465, v0113A428_466, v0113A428_467, v0113A428_468;
v0113A428_469 .array/port v0113A428, 469;
v0113A428_470 .array/port v0113A428, 470;
v0113A428_471 .array/port v0113A428, 471;
v0113A428_472 .array/port v0113A428, 472;
E_01109568/118 .event edge, v0113A428_469, v0113A428_470, v0113A428_471, v0113A428_472;
v0113A428_473 .array/port v0113A428, 473;
v0113A428_474 .array/port v0113A428, 474;
v0113A428_475 .array/port v0113A428, 475;
v0113A428_476 .array/port v0113A428, 476;
E_01109568/119 .event edge, v0113A428_473, v0113A428_474, v0113A428_475, v0113A428_476;
v0113A428_477 .array/port v0113A428, 477;
v0113A428_478 .array/port v0113A428, 478;
v0113A428_479 .array/port v0113A428, 479;
v0113A428_480 .array/port v0113A428, 480;
E_01109568/120 .event edge, v0113A428_477, v0113A428_478, v0113A428_479, v0113A428_480;
v0113A428_481 .array/port v0113A428, 481;
v0113A428_482 .array/port v0113A428, 482;
v0113A428_483 .array/port v0113A428, 483;
v0113A428_484 .array/port v0113A428, 484;
E_01109568/121 .event edge, v0113A428_481, v0113A428_482, v0113A428_483, v0113A428_484;
v0113A428_485 .array/port v0113A428, 485;
v0113A428_486 .array/port v0113A428, 486;
v0113A428_487 .array/port v0113A428, 487;
v0113A428_488 .array/port v0113A428, 488;
E_01109568/122 .event edge, v0113A428_485, v0113A428_486, v0113A428_487, v0113A428_488;
v0113A428_489 .array/port v0113A428, 489;
v0113A428_490 .array/port v0113A428, 490;
v0113A428_491 .array/port v0113A428, 491;
v0113A428_492 .array/port v0113A428, 492;
E_01109568/123 .event edge, v0113A428_489, v0113A428_490, v0113A428_491, v0113A428_492;
v0113A428_493 .array/port v0113A428, 493;
v0113A428_494 .array/port v0113A428, 494;
v0113A428_495 .array/port v0113A428, 495;
v0113A428_496 .array/port v0113A428, 496;
E_01109568/124 .event edge, v0113A428_493, v0113A428_494, v0113A428_495, v0113A428_496;
v0113A428_497 .array/port v0113A428, 497;
v0113A428_498 .array/port v0113A428, 498;
v0113A428_499 .array/port v0113A428, 499;
v0113A428_500 .array/port v0113A428, 500;
E_01109568/125 .event edge, v0113A428_497, v0113A428_498, v0113A428_499, v0113A428_500;
v0113A428_501 .array/port v0113A428, 501;
v0113A428_502 .array/port v0113A428, 502;
v0113A428_503 .array/port v0113A428, 503;
v0113A428_504 .array/port v0113A428, 504;
E_01109568/126 .event edge, v0113A428_501, v0113A428_502, v0113A428_503, v0113A428_504;
v0113A428_505 .array/port v0113A428, 505;
v0113A428_506 .array/port v0113A428, 506;
v0113A428_507 .array/port v0113A428, 507;
v0113A428_508 .array/port v0113A428, 508;
E_01109568/127 .event edge, v0113A428_505, v0113A428_506, v0113A428_507, v0113A428_508;
v0113A428_509 .array/port v0113A428, 509;
v0113A428_510 .array/port v0113A428, 510;
v0113A428_511 .array/port v0113A428, 511;
v0113A428_512 .array/port v0113A428, 512;
E_01109568/128 .event edge, v0113A428_509, v0113A428_510, v0113A428_511, v0113A428_512;
v0113A428_513 .array/port v0113A428, 513;
v0113A428_514 .array/port v0113A428, 514;
v0113A428_515 .array/port v0113A428, 515;
v0113A428_516 .array/port v0113A428, 516;
E_01109568/129 .event edge, v0113A428_513, v0113A428_514, v0113A428_515, v0113A428_516;
v0113A428_517 .array/port v0113A428, 517;
v0113A428_518 .array/port v0113A428, 518;
v0113A428_519 .array/port v0113A428, 519;
v0113A428_520 .array/port v0113A428, 520;
E_01109568/130 .event edge, v0113A428_517, v0113A428_518, v0113A428_519, v0113A428_520;
v0113A428_521 .array/port v0113A428, 521;
v0113A428_522 .array/port v0113A428, 522;
v0113A428_523 .array/port v0113A428, 523;
v0113A428_524 .array/port v0113A428, 524;
E_01109568/131 .event edge, v0113A428_521, v0113A428_522, v0113A428_523, v0113A428_524;
v0113A428_525 .array/port v0113A428, 525;
v0113A428_526 .array/port v0113A428, 526;
v0113A428_527 .array/port v0113A428, 527;
v0113A428_528 .array/port v0113A428, 528;
E_01109568/132 .event edge, v0113A428_525, v0113A428_526, v0113A428_527, v0113A428_528;
v0113A428_529 .array/port v0113A428, 529;
v0113A428_530 .array/port v0113A428, 530;
v0113A428_531 .array/port v0113A428, 531;
v0113A428_532 .array/port v0113A428, 532;
E_01109568/133 .event edge, v0113A428_529, v0113A428_530, v0113A428_531, v0113A428_532;
v0113A428_533 .array/port v0113A428, 533;
v0113A428_534 .array/port v0113A428, 534;
v0113A428_535 .array/port v0113A428, 535;
v0113A428_536 .array/port v0113A428, 536;
E_01109568/134 .event edge, v0113A428_533, v0113A428_534, v0113A428_535, v0113A428_536;
v0113A428_537 .array/port v0113A428, 537;
v0113A428_538 .array/port v0113A428, 538;
v0113A428_539 .array/port v0113A428, 539;
v0113A428_540 .array/port v0113A428, 540;
E_01109568/135 .event edge, v0113A428_537, v0113A428_538, v0113A428_539, v0113A428_540;
v0113A428_541 .array/port v0113A428, 541;
v0113A428_542 .array/port v0113A428, 542;
v0113A428_543 .array/port v0113A428, 543;
v0113A428_544 .array/port v0113A428, 544;
E_01109568/136 .event edge, v0113A428_541, v0113A428_542, v0113A428_543, v0113A428_544;
v0113A428_545 .array/port v0113A428, 545;
v0113A428_546 .array/port v0113A428, 546;
v0113A428_547 .array/port v0113A428, 547;
v0113A428_548 .array/port v0113A428, 548;
E_01109568/137 .event edge, v0113A428_545, v0113A428_546, v0113A428_547, v0113A428_548;
v0113A428_549 .array/port v0113A428, 549;
v0113A428_550 .array/port v0113A428, 550;
v0113A428_551 .array/port v0113A428, 551;
v0113A428_552 .array/port v0113A428, 552;
E_01109568/138 .event edge, v0113A428_549, v0113A428_550, v0113A428_551, v0113A428_552;
v0113A428_553 .array/port v0113A428, 553;
v0113A428_554 .array/port v0113A428, 554;
v0113A428_555 .array/port v0113A428, 555;
v0113A428_556 .array/port v0113A428, 556;
E_01109568/139 .event edge, v0113A428_553, v0113A428_554, v0113A428_555, v0113A428_556;
v0113A428_557 .array/port v0113A428, 557;
v0113A428_558 .array/port v0113A428, 558;
v0113A428_559 .array/port v0113A428, 559;
v0113A428_560 .array/port v0113A428, 560;
E_01109568/140 .event edge, v0113A428_557, v0113A428_558, v0113A428_559, v0113A428_560;
v0113A428_561 .array/port v0113A428, 561;
v0113A428_562 .array/port v0113A428, 562;
v0113A428_563 .array/port v0113A428, 563;
v0113A428_564 .array/port v0113A428, 564;
E_01109568/141 .event edge, v0113A428_561, v0113A428_562, v0113A428_563, v0113A428_564;
v0113A428_565 .array/port v0113A428, 565;
v0113A428_566 .array/port v0113A428, 566;
v0113A428_567 .array/port v0113A428, 567;
v0113A428_568 .array/port v0113A428, 568;
E_01109568/142 .event edge, v0113A428_565, v0113A428_566, v0113A428_567, v0113A428_568;
v0113A428_569 .array/port v0113A428, 569;
v0113A428_570 .array/port v0113A428, 570;
v0113A428_571 .array/port v0113A428, 571;
v0113A428_572 .array/port v0113A428, 572;
E_01109568/143 .event edge, v0113A428_569, v0113A428_570, v0113A428_571, v0113A428_572;
v0113A428_573 .array/port v0113A428, 573;
v0113A428_574 .array/port v0113A428, 574;
v0113A428_575 .array/port v0113A428, 575;
v0113A428_576 .array/port v0113A428, 576;
E_01109568/144 .event edge, v0113A428_573, v0113A428_574, v0113A428_575, v0113A428_576;
v0113A428_577 .array/port v0113A428, 577;
v0113A428_578 .array/port v0113A428, 578;
v0113A428_579 .array/port v0113A428, 579;
v0113A428_580 .array/port v0113A428, 580;
E_01109568/145 .event edge, v0113A428_577, v0113A428_578, v0113A428_579, v0113A428_580;
v0113A428_581 .array/port v0113A428, 581;
v0113A428_582 .array/port v0113A428, 582;
v0113A428_583 .array/port v0113A428, 583;
v0113A428_584 .array/port v0113A428, 584;
E_01109568/146 .event edge, v0113A428_581, v0113A428_582, v0113A428_583, v0113A428_584;
v0113A428_585 .array/port v0113A428, 585;
v0113A428_586 .array/port v0113A428, 586;
v0113A428_587 .array/port v0113A428, 587;
v0113A428_588 .array/port v0113A428, 588;
E_01109568/147 .event edge, v0113A428_585, v0113A428_586, v0113A428_587, v0113A428_588;
v0113A428_589 .array/port v0113A428, 589;
v0113A428_590 .array/port v0113A428, 590;
v0113A428_591 .array/port v0113A428, 591;
v0113A428_592 .array/port v0113A428, 592;
E_01109568/148 .event edge, v0113A428_589, v0113A428_590, v0113A428_591, v0113A428_592;
v0113A428_593 .array/port v0113A428, 593;
v0113A428_594 .array/port v0113A428, 594;
v0113A428_595 .array/port v0113A428, 595;
v0113A428_596 .array/port v0113A428, 596;
E_01109568/149 .event edge, v0113A428_593, v0113A428_594, v0113A428_595, v0113A428_596;
v0113A428_597 .array/port v0113A428, 597;
v0113A428_598 .array/port v0113A428, 598;
v0113A428_599 .array/port v0113A428, 599;
v0113A428_600 .array/port v0113A428, 600;
E_01109568/150 .event edge, v0113A428_597, v0113A428_598, v0113A428_599, v0113A428_600;
v0113A428_601 .array/port v0113A428, 601;
v0113A428_602 .array/port v0113A428, 602;
v0113A428_603 .array/port v0113A428, 603;
v0113A428_604 .array/port v0113A428, 604;
E_01109568/151 .event edge, v0113A428_601, v0113A428_602, v0113A428_603, v0113A428_604;
v0113A428_605 .array/port v0113A428, 605;
v0113A428_606 .array/port v0113A428, 606;
v0113A428_607 .array/port v0113A428, 607;
v0113A428_608 .array/port v0113A428, 608;
E_01109568/152 .event edge, v0113A428_605, v0113A428_606, v0113A428_607, v0113A428_608;
v0113A428_609 .array/port v0113A428, 609;
v0113A428_610 .array/port v0113A428, 610;
v0113A428_611 .array/port v0113A428, 611;
v0113A428_612 .array/port v0113A428, 612;
E_01109568/153 .event edge, v0113A428_609, v0113A428_610, v0113A428_611, v0113A428_612;
v0113A428_613 .array/port v0113A428, 613;
v0113A428_614 .array/port v0113A428, 614;
v0113A428_615 .array/port v0113A428, 615;
v0113A428_616 .array/port v0113A428, 616;
E_01109568/154 .event edge, v0113A428_613, v0113A428_614, v0113A428_615, v0113A428_616;
v0113A428_617 .array/port v0113A428, 617;
v0113A428_618 .array/port v0113A428, 618;
v0113A428_619 .array/port v0113A428, 619;
v0113A428_620 .array/port v0113A428, 620;
E_01109568/155 .event edge, v0113A428_617, v0113A428_618, v0113A428_619, v0113A428_620;
v0113A428_621 .array/port v0113A428, 621;
v0113A428_622 .array/port v0113A428, 622;
v0113A428_623 .array/port v0113A428, 623;
v0113A428_624 .array/port v0113A428, 624;
E_01109568/156 .event edge, v0113A428_621, v0113A428_622, v0113A428_623, v0113A428_624;
v0113A428_625 .array/port v0113A428, 625;
v0113A428_626 .array/port v0113A428, 626;
v0113A428_627 .array/port v0113A428, 627;
v0113A428_628 .array/port v0113A428, 628;
E_01109568/157 .event edge, v0113A428_625, v0113A428_626, v0113A428_627, v0113A428_628;
v0113A428_629 .array/port v0113A428, 629;
v0113A428_630 .array/port v0113A428, 630;
v0113A428_631 .array/port v0113A428, 631;
v0113A428_632 .array/port v0113A428, 632;
E_01109568/158 .event edge, v0113A428_629, v0113A428_630, v0113A428_631, v0113A428_632;
v0113A428_633 .array/port v0113A428, 633;
v0113A428_634 .array/port v0113A428, 634;
v0113A428_635 .array/port v0113A428, 635;
v0113A428_636 .array/port v0113A428, 636;
E_01109568/159 .event edge, v0113A428_633, v0113A428_634, v0113A428_635, v0113A428_636;
v0113A428_637 .array/port v0113A428, 637;
v0113A428_638 .array/port v0113A428, 638;
v0113A428_639 .array/port v0113A428, 639;
v0113A428_640 .array/port v0113A428, 640;
E_01109568/160 .event edge, v0113A428_637, v0113A428_638, v0113A428_639, v0113A428_640;
v0113A428_641 .array/port v0113A428, 641;
v0113A428_642 .array/port v0113A428, 642;
v0113A428_643 .array/port v0113A428, 643;
v0113A428_644 .array/port v0113A428, 644;
E_01109568/161 .event edge, v0113A428_641, v0113A428_642, v0113A428_643, v0113A428_644;
v0113A428_645 .array/port v0113A428, 645;
v0113A428_646 .array/port v0113A428, 646;
v0113A428_647 .array/port v0113A428, 647;
v0113A428_648 .array/port v0113A428, 648;
E_01109568/162 .event edge, v0113A428_645, v0113A428_646, v0113A428_647, v0113A428_648;
v0113A428_649 .array/port v0113A428, 649;
v0113A428_650 .array/port v0113A428, 650;
v0113A428_651 .array/port v0113A428, 651;
v0113A428_652 .array/port v0113A428, 652;
E_01109568/163 .event edge, v0113A428_649, v0113A428_650, v0113A428_651, v0113A428_652;
v0113A428_653 .array/port v0113A428, 653;
v0113A428_654 .array/port v0113A428, 654;
v0113A428_655 .array/port v0113A428, 655;
v0113A428_656 .array/port v0113A428, 656;
E_01109568/164 .event edge, v0113A428_653, v0113A428_654, v0113A428_655, v0113A428_656;
v0113A428_657 .array/port v0113A428, 657;
v0113A428_658 .array/port v0113A428, 658;
v0113A428_659 .array/port v0113A428, 659;
v0113A428_660 .array/port v0113A428, 660;
E_01109568/165 .event edge, v0113A428_657, v0113A428_658, v0113A428_659, v0113A428_660;
v0113A428_661 .array/port v0113A428, 661;
v0113A428_662 .array/port v0113A428, 662;
v0113A428_663 .array/port v0113A428, 663;
v0113A428_664 .array/port v0113A428, 664;
E_01109568/166 .event edge, v0113A428_661, v0113A428_662, v0113A428_663, v0113A428_664;
v0113A428_665 .array/port v0113A428, 665;
v0113A428_666 .array/port v0113A428, 666;
v0113A428_667 .array/port v0113A428, 667;
v0113A428_668 .array/port v0113A428, 668;
E_01109568/167 .event edge, v0113A428_665, v0113A428_666, v0113A428_667, v0113A428_668;
v0113A428_669 .array/port v0113A428, 669;
v0113A428_670 .array/port v0113A428, 670;
v0113A428_671 .array/port v0113A428, 671;
v0113A428_672 .array/port v0113A428, 672;
E_01109568/168 .event edge, v0113A428_669, v0113A428_670, v0113A428_671, v0113A428_672;
v0113A428_673 .array/port v0113A428, 673;
v0113A428_674 .array/port v0113A428, 674;
v0113A428_675 .array/port v0113A428, 675;
v0113A428_676 .array/port v0113A428, 676;
E_01109568/169 .event edge, v0113A428_673, v0113A428_674, v0113A428_675, v0113A428_676;
v0113A428_677 .array/port v0113A428, 677;
v0113A428_678 .array/port v0113A428, 678;
v0113A428_679 .array/port v0113A428, 679;
v0113A428_680 .array/port v0113A428, 680;
E_01109568/170 .event edge, v0113A428_677, v0113A428_678, v0113A428_679, v0113A428_680;
v0113A428_681 .array/port v0113A428, 681;
v0113A428_682 .array/port v0113A428, 682;
v0113A428_683 .array/port v0113A428, 683;
v0113A428_684 .array/port v0113A428, 684;
E_01109568/171 .event edge, v0113A428_681, v0113A428_682, v0113A428_683, v0113A428_684;
v0113A428_685 .array/port v0113A428, 685;
v0113A428_686 .array/port v0113A428, 686;
v0113A428_687 .array/port v0113A428, 687;
v0113A428_688 .array/port v0113A428, 688;
E_01109568/172 .event edge, v0113A428_685, v0113A428_686, v0113A428_687, v0113A428_688;
v0113A428_689 .array/port v0113A428, 689;
v0113A428_690 .array/port v0113A428, 690;
v0113A428_691 .array/port v0113A428, 691;
v0113A428_692 .array/port v0113A428, 692;
E_01109568/173 .event edge, v0113A428_689, v0113A428_690, v0113A428_691, v0113A428_692;
v0113A428_693 .array/port v0113A428, 693;
v0113A428_694 .array/port v0113A428, 694;
v0113A428_695 .array/port v0113A428, 695;
v0113A428_696 .array/port v0113A428, 696;
E_01109568/174 .event edge, v0113A428_693, v0113A428_694, v0113A428_695, v0113A428_696;
v0113A428_697 .array/port v0113A428, 697;
v0113A428_698 .array/port v0113A428, 698;
v0113A428_699 .array/port v0113A428, 699;
v0113A428_700 .array/port v0113A428, 700;
E_01109568/175 .event edge, v0113A428_697, v0113A428_698, v0113A428_699, v0113A428_700;
v0113A428_701 .array/port v0113A428, 701;
v0113A428_702 .array/port v0113A428, 702;
v0113A428_703 .array/port v0113A428, 703;
v0113A428_704 .array/port v0113A428, 704;
E_01109568/176 .event edge, v0113A428_701, v0113A428_702, v0113A428_703, v0113A428_704;
v0113A428_705 .array/port v0113A428, 705;
v0113A428_706 .array/port v0113A428, 706;
v0113A428_707 .array/port v0113A428, 707;
v0113A428_708 .array/port v0113A428, 708;
E_01109568/177 .event edge, v0113A428_705, v0113A428_706, v0113A428_707, v0113A428_708;
v0113A428_709 .array/port v0113A428, 709;
v0113A428_710 .array/port v0113A428, 710;
v0113A428_711 .array/port v0113A428, 711;
v0113A428_712 .array/port v0113A428, 712;
E_01109568/178 .event edge, v0113A428_709, v0113A428_710, v0113A428_711, v0113A428_712;
v0113A428_713 .array/port v0113A428, 713;
v0113A428_714 .array/port v0113A428, 714;
v0113A428_715 .array/port v0113A428, 715;
v0113A428_716 .array/port v0113A428, 716;
E_01109568/179 .event edge, v0113A428_713, v0113A428_714, v0113A428_715, v0113A428_716;
v0113A428_717 .array/port v0113A428, 717;
v0113A428_718 .array/port v0113A428, 718;
v0113A428_719 .array/port v0113A428, 719;
v0113A428_720 .array/port v0113A428, 720;
E_01109568/180 .event edge, v0113A428_717, v0113A428_718, v0113A428_719, v0113A428_720;
v0113A428_721 .array/port v0113A428, 721;
v0113A428_722 .array/port v0113A428, 722;
v0113A428_723 .array/port v0113A428, 723;
v0113A428_724 .array/port v0113A428, 724;
E_01109568/181 .event edge, v0113A428_721, v0113A428_722, v0113A428_723, v0113A428_724;
v0113A428_725 .array/port v0113A428, 725;
v0113A428_726 .array/port v0113A428, 726;
v0113A428_727 .array/port v0113A428, 727;
v0113A428_728 .array/port v0113A428, 728;
E_01109568/182 .event edge, v0113A428_725, v0113A428_726, v0113A428_727, v0113A428_728;
v0113A428_729 .array/port v0113A428, 729;
v0113A428_730 .array/port v0113A428, 730;
v0113A428_731 .array/port v0113A428, 731;
v0113A428_732 .array/port v0113A428, 732;
E_01109568/183 .event edge, v0113A428_729, v0113A428_730, v0113A428_731, v0113A428_732;
v0113A428_733 .array/port v0113A428, 733;
v0113A428_734 .array/port v0113A428, 734;
v0113A428_735 .array/port v0113A428, 735;
v0113A428_736 .array/port v0113A428, 736;
E_01109568/184 .event edge, v0113A428_733, v0113A428_734, v0113A428_735, v0113A428_736;
v0113A428_737 .array/port v0113A428, 737;
v0113A428_738 .array/port v0113A428, 738;
v0113A428_739 .array/port v0113A428, 739;
v0113A428_740 .array/port v0113A428, 740;
E_01109568/185 .event edge, v0113A428_737, v0113A428_738, v0113A428_739, v0113A428_740;
v0113A428_741 .array/port v0113A428, 741;
v0113A428_742 .array/port v0113A428, 742;
v0113A428_743 .array/port v0113A428, 743;
v0113A428_744 .array/port v0113A428, 744;
E_01109568/186 .event edge, v0113A428_741, v0113A428_742, v0113A428_743, v0113A428_744;
v0113A428_745 .array/port v0113A428, 745;
v0113A428_746 .array/port v0113A428, 746;
v0113A428_747 .array/port v0113A428, 747;
v0113A428_748 .array/port v0113A428, 748;
E_01109568/187 .event edge, v0113A428_745, v0113A428_746, v0113A428_747, v0113A428_748;
v0113A428_749 .array/port v0113A428, 749;
v0113A428_750 .array/port v0113A428, 750;
v0113A428_751 .array/port v0113A428, 751;
v0113A428_752 .array/port v0113A428, 752;
E_01109568/188 .event edge, v0113A428_749, v0113A428_750, v0113A428_751, v0113A428_752;
v0113A428_753 .array/port v0113A428, 753;
v0113A428_754 .array/port v0113A428, 754;
v0113A428_755 .array/port v0113A428, 755;
v0113A428_756 .array/port v0113A428, 756;
E_01109568/189 .event edge, v0113A428_753, v0113A428_754, v0113A428_755, v0113A428_756;
v0113A428_757 .array/port v0113A428, 757;
v0113A428_758 .array/port v0113A428, 758;
v0113A428_759 .array/port v0113A428, 759;
v0113A428_760 .array/port v0113A428, 760;
E_01109568/190 .event edge, v0113A428_757, v0113A428_758, v0113A428_759, v0113A428_760;
v0113A428_761 .array/port v0113A428, 761;
v0113A428_762 .array/port v0113A428, 762;
v0113A428_763 .array/port v0113A428, 763;
v0113A428_764 .array/port v0113A428, 764;
E_01109568/191 .event edge, v0113A428_761, v0113A428_762, v0113A428_763, v0113A428_764;
v0113A428_765 .array/port v0113A428, 765;
v0113A428_766 .array/port v0113A428, 766;
v0113A428_767 .array/port v0113A428, 767;
v0113A428_768 .array/port v0113A428, 768;
E_01109568/192 .event edge, v0113A428_765, v0113A428_766, v0113A428_767, v0113A428_768;
v0113A428_769 .array/port v0113A428, 769;
v0113A428_770 .array/port v0113A428, 770;
v0113A428_771 .array/port v0113A428, 771;
v0113A428_772 .array/port v0113A428, 772;
E_01109568/193 .event edge, v0113A428_769, v0113A428_770, v0113A428_771, v0113A428_772;
v0113A428_773 .array/port v0113A428, 773;
v0113A428_774 .array/port v0113A428, 774;
v0113A428_775 .array/port v0113A428, 775;
v0113A428_776 .array/port v0113A428, 776;
E_01109568/194 .event edge, v0113A428_773, v0113A428_774, v0113A428_775, v0113A428_776;
v0113A428_777 .array/port v0113A428, 777;
v0113A428_778 .array/port v0113A428, 778;
v0113A428_779 .array/port v0113A428, 779;
v0113A428_780 .array/port v0113A428, 780;
E_01109568/195 .event edge, v0113A428_777, v0113A428_778, v0113A428_779, v0113A428_780;
v0113A428_781 .array/port v0113A428, 781;
v0113A428_782 .array/port v0113A428, 782;
v0113A428_783 .array/port v0113A428, 783;
v0113A428_784 .array/port v0113A428, 784;
E_01109568/196 .event edge, v0113A428_781, v0113A428_782, v0113A428_783, v0113A428_784;
v0113A428_785 .array/port v0113A428, 785;
v0113A428_786 .array/port v0113A428, 786;
v0113A428_787 .array/port v0113A428, 787;
v0113A428_788 .array/port v0113A428, 788;
E_01109568/197 .event edge, v0113A428_785, v0113A428_786, v0113A428_787, v0113A428_788;
v0113A428_789 .array/port v0113A428, 789;
v0113A428_790 .array/port v0113A428, 790;
v0113A428_791 .array/port v0113A428, 791;
v0113A428_792 .array/port v0113A428, 792;
E_01109568/198 .event edge, v0113A428_789, v0113A428_790, v0113A428_791, v0113A428_792;
v0113A428_793 .array/port v0113A428, 793;
v0113A428_794 .array/port v0113A428, 794;
v0113A428_795 .array/port v0113A428, 795;
v0113A428_796 .array/port v0113A428, 796;
E_01109568/199 .event edge, v0113A428_793, v0113A428_794, v0113A428_795, v0113A428_796;
v0113A428_797 .array/port v0113A428, 797;
v0113A428_798 .array/port v0113A428, 798;
v0113A428_799 .array/port v0113A428, 799;
v0113A428_800 .array/port v0113A428, 800;
E_01109568/200 .event edge, v0113A428_797, v0113A428_798, v0113A428_799, v0113A428_800;
v0113A428_801 .array/port v0113A428, 801;
v0113A428_802 .array/port v0113A428, 802;
v0113A428_803 .array/port v0113A428, 803;
v0113A428_804 .array/port v0113A428, 804;
E_01109568/201 .event edge, v0113A428_801, v0113A428_802, v0113A428_803, v0113A428_804;
v0113A428_805 .array/port v0113A428, 805;
v0113A428_806 .array/port v0113A428, 806;
v0113A428_807 .array/port v0113A428, 807;
v0113A428_808 .array/port v0113A428, 808;
E_01109568/202 .event edge, v0113A428_805, v0113A428_806, v0113A428_807, v0113A428_808;
v0113A428_809 .array/port v0113A428, 809;
v0113A428_810 .array/port v0113A428, 810;
v0113A428_811 .array/port v0113A428, 811;
v0113A428_812 .array/port v0113A428, 812;
E_01109568/203 .event edge, v0113A428_809, v0113A428_810, v0113A428_811, v0113A428_812;
v0113A428_813 .array/port v0113A428, 813;
v0113A428_814 .array/port v0113A428, 814;
v0113A428_815 .array/port v0113A428, 815;
v0113A428_816 .array/port v0113A428, 816;
E_01109568/204 .event edge, v0113A428_813, v0113A428_814, v0113A428_815, v0113A428_816;
v0113A428_817 .array/port v0113A428, 817;
v0113A428_818 .array/port v0113A428, 818;
v0113A428_819 .array/port v0113A428, 819;
v0113A428_820 .array/port v0113A428, 820;
E_01109568/205 .event edge, v0113A428_817, v0113A428_818, v0113A428_819, v0113A428_820;
v0113A428_821 .array/port v0113A428, 821;
v0113A428_822 .array/port v0113A428, 822;
v0113A428_823 .array/port v0113A428, 823;
v0113A428_824 .array/port v0113A428, 824;
E_01109568/206 .event edge, v0113A428_821, v0113A428_822, v0113A428_823, v0113A428_824;
v0113A428_825 .array/port v0113A428, 825;
v0113A428_826 .array/port v0113A428, 826;
v0113A428_827 .array/port v0113A428, 827;
v0113A428_828 .array/port v0113A428, 828;
E_01109568/207 .event edge, v0113A428_825, v0113A428_826, v0113A428_827, v0113A428_828;
v0113A428_829 .array/port v0113A428, 829;
v0113A428_830 .array/port v0113A428, 830;
v0113A428_831 .array/port v0113A428, 831;
v0113A428_832 .array/port v0113A428, 832;
E_01109568/208 .event edge, v0113A428_829, v0113A428_830, v0113A428_831, v0113A428_832;
v0113A428_833 .array/port v0113A428, 833;
v0113A428_834 .array/port v0113A428, 834;
v0113A428_835 .array/port v0113A428, 835;
v0113A428_836 .array/port v0113A428, 836;
E_01109568/209 .event edge, v0113A428_833, v0113A428_834, v0113A428_835, v0113A428_836;
v0113A428_837 .array/port v0113A428, 837;
v0113A428_838 .array/port v0113A428, 838;
v0113A428_839 .array/port v0113A428, 839;
v0113A428_840 .array/port v0113A428, 840;
E_01109568/210 .event edge, v0113A428_837, v0113A428_838, v0113A428_839, v0113A428_840;
v0113A428_841 .array/port v0113A428, 841;
v0113A428_842 .array/port v0113A428, 842;
v0113A428_843 .array/port v0113A428, 843;
v0113A428_844 .array/port v0113A428, 844;
E_01109568/211 .event edge, v0113A428_841, v0113A428_842, v0113A428_843, v0113A428_844;
v0113A428_845 .array/port v0113A428, 845;
v0113A428_846 .array/port v0113A428, 846;
v0113A428_847 .array/port v0113A428, 847;
v0113A428_848 .array/port v0113A428, 848;
E_01109568/212 .event edge, v0113A428_845, v0113A428_846, v0113A428_847, v0113A428_848;
v0113A428_849 .array/port v0113A428, 849;
v0113A428_850 .array/port v0113A428, 850;
v0113A428_851 .array/port v0113A428, 851;
v0113A428_852 .array/port v0113A428, 852;
E_01109568/213 .event edge, v0113A428_849, v0113A428_850, v0113A428_851, v0113A428_852;
v0113A428_853 .array/port v0113A428, 853;
v0113A428_854 .array/port v0113A428, 854;
v0113A428_855 .array/port v0113A428, 855;
v0113A428_856 .array/port v0113A428, 856;
E_01109568/214 .event edge, v0113A428_853, v0113A428_854, v0113A428_855, v0113A428_856;
v0113A428_857 .array/port v0113A428, 857;
v0113A428_858 .array/port v0113A428, 858;
v0113A428_859 .array/port v0113A428, 859;
v0113A428_860 .array/port v0113A428, 860;
E_01109568/215 .event edge, v0113A428_857, v0113A428_858, v0113A428_859, v0113A428_860;
v0113A428_861 .array/port v0113A428, 861;
v0113A428_862 .array/port v0113A428, 862;
v0113A428_863 .array/port v0113A428, 863;
v0113A428_864 .array/port v0113A428, 864;
E_01109568/216 .event edge, v0113A428_861, v0113A428_862, v0113A428_863, v0113A428_864;
v0113A428_865 .array/port v0113A428, 865;
v0113A428_866 .array/port v0113A428, 866;
v0113A428_867 .array/port v0113A428, 867;
v0113A428_868 .array/port v0113A428, 868;
E_01109568/217 .event edge, v0113A428_865, v0113A428_866, v0113A428_867, v0113A428_868;
v0113A428_869 .array/port v0113A428, 869;
v0113A428_870 .array/port v0113A428, 870;
v0113A428_871 .array/port v0113A428, 871;
v0113A428_872 .array/port v0113A428, 872;
E_01109568/218 .event edge, v0113A428_869, v0113A428_870, v0113A428_871, v0113A428_872;
v0113A428_873 .array/port v0113A428, 873;
v0113A428_874 .array/port v0113A428, 874;
v0113A428_875 .array/port v0113A428, 875;
v0113A428_876 .array/port v0113A428, 876;
E_01109568/219 .event edge, v0113A428_873, v0113A428_874, v0113A428_875, v0113A428_876;
v0113A428_877 .array/port v0113A428, 877;
v0113A428_878 .array/port v0113A428, 878;
v0113A428_879 .array/port v0113A428, 879;
v0113A428_880 .array/port v0113A428, 880;
E_01109568/220 .event edge, v0113A428_877, v0113A428_878, v0113A428_879, v0113A428_880;
v0113A428_881 .array/port v0113A428, 881;
v0113A428_882 .array/port v0113A428, 882;
v0113A428_883 .array/port v0113A428, 883;
v0113A428_884 .array/port v0113A428, 884;
E_01109568/221 .event edge, v0113A428_881, v0113A428_882, v0113A428_883, v0113A428_884;
v0113A428_885 .array/port v0113A428, 885;
v0113A428_886 .array/port v0113A428, 886;
v0113A428_887 .array/port v0113A428, 887;
v0113A428_888 .array/port v0113A428, 888;
E_01109568/222 .event edge, v0113A428_885, v0113A428_886, v0113A428_887, v0113A428_888;
v0113A428_889 .array/port v0113A428, 889;
v0113A428_890 .array/port v0113A428, 890;
v0113A428_891 .array/port v0113A428, 891;
v0113A428_892 .array/port v0113A428, 892;
E_01109568/223 .event edge, v0113A428_889, v0113A428_890, v0113A428_891, v0113A428_892;
v0113A428_893 .array/port v0113A428, 893;
v0113A428_894 .array/port v0113A428, 894;
v0113A428_895 .array/port v0113A428, 895;
v0113A428_896 .array/port v0113A428, 896;
E_01109568/224 .event edge, v0113A428_893, v0113A428_894, v0113A428_895, v0113A428_896;
v0113A428_897 .array/port v0113A428, 897;
v0113A428_898 .array/port v0113A428, 898;
v0113A428_899 .array/port v0113A428, 899;
v0113A428_900 .array/port v0113A428, 900;
E_01109568/225 .event edge, v0113A428_897, v0113A428_898, v0113A428_899, v0113A428_900;
v0113A428_901 .array/port v0113A428, 901;
v0113A428_902 .array/port v0113A428, 902;
v0113A428_903 .array/port v0113A428, 903;
v0113A428_904 .array/port v0113A428, 904;
E_01109568/226 .event edge, v0113A428_901, v0113A428_902, v0113A428_903, v0113A428_904;
v0113A428_905 .array/port v0113A428, 905;
v0113A428_906 .array/port v0113A428, 906;
v0113A428_907 .array/port v0113A428, 907;
v0113A428_908 .array/port v0113A428, 908;
E_01109568/227 .event edge, v0113A428_905, v0113A428_906, v0113A428_907, v0113A428_908;
v0113A428_909 .array/port v0113A428, 909;
v0113A428_910 .array/port v0113A428, 910;
v0113A428_911 .array/port v0113A428, 911;
v0113A428_912 .array/port v0113A428, 912;
E_01109568/228 .event edge, v0113A428_909, v0113A428_910, v0113A428_911, v0113A428_912;
v0113A428_913 .array/port v0113A428, 913;
v0113A428_914 .array/port v0113A428, 914;
v0113A428_915 .array/port v0113A428, 915;
v0113A428_916 .array/port v0113A428, 916;
E_01109568/229 .event edge, v0113A428_913, v0113A428_914, v0113A428_915, v0113A428_916;
v0113A428_917 .array/port v0113A428, 917;
v0113A428_918 .array/port v0113A428, 918;
v0113A428_919 .array/port v0113A428, 919;
v0113A428_920 .array/port v0113A428, 920;
E_01109568/230 .event edge, v0113A428_917, v0113A428_918, v0113A428_919, v0113A428_920;
v0113A428_921 .array/port v0113A428, 921;
v0113A428_922 .array/port v0113A428, 922;
v0113A428_923 .array/port v0113A428, 923;
v0113A428_924 .array/port v0113A428, 924;
E_01109568/231 .event edge, v0113A428_921, v0113A428_922, v0113A428_923, v0113A428_924;
v0113A428_925 .array/port v0113A428, 925;
v0113A428_926 .array/port v0113A428, 926;
v0113A428_927 .array/port v0113A428, 927;
v0113A428_928 .array/port v0113A428, 928;
E_01109568/232 .event edge, v0113A428_925, v0113A428_926, v0113A428_927, v0113A428_928;
v0113A428_929 .array/port v0113A428, 929;
v0113A428_930 .array/port v0113A428, 930;
v0113A428_931 .array/port v0113A428, 931;
v0113A428_932 .array/port v0113A428, 932;
E_01109568/233 .event edge, v0113A428_929, v0113A428_930, v0113A428_931, v0113A428_932;
v0113A428_933 .array/port v0113A428, 933;
v0113A428_934 .array/port v0113A428, 934;
v0113A428_935 .array/port v0113A428, 935;
v0113A428_936 .array/port v0113A428, 936;
E_01109568/234 .event edge, v0113A428_933, v0113A428_934, v0113A428_935, v0113A428_936;
v0113A428_937 .array/port v0113A428, 937;
v0113A428_938 .array/port v0113A428, 938;
v0113A428_939 .array/port v0113A428, 939;
v0113A428_940 .array/port v0113A428, 940;
E_01109568/235 .event edge, v0113A428_937, v0113A428_938, v0113A428_939, v0113A428_940;
v0113A428_941 .array/port v0113A428, 941;
v0113A428_942 .array/port v0113A428, 942;
v0113A428_943 .array/port v0113A428, 943;
v0113A428_944 .array/port v0113A428, 944;
E_01109568/236 .event edge, v0113A428_941, v0113A428_942, v0113A428_943, v0113A428_944;
v0113A428_945 .array/port v0113A428, 945;
v0113A428_946 .array/port v0113A428, 946;
v0113A428_947 .array/port v0113A428, 947;
v0113A428_948 .array/port v0113A428, 948;
E_01109568/237 .event edge, v0113A428_945, v0113A428_946, v0113A428_947, v0113A428_948;
v0113A428_949 .array/port v0113A428, 949;
v0113A428_950 .array/port v0113A428, 950;
v0113A428_951 .array/port v0113A428, 951;
v0113A428_952 .array/port v0113A428, 952;
E_01109568/238 .event edge, v0113A428_949, v0113A428_950, v0113A428_951, v0113A428_952;
v0113A428_953 .array/port v0113A428, 953;
v0113A428_954 .array/port v0113A428, 954;
v0113A428_955 .array/port v0113A428, 955;
v0113A428_956 .array/port v0113A428, 956;
E_01109568/239 .event edge, v0113A428_953, v0113A428_954, v0113A428_955, v0113A428_956;
v0113A428_957 .array/port v0113A428, 957;
v0113A428_958 .array/port v0113A428, 958;
v0113A428_959 .array/port v0113A428, 959;
v0113A428_960 .array/port v0113A428, 960;
E_01109568/240 .event edge, v0113A428_957, v0113A428_958, v0113A428_959, v0113A428_960;
v0113A428_961 .array/port v0113A428, 961;
v0113A428_962 .array/port v0113A428, 962;
v0113A428_963 .array/port v0113A428, 963;
v0113A428_964 .array/port v0113A428, 964;
E_01109568/241 .event edge, v0113A428_961, v0113A428_962, v0113A428_963, v0113A428_964;
v0113A428_965 .array/port v0113A428, 965;
v0113A428_966 .array/port v0113A428, 966;
v0113A428_967 .array/port v0113A428, 967;
v0113A428_968 .array/port v0113A428, 968;
E_01109568/242 .event edge, v0113A428_965, v0113A428_966, v0113A428_967, v0113A428_968;
v0113A428_969 .array/port v0113A428, 969;
v0113A428_970 .array/port v0113A428, 970;
v0113A428_971 .array/port v0113A428, 971;
v0113A428_972 .array/port v0113A428, 972;
E_01109568/243 .event edge, v0113A428_969, v0113A428_970, v0113A428_971, v0113A428_972;
v0113A428_973 .array/port v0113A428, 973;
v0113A428_974 .array/port v0113A428, 974;
v0113A428_975 .array/port v0113A428, 975;
v0113A428_976 .array/port v0113A428, 976;
E_01109568/244 .event edge, v0113A428_973, v0113A428_974, v0113A428_975, v0113A428_976;
v0113A428_977 .array/port v0113A428, 977;
v0113A428_978 .array/port v0113A428, 978;
v0113A428_979 .array/port v0113A428, 979;
v0113A428_980 .array/port v0113A428, 980;
E_01109568/245 .event edge, v0113A428_977, v0113A428_978, v0113A428_979, v0113A428_980;
v0113A428_981 .array/port v0113A428, 981;
v0113A428_982 .array/port v0113A428, 982;
v0113A428_983 .array/port v0113A428, 983;
v0113A428_984 .array/port v0113A428, 984;
E_01109568/246 .event edge, v0113A428_981, v0113A428_982, v0113A428_983, v0113A428_984;
v0113A428_985 .array/port v0113A428, 985;
v0113A428_986 .array/port v0113A428, 986;
v0113A428_987 .array/port v0113A428, 987;
v0113A428_988 .array/port v0113A428, 988;
E_01109568/247 .event edge, v0113A428_985, v0113A428_986, v0113A428_987, v0113A428_988;
v0113A428_989 .array/port v0113A428, 989;
v0113A428_990 .array/port v0113A428, 990;
v0113A428_991 .array/port v0113A428, 991;
v0113A428_992 .array/port v0113A428, 992;
E_01109568/248 .event edge, v0113A428_989, v0113A428_990, v0113A428_991, v0113A428_992;
v0113A428_993 .array/port v0113A428, 993;
v0113A428_994 .array/port v0113A428, 994;
v0113A428_995 .array/port v0113A428, 995;
v0113A428_996 .array/port v0113A428, 996;
E_01109568/249 .event edge, v0113A428_993, v0113A428_994, v0113A428_995, v0113A428_996;
v0113A428_997 .array/port v0113A428, 997;
v0113A428_998 .array/port v0113A428, 998;
v0113A428_999 .array/port v0113A428, 999;
v0113A428_1000 .array/port v0113A428, 1000;
E_01109568/250 .event edge, v0113A428_997, v0113A428_998, v0113A428_999, v0113A428_1000;
v0113A428_1001 .array/port v0113A428, 1001;
v0113A428_1002 .array/port v0113A428, 1002;
v0113A428_1003 .array/port v0113A428, 1003;
v0113A428_1004 .array/port v0113A428, 1004;
E_01109568/251 .event edge, v0113A428_1001, v0113A428_1002, v0113A428_1003, v0113A428_1004;
v0113A428_1005 .array/port v0113A428, 1005;
v0113A428_1006 .array/port v0113A428, 1006;
v0113A428_1007 .array/port v0113A428, 1007;
v0113A428_1008 .array/port v0113A428, 1008;
E_01109568/252 .event edge, v0113A428_1005, v0113A428_1006, v0113A428_1007, v0113A428_1008;
v0113A428_1009 .array/port v0113A428, 1009;
v0113A428_1010 .array/port v0113A428, 1010;
v0113A428_1011 .array/port v0113A428, 1011;
v0113A428_1012 .array/port v0113A428, 1012;
E_01109568/253 .event edge, v0113A428_1009, v0113A428_1010, v0113A428_1011, v0113A428_1012;
v0113A428_1013 .array/port v0113A428, 1013;
v0113A428_1014 .array/port v0113A428, 1014;
v0113A428_1015 .array/port v0113A428, 1015;
v0113A428_1016 .array/port v0113A428, 1016;
E_01109568/254 .event edge, v0113A428_1013, v0113A428_1014, v0113A428_1015, v0113A428_1016;
v0113A428_1017 .array/port v0113A428, 1017;
v0113A428_1018 .array/port v0113A428, 1018;
v0113A428_1019 .array/port v0113A428, 1019;
v0113A428_1020 .array/port v0113A428, 1020;
E_01109568/255 .event edge, v0113A428_1017, v0113A428_1018, v0113A428_1019, v0113A428_1020;
v0113A428_1021 .array/port v0113A428, 1021;
v0113A428_1022 .array/port v0113A428, 1022;
v0113A428_1023 .array/port v0113A428, 1023;
E_01109568/256 .event edge, v0113A428_1021, v0113A428_1022, v0113A428_1023;
E_01109568 .event/or E_01109568/0, E_01109568/1, E_01109568/2, E_01109568/3, E_01109568/4, E_01109568/5, E_01109568/6, E_01109568/7, E_01109568/8, E_01109568/9, E_01109568/10, E_01109568/11, E_01109568/12, E_01109568/13, E_01109568/14, E_01109568/15, E_01109568/16, E_01109568/17, E_01109568/18, E_01109568/19, E_01109568/20, E_01109568/21, E_01109568/22, E_01109568/23, E_01109568/24, E_01109568/25, E_01109568/26, E_01109568/27, E_01109568/28, E_01109568/29, E_01109568/30, E_01109568/31, E_01109568/32, E_01109568/33, E_01109568/34, E_01109568/35, E_01109568/36, E_01109568/37, E_01109568/38, E_01109568/39, E_01109568/40, E_01109568/41, E_01109568/42, E_01109568/43, E_01109568/44, E_01109568/45, E_01109568/46, E_01109568/47, E_01109568/48, E_01109568/49, E_01109568/50, E_01109568/51, E_01109568/52, E_01109568/53, E_01109568/54, E_01109568/55, E_01109568/56, E_01109568/57, E_01109568/58, E_01109568/59, E_01109568/60, E_01109568/61, E_01109568/62, E_01109568/63, E_01109568/64, E_01109568/65, E_01109568/66, E_01109568/67, E_01109568/68, E_01109568/69, E_01109568/70, E_01109568/71, E_01109568/72, E_01109568/73, E_01109568/74, E_01109568/75, E_01109568/76, E_01109568/77, E_01109568/78, E_01109568/79, E_01109568/80, E_01109568/81, E_01109568/82, E_01109568/83, E_01109568/84, E_01109568/85, E_01109568/86, E_01109568/87, E_01109568/88, E_01109568/89, E_01109568/90, E_01109568/91, E_01109568/92, E_01109568/93, E_01109568/94, E_01109568/95, E_01109568/96, E_01109568/97, E_01109568/98, E_01109568/99, E_01109568/100, E_01109568/101, E_01109568/102, E_01109568/103, E_01109568/104, E_01109568/105, E_01109568/106, E_01109568/107, E_01109568/108, E_01109568/109, E_01109568/110, E_01109568/111, E_01109568/112, E_01109568/113, E_01109568/114, E_01109568/115, E_01109568/116, E_01109568/117, E_01109568/118, E_01109568/119, E_01109568/120, E_01109568/121, E_01109568/122, E_01109568/123, E_01109568/124, E_01109568/125, E_01109568/126, E_01109568/127, E_01109568/128, E_01109568/129, E_01109568/130, E_01109568/131, E_01109568/132, E_01109568/133, E_01109568/134, E_01109568/135, E_01109568/136, E_01109568/137, E_01109568/138, E_01109568/139, E_01109568/140, E_01109568/141, E_01109568/142, E_01109568/143, E_01109568/144, E_01109568/145, E_01109568/146, E_01109568/147, E_01109568/148, E_01109568/149, E_01109568/150, E_01109568/151, E_01109568/152, E_01109568/153, E_01109568/154, E_01109568/155, E_01109568/156, E_01109568/157, E_01109568/158, E_01109568/159, E_01109568/160, E_01109568/161, E_01109568/162, E_01109568/163, E_01109568/164, E_01109568/165, E_01109568/166, E_01109568/167, E_01109568/168, E_01109568/169, E_01109568/170, E_01109568/171, E_01109568/172, E_01109568/173, E_01109568/174, E_01109568/175, E_01109568/176, E_01109568/177, E_01109568/178, E_01109568/179, E_01109568/180, E_01109568/181, E_01109568/182, E_01109568/183, E_01109568/184, E_01109568/185, E_01109568/186, E_01109568/187, E_01109568/188, E_01109568/189, E_01109568/190, E_01109568/191, E_01109568/192, E_01109568/193, E_01109568/194, E_01109568/195, E_01109568/196, E_01109568/197, E_01109568/198, E_01109568/199, E_01109568/200, E_01109568/201, E_01109568/202, E_01109568/203, E_01109568/204, E_01109568/205, E_01109568/206, E_01109568/207, E_01109568/208, E_01109568/209, E_01109568/210, E_01109568/211, E_01109568/212, E_01109568/213, E_01109568/214, E_01109568/215, E_01109568/216, E_01109568/217, E_01109568/218, E_01109568/219, E_01109568/220, E_01109568/221, E_01109568/222, E_01109568/223, E_01109568/224, E_01109568/225, E_01109568/226, E_01109568/227, E_01109568/228, E_01109568/229, E_01109568/230, E_01109568/231, E_01109568/232, E_01109568/233, E_01109568/234, E_01109568/235, E_01109568/236, E_01109568/237, E_01109568/238, E_01109568/239, E_01109568/240, E_01109568/241, E_01109568/242, E_01109568/243, E_01109568/244, E_01109568/245, E_01109568/246, E_01109568/247, E_01109568/248, E_01109568/249, E_01109568/250, E_01109568/251, E_01109568/252, E_01109568/253, E_01109568/254, E_01109568/255, E_01109568/256;
E_01109408 .event edge, v0113A848_0, v0113A740_0;
    .scope S_01108B18;
T_0 ;
    %wait E_01109408;
    %load/v 8, v0113A740_0, 1;
    %load/v 9, v0113A848_0, 1;
    %or 8, 9, 1;
    %jmp/0  T_0.0, 8;
    %mov 9, 1, 1;
    %jmp/1  T_0.2, 8;
T_0.0 ; End of true expr.
    %jmp/0  T_0.1, 8;
 ; End of false expr.
    %blend  9, 0, 1; Condition unknown.
    %jmp  T_0.2;
T_0.1 ;
    %mov 9, 0, 1; Return false value
T_0.2 ;
    %set/v v0113A7F0_0, 9, 1;
    %load/v 8, v0113A740_0, 1;
    %load/v 9, v0113A848_0, 1;
    %inv 9, 1;
    %and 8, 9, 1;
    %jmp/0  T_0.3, 8;
    %mov 9, 1, 1;
    %jmp/1  T_0.5, 8;
T_0.3 ; End of true expr.
    %jmp/0  T_0.4, 8;
 ; End of false expr.
    %blend  9, 0, 1; Condition unknown.
    %jmp  T_0.5;
T_0.4 ;
    %mov 9, 0, 1; Return false value
T_0.5 ;
    %set/v v0113A3D0_0, 9, 1;
    %load/v 8, v0113A740_0, 1;
    %inv 8, 1;
    %load/v 9, v0113A848_0, 1;
    %and 8, 9, 1;
    %jmp/0  T_0.6, 8;
    %mov 9, 1, 1;
    %jmp/1  T_0.8, 8;
T_0.6 ; End of true expr.
    %jmp/0  T_0.7, 8;
 ; End of false expr.
    %blend  9, 0, 1; Condition unknown.
    %jmp  T_0.8;
T_0.7 ;
    %mov 9, 0, 1; Return false value
T_0.8 ;
    %set/v v0113A588_0, 9, 1;
    %jmp T_0;
    .thread T_0, $push;
    .scope S_01108B18;
T_1 ;
    %wait E_01109568;
    %load/v 8, v0113A3D0_0, 1;
    %jmp/0xz  T_1.0, 8;
    %load/v 8, v0113A378_0, 3;
    %cmpi/u 8, 0, 3;
    %jmp/1 T_1.2, 6;
    %cmpi/u 8, 1, 3;
    %jmp/1 T_1.3, 6;
    %cmpi/u 8, 2, 3;
    %jmp/1 T_1.4, 6;
    %cmpi/u 8, 4, 3;
    %jmp/1 T_1.5, 6;
    %cmpi/u 8, 5, 3;
    %jmp/1 T_1.6, 6;
    %set/v v0113A5E0_0, 0, 32;
    %jmp T_1.8;
T_1.2 ;
    %load/v 40, v0113A320_0, 2; Only need 2 of 32 bits
    %movi 42, 0, 5;
; Save base=40 wid=7 in lookaside.
    %muli 40, 8, 7;
    %ix/load 1, 2, 0;
    %mov 4, 0, 1;
    %jmp/1 T_1.9, 4;
    %load/x1p 47, v0113A320_0, 30;
    %jmp T_1.10;
T_1.9 ;
    %mov 47, 2, 30;
T_1.10 ;
; Save base=47 wid=30 in lookaside.
    %ix/get 3, 47, 30;
    %jmp/1 T_1.11, 4;
    %ix/get 0, 40, 7;
T_1.11 ;
    %load/avx.p 40, v0113A428, 0;
    %load/avx.p 41, v0113A428, 0;
    %load/avx.p 42, v0113A428, 0;
    %load/avx.p 43, v0113A428, 0;
    %load/avx.p 44, v0113A428, 0;
    %load/avx.p 45, v0113A428, 0;
    %load/avx.p 46, v0113A428, 0;
    %load/avx.p 47, v0113A428, 0;
    %mov 8, 40, 8; Move signal select into place
    %load/v 64, v0113A320_0, 2; Only need 2 of 32 bits
    %movi 66, 0, 30;
; Save base=64 wid=32 in lookaside.
    %muli 64, 8, 32;
    %addi 64, 7, 32;
    %ix/load 1, 2, 0;
    %mov 4, 0, 1;
    %jmp/1 T_1.12, 4;
    %load/x1p 96, v0113A320_0, 30;
    %jmp T_1.13;
T_1.12 ;
    %mov 96, 2, 30;
T_1.13 ;
; Save base=96 wid=30 in lookaside.
    %ix/get 3, 96, 30;
    %jmp/1 T_1.14, 4;
    %ix/get 0, 64, 32;
T_1.14 ;
    %load/avx.p 64, v0113A428, 0;
    %mov 40, 64, 1; Move signal select into place
    %mov 63, 40, 1; Repetition 24
    %mov 62, 40, 1; Repetition 23
    %mov 61, 40, 1; Repetition 22
    %mov 60, 40, 1; Repetition 21
    %mov 59, 40, 1; Repetition 20
    %mov 58, 40, 1; Repetition 19
    %mov 57, 40, 1; Repetition 18
    %mov 56, 40, 1; Repetition 17
    %mov 55, 40, 1; Repetition 16
    %mov 54, 40, 1; Repetition 15
    %mov 53, 40, 1; Repetition 14
    %mov 52, 40, 1; Repetition 13
    %mov 51, 40, 1; Repetition 12
    %mov 50, 40, 1; Repetition 11
    %mov 49, 40, 1; Repetition 10
    %mov 48, 40, 1; Repetition 9
    %mov 47, 40, 1; Repetition 8
    %mov 46, 40, 1; Repetition 7
    %mov 45, 40, 1; Repetition 6
    %mov 44, 40, 1; Repetition 5
    %mov 43, 40, 1; Repetition 4
    %mov 42, 40, 1; Repetition 3
    %mov 41, 40, 1; Repetition 2
    %mov 16, 40, 24;
    %set/v v0113A5E0_0, 8, 32;
    %jmp T_1.8;
T_1.3 ;
    %ix/load 1, 1, 0;
    %mov 4, 0, 1;
    %jmp/1 T_1.15, 4;
    %load/x1p 40, v0113A320_0, 1;
    %movi 41, 0, 6;
    %jmp T_1.16;
T_1.15 ;
    %mov 40, 2, 7;
T_1.16 ;
; Save base=40 wid=7 in lookaside.
    %muli 40, 16, 7;
    %ix/load 1, 2, 0;
    %mov 4, 0, 1;
    %jmp/1 T_1.17, 4;
    %load/x1p 47, v0113A320_0, 30;
    %jmp T_1.18;
T_1.17 ;
    %mov 47, 2, 30;
T_1.18 ;
; Save base=47 wid=30 in lookaside.
    %ix/get 3, 47, 30;
    %jmp/1 T_1.19, 4;
    %ix/get 0, 40, 7;
T_1.19 ;
    %load/avx.p 40, v0113A428, 0;
    %load/avx.p 41, v0113A428, 0;
    %load/avx.p 42, v0113A428, 0;
    %load/avx.p 43, v0113A428, 0;
    %load/avx.p 44, v0113A428, 0;
    %load/avx.p 45, v0113A428, 0;
    %load/avx.p 46, v0113A428, 0;
    %load/avx.p 47, v0113A428, 0;
    %load/avx.p 48, v0113A428, 0;
    %load/avx.p 49, v0113A428, 0;
    %load/avx.p 50, v0113A428, 0;
    %load/avx.p 51, v0113A428, 0;
    %load/avx.p 52, v0113A428, 0;
    %load/avx.p 53, v0113A428, 0;
    %load/avx.p 54, v0113A428, 0;
    %load/avx.p 55, v0113A428, 0;
    %mov 8, 40, 16; Move signal select into place
    %ix/load 1, 1, 0;
    %mov 4, 0, 1;
    %jmp/1 T_1.20, 4;
    %load/x1p 56, v0113A320_0, 1;
    %movi 57, 0, 31;
    %jmp T_1.21;
T_1.20 ;
    %mov 56, 2, 32;
T_1.21 ;
; Save base=56 wid=32 in lookaside.
    %muli 56, 16, 32;
    %addi 56, 15, 32;
    %ix/load 1, 2, 0;
    %mov 4, 0, 1;
    %jmp/1 T_1.22, 4;
    %load/x1p 88, v0113A320_0, 30;
    %jmp T_1.23;
T_1.22 ;
    %mov 88, 2, 30;
T_1.23 ;
; Save base=88 wid=30 in lookaside.
    %ix/get 3, 88, 30;
    %jmp/1 T_1.24, 4;
    %ix/get 0, 56, 32;
T_1.24 ;
    %load/avx.p 56, v0113A428, 0;
    %mov 40, 56, 1; Move signal select into place
    %mov 55, 40, 1; Repetition 16
    %mov 54, 40, 1; Repetition 15
    %mov 53, 40, 1; Repetition 14
    %mov 52, 40, 1; Repetition 13
    %mov 51, 40, 1; Repetition 12
    %mov 50, 40, 1; Repetition 11
    %mov 49, 40, 1; Repetition 10
    %mov 48, 40, 1; Repetition 9
    %mov 47, 40, 1; Repetition 8
    %mov 46, 40, 1; Repetition 7
    %mov 45, 40, 1; Repetition 6
    %mov 44, 40, 1; Repetition 5
    %mov 43, 40, 1; Repetition 4
    %mov 42, 40, 1; Repetition 3
    %mov 41, 40, 1; Repetition 2
    %mov 24, 40, 16;
    %set/v v0113A5E0_0, 8, 32;
    %jmp T_1.8;
T_1.4 ;
    %ix/load 1, 2, 0;
    %mov 4, 0, 1;
    %jmp/1 T_1.25, 4;
    %load/x1p 40, v0113A320_0, 30;
    %jmp T_1.26;
T_1.25 ;
    %mov 40, 2, 30;
T_1.26 ;
; Save base=40 wid=30 in lookaside.
    %ix/get 3, 40, 30;
    %load/av 8, v0113A428, 32;
    %set/v v0113A5E0_0, 8, 32;
    %jmp T_1.8;
T_1.5 ;
    %load/v 40, v0113A320_0, 2; Only need 2 of 32 bits
    %movi 42, 0, 5;
; Save base=40 wid=7 in lookaside.
    %muli 40, 8, 7;
    %ix/load 1, 2, 0;
    %mov 4, 0, 1;
    %jmp/1 T_1.27, 4;
    %load/x1p 47, v0113A320_0, 30;
    %jmp T_1.28;
T_1.27 ;
    %mov 47, 2, 30;
T_1.28 ;
; Save base=47 wid=30 in lookaside.
    %ix/get 3, 47, 30;
    %jmp/1 T_1.29, 4;
    %ix/get 0, 40, 7;
T_1.29 ;
    %load/avx.p 40, v0113A428, 0;
    %load/avx.p 41, v0113A428, 0;
    %load/avx.p 42, v0113A428, 0;
    %load/avx.p 43, v0113A428, 0;
    %load/avx.p 44, v0113A428, 0;
    %load/avx.p 45, v0113A428, 0;
    %load/avx.p 46, v0113A428, 0;
    %load/avx.p 47, v0113A428, 0;
    %mov 8, 40, 8; Move signal select into place
    %mov 16, 0, 24;
    %set/v v0113A5E0_0, 8, 32;
    %jmp T_1.8;
T_1.6 ;
    %ix/load 1, 1, 0;
    %mov 4, 0, 1;
    %jmp/1 T_1.30, 4;
    %load/x1p 40, v0113A320_0, 1;
    %movi 41, 0, 6;
    %jmp T_1.31;
T_1.30 ;
    %mov 40, 2, 7;
T_1.31 ;
; Save base=40 wid=7 in lookaside.
    %muli 40, 16, 7;
    %ix/load 1, 2, 0;
    %mov 4, 0, 1;
    %jmp/1 T_1.32, 4;
    %load/x1p 47, v0113A320_0, 30;
    %jmp T_1.33;
T_1.32 ;
    %mov 47, 2, 30;
T_1.33 ;
; Save base=47 wid=30 in lookaside.
    %ix/get 3, 47, 30;
    %jmp/1 T_1.34, 4;
    %ix/get 0, 40, 7;
T_1.34 ;
    %load/avx.p 40, v0113A428, 0;
    %load/avx.p 41, v0113A428, 0;
    %load/avx.p 42, v0113A428, 0;
    %load/avx.p 43, v0113A428, 0;
    %load/avx.p 44, v0113A428, 0;
    %load/avx.p 45, v0113A428, 0;
    %load/avx.p 46, v0113A428, 0;
    %load/avx.p 47, v0113A428, 0;
    %load/avx.p 48, v0113A428, 0;
    %load/avx.p 49, v0113A428, 0;
    %load/avx.p 50, v0113A428, 0;
    %load/avx.p 51, v0113A428, 0;
    %load/avx.p 52, v0113A428, 0;
    %load/avx.p 53, v0113A428, 0;
    %load/avx.p 54, v0113A428, 0;
    %load/avx.p 55, v0113A428, 0;
    %mov 8, 40, 16; Move signal select into place
    %mov 24, 0, 16;
    %set/v v0113A5E0_0, 8, 32;
    %jmp T_1.8;
T_1.8 ;
    %set/v v0113A7F0_0, 0, 1;
    %set/v v0113A3D0_0, 0, 1;
T_1.0 ;
    %jmp T_1;
    .thread T_1, $push;
    .scope S_01108B18;
T_2 ;
    %wait E_01109488;
    %load/v 8, v0113A588_0, 1;
    %jmp/0xz  T_2.0, 8;
    %load/v 8, v0113A378_0, 3;
    %cmpi/u 8, 0, 3;
    %jmp/1 T_2.2, 6;
    %cmpi/u 8, 1, 3;
    %jmp/1 T_2.3, 6;
    %cmpi/u 8, 2, 3;
    %jmp/1 T_2.4, 6;
    %jmp T_2.5;
T_2.2 ;
    %load/v 8, v0113A690_0, 8; Only need 8 of 32 bits
; Save base=8 wid=8 in lookaside.
    %ix/load 1, 2, 0;
    %mov 4, 0, 1;
    %jmp/1 T_2.6, 4;
    %load/x1p 16, v0113A320_0, 30;
    %jmp T_2.7;
T_2.6 ;
    %mov 16, 2, 30;
T_2.7 ;
; Save base=16 wid=30 in lookaside.
    %ix/get 3, 16, 30;
   %jmp/1 t_0, 4;
    %load/v 16, v0113A320_0, 2; Only need 2 of 32 bits
    %movi 18, 0, 5;
; Save base=16 wid=7 in lookaside.
    %muli 16, 8, 7;
    %ix/get 1, 16, 7;
   %jmp/1 t_0, 4;
   %set/av v0113A428, 8, 8;
t_0 ;
    %jmp T_2.5;
T_2.3 ;
    %load/v 8, v0113A690_0, 16; Only need 16 of 32 bits
; Save base=8 wid=16 in lookaside.
    %ix/load 1, 2, 0;
    %mov 4, 0, 1;
    %jmp/1 T_2.8, 4;
    %load/x1p 24, v0113A320_0, 30;
    %jmp T_2.9;
T_2.8 ;
    %mov 24, 2, 30;
T_2.9 ;
; Save base=24 wid=30 in lookaside.
    %ix/get 3, 24, 30;
   %jmp/1 t_1, 4;
    %ix/load 1, 1, 0;
    %mov 4, 0, 1;
    %jmp/1 T_2.10, 4;
    %load/x1p 24, v0113A320_0, 1;
    %movi 25, 0, 6;
    %jmp T_2.11;
T_2.10 ;
    %mov 24, 2, 7;
T_2.11 ;
; Save base=24 wid=7 in lookaside.
    %muli 24, 16, 7;
    %ix/get 1, 24, 7;
   %jmp/1 t_1, 4;
   %set/av v0113A428, 8, 16;
t_1 ;
    %jmp T_2.5;
T_2.4 ;
    %load/v 8, v0113A690_0, 32;
    %ix/load 1, 2, 0;
    %mov 4, 0, 1;
    %jmp/1 T_2.12, 4;
    %load/x1p 40, v0113A320_0, 30;
    %jmp T_2.13;
T_2.12 ;
    %mov 40, 2, 30;
T_2.13 ;
; Save base=40 wid=30 in lookaside.
    %ix/get 3, 40, 30;
   %jmp/1 t_2, 4;
   %ix/load 1, 0, 0;
   %set/av v0113A428, 8, 32;
t_2 ;
    %jmp T_2.5;
T_2.5 ;
    %set/v v0113A7F0_0, 0, 1;
    %set/v v0113A588_0, 0, 1;
T_2.0 ;
    %jmp T_2;
    .thread T_2;
    .scope S_01108B18;
T_3 ;
    %wait E_01109548;
    %load/v 8, v0113A8F8_0, 1;
    %jmp/0xz  T_3.0, 8;
    %set/v v0113A798_0, 0, 32;
T_3.2 ;
    %load/v 8, v0113A798_0, 32;
   %cmpi/s 8, 1024, 32;
    %jmp/0xz T_3.3, 5;
    %ix/getv/s 3, v0113A798_0;
   %jmp/1 t_3, 4;
   %ix/load 1, 0, 0;
   %set/av v0113A428, 0, 32;
t_3 ;
    %ix/load 0, 1, 0;
    %load/vp0/s 8, v0113A798_0, 32;
    %set/v v0113A798_0, 8, 32;
    %jmp T_3.2;
T_3.3 ;
    %set/v v0113A7F0_0, 0, 1;
    %set/v v0113A3D0_0, 0, 1;
    %set/v v0113A588_0, 0, 1;
T_3.0 ;
    %jmp T_3;
    .thread T_3;
    .scope S_01108B18;
T_4 ;
    %wait E_01109488;
    %load/v 8, v0113A588_0, 1;
    %jmp/0xz  T_4.0, 8;
    %vpi_call 2 90 "$display", "Writing data %h to Address %h", v0113A690_0, v0113A320_0;
    %vpi_call 2 91 "$display", "Memory at Address %h: %h", v0113A320_0, &A<v0113A428, &PV<v0113A320_0, 2, 30> >;
T_4.0 ;
    %load/v 8, v0113A3D0_0, 1;
    %jmp/0xz  T_4.2, 8;
    %vpi_call 2 94 "$display", "Reading data from Address %h: %h", v0113A320_0, v0113A5E0_0;
T_4.2 ;
    %jmp T_4;
    .thread T_4;
# The file index is used to find the file name in the following table.
:file_names 3;
    "N/A";
    "<interactive>";
    "Data_memory.v";
