#! /c/iverilog/bin/vvp
:ivl_version "0.9.7 " "(v0_9_7)";
:vpi_time_precision - 12;
:vpi_module "system";
:vpi_module "v2005_math";
:vpi_module "va_math";
S_0129E428 .scope module, "pc_tb" "pc_tb" 2 3;
 .timescale -9 -12;
v01299A70_0 .var "branch_address", 31 0;
v01299D88_0 .var "branch_enable", 0 0;
v01299968_0 .var "clock", 0 0;
v01299C80_0 .net "pc", 31 0, v01299910_0; 1 drivers
v01299AC8_0 .net "pc_plus_4", 31 0, L_01298DC0; 1 drivers
v01299B78_0 .var "reset", 0 0;
S_0129DCB8 .scope module, "uut" "program_counter" 2 12, 3 4, S_0129E428;
 .timescale -9 -10;
L_01298DC0 .functor BUFZ 32, L_01299CD8, C4<00000000000000000000000000000000>, C4<00000000000000000000000000000000>, C4<00000000000000000000000000000000>;
v012998B8_0 .net "branch_address", 31 0, v01299A70_0; 1 drivers
v01299DE0_0 .net "branch_enable", 0 0, v01299D88_0; 1 drivers
v01299BD0_0 .net "clock", 0 0, v01299968_0; 1 drivers
v01299EE8_0 .net "incremented_pc", 31 0, L_01299CD8; 1 drivers
v01299A18_0 .net "next_pc", 31 0, v01299D30_0; 1 drivers
v01299910_0 .var "pc", 31 0;
v01299F40_0 .alias "pc_plus_4", 31 0, v01299AC8_0;
v01299E38_0 .net "reset", 0 0, v01299B78_0; 1 drivers
E_0129E7A8 .event posedge, v01299E38_0, v01299BD0_0;
S_0129E538 .scope module, "adder" "adder_32bit" 3 18, 4 3, S_0129DCB8;
 .timescale -9 -10;
v01299B20_0 .alias "IN1", 31 0, v01299C80_0;
v012999C0_0 .alias "OUT", 31 0, v01299EE8_0;
v01299F98_0 .net *"_s0", 31 0, C4<00000000000000000000000000000100>; 1 drivers
L_01299CD8 .delay (1000,1000,1000) L_01299CD8/d;
L_01299CD8/d .arith/sum 32, v01299910_0, C4<00000000000000000000000000000100>;
S_0129D6E0 .scope module, "mux" "mux_2x1_32bit" 3 24, 5 2, S_0129DCB8;
 .timescale -9 -10;
v01299C28_0 .alias "IN0", 31 0, v01299EE8_0;
v01299860_0 .alias "IN1", 31 0, v012998B8_0;
v01299D30_0 .var "OUT", 31 0;
v01299E90_0 .alias "SELECT", 0 0, v01299DE0_0;
E_0129E9C8 .event edge, v01299E90_0, v01299860_0, v01299C28_0;
    .scope S_0129D6E0;
T_0 ;
    %wait E_0129E9C8;
    %load/v 8, v01299E90_0, 1;
    %cmpi/u 8, 1, 1;
    %jmp/1 T_0.0, 6;
    %load/v 8, v01299C28_0, 32;
    %set/v v01299D30_0, 8, 32;
    %jmp T_0.2;
T_0.0 ;
    %load/v 8, v01299860_0, 32;
    %set/v v01299D30_0, 8, 32;
    %jmp T_0.2;
T_0.2 ;
    %jmp T_0;
    .thread T_0, $push;
    .scope S_0129DCB8;
T_1 ;
    %wait E_0129E7A8;
    %load/v 8, v01299E38_0, 1;
    %jmp/0xz  T_1.0, 8;
    %ix/load 0, 32, 0;
    %assign/v0 v01299910_0, 0, 0;
    %jmp T_1.1;
T_1.0 ;
    %load/v 8, v01299A18_0, 32;
    %ix/load 0, 32, 0;
    %assign/v0 v01299910_0, 0, 8;
T_1.1 ;
    %jmp T_1;
    .thread T_1;
    .scope S_0129E428;
T_2 ;
    %set/v v01299968_0, 0, 1;
T_2.0 ;
    %delay 5000, 0;
    %load/v 8, v01299968_0, 1;
    %inv 8, 1;
    %set/v v01299968_0, 8, 1;
    %jmp T_2.0;
    %end;
    .thread T_2;
    .scope S_0129E428;
T_3 ;
    %vpi_call 2 30 "$display", "-------------------------------------------------------------------";
    %vpi_call 2 31 "$display", "|   Time  | Clock | Reset | Branch Enable | Branch Address |    PC    |  PC+4  |";
    %vpi_call 2 32 "$display", "-------------------------------------------------------------------";
    %vpi_call 2 35 "$monitor", "| %8t |   %b   |   %b   |       %b       |    %h    | %h | %h |", $time, v01299968_0, v01299B78_0, v01299D88_0, v01299A70_0, v01299C80_0, v01299AC8_0;
    %set/v v01299B78_0, 1, 1;
    %set/v v01299D88_0, 0, 1;
    %movi 8, 100, 32;
    %set/v v01299A70_0, 8, 32;
    %delay 10000, 0;
    %set/v v01299B78_0, 0, 1;
    %delay 50000, 0;
    %set/v v01299D88_0, 1, 1;
    %movi 8, 200, 32;
    %set/v v01299A70_0, 8, 32;
    %delay 10000, 0;
    %set/v v01299D88_0, 0, 1;
    %delay 50000, 0;
    %set/v v01299B78_0, 1, 1;
    %delay 10000, 0;
    %set/v v01299B78_0, 0, 1;
    %delay 50000, 0;
    %vpi_call 2 54 "$finish";
    %end;
    .thread T_3;
# The file index is used to find the file name in the following table.
:file_names 6;
    "N/A";
    "<interactive>";
    "pc_tb.v";
    "pc.v";
    "./adder_32bit.v";
    "./mux_2x1_32bit.v";
